Log file open, 07/12/22 20:23:44
LogWindows: Failed to load 'aqProf.dll' (GetLastError=126)
LogWindows: File 'aqProf.dll' does not exist
LogWindows: Failed to load 'VtuneApi.dll' (GetLastError=126)
LogWindows: File 'VtuneApi.dll' does not exist
LogWindows: Failed to load 'VtuneApi32e.dll' (GetLastError=126)
LogWindows: File 'VtuneApi32e.dll' does not exist
LogInit: Display: Running engine for game: ArenaBattle
LogPlatformFile: Not using cached read wrapper
LogInit: Display: RandInit(-1364491358) SRandInit(-1364491358).
LogInit: Read version file with build ID '3944462'
LogInit: Overriding engine version to CL 4033788, compatible CL 3944462
LogInit: Registered custom module enumerator with build ID '3944462'
LogTaskGraph: Started task graph with 5 named threads and 35 total threads with 3 sets of task threads.
LogStats: Stats thread started at 0.527972
LogD3D11RHI: Aftermath initialized
LogICUInternationalization: Display: ICU TimeZone Detection - Raw Offset: +9:00, Platform Override: ''
LogPluginManager: Mounting plugin Paper2D
LogPluginManager: Mounting plugin LiveLink
LogPluginManager: Mounting plugin LightPropagationVolume
LogPluginManager: Mounting plugin CLionSourceCodeAccess
LogPluginManager: Mounting plugin CodeLiteSourceCodeAccess
LogPluginManager: Mounting plugin GitSourceControl
LogPluginManager: Mounting plugin KDevelopSourceCodeAccess
LogPluginManager: Mounting plugin NullSourceCodeAccess
LogPluginManager: Mounting plugin PerforceSourceControl
LogPluginManager: Mounting plugin SubversionSourceControl
LogPluginManager: Mounting plugin UObjectPlugin
LogPluginManager: Mounting plugin VisualStudioCodeSourceCodeAccess
LogPluginManager: Mounting plugin VisualStudioSourceCodeAccess
LogPluginManager: Mounting plugin XCodeSourceCodeAccess
LogPluginManager: Mounting plugin AssetManagerEditor
LogPluginManager: Mounting plugin CryptoKeys
LogPluginManager: Mounting plugin DataValidation
LogPluginManager: Mounting plugin FacialAnimation
LogPluginManager: Mounting plugin GameplayTagsEditor
LogPluginManager: Mounting plugin MobileLauncherProfileWizard
LogPluginManager: Mounting plugin PluginBrowser
LogPluginManager: Mounting plugin SpeedTreeImporter
LogPluginManager: Mounting plugin DatasmithContent
LogPluginManager: Mounting plugin AlembicImporter
LogPluginManager: Mounting plugin CharacterAI
LogPluginManager: Mounting plugin HTML5Networking
LogPluginManager: Mounting plugin AndroidMedia
LogPluginManager: Mounting plugin AvfMedia
LogPluginManager: Mounting plugin ImgMedia
LogPluginManager: Mounting plugin LinearTimecode
LogPluginManager: Mounting plugin MediaCompositing
LogPluginManager: Mounting plugin MediaPlayerEditor
LogPluginManager: Mounting plugin WmfMedia
LogPluginManager: Mounting plugin TcpMessaging
LogPluginManager: Mounting plugin UdpMessaging
LogPluginManager: Mounting plugin ActorSequence
LogPluginManager: Mounting plugin LevelSequenceEditor
LogPluginManager: Mounting plugin MatineeToLevelSequence
LogPluginManager: Mounting plugin NetcodeUnitTest
LogPluginManager: Mounting plugin NUTUnrealEngine4
LogPluginManager: Mounting plugin OnlineSubsystemGooglePlay
LogPluginManager: Mounting plugin OnlineSubsystemIOS
LogPluginManager: Mounting plugin OnlineSubsystem
LogPluginManager: Mounting plugin OnlineSubsystemNull
LogPluginManager: Mounting plugin OnlineSubsystemUtils
LogPluginManager: Mounting plugin AndroidDeviceProfileSelector
LogPluginManager: Mounting plugin AndroidMoviePlayer
LogPluginManager: Mounting plugin AndroidPermission
LogPluginManager: Mounting plugin AppleARKit
LogPluginManager: Mounting plugin AppleMoviePlayer
LogPluginManager: Mounting plugin ArchVisCharacter
LogPluginManager: Mounting plugin AudioCapture
LogPluginManager: Mounting plugin CableComponent
LogPluginManager: Mounting plugin CustomMeshComponent
LogPluginManager: Mounting plugin ExampleDeviceProfileSelector
LogPluginManager: Mounting plugin GoogleCloudMessaging
LogPluginManager: Mounting plugin ImmediatePhysics
LogPluginManager: Mounting plugin IOSDeviceProfileSelector
LogPluginManager: Mounting plugin LinuxDeviceProfileSelector
LogPluginManager: Mounting plugin LocationServicesBPLibrary
LogPluginManager: Mounting plugin MobilePatchingUtils
LogPluginManager: Mounting plugin OculusVR
LogPluginManager: Plugin shader directory ../../../Engine/Plugins/Runtime/Oculus/OculusVR/Shaders found
LogPluginManager: Mapping shader source directory ../../../Engine/Plugins/Runtime/Oculus/OculusVR/Shaders to virtual directory /Plugin/OculusVR
LogPluginManager: Mounting plugin PhysXVehicles
LogPluginManager: Mounting plugin ProceduralMeshComponent
LogPluginManager: Mounting plugin RuntimePhysXCooking
LogPluginManager: Mounting plugin SteamVR
LogPluginManager: Mounting plugin WindowsMoviePlayer
LogStreaming: Display: Took  0.137s to configure plugins.
LogModuleManager: Display: Found up-to-date module file ../../../../UE4CPP/ArenaBattle/Binaries/Win64/UE4Editor-ArenaBattle.dll (API version 3944462).
LogModuleManager: Display: Found up-to-date module file ../../../Engine/Plugins/2D/Paper2D/Binaries/Win64/UE4Editor-Paper2D.dll (API version 3944462).
LogModuleManager: Display: Found up-to-date module file ../../../Engine/Plugins/2D/Paper2D/Binaries/Win64/UE4Editor-Paper2DEditor.dll (API version 3944462).
LogModuleManager: Display: Found up-to-date module file ../../../Engine/Plugins/2D/Paper2D/Binaries/Win64/UE4Editor-PaperSpriteSheetImporter.dll (API version 3944462).
LogModuleManager: Display: Found up-to-date module file ../../../Engine/Plugins/2D/Paper2D/Binaries/Win64/UE4Editor-PaperTiledImporter.dll (API version 3944462).
LogModuleManager: Display: Found up-to-date module file ../../../Engine/Plugins/2D/Paper2D/Binaries/Win64/UE4Editor-SmartSnapping.dll (API version 3944462).
LogModuleManager: Display: Found up-to-date module file ../../../Engine/Plugins/Animation/LiveLink/Binaries/Win64/UE4Editor-LiveLink.dll (API version 3944462).
LogModuleManager: Display: Found up-to-date module file ../../../Engine/Plugins/Animation/LiveLink/Binaries/Win64/UE4Editor-LiveLinkEditor.dll (API version 3944462).
LogModuleManager: Display: Found up-to-date module file ../../../Engine/Plugins/Blendables/LightPropagationVolume/Binaries/Win64/UE4Editor-LightPropagationVolumeRuntime.dll (API version 3944462).
LogModuleManager: Display: Found up-to-date module file ../../../Engine/Plugins/Blendables/LightPropagationVolume/Binaries/Win64/UE4Editor-LightPropagationVolumeEditor.dll (API version 3944462).
LogModuleManager: Display: Found up-to-date module file ../../../Engine/Plugins/Developer/CLionSourceCodeAccess/Binaries/Win64/UE4Editor-CLionSourceCodeAccess.dll (API version 3944462).
LogModuleManager: Display: Found up-to-date module file ../../../Engine/Plugins/Developer/GitSourceControl/Binaries/Win64/UE4Editor-GitSourceControl.dll (API version 3944462).
LogModuleManager: Display: Found up-to-date module file ../../../Engine/Plugins/Developer/PerforceSourceControl/Binaries/Win64/UE4Editor-PerforceSourceControl.dll (API version 3944462).
LogModuleManager: Display: Found up-to-date module file ../../../Engine/Plugins/Developer/SubversionSourceControl/Binaries/Win64/UE4Editor-SubversionSourceControl.dll (API version 3944462).
LogModuleManager: Display: Found up-to-date module file ../../../Engine/Plugins/Developer/UObjectPlugin/Binaries/Win64/UE4Editor-UObjectPlugin.dll (API version 3944462).
LogModuleManager: Display: Found up-to-date module file ../../../Engine/Plugins/Developer/VisualStudioCodeSourceCodeAccess/Binaries/Win64/UE4Editor-VisualStudioCodeSourceCodeAccess.dll (API version 3944462).
LogModuleManager: Display: Found up-to-date module file ../../../Engine/Plugins/Developer/VisualStudioSourceCodeAccess/Binaries/Win64/UE4Editor-VisualStudioSourceCodeAccess.dll (API version 3944462).
LogModuleManager: Display: Found up-to-date module file ../../../Engine/Plugins/Editor/AssetManagerEditor/Binaries/Win64/UE4Editor-AssetManagerEditor.dll (API version 3944462).
LogModuleManager: Display: Found up-to-date module file ../../../Engine/Plugins/Editor/CryptoKeys/Binaries/Win64/UE4Editor-CryptoKeys.dll (API version 3944462).
LogModuleManager: Display: Found up-to-date module file ../../../Engine/Plugins/Editor/CryptoKeys/Binaries/Win64/UE4Editor-CryptoKeysOpenSSL.dll (API version 3944462).
LogModuleManager: Display: Found up-to-date module file ../../../Engine/Plugins/Editor/DataValidation/Binaries/Win64/UE4Editor-DataValidation.dll (API version 3944462).
LogModuleManager: Display: Found up-to-date module file ../../../Engine/Plugins/Editor/FacialAnimation/Binaries/Win64/UE4Editor-FacialAnimation.dll (API version 3944462).
LogModuleManager: Display: Found up-to-date module file ../../../Engine/Plugins/Editor/FacialAnimation/Binaries/Win64/UE4Editor-FacialAnimationEditor.dll (API version 3944462).
LogModuleManager: Display: Found up-to-date module file ../../../Engine/Plugins/Editor/GameplayTagsEditor/Binaries/Win64/UE4Editor-GameplayTagsEditor.dll (API version 3944462).
LogModuleManager: Display: Found up-to-date module file ../../../Engine/Plugins/Editor/MobileLauncherProfileWizard/Binaries/Win64/UE4Editor-MobileLauncherProfileWizard.dll (API version 3944462).
LogModuleManager: Display: Found up-to-date module file ../../../Engine/Plugins/Editor/PluginBrowser/Binaries/Win64/UE4Editor-PluginBrowser.dll (API version 3944462).
LogModuleManager: Display: Found up-to-date module file ../../../Engine/Plugins/Editor/SpeedTreeImporter/Binaries/Win64/UE4Editor-SpeedTreeImporter.dll (API version 3944462).
LogModuleManager: Display: Found up-to-date module file ../../../Engine/Plugins/Enterprise/DatasmithContent/Binaries/Win64/UE4Editor-DatasmithContent.dll (API version 3944462).
LogModuleManager: Display: Found up-to-date module file ../../../Engine/Plugins/Experimental/AlembicImporter/Binaries/Win64/UE4Editor-AlembicImporter.dll (API version 3944462).
LogModuleManager: Display: Found up-to-date module file ../../../Engine/Plugins/Experimental/AlembicImporter/Binaries/Win64/UE4Editor-AlembicLibrary.dll (API version 3944462).
LogModuleManager: Display: Found up-to-date module file ../../../Engine/Plugins/Experimental/CharacterAI/Binaries/Win64/UE4Editor-CharacterAI.dll (API version 3944462).
LogModuleManager: Display: Found up-to-date module file ../../../Engine/Plugins/Experimental/HTML5Networking/Binaries/Win64/UE4Editor-HTML5Networking.dll (API version 3944462).
LogModuleManager: Display: Found up-to-date module file ../../../Engine/Plugins/Media/AndroidMedia/Binaries/Win64/UE4Editor-AndroidMediaEditor.dll (API version 3944462).
LogModuleManager: Display: Found up-to-date module file ../../../Engine/Plugins/Media/AndroidMedia/Binaries/Win64/UE4Editor-AndroidMediaFactory.dll (API version 3944462).
LogModuleManager: Display: Found up-to-date module file ../../../Engine/Plugins/Media/AvfMedia/Binaries/Win64/UE4Editor-AvfMediaEditor.dll (API version 3944462).
LogModuleManager: Display: Found up-to-date module file ../../../Engine/Plugins/Media/AvfMedia/Binaries/Win64/UE4Editor-AvfMediaFactory.dll (API version 3944462).
LogModuleManager: Display: Found up-to-date module file ../../../Engine/Plugins/Media/AvfMedia/Binaries/Win64/UE4Editor-AvfMediaFactory.dll (API version 3944462).
LogModuleManager: Display: Found up-to-date module file ../../../Engine/Plugins/Media/ImgMedia/Binaries/Win64/UE4Editor-ImgMedia.dll (API version 3944462).
LogModuleManager: Display: Found up-to-date module file ../../../Engine/Plugins/Media/ImgMedia/Binaries/Win64/UE4Editor-ImgMediaEditor.dll (API version 3944462).
LogModuleManager: Display: Found up-to-date module file ../../../Engine/Plugins/Media/ImgMedia/Binaries/Win64/UE4Editor-ImgMediaFactory.dll (API version 3944462).
LogModuleManager: Display: Found up-to-date module file ../../../Engine/Plugins/Media/ImgMedia/Binaries/Win64/UE4Editor-ImgMediaFactory.dll (API version 3944462).
LogModuleManager: Display: Found up-to-date module file ../../../Engine/Plugins/Media/ImgMedia/Binaries/Win64/UE4Editor-OpenExrWrapper.dll (API version 3944462).
LogModuleManager: Display: Found up-to-date module file ../../../Engine/Plugins/Media/LinearTimecode/Binaries/Win64/UE4Editor-LinearTimecode.dll (API version 3944462).
LogModuleManager: Display: Found up-to-date module file ../../../Engine/Plugins/Media/MediaCompositing/Binaries/Win64/UE4Editor-MediaCompositing.dll (API version 3944462).
LogModuleManager: Display: Found up-to-date module file ../../../Engine/Plugins/Media/MediaCompositing/Binaries/Win64/UE4Editor-MediaCompositingEditor.dll (API version 3944462).
LogModuleManager: Display: Found up-to-date module file ../../../Engine/Plugins/Media/MediaPlayerEditor/Binaries/Win64/UE4Editor-MediaPlayerEditor.dll (API version 3944462).
LogModuleManager: Display: Found up-to-date module file ../../../Engine/Plugins/Media/WmfMedia/Binaries/Win64/UE4Editor-WmfMedia.dll (API version 3944462).
LogModuleManager: Display: Found up-to-date module file ../../../Engine/Plugins/Media/WmfMedia/Binaries/Win64/UE4Editor-WmfMediaEditor.dll (API version 3944462).
LogModuleManager: Display: Found up-to-date module file ../../../Engine/Plugins/Media/WmfMedia/Binaries/Win64/UE4Editor-WmfMediaFactory.dll (API version 3944462).
LogModuleManager: Display: Found up-to-date module file ../../../Engine/Plugins/Media/WmfMedia/Binaries/Win64/UE4Editor-WmfMediaFactory.dll (API version 3944462).
LogModuleManager: Display: Found up-to-date module file ../../../Engine/Plugins/Messaging/TcpMessaging/Binaries/Win64/UE4Editor-TcpMessaging.dll (API version 3944462).
LogModuleManager: Display: Found up-to-date module file ../../../Engine/Plugins/Messaging/UdpMessaging/Binaries/Win64/UE4Editor-UdpMessaging.dll (API version 3944462).
LogModuleManager: Display: Found up-to-date module file ../../../Engine/Plugins/MovieScene/ActorSequence/Binaries/Win64/UE4Editor-ActorSequence.dll (API version 3944462).
LogModuleManager: Display: Found up-to-date module file ../../../Engine/Plugins/MovieScene/LevelSequenceEditor/Binaries/Win64/UE4Editor-LevelSequenceEditor.dll (API version 3944462).
LogModuleManager: Display: Found up-to-date module file ../../../Engine/Plugins/MovieScene/MatineeToLevelSequence/Binaries/Win64/UE4Editor-MatineeToLevelSequence.dll (API version 3944462).
LogModuleManager: Display: Found up-to-date module file ../../../Engine/Plugins/NetcodeUnitTest/NetcodeUnitTest/Binaries/Win64/UE4Editor-NetcodeUnitTest.dll (API version 3944462).
LogModuleManager: Display: Found up-to-date module file ../../../Engine/Plugins/NetcodeUnitTest/NUTUnrealEngine4/Binaries/Win64/UE4Editor-NUTUnrealEngine4.dll (API version 3944462).
LogModuleManager: Display: Found up-to-date module file ../../../Engine/Plugins/Online/OnlineSubsystem/Binaries/Win64/UE4Editor-OnlineSubsystem.dll (API version 3944462).
LogModuleManager: Display: Found up-to-date module file ../../../Engine/Plugins/Online/OnlineSubsystemNull/Binaries/Win64/UE4Editor-OnlineSubsystemNull.dll (API version 3944462).
LogModuleManager: Display: Found up-to-date module file ../../../Engine/Plugins/Online/OnlineSubsystemUtils/Binaries/Win64/UE4Editor-OnlineSubsystemUtils.dll (API version 3944462).
LogModuleManager: Display: Found up-to-date module file ../../../Engine/Plugins/Online/OnlineSubsystemUtils/Binaries/Win64/UE4Editor-OnlineBlueprintSupport.dll (API version 3944462).
LogModuleManager: Display: Found up-to-date module file ../../../Engine/Plugins/Runtime/AndroidDeviceProfileSelector/Binaries/Win64/UE4Editor-AndroidDeviceProfileSelector.dll (API version 3944462).
LogModuleManager: Display: Found up-to-date module file ../../../Engine/Plugins/Runtime/AndroidPermission/Binaries/Win64/UE4Editor-AndroidPermission.dll (API version 3944462).
LogModuleManager: Display: Found up-to-date module file ../../../Engine/Plugins/Runtime/AppleARKit/Binaries/Win64/UE4Editor-AppleARKit.dll (API version 3944462).
LogModuleManager: Display: Found up-to-date module file ../../../Engine/Plugins/Runtime/ArchVisCharacter/Binaries/Win64/UE4Editor-ArchVisCharacter.dll (API version 3944462).
LogModuleManager: Display: Found up-to-date module file ../../../Engine/Plugins/Runtime/AudioCapture/Binaries/Win64/UE4Editor-AudioCapture.dll (API version 3944462).
LogModuleManager: Display: Found up-to-date module file ../../../Engine/Plugins/Runtime/AudioCapture/Binaries/Win64/UE4Editor-AudioCaptureEditor.dll (API version 3944462).
LogModuleManager: Display: Found up-to-date module file ../../../Engine/Plugins/Runtime/CableComponent/Binaries/Win64/UE4Editor-CableComponent.dll (API version 3944462).
LogModuleManager: Display: Found up-to-date module file ../../../Engine/Plugins/Runtime/CustomMeshComponent/Binaries/Win64/UE4Editor-CustomMeshComponent.dll (API version 3944462).
LogModuleManager: Display: Found up-to-date module file ../../../Engine/Plugins/Runtime/ExampleDeviceProfileSelector/Binaries/Win64/UE4Editor-ExampleDeviceProfileSelector.dll (API version 3944462).
LogModuleManager: Display: Found up-to-date module file ../../../Engine/Plugins/Runtime/ImmediatePhysics/Binaries/Win64/UE4Editor-ImmediatePhysics.dll (API version 3944462).
LogModuleManager: Display: Found up-to-date module file ../../../Engine/Plugins/Runtime/ImmediatePhysics/Binaries/Win64/UE4Editor-ImmediatePhysicsEditor.dll (API version 3944462).
LogModuleManager: Display: Found up-to-date module file ../../../Engine/Plugins/Runtime/LocationServicesBPLibrary/Binaries/Win64/UE4Editor-LocationServicesBPLibrary.dll (API version 3944462).
LogModuleManager: Display: Found up-to-date module file ../../../Engine/Plugins/Runtime/MobilePatchingUtils/Binaries/Win64/UE4Editor-MobilePatchingUtils.dll (API version 3944462).
LogModuleManager: Display: Found up-to-date module file ../../../Engine/Plugins/Runtime/Oculus/OculusVR/Binaries/Win64/UE4Editor-OculusHMD.dll (API version 3944462).
LogModuleManager: Display: Found up-to-date module file ../../../Engine/Plugins/Runtime/Oculus/OculusVR/Binaries/Win64/UE4Editor-OculusInput.dll (API version 3944462).
LogModuleManager: Display: Found up-to-date module file ../../../Engine/Plugins/Runtime/Oculus/OculusVR/Binaries/Win64/UE4Editor-OculusEditor.dll (API version 3944462).
LogModuleManager: Display: Found up-to-date module file ../../../Engine/Plugins/Runtime/PhysXVehicles/Binaries/Win64/UE4Editor-PhysXVehicles.dll (API version 3944462).
LogModuleManager: Display: Found up-to-date module file ../../../Engine/Plugins/Runtime/PhysXVehicles/Binaries/Win64/UE4Editor-PhysXVehiclesEditor.dll (API version 3944462).
LogModuleManager: Display: Found up-to-date module file ../../../Engine/Plugins/Runtime/ProceduralMeshComponent/Binaries/Win64/UE4Editor-ProceduralMeshComponent.dll (API version 3944462).
LogModuleManager: Display: Found up-to-date module file ../../../Engine/Plugins/Runtime/ProceduralMeshComponent/Binaries/Win64/UE4Editor-ProceduralMeshComponentEditor.dll (API version 3944462).
LogModuleManager: Display: Found up-to-date module file ../../../Engine/Plugins/Runtime/RuntimePhysXCooking/Binaries/Win64/UE4Editor-RuntimePhysXCooking.dll (API version 3944462).
LogModuleManager: Display: Found up-to-date module file ../../../Engine/Plugins/Runtime/Steam/SteamVR/Binaries/Win64/UE4Editor-SteamVR.dll (API version 3944462).
LogModuleManager: Display: Found up-to-date module file ../../../Engine/Plugins/Runtime/Steam/SteamVR/Binaries/Win64/UE4Editor-SteamVRController.dll (API version 3944462).
LogModuleManager: Display: Found up-to-date module file ../../../Engine/Plugins/Runtime/WindowsMoviePlayer/Binaries/Win64/UE4Editor-WindowsMoviePlayer.dll (API version 3944462).
LogInit: Using libcurl 7.47.1
LogInit:  - built for x86_64-pc-win32
LogInit:  - supports SSL with OpenSSL/1.0.2g
LogInit:  - supports HTTP deflate (compression) using libz 1.2.8
LogInit:  - other features:
LogInit:      CURL_VERSION_SSL
LogInit:      CURL_VERSION_LIBZ
LogInit:      CURL_VERSION_IPV6
LogInit:      CURL_VERSION_ASYNCHDNS
LogInit:      CURL_VERSION_LARGEFILE
LogInit:      CURL_VERSION_IDN
LogInit:  CurlRequestOptions (configurable via config and command line):
LogInit:  - bVerifyPeer = false  - Libcurl will NOT verify peer certificate
LogInit:  - bUseHttpProxy = false  - Libcurl will NOT use HTTP proxy
LogInit:  - bDontReuseConnections = false  - Libcurl will reuse connections
LogInit:  - CertBundlePath = nullptr  - Libcurl will use whatever was configured at build time.
LogInit:  - MaxHostConnections = 16  - Libcurl will limit the number of connections to a host
LogInit:  - LocalHostAddr = Default
LogInit: WinSock: version 1.1 (2.2), MaxSocks=32767, MaxUdp=65467
LogInit: WinSock: I am DESKTOP-7F2F2D9 (211.57.218.160:0)
LogInit: Build: ++UE4+Release-4.19-CL-4033788
LogInit: Engine Version: 4.19.2-4033788+++UE4+Release-4.19
LogInit: Compatible Engine Version: 4.19.0-3944462+++UE4+Release-4.19
LogInit: Net CL: 3944462
LogDevObjectVersion: Number of dev versions registered: 18
LogDevObjectVersion:   Dev-Blueprints (B0D832E4-1F89-4F0D-ACCF-7EB736FD4AA2): 10
LogDevObjectVersion:   Dev-Build (E1C64328-A22C-4D53-A36C-8E866417BD8C): 0
LogDevObjectVersion:   Dev-Core (375EC13C-06E4-48FB-B500-84F0262A717E): 2
LogDevObjectVersion:   Dev-Editor (E4B068ED-F494-42E9-A231-DA0B2E46BB41): 23
LogDevObjectVersion:   Dev-Framework (CFFC743F-43B0-4480-9391-14DF171D2073): 33
LogDevObjectVersion:   Dev-Mobile (B02B49B5-BB20-44E9-A304-32B752E40360): 2
LogDevObjectVersion:   Dev-Networking (A4E4105C-59A1-49B5-A7C5-40C4547EDFEE): 0
LogDevObjectVersion:   Dev-Online (39C831C9-5AE6-47DC-9A44-9C173E1C8E7C): 0
LogDevObjectVersion:   Dev-Physics (78F01B33-EBEA-4F98-B9B4-84EACCB95AA2): 0
LogDevObjectVersion:   Dev-Platform (6631380F-2D4D-43E0-8009-CF276956A95A): 0
LogDevObjectVersion:   Dev-Rendering (12F88B9F-8875-4AFC-A67C-D90C383ABD29): 25
LogDevObjectVersion:   Dev-Sequencer (7B5AE74C-D270-4C10-A958-57980B212A5A): 6
LogDevObjectVersion:   Dev-VR (D7296918-1DD6-4BDD-9DE2-64A83CC13884): 1
LogDevObjectVersion:   Dev-LoadTimes (C2A15278-BFE7-4AFE-6C17-90FF531DF755): 1
LogDevObjectVersion:   Private-Geometry (6EACA3D4-40EC-4CC1-B786-8BED09428FC5): 2
LogDevObjectVersion:   Dev-AnimPhys (29E575DD-E0A3-4627-9D10-D276232CDCEA): 16
LogDevObjectVersion:   Dev-ReflectionCapture (6B266CEC-1EC7-4B8F-A30B-E4D90942FC07): 1
LogDevObjectVersion:   Dev-Automation (0DF73D61-A23F-47EA-B727-89E90C41499A): 1
LogInit: Compiled (64-bit): Apr 27 2018 02:06:57
LogInit: Compiled with Visual C++: 19.00.24215.01
LogInit: Build Configuration: Development
LogInit: Branch Name: ++UE4+Release-4.19
LogInit: Command Line: 
LogInit: Base Directory: D:/UE_4.19/Engine/Binaries/Win64/
LogInit: Installed Engine Build: 1
LogStreaming: Display: Took  0.033s to delete old logs.
LogInit: Presizing for max 8388607 objects, including 0 objects not considered by GC, pre-allocating 0 bytes for permanent pool.
LogInit: Object subsystem initialized
[2022.07.12-11.23.46:445][  0]LogInit: Selected Device Profile: [Windows]
[2022.07.12-11.23.46:445][  0]LogInit: Applying CVar settings loaded from the selected device profile: [Windows]
[2022.07.12-11.23.46:453][  0]LogInit: Computer: DESKTOP-7F2F2D9
[2022.07.12-11.23.46:453][  0]LogInit: User: guldd
[2022.07.12-11.23.46:453][  0]LogInit: CPU Page size=4096, Cores=6
[2022.07.12-11.23.46:453][  0]LogInit: High frequency timer resolution =10.000000 MHz
[2022.07.12-11.23.46:453][  0]LogMemory: Memory total: Physical=15.9GB (16GB approx)
[2022.07.12-11.23.46:453][  0]LogMemory: Platform Memory Stats for Windows
[2022.07.12-11.23.46:453][  0]LogMemory: Process Physical Memory: 278.09 MB used, 278.09 MB peak
[2022.07.12-11.23.46:453][  0]LogMemory: Process Virtual Memory: 271.66 MB used, 271.66 MB peak
[2022.07.12-11.23.46:453][  0]LogMemory: Physical Memory: 9095.84 MB used,  7213.45 MB free, 16309.28 MB total
[2022.07.12-11.23.46:453][  0]LogMemory: Virtual Memory: 4800.46 MB used,  7213.45 MB free, 134217728.00 MB total
[2022.07.12-11.23.46:539][  0]LogInit: Using OS detected language (ko-KR).
[2022.07.12-11.23.46:539][  0]LogInit: Using OS detected locale (ko-KR).
[2022.07.12-11.23.46:543][  0]LogTextLocalizationManager: No specific localization for 'ko-KR' exists, so the 'ko' localization will be used.
[2022.07.12-11.23.46:855][  0]LogStreaming: Display: Took  0.316s to EndInitTextLocalization.
[2022.07.12-11.23.46:856][  0]LogInit: Setting process to per monitor DPI aware
[2022.07.12-11.23.46:906][  0]LogSlate: New Slate User Created.  User Index 0, Is Virtual User: 0
[2022.07.12-11.23.46:906][  0]LogSlate: Slate User Registered.  User Index 0, Is Virtual User: 0
[2022.07.12-11.23.47:183][  0]LogD3D11RHI: D3D11 adapters:
[2022.07.12-11.23.47:292][  0]LogD3D11RHI:    0. 'NVIDIA GeForce RTX 3060 Ti' (Feature Level 11_0)
[2022.07.12-11.23.47:292][  0]LogD3D11RHI:       8050/0/8154 MB DedicatedVideo/DedicatedSystem/SharedSystem, Outputs:1, VendorId:0x10de
[2022.07.12-11.23.47:295][  0]LogD3D11RHI:    1. 'Microsoft Basic Render Driver' (Feature Level 11_0)
[2022.07.12-11.23.47:295][  0]LogD3D11RHI:       0/0/8154 MB DedicatedVideo/DedicatedSystem/SharedSystem, Outputs:0, VendorId:0x1414
[2022.07.12-11.23.47:295][  0]LogD3D11RHI: Chosen D3D11 Adapter: 0
[2022.07.12-11.23.47:300][  0]LogD3D11RHI: Creating new Direct3DDevice
[2022.07.12-11.23.47:300][  0]LogD3D11RHI:     GPU DeviceId: 0x2486 (for the marketing name, search the web for "GPU Device Id")
[2022.07.12-11.23.47:300][  0]LogWindows: EnumDisplayDevices:
[2022.07.12-11.23.47:300][  0]LogWindows:    0. 'NVIDIA GeForce RTX 3060 Ti' (P:1 D:1)
[2022.07.12-11.23.47:301][  0]LogWindows:    1. 'NVIDIA GeForce RTX 3060 Ti' (P:0 D:0)
[2022.07.12-11.23.47:301][  0]LogWindows:    2. 'NVIDIA GeForce RTX 3060 Ti' (P:0 D:0)
[2022.07.12-11.23.47:302][  0]LogWindows:    3. 'NVIDIA GeForce RTX 3060 Ti' (P:0 D:0)
[2022.07.12-11.23.47:302][  0]LogWindows: DebugString: GetVideoDriverDetailsInvalid PrimaryIsNotTheChoosenAdapter GetVideoDriverDetailsInvalid PrimaryIsNotTheChoosenAdapter GetVideoDriverDetailsInvalid PrimaryIsNotTheChoosenAdapter GetVideoDriverDetailsInvalid PrimaryIsNotTheChoosenAdapter FoundDriverCount:0 
[2022.07.12-11.23.47:302][  0]LogD3D11RHI:     Adapter Name: NVIDIA GeForce RTX 3060 Ti
[2022.07.12-11.23.47:302][  0]LogD3D11RHI:   Driver Version: Unknown (internal:Unknown, unified:Unknown)
[2022.07.12-11.23.47:302][  0]LogD3D11RHI:      Driver Date: Unknown
[2022.07.12-11.23.47:302][  0]LogRHI: Texture pool is 5635 MB (70% of 8050 MB)
[2022.07.12-11.23.47:387][  0]LogD3D11RHI: [Aftermath] Aftermath enabled and primed
[2022.07.12-11.23.47:387][  0]LogD3D11RHI: [Aftermath] Aftermath enabled and primed
[2022.07.12-11.23.47:387][  0]LogD3D11RHI: Async texture creation enabled
[2022.07.12-11.23.47:406][  0]LogD3D11RHI: GPU Timing Frequency: 1000.000000 (Debug: 2 1)
[2022.07.12-11.23.47:410][  0]LogShaderCompilers: Guid format shader working directory is 16 characters bigger than the processId version (../../../../UE4CPP/ArenaBattle/Intermediate/Shaders/WorkingDirectory/7212/).
[2022.07.12-11.23.47:410][  0]LogShaderCompilers: Cleaned the shader compiler working directory 'C:/Users/guldd/AppData/Local/Temp/UnrealShaderWorkingDir/E84690B44FABF123C6F5738D87DCC44A/'.
[2022.07.12-11.23.47:675][  0]LogTemp: Display: Loaded TP AllDesktopTargetPlatform
[2022.07.12-11.23.47:686][  0]LogTemp: Display: Loaded TP MacClientTargetPlatform
[2022.07.12-11.23.47:698][  0]LogTemp: Display: Loaded TP MacNoEditorTargetPlatform
[2022.07.12-11.23.47:710][  0]LogTemp: Display: Loaded TP MacServerTargetPlatform
[2022.07.12-11.23.47:722][  0]LogTemp: Display: Loaded TP MacTargetPlatform
[2022.07.12-11.23.47:734][  0]LogTemp: Display: Loaded TP WindowsClientTargetPlatform
[2022.07.12-11.23.47:746][  0]LogTemp: Display: Loaded TP WindowsNoEditorTargetPlatform
[2022.07.12-11.23.47:758][  0]LogTemp: Display: Loaded TP WindowsServerTargetPlatform
[2022.07.12-11.23.47:764][  0]LogTemp: Display: Loaded TP WindowsTargetPlatform
[2022.07.12-11.23.47:774][  0]LogTemp: Display: Loaded TP Android_ASTCTargetPlatform
[2022.07.12-11.23.47:785][  0]LogTemp: Display: Loaded TP Android_ATCTargetPlatform
[2022.07.12-11.23.47:796][  0]LogTemp: Display: Loaded TP Android_DXTTargetPlatform
[2022.07.12-11.23.47:807][  0]LogTemp: Display: Loaded TP Android_ETC1aTargetPlatform
[2022.07.12-11.23.47:817][  0]LogTemp: Display: Loaded TP Android_ETC1TargetPlatform
[2022.07.12-11.23.47:828][  0]LogTemp: Display: Loaded TP Android_ETC2TargetPlatform
[2022.07.12-11.23.47:848][  0]LogTemp: Display: Loaded TP Android_MultiTargetPlatform
[2022.07.12-11.23.47:848][  0]LogTemp: Display: Loaded TP Android_PVRTCTargetPlatform
[2022.07.12-11.23.47:860][  0]LogTemp: Display: Loaded TP AndroidTargetPlatform
[2022.07.12-11.23.47:862][  0]LogTemp: Display: Loaded TP HTML5TargetPlatform
[2022.07.12-11.23.47:898][  0]LogTemp: Display: Loaded TP IOSTargetPlatform
[2022.07.12-11.23.47:908][  0]LogTemp: Display: Loaded TP TVOSTargetPlatform
[2022.07.12-11.23.47:919][  0]LogTemp: Display: Loaded TP LinuxClientTargetPlatform
[2022.07.12-11.23.47:931][  0]LogTemp: Display: Loaded TP LinuxNoEditorTargetPlatform
[2022.07.12-11.23.47:944][  0]LogTemp: Display: Loaded TP LinuxServerTargetPlatform
[2022.07.12-11.23.47:955][  0]LogTemp: Display: Loaded TP LinuxTargetPlatform
[2022.07.12-11.23.47:955][  0]LogTargetPlatformManager: Display: Building Assets For Windows
[2022.07.12-11.23.48:064][  0]LogXGEController: Cannot use XGE Controller as Incredibuild is not installed on this machine.
[2022.07.12-11.23.48:064][  0]LogShaderCompilers: Cannot use XGE Shader Compiler as Incredibuild is not installed on this machine.
[2022.07.12-11.23.48:064][  0]LogShaderCompilers: Display: Using Local Shader Compiler.
[2022.07.12-11.23.48:647][  0]LogDerivedDataCache: Display: Max Cache Size: 512 MB
[2022.07.12-11.23.48:706][  0]LogDerivedDataCache: Loaded boot cache 0.06s 76MB C:/Users/guldd/AppData/Local/UnrealEngine/4.19/DerivedDataCache/Boot.ddc.
[2022.07.12-11.23.48:706][  0]LogDerivedDataCache: Display: Loaded Boot cache: C:/Users/guldd/AppData/Local/UnrealEngine/4.19/DerivedDataCache/Boot.ddc
[2022.07.12-11.23.48:706][  0]LogDerivedDataCache: FDerivedDataBackendGraph:  Pak pak cache file ../../../../UE4CPP/ArenaBattle/DerivedDataCache/DDC.ddp not found, will not use a pak cache.
[2022.07.12-11.23.48:706][  0]LogDerivedDataCache: Unable to find inner node Pak for hierarchical cache Hierarchy.
[2022.07.12-11.23.48:706][  0]LogDerivedDataCache: FDerivedDataBackendGraph:  CompressedPak pak cache file ../../../../UE4CPP/ArenaBattle/DerivedDataCache/Compressed.ddp not found, will not use a pak cache.
[2022.07.12-11.23.48:706][  0]LogDerivedDataCache: Unable to find inner node CompressedPak for hierarchical cache Hierarchy.
[2022.07.12-11.23.48:718][  0]LogDerivedDataCache: Display: Pak cache opened for reading ../../../Engine/DerivedDataCache/Compressed.ddp.
[2022.07.12-11.23.48:731][  0]LogDerivedDataCache: Using Local data cache path C:/Users/guldd/AppData/Local/UnrealEngine/Common/DerivedDataCache: Writable
[2022.07.12-11.23.48:731][  0]LogDerivedDataCache: Shared data cache path not found in *engine.ini, will not use an Shared cache.
[2022.07.12-11.23.48:731][  0]LogDerivedDataCache: Unable to find inner node Shared for hierarchical cache Hierarchy.
[2022.07.12-11.23.48:740][  0]LogMaterial: Verifying Global Shaders for PCD3D_SM5
[2022.07.12-11.23.48:740][  0]LogSlate: Using Freetype 2.6.0
[2022.07.12-11.23.48:741][  0]LogSlate: SlateFontCache - WITH_FREETYPE: 1, WITH_HARFBUZZ: 1
[2022.07.12-11.23.48:741][  0]LogSlate: SlateFontCache - WITH_FREETYPE: 1, WITH_HARFBUZZ: 1
[2022.07.12-11.23.48:868][  0]LogAssetRegistry: FAssetRegistry took 0.0254 seconds to start up
[2022.07.12-11.23.49:115][  0]LogInit: Selected Device Profile: [Windows]
[2022.07.12-11.23.49:239][  0]LogSimplygon: Simplygon DLL not present - disabling.
[2022.07.12-11.23.49:241][  0]LogMeshReduction: Using SimplygonSwarm for distributed automatic mesh merging
[2022.07.12-11.23.49:241][  0]LogMeshReduction: Using QuadricMeshReduction for automatic static mesh reduction
[2022.07.12-11.23.49:241][  0]LogMeshReduction: No automatic skeletal mesh reduction module available
[2022.07.12-11.23.49:241][  0]LogMeshReduction: No automatic mesh merging module available
[2022.07.12-11.23.49:241][  0]LogMeshMerging: No automatic mesh merging module available
[2022.07.12-11.23.49:271][  0]LogNetVersion: ArenaBattle , NetCL: 3944462, EngineNetVer: 2, GameNetVer: 0 (Checksum: 3555152549)
[2022.07.12-11.23.49:620][  0]LogPackageLocalizationCache: Processed 9 localized package path(s) for 2 prioritized culture(s) in 0.055326 seconds
[2022.07.12-11.23.49:625][  0]LogUObjectArray: 36728 objects as part of root set at end of initial load.
[2022.07.12-11.23.49:625][  0]LogUObjectAllocator: 7314312 out of 0 bytes used by permanent object pool.
[2022.07.12-11.23.49:625][  0]LogUObjectArray: CloseDisregardForGC: 0/0 objects in disregard for GC pool
[2022.07.12-11.23.51:074][  0]LogTcpMessaging: Initializing TcpMessaging bridge
[2022.07.12-11.23.51:104][  0]LogUdpMessaging: Initializing bridge on interface 0.0.0.0:0 to multicast group 230.0.0.1:6666.
[2022.07.12-11.23.51:395][  0]LogSkeletalMesh: Skeletal Mesh found in DDC [0.212100ms] /Game/InfinityBladeWarriors/Character/CompleteCharacters/SK_CharM_Cardboard.SK_CharM_Cardboard
[2022.07.12-11.23.51:405][  0]LogUObjectGlobals: Created PersistentFrame Addr=0x000001909e6c85e0, Size=20, Default__WarriorAnimBlueprint_C Function /Game/Animations/WarriorAnimBlueprint.WarriorAnimBlueprint_C:ExecuteUbergraph_WarriorAnimBlueprint
[2022.07.12-11.23.51:411][  0]LogUObjectGlobals: Destroyed PersistentFrame Addr=0x000001909e6c85e0, Size=20
[2022.07.12-11.23.51:411][  0]LogUObjectGlobals: Created PersistentFrame Addr=0x000001909e700ec8, Size=20, Default__WarriorAnimBlueprint_C Function /Engine/Transient.REINST_WarriorAnimBlueprint_C_0:ExecuteUbergraph_WarriorAnimBlueprint
[2022.07.12-11.23.51:417][  0]LogUObjectGlobals: Created PersistentFrame Addr=0x000001909e213220, Size=20, Default__WarriorAnimBlueprint_C Function /Game/Animations/WarriorAnimBlueprint.WarriorAnimBlueprint_C:ExecuteUbergraph_WarriorAnimBlueprint
[2022.07.12-11.23.51:469][  0]LogSkeletalMesh: Skeletal Mesh found in DDC [0.053200ms] /Game/InfinityBladeWeapons/Weapons/Blade/Swords/Blade_BlackKnight/SK_Blade_BlackKnight.SK_Blade_BlackKnight
[2022.07.12-11.23.51:632][  0]SourceControl: 소스 콘트롤이 꺼졌습니다.
[2022.07.12-11.23.51:632][  0]SourceControl: 소스 콘트롤이 꺼졌습니다.
[2022.07.12-11.23.51:651][  0]SourceControl: 소스 콘트롤이 꺼졌습니다.
[2022.07.12-11.23.51:670][  0]SourceControl: 소스 콘트롤이 꺼졌습니다.
[2022.07.12-11.23.52:159][  0]LogAndroidPermission: UAndroidPermissionCallbackProxy::GetInstance
[2022.07.12-11.23.52:410][  0]LogOcInput: OculusInput pre-init called
[2022.07.12-11.23.52:511][  0]LogEngine: Initializing Engine...
[2022.07.12-11.23.52:513][  0]LogHMD: Failed to initialize OpenVR with code 110
[2022.07.12-11.23.52:514][  0]LogStats: UGameplayTagsManager::ConstructGameplayTagTree: Construct from data asset -  0.000 s
[2022.07.12-11.23.52:514][  0]LogStats: UGameplayTagsManager::ConstructGameplayTagTree: GameplayTagTreeChangedEvent.Broadcast -  0.000 s
[2022.07.12-11.23.52:690][  0]LogAIModule: Creating AISystem for world Untitled
[2022.07.12-11.23.52:756][  0]LogInit: XAudio2 using '스피커(High Definition Audio Device)' : 2 channels at 48 kHz using 16 bits per sample (channel mask 0x3)
[2022.07.12-11.23.52:780][  0]LogInit: FAudioDevice initialized.
[2022.07.12-11.23.52:825][  0]LogDerivedDataCache: Saved boot cache 0.04s 76MB C:/Users/guldd/AppData/Local/UnrealEngine/4.19/DerivedDataCache/Boot.ddc.
[2022.07.12-11.23.52:836][  0]LogInit: Texture streaming: Enabled
[2022.07.12-11.23.52:850][  0]LogEngineSessionManager: EngineSessionManager initialized
[2022.07.12-11.23.52:860][  0]LogInit: Transaction tracking system initialized
[2022.07.12-11.23.52:879][  0]BlueprintLog: New page: 에디터 로드
[2022.07.12-11.23.52:948][  0]LocalizationService: 현지화 서비스가 비활성화되었습니다.
[2022.07.12-11.23.53:038][  0]LogConsoleResponse: Display: 
[2022.07.12-11.23.53:156][  0]LogCook: Display: Max memory allowance for cook 16384mb min free memory 0mb
[2022.07.12-11.23.53:156][  0]LogCook: Display: Mobile HDR setting 1
[2022.07.12-11.23.53:156][  0]LogGameplayTags: Display: UGameplayTagsManager::DoneAddingNativeTags. DelegateIsBound: 0
[2022.07.12-11.23.53:156][  0]LogStats: UGameplayTagsManager::ConstructGameplayTagTree: Construct from data asset -  0.000 s
[2022.07.12-11.23.53:156][  0]LogStats: UGameplayTagsManager::ConstructGameplayTagTree: GameplayTagTreeChangedEvent.Broadcast -  0.000 s
[2022.07.12-11.23.53:510][  0]LogFileCache: Scanning file cache for directory 'D:/UE4CPP/ArenaBattle/Content/' took 0.03s
[2022.07.12-11.23.53:510][  0]SourceControl: 소스 콘트롤이 꺼졌습니다.
[2022.07.12-11.23.53:510][  0]Cmd: MAP LOAD FILE="../../../../UE4CPP/ArenaBattle/Content/Maps/Step2.umap" TEMPLATE=0 SHOWPROGRESS=1 FEATURELEVEL=3
[2022.07.12-11.23.53:510][  0]LightingResults: New page: 라이팅 빌드
[2022.07.12-11.23.53:512][  0]MapCheck: New page: 맵 체크
[2022.07.12-11.23.53:512][  0]LightingResults: New page: 라이팅 빌드
[2022.07.12-11.23.53:519][  0]LogUObjectGlobals: Destroyed PersistentFrame Addr=0x000001909e700ec8, Size=20
[2022.07.12-11.23.53:675][  0]LogSkeletalMesh: Skeletal Mesh found in DDC [0.347500ms] /Game/InfinityBladeWeapons/Weapons/Blade/Axes/Blade_GreatBlade/SK_Blade_GreatBlade.SK_Blade_GreatBlade
[2022.07.12-11.23.53:732][  0]LogAIModule: Creating AISystem for world Step2
[2022.07.12-11.23.53:737][  0]LogEditorServer: Finished looking for orphan Actors (0.000 secs)
[2022.07.12-11.23.53:746][  0]Cmd: MAP CHECKDEP NOCLEARLOG
[2022.07.12-11.23.53:807][  0]MapCheck: 맵 체크 완료: 오류 0 회, 경고 0 회, 소요 시간 60.799ms.
[2022.07.12-11.23.53:807][  0]LogFileHelpers: Loading map 'Step2' took 0.298
[2022.07.12-11.23.53:927][  0]LogCollectionManager: Loaded 0 collections in 0.001308 seconds
[2022.07.12-11.23.53:966][  0]LogFileCache: Scanning file cache for directory 'D:/UE4CPP/ArenaBattle/Saved/Collections/' took 0.01s
[2022.07.12-11.23.53:966][  0]LogFileCache: Scanning file cache for directory 'D:/UE4CPP/ArenaBattle/Content/Developers/guldd/Collections/' took 0.01s
[2022.07.12-11.23.53:966][  0]LogFileCache: Scanning file cache for directory 'D:/UE4CPP/ArenaBattle/Content/Collections/' took 0.01s
[2022.07.12-11.23.53:966][  0]LogCollectionManager: Rebuilt the GUID cache for 0 collections in 0.000000 seconds
[2022.07.12-11.23.53:974][  0]LogContentBrowser: Native class hierarchy populated in 0.0075 seconds. Added 2463 classes and 560 folders.
[2022.07.12-11.23.53:979][  0]LogContentBrowser: Native class hierarchy updated for 'WidgetCarousel' in 0.0006 seconds. Added 0 classes and 0 folders.
[2022.07.12-11.23.54:036][  0]LogContentBrowser: Native class hierarchy updated for 'AddContentDialog' in 0.0007 seconds. Added 0 classes and 0 folders.
[2022.07.12-11.23.54:042][  0]LogContentBrowser: Native class hierarchy updated for 'SceneOutliner' in 0.0007 seconds. Added 1 classes and 2 folders.
[2022.07.12-11.23.54:125][  0]LogContentBrowser: Native class hierarchy updated for 'HierarchicalLODOutliner' in 0.0007 seconds. Added 0 classes and 0 folders.
[2022.07.12-11.23.54:125][  0]LogLoad: (Engine Initialization) Total time: 10.98 seconds
[2022.07.12-11.23.54:125][  0]LogLoad: (Engine Initialization) Total Blueprint compile time: 0.00 seconds
[2022.07.12-11.23.54:155][  0]LogContentStreaming: Texture pool size now 1000 MB
[2022.07.12-11.23.54:156][  0]LogSlate: Took 0.000309 seconds to synchronously load lazily loaded font '../../../Engine/Content/Slate/Fonts/Roboto-Regular.ttf' (155K)
[2022.07.12-11.23.54:158][  0]LogSlate: Took 0.002011 seconds to synchronously load lazily loaded font '../../../Engine/Content/Editor/Slate/Fonts/NanumGothic.ttf' (4243K)
[2022.07.12-11.23.54:162][  0]LogSlate: Took 0.002414 seconds to synchronously load lazily loaded font '../../../Engine/Content/Editor/Slate/Fonts/NanumGothicBold.ttf' (4188K)
[2022.07.12-11.23.54:162][  0]LogSlate: Took 0.000241 seconds to synchronously load lazily loaded font '../../../Engine/Content/Slate/Fonts/Roboto-Bold.ttf' (160K)
[2022.07.12-11.23.54:167][  0]LogSlate: Took 0.000301 seconds to synchronously load lazily loaded font '../../../Engine/Content/Editor/Slate/Fonts/FontAwesome.ttf' (139K)
[2022.07.12-11.23.54:283][  1]LogRenderer: Reallocating scene render targets to support 768x360 Format 10 NumSamples 1 (Frame:1).
[2022.07.12-11.23.54:343][  1]LogAssetRegistry: Asset discovery search completed in 5.4975 seconds
[2022.07.12-11.23.54:347][  1]LogCollectionManager: Rebuilt the object cache for 0 collections in 0.000000 seconds (found 0 objects)
[2022.07.12-11.23.54:347][  1]LogCollectionManager: Fixed up redirectors for 0 collections in 0.000075 seconds (updated 0 objects)
[2022.07.12-11.23.54:445][  2]ArenaBattle: Warning: AABPawn::PostInitializeComponents(66)
[2022.07.12-11.23.54:515][  4]ArenaBattle: Warning: AFountain::PostInitializeComponents(78)
[2022.07.12-11.23.54:550][  5]ArenaBattle: Error: UABCharacterStatComponent::SetNewLevel(39) ASSERTION : 'nullptr != ABGameInstance'
[2022.07.12-11.24.09:394][782]LogSlate: FSceneViewport::OnFocusLost() reason 0
[2022.07.12-11.24.09:420][782]LogSlate: Took 0.024165 seconds to synchronously load lazily loaded font '../../../Engine/Content/Slate/Fonts/DroidSansMono.ttf' (77K)
[2022.07.12-11.24.09:488][782]LogSlate: Took 0.036473 seconds to synchronously load lazily loaded font '../../../Engine/Content/Editor/Slate/Fonts/NanumGothicExtraBold.ttf' (4074K)
[2022.07.12-11.24.35:169][846]LogRenderer: Reallocating scene render targets to support 768x376 Format 10 NumSamples 1 (Frame:4847).
[2022.07.12-11.24.35:217][846]LogRenderer: Reallocating scene render targets to support 768x408 Format 10 NumSamples 1 (Frame:4848).
[2022.07.12-11.24.35:267][846]LogRenderer: Reallocating scene render targets to support 768x448 Format 10 NumSamples 1 (Frame:4849).
[2022.07.12-11.24.35:313][846]LogRenderer: Reallocating scene render targets to support 768x484 Format 10 NumSamples 1 (Frame:4850).
[2022.07.12-11.24.35:353][846]LogRenderer: Reallocating scene render targets to support 768x500 Format 10 NumSamples 1 (Frame:4851).
[2022.07.12-11.24.35:408][846]LogRenderer: Reallocating scene render targets to support 768x516 Format 10 NumSamples 1 (Frame:4852).
[2022.07.12-11.24.35:457][846]LogRenderer: Reallocating scene render targets to support 768x536 Format 10 NumSamples 1 (Frame:4853).
[2022.07.12-11.24.35:508][846]LogRenderer: Reallocating scene render targets to support 768x544 Format 10 NumSamples 1 (Frame:4854).
[2022.07.12-11.24.50:613][607]Candidate modules for hot reload:
[2022.07.12-11.24.50:613][607]  ArenaBattle
[2022.07.12-11.24.50:613][607]Launching UnrealBuildTool... [D:/UE_4.19/Engine/Binaries/DotNET/UnrealBuildTool.exe ArenaBattle -ModuleWithSuffix=ArenaBattle,9376 Win64 Development -editorrecompile -canskiplink "D:/UE4CPP/ArenaBattle/ArenaBattle.uproject" ]
[2022.07.12-11.24.50:624][607]Warning: Starting HotReload took  0.3s.
[2022.07.12-11.24.55:664][208]CompilerResultsLog: New page: 컴파일 - 2022. 7. 13. 오전 5:24:55
[2022.07.12-11.24.55:681][208]CompilerResultsLog: Creating makefile for hot reloading ArenaBattle (modules to compile have changed)
[2022.07.12-11.24.55:681][208]CompilerResultsLog: Compiling game modules for hot reload
[2022.07.12-11.24.55:681][208]CompilerResultsLog: Target is up to date
[2022.07.12-11.24.55:681][208]CompilerResultsLog: Total build time: 4.84 seconds (NoActionsToExecute executor: 0.00 seconds)
[2022.07.12-11.24.55:682][208]LogMainFrame: MainFrame: Module compiling took 5.113 seconds
[2022.07.12-11.24.55:701][208]LogContentBrowser: Native class hierarchy populated in 0.0084 seconds. Added 2464 classes and 562 folders.
[2022.07.12-11.24.55:702][208]Display: HotReload took  5.3s.
[2022.07.12-11.25.17:968][873]LogSlate: Took 0.012974 seconds to synchronously load lazily loaded font '../../../Engine/Content/Slate/Fonts/Roboto-Light.ttf' (167K)
[2022.07.12-11.25.18:054][873]LogVSAccessor: Warning: Couldn't goto line number '1' in 'D:/UE4CPP/ArenaBattle/Source/ArenaBattle/ABCharacterStatComponent.h'
[2022.07.12-11.25.18:103][873]LogVSAccessor: Warning: Couldn't goto line number '1' in 'D:/UE4CPP/ArenaBattle/Source/ArenaBattle/ABCharacterStatComponent.cpp'
[2022.07.12-11.25.26:395][121]LogRenderer: Reallocating scene render targets to support 768x796 Format 10 NumSamples 1 (Frame:10085).
[2022.07.12-11.49.59:993][  6]LogEditorViewport: Clicking on Actor (LMB): ABCharacter (ABCharacter3)
[2022.07.12-11.50.01:914][ 86]LogSlate: Took 0.000915 seconds to synchronously load lazily loaded font '../../../Engine/Content/Slate/Fonts/Roboto-Italic.ttf' (157K)
[2022.07.12-11.50.45:665][287]LogSlate: FSceneViewport::OnFocusLost() reason 0
[2022.07.12-11.51.04:538][519]LogVSAccessor: Warning: Couldn't goto line number '1' in 'D:/UE4CPP/ArenaBattle/Source/ArenaBattle/ABCharacter.h'
[2022.07.12-11.51.16:661][732]Running D:/UE_4.19/Engine/Binaries/DotNET/UnrealBuildTool.exe  -projectfiles -project="D:/UE4CPP/ArenaBattle/ArenaBattle.uproject" -game -rocket -progress
[2022.07.12-11.51.17:014][732]Discovering modules, targets and source code for project...
[2022.07.12-11.55.43:363][815]Cmd: OBJ SAVEPACKAGE PACKAGE="/Game/Maps/Step2" FILE="../../../../UE4CPP/ArenaBattle/Content/Maps/Step2.umap" SILENT=true AUTOSAVING=false KEEPDIRTY=false
[2022.07.12-11.55.43:766][815]LogSavePackage: Save=87.07ms
[2022.07.12-11.55.43:766][815]LogSavePackage: Moving '../../../../UE4CPP/ArenaBattle/Saved/Step211A7B1CE4D0B89A12D35CFBA81463080.tmp' to '../../../../UE4CPP/ArenaBattle/Content/Maps/Step2.umap'
[2022.07.12-11.55.43:789][815]LogSavePackage: Display: Finished SavePackage ../../../../UE4CPP/ArenaBattle/Content/Maps/Step2.umap
[2022.07.12-11.55.43:846][815]Cmd: OBJ SAVEPACKAGE PACKAGE="/Game/Maps/Step2_BuiltData" FILE="../../../../UE4CPP/ArenaBattle/Content/Maps/Step2_BuiltData.uasset" SILENT=true
[2022.07.12-11.55.43:896][815]LogSavePackage: Save=46.32ms
[2022.07.12-11.55.43:897][815]LogSavePackage: Moving '../../../../UE4CPP/ArenaBattle/Saved/Step2_BuiltDataEE46852645D487C31EE79DBC51CEBB18.tmp' to '../../../../UE4CPP/ArenaBattle/Content/Maps/Step2_BuiltData.uasset'
[2022.07.12-11.55.43:898][815]LogSavePackage: Display: Finished SavePackage ../../../../UE4CPP/ArenaBattle/Content/Maps/Step2_BuiltData.uasset
[2022.07.12-11.55.45:326][986]LogTemp: Repeating last play command: 선택된 뷰포트
[2022.07.12-11.55.45:338][986]LogPlayLevel: PlayLevel: No blueprints needed recompiling
[2022.07.12-11.55.45:338][986]PIE: New page: PIE 세션: Step2 (2022. 7. 13. 오전 5:55:45)
[2022.07.12-11.55.45:338][986]LogPlayLevel: Creating play world package: /Game/Maps/UEDPIE_0_Step2
[2022.07.12-11.55.45:340][986]LogPlayLevel: PIE: StaticDuplicateObject took: (0.001852s)
[2022.07.12-11.55.45:341][986]LogAIModule: Creating AISystem for world Step2
[2022.07.12-11.55.45:341][986]LogPlayLevel: PIE: World Init took: (0.000697s)
[2022.07.12-11.55.45:341][986]LogPlayLevel: PIE: Created PIE world by copying editor world from /Game/Maps/Step2.Step2 to /Game/Maps/UEDPIE_0_Step2.Step2 (0.002918s)
[2022.07.12-11.55.45:577][986]LogInit: XAudio2 using '스피커(High Definition Audio Device)' : 2 channels at 48 kHz using 16 bits per sample (channel mask 0x3)
[2022.07.12-11.55.45:599][986]LogInit: FAudioDevice initialized.
[2022.07.12-11.55.45:641][986]LogLoad: Game class is 'ABGameMode'
[2022.07.12-11.55.45:643][986]LogWorld: Bringing World /Game/Maps/UEDPIE_0_Step2.Step2 up for play (max tick rate 0) at 2022.07.12-20.55.45
[2022.07.12-11.55.53:685][986]LogWindows: Error: === Critical error: ===
[2022.07.12-11.55.53:685][986]LogWindows: Error: 
[2022.07.12-11.55.53:685][986]LogWindows: Error: Fatal error!
[2022.07.12-11.55.53:685][986]LogWindows: Error: 
[2022.07.12-11.55.53:685][986]LogWindows: Error: Unhandled Exception: EXCEPTION_ACCESS_VIOLATION reading address 0x00000164
[2022.07.12-11.55.53:685][986]LogWindows: Error: 
[2022.07.12-11.55.53:685][986]LogWindows: Error: [Callstack] 0x00000000164F3296 UE4Editor-ArenaBattle.dll!FMulticastDelegateBase<FWeakObjectPtr>::CompactInvocationList() [d:\ue_4.19\engine\source\runtime\core\public\delegates\multicastdelegatebase.h:159]
[2022.07.12-11.55.53:685][986]LogWindows: Error: [Callstack] 0x00000000164F8032 UE4Editor-ArenaBattle.dll!FMulticastDelegateBase<FWeakObjectPtr>::AddInternal() [d:\ue_4.19\engine\source\runtime\core\public\delegates\multicastdelegatebase.h:146]
[2022.07.12-11.55.53:685][986]LogWindows: Error: [Callstack] 0x00000000164F4D4F UE4Editor-ArenaBattle.dll!TBaseMulticastDelegate<void>::AddLambda<<lambda_952400034fe735d736bceda84b534d89> >() [d:\ue_4.19\engine\source\runtime\core\public\delegates\delegatesignatureimpl.inl:715]
[2022.07.12-11.55.53:685][986]LogWindows: Error: [Callstack] 0x00000000164FB539 UE4Editor-ArenaBattle.dll!AABCharacter::PostInitializeComponents() [d:\ue4cpp\arenabattle\source\arenabattle\abcharacter.cpp:192]
[2022.07.12-11.55.53:685][986]LogWindows: Error: [Callstack] 0x0000000025729D86 UE4Editor-Engine.dll!ULevel::RouteActorInitialize() [d:\build\++ue4+release-4.19+compile\sync\engine\source\runtime\engine\private\level.cpp:1760]
[2022.07.12-11.55.53:686][986]LogWindows: Error: [Callstack] 0x00000000260D73FB UE4Editor-Engine.dll!UWorld::InitializeActorsForPlay() [d:\build\++ue4+release-4.19+compile\sync\engine\source\runtime\engine\private\world.cpp:3449]
[2022.07.12-11.55.53:686][986]LogWindows: Error: [Callstack] 0x00000000255C42A2 UE4Editor-Engine.dll!UGameInstance::StartPlayInEditorGameInstance() [d:\build\++ue4+release-4.19+compile\sync\engine\source\runtime\engine\private\gameinstance.cpp:323]
[2022.07.12-11.55.53:686][986]LogWindows: Error: [Callstack] 0x0000000043E627E0 UE4Editor-UnrealEd.dll!UEditorEngine::CreatePIEGameInstance() [d:\build\++ue4+release-4.19+compile\sync\engine\source\editor\unrealed\private\playlevel.cpp:3274]
[2022.07.12-11.55.53:686][986]LogWindows: Error: [Callstack] 0x0000000043E81246 UE4Editor-UnrealEd.dll!UEditorEngine::PlayInEditor() [d:\build\++ue4+release-4.19+compile\sync\engine\source\editor\unrealed\private\playlevel.cpp:2410]
[2022.07.12-11.55.53:686][986]LogWindows: Error: [Callstack] 0x0000000043E9BBEF UE4Editor-UnrealEd.dll!UEditorEngine::StartQueuedPlayMapRequest() [d:\build\++ue4+release-4.19+compile\sync\engine\source\editor\unrealed\private\playlevel.cpp:1271]
[2022.07.12-11.55.53:686][986]LogWindows: Error: [Callstack] 0x000000004390C961 UE4Editor-UnrealEd.dll!UEditorEngine::Tick() [d:\build\++ue4+release-4.19+compile\sync\engine\source\editor\unrealed\private\editorengine.cpp:1581]
[2022.07.12-11.55.53:686][986]LogWindows: Error: [Callstack] 0x00000000441A9626 UE4Editor-UnrealEd.dll!UUnrealEdEngine::Tick() [d:\build\++ue4+release-4.19+compile\sync\engine\source\editor\unrealed\private\unrealedengine.cpp:401]
[2022.07.12-11.55.53:686][986]LogWindows: Error: [Callstack] 0x000000002DC35EAC UE4Editor.exe!FEngineLoop::Tick() [d:\build\++ue4+release-4.19+compile\sync\engine\source\runtime\launch\private\launchengineloop.cpp:3339]
[2022.07.12-11.55.53:686][986]LogWindows: Error: [Callstack] 0x000000002DC46BD0 UE4Editor.exe!GuardedMain() [d:\build\++ue4+release-4.19+compile\sync\engine\source\runtime\launch\private\launch.cpp:166]
[2022.07.12-11.55.53:686][986]LogWindows: Error: [Callstack] 0x000000002DC46C4A UE4Editor.exe!GuardedMainWrapper() [d:\build\++ue4+release-4.19+compile\sync\engine\source\runtime\launch\private\windows\launchwindows.cpp:144]
[2022.07.12-11.55.53:686][986]LogWindows: Error: [Callstack] 0x000000002DC54177 UE4Editor.exe!WinMain() [d:\build\++ue4+release-4.19+compile\sync\engine\source\runtime\launch\private\windows\launchwindows.cpp:223]
[2022.07.12-11.55.53:686][986]LogWindows: Error: [Callstack] 0x000000002DC55B87 UE4Editor.exe!__scrt_common_main_seh() [f:\dd\vctools\crt\vcstartup\src\startup\exe_common.inl:253]
[2022.07.12-11.55.53:686][986]LogWindows: Error: [Callstack] 0x00000000A3F67034 KERNEL32.DLL!UnknownFunction []
[2022.07.12-11.55.53:686][986]LogWindows: Error: [Callstack] 0x00000000A5162651 ntdll.dll!UnknownFunction []
[2022.07.12-11.55.53:686][986]LogWindows: Error: [Callstack] 0x00000000A5162651 ntdll.dll!UnknownFunction []
[2022.07.12-11.55.53:686][986]LogWindows: Error: 
[2022.07.12-11.55.53:694][986]LogExit: Executing StaticShutdownAfterError
[2022.07.12-11.55.53:696][986]LogWindows: FPlatformMisc::RequestExit(1)
[2022.07.12-11.55.53:696][986]Log file closed, 07/12/22 20:55:53
