Log file open, 04/09/22 03:44:10
LogWindows: Failed to load 'aqProf.dll' (GetLastError=126)
LogWindows: File 'aqProf.dll' does not exist
LogWindows: Failed to load 'VtuneApi.dll' (GetLastError=126)
LogWindows: File 'VtuneApi.dll' does not exist
LogWindows: Failed to load 'VtuneApi32e.dll' (GetLastError=126)
LogWindows: File 'VtuneApi32e.dll' does not exist
LogInit: Display: Running engine for game: ArenaBattle
LogPlatformFile: Not using cached read wrapper
LogInit: Display: RandInit(-1148237639) SRandInit(-1148237639).
LogInit: Read version file with build ID '3944462'
LogInit: Overriding engine version to CL 4033788, compatible CL 3944462
LogInit: Registered custom module enumerator with build ID '3944462'
LogTaskGraph: Started task graph with 5 named threads and 35 total threads with 3 sets of task threads.
LogStats: Stats thread started at 0.527814
LogD3D11RHI: Aftermath initialized
LogICUInternationalization: Display: ICU TimeZone Detection - Raw Offset: +9:00, Platform Override: ''
LogPluginManager: Mounting plugin Paper2D
LogPluginManager: Mounting plugin LiveLink
LogPluginManager: Mounting plugin LightPropagationVolume
LogPluginManager: Mounting plugin CLionSourceCodeAccess
LogPluginManager: Mounting plugin CodeLiteSourceCodeAccess
LogPluginManager: Mounting plugin GitSourceControl
LogPluginManager: Mounting plugin KDevelopSourceCodeAccess
LogPluginManager: Mounting plugin NullSourceCodeAccess
LogPluginManager: Mounting plugin PerforceSourceControl
LogPluginManager: Mounting plugin SubversionSourceControl
LogPluginManager: Mounting plugin UObjectPlugin
LogPluginManager: Mounting plugin VisualStudioCodeSourceCodeAccess
LogPluginManager: Mounting plugin VisualStudioSourceCodeAccess
LogPluginManager: Mounting plugin XCodeSourceCodeAccess
LogPluginManager: Mounting plugin AssetManagerEditor
LogPluginManager: Mounting plugin CryptoKeys
LogPluginManager: Mounting plugin DataValidation
LogPluginManager: Mounting plugin FacialAnimation
LogPluginManager: Mounting plugin GameplayTagsEditor
LogPluginManager: Mounting plugin MobileLauncherProfileWizard
LogPluginManager: Mounting plugin PluginBrowser
LogPluginManager: Mounting plugin SpeedTreeImporter
LogPluginManager: Mounting plugin DatasmithContent
LogPluginManager: Mounting plugin AlembicImporter
LogPluginManager: Mounting plugin CharacterAI
LogPluginManager: Mounting plugin HTML5Networking
LogPluginManager: Mounting plugin AndroidMedia
LogPluginManager: Mounting plugin AvfMedia
LogPluginManager: Mounting plugin ImgMedia
LogPluginManager: Mounting plugin LinearTimecode
LogPluginManager: Mounting plugin MediaCompositing
LogPluginManager: Mounting plugin MediaPlayerEditor
LogPluginManager: Mounting plugin WmfMedia
LogPluginManager: Mounting plugin TcpMessaging
LogPluginManager: Mounting plugin UdpMessaging
LogPluginManager: Mounting plugin ActorSequence
LogPluginManager: Mounting plugin LevelSequenceEditor
LogPluginManager: Mounting plugin MatineeToLevelSequence
LogPluginManager: Mounting plugin NetcodeUnitTest
LogPluginManager: Mounting plugin NUTUnrealEngine4
LogPluginManager: Mounting plugin OnlineSubsystemGooglePlay
LogPluginManager: Mounting plugin OnlineSubsystemIOS
LogPluginManager: Mounting plugin OnlineSubsystem
LogPluginManager: Mounting plugin OnlineSubsystemNull
LogPluginManager: Mounting plugin OnlineSubsystemUtils
LogPluginManager: Mounting plugin AndroidDeviceProfileSelector
LogPluginManager: Mounting plugin AndroidMoviePlayer
LogPluginManager: Mounting plugin AndroidPermission
LogPluginManager: Mounting plugin AppleARKit
LogPluginManager: Mounting plugin AppleMoviePlayer
LogPluginManager: Mounting plugin ArchVisCharacter
LogPluginManager: Mounting plugin AudioCapture
LogPluginManager: Mounting plugin CableComponent
LogPluginManager: Mounting plugin CustomMeshComponent
LogPluginManager: Mounting plugin ExampleDeviceProfileSelector
LogPluginManager: Mounting plugin GoogleCloudMessaging
LogPluginManager: Mounting plugin ImmediatePhysics
LogPluginManager: Mounting plugin IOSDeviceProfileSelector
LogPluginManager: Mounting plugin LinuxDeviceProfileSelector
LogPluginManager: Mounting plugin LocationServicesBPLibrary
LogPluginManager: Mounting plugin MobilePatchingUtils
LogPluginManager: Mounting plugin OculusVR
LogPluginManager: Plugin shader directory ../../../Engine/Plugins/Runtime/Oculus/OculusVR/Shaders found
LogPluginManager: Mapping shader source directory ../../../Engine/Plugins/Runtime/Oculus/OculusVR/Shaders to virtual directory /Plugin/OculusVR
LogPluginManager: Mounting plugin PhysXVehicles
LogPluginManager: Mounting plugin ProceduralMeshComponent
LogPluginManager: Mounting plugin RuntimePhysXCooking
LogPluginManager: Mounting plugin SteamVR
LogPluginManager: Mounting plugin WindowsMoviePlayer
LogStreaming: Display: Took  0.079s to configure plugins.
LogModuleManager: Display: Found up-to-date module file ../../../../UE4CPP/ArenaBattle/Binaries/Win64/UE4Editor-ArenaBattle-7232.dll (API version 3944462).
LogModuleManager: Display: Found up-to-date module file ../../../Engine/Plugins/2D/Paper2D/Binaries/Win64/UE4Editor-Paper2D.dll (API version 3944462).
LogModuleManager: Display: Found up-to-date module file ../../../Engine/Plugins/2D/Paper2D/Binaries/Win64/UE4Editor-Paper2DEditor.dll (API version 3944462).
LogModuleManager: Display: Found up-to-date module file ../../../Engine/Plugins/2D/Paper2D/Binaries/Win64/UE4Editor-PaperSpriteSheetImporter.dll (API version 3944462).
LogModuleManager: Display: Found up-to-date module file ../../../Engine/Plugins/2D/Paper2D/Binaries/Win64/UE4Editor-PaperTiledImporter.dll (API version 3944462).
LogModuleManager: Display: Found up-to-date module file ../../../Engine/Plugins/2D/Paper2D/Binaries/Win64/UE4Editor-SmartSnapping.dll (API version 3944462).
LogModuleManager: Display: Found up-to-date module file ../../../Engine/Plugins/Animation/LiveLink/Binaries/Win64/UE4Editor-LiveLink.dll (API version 3944462).
LogModuleManager: Display: Found up-to-date module file ../../../Engine/Plugins/Animation/LiveLink/Binaries/Win64/UE4Editor-LiveLinkEditor.dll (API version 3944462).
LogModuleManager: Display: Found up-to-date module file ../../../Engine/Plugins/Blendables/LightPropagationVolume/Binaries/Win64/UE4Editor-LightPropagationVolumeRuntime.dll (API version 3944462).
LogModuleManager: Display: Found up-to-date module file ../../../Engine/Plugins/Blendables/LightPropagationVolume/Binaries/Win64/UE4Editor-LightPropagationVolumeEditor.dll (API version 3944462).
LogModuleManager: Display: Found up-to-date module file ../../../Engine/Plugins/Developer/CLionSourceCodeAccess/Binaries/Win64/UE4Editor-CLionSourceCodeAccess.dll (API version 3944462).
LogModuleManager: Display: Found up-to-date module file ../../../Engine/Plugins/Developer/GitSourceControl/Binaries/Win64/UE4Editor-GitSourceControl.dll (API version 3944462).
LogModuleManager: Display: Found up-to-date module file ../../../Engine/Plugins/Developer/PerforceSourceControl/Binaries/Win64/UE4Editor-PerforceSourceControl.dll (API version 3944462).
LogModuleManager: Display: Found up-to-date module file ../../../Engine/Plugins/Developer/SubversionSourceControl/Binaries/Win64/UE4Editor-SubversionSourceControl.dll (API version 3944462).
LogModuleManager: Display: Found up-to-date module file ../../../Engine/Plugins/Developer/UObjectPlugin/Binaries/Win64/UE4Editor-UObjectPlugin.dll (API version 3944462).
LogModuleManager: Display: Found up-to-date module file ../../../Engine/Plugins/Developer/VisualStudioCodeSourceCodeAccess/Binaries/Win64/UE4Editor-VisualStudioCodeSourceCodeAccess.dll (API version 3944462).
LogModuleManager: Display: Found up-to-date module file ../../../Engine/Plugins/Developer/VisualStudioSourceCodeAccess/Binaries/Win64/UE4Editor-VisualStudioSourceCodeAccess.dll (API version 3944462).
LogModuleManager: Display: Found up-to-date module file ../../../Engine/Plugins/Editor/AssetManagerEditor/Binaries/Win64/UE4Editor-AssetManagerEditor.dll (API version 3944462).
LogModuleManager: Display: Found up-to-date module file ../../../Engine/Plugins/Editor/CryptoKeys/Binaries/Win64/UE4Editor-CryptoKeys.dll (API version 3944462).
LogModuleManager: Display: Found up-to-date module file ../../../Engine/Plugins/Editor/CryptoKeys/Binaries/Win64/UE4Editor-CryptoKeysOpenSSL.dll (API version 3944462).
LogModuleManager: Display: Found up-to-date module file ../../../Engine/Plugins/Editor/DataValidation/Binaries/Win64/UE4Editor-DataValidation.dll (API version 3944462).
LogModuleManager: Display: Found up-to-date module file ../../../Engine/Plugins/Editor/FacialAnimation/Binaries/Win64/UE4Editor-FacialAnimation.dll (API version 3944462).
LogModuleManager: Display: Found up-to-date module file ../../../Engine/Plugins/Editor/FacialAnimation/Binaries/Win64/UE4Editor-FacialAnimationEditor.dll (API version 3944462).
LogModuleManager: Display: Found up-to-date module file ../../../Engine/Plugins/Editor/GameplayTagsEditor/Binaries/Win64/UE4Editor-GameplayTagsEditor.dll (API version 3944462).
LogModuleManager: Display: Found up-to-date module file ../../../Engine/Plugins/Editor/MobileLauncherProfileWizard/Binaries/Win64/UE4Editor-MobileLauncherProfileWizard.dll (API version 3944462).
LogModuleManager: Display: Found up-to-date module file ../../../Engine/Plugins/Editor/PluginBrowser/Binaries/Win64/UE4Editor-PluginBrowser.dll (API version 3944462).
LogModuleManager: Display: Found up-to-date module file ../../../Engine/Plugins/Editor/SpeedTreeImporter/Binaries/Win64/UE4Editor-SpeedTreeImporter.dll (API version 3944462).
LogModuleManager: Display: Found up-to-date module file ../../../Engine/Plugins/Enterprise/DatasmithContent/Binaries/Win64/UE4Editor-DatasmithContent.dll (API version 3944462).
LogModuleManager: Display: Found up-to-date module file ../../../Engine/Plugins/Experimental/AlembicImporter/Binaries/Win64/UE4Editor-AlembicImporter.dll (API version 3944462).
LogModuleManager: Display: Found up-to-date module file ../../../Engine/Plugins/Experimental/AlembicImporter/Binaries/Win64/UE4Editor-AlembicLibrary.dll (API version 3944462).
LogModuleManager: Display: Found up-to-date module file ../../../Engine/Plugins/Experimental/CharacterAI/Binaries/Win64/UE4Editor-CharacterAI.dll (API version 3944462).
LogModuleManager: Display: Found up-to-date module file ../../../Engine/Plugins/Experimental/HTML5Networking/Binaries/Win64/UE4Editor-HTML5Networking.dll (API version 3944462).
LogModuleManager: Display: Found up-to-date module file ../../../Engine/Plugins/Media/AndroidMedia/Binaries/Win64/UE4Editor-AndroidMediaEditor.dll (API version 3944462).
LogModuleManager: Display: Found up-to-date module file ../../../Engine/Plugins/Media/AndroidMedia/Binaries/Win64/UE4Editor-AndroidMediaFactory.dll (API version 3944462).
LogModuleManager: Display: Found up-to-date module file ../../../Engine/Plugins/Media/AvfMedia/Binaries/Win64/UE4Editor-AvfMediaEditor.dll (API version 3944462).
LogModuleManager: Display: Found up-to-date module file ../../../Engine/Plugins/Media/AvfMedia/Binaries/Win64/UE4Editor-AvfMediaFactory.dll (API version 3944462).
LogModuleManager: Display: Found up-to-date module file ../../../Engine/Plugins/Media/AvfMedia/Binaries/Win64/UE4Editor-AvfMediaFactory.dll (API version 3944462).
LogModuleManager: Display: Found up-to-date module file ../../../Engine/Plugins/Media/ImgMedia/Binaries/Win64/UE4Editor-ImgMedia.dll (API version 3944462).
LogModuleManager: Display: Found up-to-date module file ../../../Engine/Plugins/Media/ImgMedia/Binaries/Win64/UE4Editor-ImgMediaEditor.dll (API version 3944462).
LogModuleManager: Display: Found up-to-date module file ../../../Engine/Plugins/Media/ImgMedia/Binaries/Win64/UE4Editor-ImgMediaFactory.dll (API version 3944462).
LogModuleManager: Display: Found up-to-date module file ../../../Engine/Plugins/Media/ImgMedia/Binaries/Win64/UE4Editor-ImgMediaFactory.dll (API version 3944462).
LogModuleManager: Display: Found up-to-date module file ../../../Engine/Plugins/Media/ImgMedia/Binaries/Win64/UE4Editor-OpenExrWrapper.dll (API version 3944462).
LogModuleManager: Display: Found up-to-date module file ../../../Engine/Plugins/Media/LinearTimecode/Binaries/Win64/UE4Editor-LinearTimecode.dll (API version 3944462).
LogModuleManager: Display: Found up-to-date module file ../../../Engine/Plugins/Media/MediaCompositing/Binaries/Win64/UE4Editor-MediaCompositing.dll (API version 3944462).
LogModuleManager: Display: Found up-to-date module file ../../../Engine/Plugins/Media/MediaCompositing/Binaries/Win64/UE4Editor-MediaCompositingEditor.dll (API version 3944462).
LogModuleManager: Display: Found up-to-date module file ../../../Engine/Plugins/Media/MediaPlayerEditor/Binaries/Win64/UE4Editor-MediaPlayerEditor.dll (API version 3944462).
LogModuleManager: Display: Found up-to-date module file ../../../Engine/Plugins/Media/WmfMedia/Binaries/Win64/UE4Editor-WmfMedia.dll (API version 3944462).
LogModuleManager: Display: Found up-to-date module file ../../../Engine/Plugins/Media/WmfMedia/Binaries/Win64/UE4Editor-WmfMediaEditor.dll (API version 3944462).
LogModuleManager: Display: Found up-to-date module file ../../../Engine/Plugins/Media/WmfMedia/Binaries/Win64/UE4Editor-WmfMediaFactory.dll (API version 3944462).
LogModuleManager: Display: Found up-to-date module file ../../../Engine/Plugins/Media/WmfMedia/Binaries/Win64/UE4Editor-WmfMediaFactory.dll (API version 3944462).
LogModuleManager: Display: Found up-to-date module file ../../../Engine/Plugins/Messaging/TcpMessaging/Binaries/Win64/UE4Editor-TcpMessaging.dll (API version 3944462).
LogModuleManager: Display: Found up-to-date module file ../../../Engine/Plugins/Messaging/UdpMessaging/Binaries/Win64/UE4Editor-UdpMessaging.dll (API version 3944462).
LogModuleManager: Display: Found up-to-date module file ../../../Engine/Plugins/MovieScene/ActorSequence/Binaries/Win64/UE4Editor-ActorSequence.dll (API version 3944462).
LogModuleManager: Display: Found up-to-date module file ../../../Engine/Plugins/MovieScene/LevelSequenceEditor/Binaries/Win64/UE4Editor-LevelSequenceEditor.dll (API version 3944462).
LogModuleManager: Display: Found up-to-date module file ../../../Engine/Plugins/MovieScene/MatineeToLevelSequence/Binaries/Win64/UE4Editor-MatineeToLevelSequence.dll (API version 3944462).
LogModuleManager: Display: Found up-to-date module file ../../../Engine/Plugins/NetcodeUnitTest/NetcodeUnitTest/Binaries/Win64/UE4Editor-NetcodeUnitTest.dll (API version 3944462).
LogModuleManager: Display: Found up-to-date module file ../../../Engine/Plugins/NetcodeUnitTest/NUTUnrealEngine4/Binaries/Win64/UE4Editor-NUTUnrealEngine4.dll (API version 3944462).
LogModuleManager: Display: Found up-to-date module file ../../../Engine/Plugins/Online/OnlineSubsystem/Binaries/Win64/UE4Editor-OnlineSubsystem.dll (API version 3944462).
LogModuleManager: Display: Found up-to-date module file ../../../Engine/Plugins/Online/OnlineSubsystemNull/Binaries/Win64/UE4Editor-OnlineSubsystemNull.dll (API version 3944462).
LogModuleManager: Display: Found up-to-date module file ../../../Engine/Plugins/Online/OnlineSubsystemUtils/Binaries/Win64/UE4Editor-OnlineSubsystemUtils.dll (API version 3944462).
LogModuleManager: Display: Found up-to-date module file ../../../Engine/Plugins/Online/OnlineSubsystemUtils/Binaries/Win64/UE4Editor-OnlineBlueprintSupport.dll (API version 3944462).
LogModuleManager: Display: Found up-to-date module file ../../../Engine/Plugins/Runtime/AndroidDeviceProfileSelector/Binaries/Win64/UE4Editor-AndroidDeviceProfileSelector.dll (API version 3944462).
LogModuleManager: Display: Found up-to-date module file ../../../Engine/Plugins/Runtime/AndroidPermission/Binaries/Win64/UE4Editor-AndroidPermission.dll (API version 3944462).
LogModuleManager: Display: Found up-to-date module file ../../../Engine/Plugins/Runtime/AppleARKit/Binaries/Win64/UE4Editor-AppleARKit.dll (API version 3944462).
LogModuleManager: Display: Found up-to-date module file ../../../Engine/Plugins/Runtime/ArchVisCharacter/Binaries/Win64/UE4Editor-ArchVisCharacter.dll (API version 3944462).
LogModuleManager: Display: Found up-to-date module file ../../../Engine/Plugins/Runtime/AudioCapture/Binaries/Win64/UE4Editor-AudioCapture.dll (API version 3944462).
LogModuleManager: Display: Found up-to-date module file ../../../Engine/Plugins/Runtime/AudioCapture/Binaries/Win64/UE4Editor-AudioCaptureEditor.dll (API version 3944462).
LogModuleManager: Display: Found up-to-date module file ../../../Engine/Plugins/Runtime/CableComponent/Binaries/Win64/UE4Editor-CableComponent.dll (API version 3944462).
LogModuleManager: Display: Found up-to-date module file ../../../Engine/Plugins/Runtime/CustomMeshComponent/Binaries/Win64/UE4Editor-CustomMeshComponent.dll (API version 3944462).
LogModuleManager: Display: Found up-to-date module file ../../../Engine/Plugins/Runtime/ExampleDeviceProfileSelector/Binaries/Win64/UE4Editor-ExampleDeviceProfileSelector.dll (API version 3944462).
LogModuleManager: Display: Found up-to-date module file ../../../Engine/Plugins/Runtime/ImmediatePhysics/Binaries/Win64/UE4Editor-ImmediatePhysics.dll (API version 3944462).
LogModuleManager: Display: Found up-to-date module file ../../../Engine/Plugins/Runtime/ImmediatePhysics/Binaries/Win64/UE4Editor-ImmediatePhysicsEditor.dll (API version 3944462).
LogModuleManager: Display: Found up-to-date module file ../../../Engine/Plugins/Runtime/LocationServicesBPLibrary/Binaries/Win64/UE4Editor-LocationServicesBPLibrary.dll (API version 3944462).
LogModuleManager: Display: Found up-to-date module file ../../../Engine/Plugins/Runtime/MobilePatchingUtils/Binaries/Win64/UE4Editor-MobilePatchingUtils.dll (API version 3944462).
LogModuleManager: Display: Found up-to-date module file ../../../Engine/Plugins/Runtime/Oculus/OculusVR/Binaries/Win64/UE4Editor-OculusHMD.dll (API version 3944462).
LogModuleManager: Display: Found up-to-date module file ../../../Engine/Plugins/Runtime/Oculus/OculusVR/Binaries/Win64/UE4Editor-OculusInput.dll (API version 3944462).
LogModuleManager: Display: Found up-to-date module file ../../../Engine/Plugins/Runtime/Oculus/OculusVR/Binaries/Win64/UE4Editor-OculusEditor.dll (API version 3944462).
LogModuleManager: Display: Found up-to-date module file ../../../Engine/Plugins/Runtime/PhysXVehicles/Binaries/Win64/UE4Editor-PhysXVehicles.dll (API version 3944462).
LogModuleManager: Display: Found up-to-date module file ../../../Engine/Plugins/Runtime/PhysXVehicles/Binaries/Win64/UE4Editor-PhysXVehiclesEditor.dll (API version 3944462).
LogModuleManager: Display: Found up-to-date module file ../../../Engine/Plugins/Runtime/ProceduralMeshComponent/Binaries/Win64/UE4Editor-ProceduralMeshComponent.dll (API version 3944462).
LogModuleManager: Display: Found up-to-date module file ../../../Engine/Plugins/Runtime/ProceduralMeshComponent/Binaries/Win64/UE4Editor-ProceduralMeshComponentEditor.dll (API version 3944462).
LogModuleManager: Display: Found up-to-date module file ../../../Engine/Plugins/Runtime/RuntimePhysXCooking/Binaries/Win64/UE4Editor-RuntimePhysXCooking.dll (API version 3944462).
LogModuleManager: Display: Found up-to-date module file ../../../Engine/Plugins/Runtime/Steam/SteamVR/Binaries/Win64/UE4Editor-SteamVR.dll (API version 3944462).
LogModuleManager: Display: Found up-to-date module file ../../../Engine/Plugins/Runtime/Steam/SteamVR/Binaries/Win64/UE4Editor-SteamVRController.dll (API version 3944462).
LogModuleManager: Display: Found up-to-date module file ../../../Engine/Plugins/Runtime/WindowsMoviePlayer/Binaries/Win64/UE4Editor-WindowsMoviePlayer.dll (API version 3944462).
LogInit: Using libcurl 7.47.1
LogInit:  - built for x86_64-pc-win32
LogInit:  - supports SSL with OpenSSL/1.0.2g
LogInit:  - supports HTTP deflate (compression) using libz 1.2.8
LogInit:  - other features:
LogInit:      CURL_VERSION_SSL
LogInit:      CURL_VERSION_LIBZ
LogInit:      CURL_VERSION_IPV6
LogInit:      CURL_VERSION_ASYNCHDNS
LogInit:      CURL_VERSION_LARGEFILE
LogInit:      CURL_VERSION_IDN
LogInit:  CurlRequestOptions (configurable via config and command line):
LogInit:  - bVerifyPeer = false  - Libcurl will NOT verify peer certificate
LogInit:  - bUseHttpProxy = false  - Libcurl will NOT use HTTP proxy
LogInit:  - bDontReuseConnections = false  - Libcurl will reuse connections
LogInit:  - CertBundlePath = nullptr  - Libcurl will use whatever was configured at build time.
LogInit:  - MaxHostConnections = 16  - Libcurl will limit the number of connections to a host
LogInit:  - LocalHostAddr = Default
LogInit: WinSock: version 1.1 (2.2), MaxSocks=32767, MaxUdp=65467
LogInit: WinSock: I am DESKTOP-7F2F2D9 (211.57.219.117:0)
LogInit: Build: ++UE4+Release-4.19-CL-4033788
LogInit: Engine Version: 4.19.2-4033788+++UE4+Release-4.19
LogInit: Compatible Engine Version: 4.19.0-3944462+++UE4+Release-4.19
LogInit: Net CL: 3944462
LogDevObjectVersion: Number of dev versions registered: 18
LogDevObjectVersion:   Dev-Blueprints (B0D832E4-1F89-4F0D-ACCF-7EB736FD4AA2): 10
LogDevObjectVersion:   Dev-Build (E1C64328-A22C-4D53-A36C-8E866417BD8C): 0
LogDevObjectVersion:   Dev-Core (375EC13C-06E4-48FB-B500-84F0262A717E): 2
LogDevObjectVersion:   Dev-Editor (E4B068ED-F494-42E9-A231-DA0B2E46BB41): 23
LogDevObjectVersion:   Dev-Framework (CFFC743F-43B0-4480-9391-14DF171D2073): 33
LogDevObjectVersion:   Dev-Mobile (B02B49B5-BB20-44E9-A304-32B752E40360): 2
LogDevObjectVersion:   Dev-Networking (A4E4105C-59A1-49B5-A7C5-40C4547EDFEE): 0
LogDevObjectVersion:   Dev-Online (39C831C9-5AE6-47DC-9A44-9C173E1C8E7C): 0
LogDevObjectVersion:   Dev-Physics (78F01B33-EBEA-4F98-B9B4-84EACCB95AA2): 0
LogDevObjectVersion:   Dev-Platform (6631380F-2D4D-43E0-8009-CF276956A95A): 0
LogDevObjectVersion:   Dev-Rendering (12F88B9F-8875-4AFC-A67C-D90C383ABD29): 25
LogDevObjectVersion:   Dev-Sequencer (7B5AE74C-D270-4C10-A958-57980B212A5A): 6
LogDevObjectVersion:   Dev-VR (D7296918-1DD6-4BDD-9DE2-64A83CC13884): 1
LogDevObjectVersion:   Dev-LoadTimes (C2A15278-BFE7-4AFE-6C17-90FF531DF755): 1
LogDevObjectVersion:   Private-Geometry (6EACA3D4-40EC-4CC1-B786-8BED09428FC5): 2
LogDevObjectVersion:   Dev-AnimPhys (29E575DD-E0A3-4627-9D10-D276232CDCEA): 16
LogDevObjectVersion:   Dev-ReflectionCapture (6B266CEC-1EC7-4B8F-A30B-E4D90942FC07): 1
LogDevObjectVersion:   Dev-Automation (0DF73D61-A23F-47EA-B727-89E90C41499A): 1
LogInit: Compiled (64-bit): Apr 27 2018 02:06:57
LogInit: Compiled with Visual C++: 19.00.24215.01
LogInit: Build Configuration: Development
LogInit: Branch Name: ++UE4+Release-4.19
LogInit: Command Line: 
LogInit: Base Directory: D:/UE_4.19/Engine/Binaries/Win64/
LogInit: Installed Engine Build: 1
LogStreaming: Display: Took  0.036s to delete old logs.
LogInit: Presizing for max 8388607 objects, including 0 objects not considered by GC, pre-allocating 0 bytes for permanent pool.
LogInit: Object subsystem initialized
[2022.04.08-18.44.12:578][  0]LogInit: Selected Device Profile: [Windows]
[2022.04.08-18.44.12:578][  0]LogInit: Applying CVar settings loaded from the selected device profile: [Windows]
[2022.04.08-18.44.12:584][  0]LogInit: Computer: DESKTOP-7F2F2D9
[2022.04.08-18.44.12:584][  0]LogInit: User: guldd
[2022.04.08-18.44.12:584][  0]LogInit: CPU Page size=4096, Cores=6
[2022.04.08-18.44.12:584][  0]LogInit: High frequency timer resolution =10.000000 MHz
[2022.04.08-18.44.12:584][  0]LogMemory: Memory total: Physical=15.9GB (16GB approx)
[2022.04.08-18.44.12:584][  0]LogMemory: Platform Memory Stats for Windows
[2022.04.08-18.44.12:584][  0]LogMemory: Process Physical Memory: 278.22 MB used, 278.22 MB peak
[2022.04.08-18.44.12:584][  0]LogMemory: Process Virtual Memory: 271.64 MB used, 271.64 MB peak
[2022.04.08-18.44.12:584][  0]LogMemory: Physical Memory: 7638.02 MB used,  8671.27 MB free, 16309.28 MB total
[2022.04.08-18.44.12:584][  0]LogMemory: Virtual Memory: 4800.46 MB used,  8671.27 MB free, 134217728.00 MB total
[2022.04.08-18.44.12:601][  0]LogInit: Using OS detected language (ko-KR).
[2022.04.08-18.44.12:602][  0]LogInit: Using OS detected locale (ko-KR).
[2022.04.08-18.44.12:605][  0]LogTextLocalizationManager: No specific localization for 'ko-KR' exists, so the 'ko' localization will be used.
[2022.04.08-18.44.12:904][  0]LogStreaming: Display: Took  0.303s to EndInitTextLocalization.
[2022.04.08-18.44.12:904][  0]LogInit: Setting process to per monitor DPI aware
[2022.04.08-18.44.12:955][  0]LogSlate: New Slate User Created.  User Index 0, Is Virtual User: 0
[2022.04.08-18.44.12:955][  0]LogSlate: Slate User Registered.  User Index 0, Is Virtual User: 0
[2022.04.08-18.44.13:194][  0]LogD3D11RHI: D3D11 adapters:
[2022.04.08-18.44.13:306][  0]LogD3D11RHI:    0. 'NVIDIA GeForce RTX 3060 Ti' (Feature Level 11_0)
[2022.04.08-18.44.13:306][  0]LogD3D11RHI:       8050/0/8154 MB DedicatedVideo/DedicatedSystem/SharedSystem, Outputs:1, VendorId:0x10de
[2022.04.08-18.44.13:308][  0]LogD3D11RHI:    1. 'Microsoft Basic Render Driver' (Feature Level 11_0)
[2022.04.08-18.44.13:308][  0]LogD3D11RHI:       0/0/8154 MB DedicatedVideo/DedicatedSystem/SharedSystem, Outputs:0, VendorId:0x1414
[2022.04.08-18.44.13:308][  0]LogD3D11RHI: Chosen D3D11 Adapter: 0
[2022.04.08-18.44.13:313][  0]LogD3D11RHI: Creating new Direct3DDevice
[2022.04.08-18.44.13:313][  0]LogD3D11RHI:     GPU DeviceId: 0x2486 (for the marketing name, search the web for "GPU Device Id")
[2022.04.08-18.44.13:313][  0]LogWindows: EnumDisplayDevices:
[2022.04.08-18.44.13:313][  0]LogWindows:    0. 'NVIDIA GeForce RTX 3060 Ti' (P:1 D:1)
[2022.04.08-18.44.13:313][  0]LogWindows:    1. 'NVIDIA GeForce RTX 3060 Ti' (P:0 D:0)
[2022.04.08-18.44.13:314][  0]LogWindows:    2. 'NVIDIA GeForce RTX 3060 Ti' (P:0 D:0)
[2022.04.08-18.44.13:314][  0]LogWindows:    3. 'NVIDIA GeForce RTX 3060 Ti' (P:0 D:0)
[2022.04.08-18.44.13:315][  0]LogWindows: DebugString: GetVideoDriverDetailsInvalid PrimaryIsNotTheChoosenAdapter GetVideoDriverDetailsInvalid PrimaryIsNotTheChoosenAdapter GetVideoDriverDetailsInvalid PrimaryIsNotTheChoosenAdapter GetVideoDriverDetailsInvalid PrimaryIsNotTheChoosenAdapter FoundDriverCount:0 
[2022.04.08-18.44.13:315][  0]LogD3D11RHI:     Adapter Name: NVIDIA GeForce RTX 3060 Ti
[2022.04.08-18.44.13:315][  0]LogD3D11RHI:   Driver Version: Unknown (internal:Unknown, unified:Unknown)
[2022.04.08-18.44.13:315][  0]LogD3D11RHI:      Driver Date: Unknown
[2022.04.08-18.44.13:315][  0]LogRHI: Texture pool is 5635 MB (70% of 8050 MB)
[2022.04.08-18.44.13:389][  0]LogD3D11RHI: [Aftermath] Aftermath enabled and primed
[2022.04.08-18.44.13:389][  0]LogD3D11RHI: [Aftermath] Aftermath enabled and primed
[2022.04.08-18.44.13:389][  0]LogD3D11RHI: Async texture creation enabled
[2022.04.08-18.44.13:406][  0]LogD3D11RHI: GPU Timing Frequency: 1000.000000 (Debug: 2 1)
[2022.04.08-18.44.13:409][  0]LogShaderCompilers: Guid format shader working directory is 16 characters bigger than the processId version (../../../../UE4CPP/ArenaBattle/Intermediate/Shaders/WorkingDirectory/6768/).
[2022.04.08-18.44.13:409][  0]LogShaderCompilers: Cleaned the shader compiler working directory 'C:/Users/guldd/AppData/Local/Temp/UnrealShaderWorkingDir/1E02DE3A4426E98619D79AB8A485985A/'.
[2022.04.08-18.44.13:650][  0]LogTemp: Display: Loaded TP AllDesktopTargetPlatform
[2022.04.08-18.44.13:662][  0]LogTemp: Display: Loaded TP MacClientTargetPlatform
[2022.04.08-18.44.13:672][  0]LogTemp: Display: Loaded TP MacNoEditorTargetPlatform
[2022.04.08-18.44.13:684][  0]LogTemp: Display: Loaded TP MacServerTargetPlatform
[2022.04.08-18.44.13:696][  0]LogTemp: Display: Loaded TP MacTargetPlatform
[2022.04.08-18.44.13:707][  0]LogTemp: Display: Loaded TP WindowsClientTargetPlatform
[2022.04.08-18.44.13:718][  0]LogTemp: Display: Loaded TP WindowsNoEditorTargetPlatform
[2022.04.08-18.44.13:730][  0]LogTemp: Display: Loaded TP WindowsServerTargetPlatform
[2022.04.08-18.44.13:735][  0]LogTemp: Display: Loaded TP WindowsTargetPlatform
[2022.04.08-18.44.13:745][  0]LogTemp: Display: Loaded TP Android_ASTCTargetPlatform
[2022.04.08-18.44.13:755][  0]LogTemp: Display: Loaded TP Android_ATCTargetPlatform
[2022.04.08-18.44.13:765][  0]LogTemp: Display: Loaded TP Android_DXTTargetPlatform
[2022.04.08-18.44.13:775][  0]LogTemp: Display: Loaded TP Android_ETC1aTargetPlatform
[2022.04.08-18.44.13:785][  0]LogTemp: Display: Loaded TP Android_ETC1TargetPlatform
[2022.04.08-18.44.13:795][  0]LogTemp: Display: Loaded TP Android_ETC2TargetPlatform
[2022.04.08-18.44.13:815][  0]LogTemp: Display: Loaded TP Android_MultiTargetPlatform
[2022.04.08-18.44.13:815][  0]LogTemp: Display: Loaded TP Android_PVRTCTargetPlatform
[2022.04.08-18.44.13:826][  0]LogTemp: Display: Loaded TP AndroidTargetPlatform
[2022.04.08-18.44.13:827][  0]LogTemp: Display: Loaded TP HTML5TargetPlatform
[2022.04.08-18.44.13:862][  0]LogTemp: Display: Loaded TP IOSTargetPlatform
[2022.04.08-18.44.13:872][  0]LogTemp: Display: Loaded TP TVOSTargetPlatform
[2022.04.08-18.44.13:882][  0]LogTemp: Display: Loaded TP LinuxClientTargetPlatform
[2022.04.08-18.44.13:892][  0]LogTemp: Display: Loaded TP LinuxNoEditorTargetPlatform
[2022.04.08-18.44.13:901][  0]LogTemp: Display: Loaded TP LinuxServerTargetPlatform
[2022.04.08-18.44.13:912][  0]LogTemp: Display: Loaded TP LinuxTargetPlatform
[2022.04.08-18.44.13:912][  0]LogTargetPlatformManager: Display: Building Assets For Windows
[2022.04.08-18.44.14:012][  0]LogXGEController: Cleaning working directory: C:/Users/guldd/AppData/Local/Temp/UnrealXGEWorkingDir/
[2022.04.08-18.44.14:012][  0]LogXGEController: Cannot use XGE Controller as Incredibuild is not installed on this machine.
[2022.04.08-18.44.14:012][  0]LogShaderCompilers: Cannot use XGE Shader Compiler as Incredibuild is not installed on this machine.
[2022.04.08-18.44.14:012][  0]LogShaderCompilers: Display: Using Local Shader Compiler.
[2022.04.08-18.44.14:580][  0]LogDerivedDataCache: Display: Max Cache Size: 512 MB
[2022.04.08-18.44.14:635][  0]LogDerivedDataCache: Loaded boot cache 0.05s 76MB C:/Users/guldd/AppData/Local/UnrealEngine/4.19/DerivedDataCache/Boot.ddc.
[2022.04.08-18.44.14:635][  0]LogDerivedDataCache: Display: Loaded Boot cache: C:/Users/guldd/AppData/Local/UnrealEngine/4.19/DerivedDataCache/Boot.ddc
[2022.04.08-18.44.14:635][  0]LogDerivedDataCache: FDerivedDataBackendGraph:  Pak pak cache file ../../../../UE4CPP/ArenaBattle/DerivedDataCache/DDC.ddp not found, will not use a pak cache.
[2022.04.08-18.44.14:635][  0]LogDerivedDataCache: Unable to find inner node Pak for hierarchical cache Hierarchy.
[2022.04.08-18.44.14:635][  0]LogDerivedDataCache: FDerivedDataBackendGraph:  CompressedPak pak cache file ../../../../UE4CPP/ArenaBattle/DerivedDataCache/Compressed.ddp not found, will not use a pak cache.
[2022.04.08-18.44.14:635][  0]LogDerivedDataCache: Unable to find inner node CompressedPak for hierarchical cache Hierarchy.
[2022.04.08-18.44.14:646][  0]LogDerivedDataCache: Display: Pak cache opened for reading ../../../Engine/DerivedDataCache/Compressed.ddp.
[2022.04.08-18.44.14:659][  0]LogDerivedDataCache: Using Local data cache path C:/Users/guldd/AppData/Local/UnrealEngine/Common/DerivedDataCache: Writable
[2022.04.08-18.44.14:659][  0]LogDerivedDataCache: Shared data cache path not found in *engine.ini, will not use an Shared cache.
[2022.04.08-18.44.14:659][  0]LogDerivedDataCache: Unable to find inner node Shared for hierarchical cache Hierarchy.
[2022.04.08-18.44.14:668][  0]LogMaterial: Verifying Global Shaders for PCD3D_SM5
[2022.04.08-18.44.14:668][  0]LogSlate: Using Freetype 2.6.0
[2022.04.08-18.44.14:669][  0]LogSlate: SlateFontCache - WITH_FREETYPE: 1, WITH_HARFBUZZ: 1
[2022.04.08-18.44.14:669][  0]LogSlate: SlateFontCache - WITH_FREETYPE: 1, WITH_HARFBUZZ: 1
[2022.04.08-18.44.14:785][  0]LogAssetRegistry: FAssetRegistry took 0.0258 seconds to start up
[2022.04.08-18.44.15:022][  0]LogInit: Selected Device Profile: [Windows]
[2022.04.08-18.44.15:143][  0]LogSimplygon: Simplygon DLL not present - disabling.
[2022.04.08-18.44.15:145][  0]LogMeshReduction: Using SimplygonSwarm for distributed automatic mesh merging
[2022.04.08-18.44.15:145][  0]LogMeshReduction: Using QuadricMeshReduction for automatic static mesh reduction
[2022.04.08-18.44.15:145][  0]LogMeshReduction: No automatic skeletal mesh reduction module available
[2022.04.08-18.44.15:145][  0]LogMeshReduction: No automatic mesh merging module available
[2022.04.08-18.44.15:145][  0]LogMeshMerging: No automatic mesh merging module available
[2022.04.08-18.44.15:172][  0]LogNetVersion: ArenaBattle , NetCL: 3944462, EngineNetVer: 2, GameNetVer: 0 (Checksum: 3555152549)
[2022.04.08-18.44.15:491][  0]LogPackageLocalizationCache: Processed 9 localized package path(s) for 2 prioritized culture(s) in 0.047029 seconds
[2022.04.08-18.44.15:495][  0]LogUObjectArray: 36728 objects as part of root set at end of initial load.
[2022.04.08-18.44.15:495][  0]LogUObjectAllocator: 7314312 out of 0 bytes used by permanent object pool.
[2022.04.08-18.44.15:495][  0]LogUObjectArray: CloseDisregardForGC: 0/0 objects in disregard for GC pool
[2022.04.08-18.44.16:883][  0]LogTcpMessaging: Initializing TcpMessaging bridge
[2022.04.08-18.44.16:911][  0]LogUdpMessaging: Initializing bridge on interface 0.0.0.0:0 to multicast group 230.0.0.1:6666.
[2022.04.08-18.44.17:158][  0]LogSkeletalMesh: Skeletal Mesh found in DDC [0.200500ms] /Game/InfinityBladeWarriors/Character/CompleteCharacters/SK_CharM_Cardboard.SK_CharM_Cardboard
[2022.04.08-18.44.17:168][  0]LogUObjectGlobals: Created PersistentFrame Addr=0x000002a1bc6f8aa8, Size=20, Default__WarriorAnimBlueprint_C Function /Game/Animations/WarriorAnimBlueprint.WarriorAnimBlueprint_C:ExecuteUbergraph_WarriorAnimBlueprint
[2022.04.08-18.44.17:175][  0]LogUObjectGlobals: Destroyed PersistentFrame Addr=0x000002a1bc6f8aa8, Size=20
[2022.04.08-18.44.17:175][  0]LogUObjectGlobals: Created PersistentFrame Addr=0x000002a1bc728a78, Size=20, Default__WarriorAnimBlueprint_C Function /Engine/Transient.REINST_WarriorAnimBlueprint_C_0:ExecuteUbergraph_WarriorAnimBlueprint
[2022.04.08-18.44.17:180][  0]LogUObjectGlobals: Created PersistentFrame Addr=0x000002a1bd097688, Size=20, Default__WarriorAnimBlueprint_C Function /Game/Animations/WarriorAnimBlueprint.WarriorAnimBlueprint_C:ExecuteUbergraph_WarriorAnimBlueprint
[2022.04.08-18.44.17:196][  0]LogSkeletalMesh: Skeletal Mesh found in DDC [0.055900ms] /Game/InfinityBladeWeapons/Weapons/Blade/Swords/Blade_BlackKnight/SK_Blade_BlackKnight.SK_Blade_BlackKnight
[2022.04.08-18.44.17:197][  0]LogUObjectGlobals: Warning: 'DataTable /Game/InfinityBladeWeapons/Weapons/Blade/Swords/Blade_BlackKnight/SK_Blade_BlackKnight.SK_Blade_BlackKnight' 오브젝트를 찾는 데 실패했습니다.
[2022.04.08-18.44.17:197][  0]Error: CDO Constructor (ABGameInstance): Failed to find /Game/InfinityBladeWeapons/Weapons/Blade/Swords/Blade_BlackKnight/SK_Blade_BlackKnight.SK_Blade_BlackKnight

[2022.04.08-18.44.17:197][  0]ArenaBattle: Error: UABGameInstance::UABGameInstance(10) ASSERTION : 'DT_ABCHARACTER.Succeeded()'
[2022.04.08-18.44.17:222][  0]LogUObjectBase: Warning: -------------- Default Property warnings and errors:
[2022.04.08-18.44.17:222][  0]LogUObjectBase: Warning: Error: CDO Constructor (ABGameInstance): Failed to find /Game/InfinityBladeWeapons/Weapons/Blade/Swords/Blade_BlackKnight/SK_Blade_BlackKnight.SK_Blade_BlackKnight

[2022.04.08-18.44.21:505][  0]LogWindowsTextInputMethodSystem: Display: IME system now activated using TSF (Microsoft 입력기).
[2022.04.08-18.44.21:637][  0]SourceControl: 소스 콘트롤이 꺼졌습니다.
[2022.04.08-18.44.21:637][  0]SourceControl: 소스 콘트롤이 꺼졌습니다.
[2022.04.08-18.44.21:654][  0]SourceControl: 소스 콘트롤이 꺼졌습니다.
[2022.04.08-18.44.21:671][  0]SourceControl: 소스 콘트롤이 꺼졌습니다.
[2022.04.08-18.44.22:129][  0]LogAndroidPermission: UAndroidPermissionCallbackProxy::GetInstance
[2022.04.08-18.44.22:361][  0]LogOcInput: OculusInput pre-init called
[2022.04.08-18.44.22:454][  0]LogEngine: Initializing Engine...
[2022.04.08-18.44.22:455][  0]LogHMD: Failed to initialize OpenVR with code 110
[2022.04.08-18.44.22:457][  0]LogStats: UGameplayTagsManager::ConstructGameplayTagTree: Construct from data asset -  0.000 s
[2022.04.08-18.44.22:457][  0]LogStats: UGameplayTagsManager::ConstructGameplayTagTree: GameplayTagTreeChangedEvent.Broadcast -  0.000 s
[2022.04.08-18.44.22:626][  0]LogAIModule: Creating AISystem for world Untitled
[2022.04.08-18.44.22:689][  0]LogInit: XAudio2 using '스피커(High Definition Audio Device)' : 2 channels at 48 kHz using 16 bits per sample (channel mask 0x3)
[2022.04.08-18.44.22:738][  0]LogInit: FAudioDevice initialized.
[2022.04.08-18.44.22:782][  0]LogDerivedDataCache: Saved boot cache 0.04s 76MB C:/Users/guldd/AppData/Local/UnrealEngine/4.19/DerivedDataCache/Boot.ddc.
[2022.04.08-18.44.22:791][  0]LogInit: Texture streaming: Enabled
[2022.04.08-18.44.22:808][  0]LogEngineSessionManager: EngineSessionManager initialized
[2022.04.08-18.44.22:808][  0]LogEngineSessionManager: EngineSessionManager sent abnormal shutdown report. Type=Crashed, SessionId={0B441E49-4C30-DEB0-7DC4-6CA8EE999B7F}
[2022.04.08-18.44.22:818][  0]LogInit: Transaction tracking system initialized
[2022.04.08-18.44.22:837][  0]BlueprintLog: New page: 에디터 로드
[2022.04.08-18.44.22:900][  0]LocalizationService: 현지화 서비스가 비활성화되었습니다.
[2022.04.08-18.44.22:983][  0]LogConsoleResponse: Display: 
[2022.04.08-18.44.23:097][  0]LogCook: Display: Max memory allowance for cook 16384mb min free memory 0mb
[2022.04.08-18.44.23:097][  0]LogCook: Display: Mobile HDR setting 1
[2022.04.08-18.44.23:097][  0]LogGameplayTags: Display: UGameplayTagsManager::DoneAddingNativeTags. DelegateIsBound: 0
[2022.04.08-18.44.23:097][  0]LogStats: UGameplayTagsManager::ConstructGameplayTagTree: Construct from data asset -  0.000 s
[2022.04.08-18.44.23:097][  0]LogStats: UGameplayTagsManager::ConstructGameplayTagTree: GameplayTagTreeChangedEvent.Broadcast -  0.000 s
[2022.04.08-18.44.23:429][  0]LogFileCache: Scanning file cache for directory 'D:/UE4CPP/ArenaBattle/Content/' took 0.03s
[2022.04.08-18.44.23:429][  0]SourceControl: 소스 콘트롤이 꺼졌습니다.
[2022.04.08-18.44.23:429][  0]Cmd: MAP LOAD FILE="../../../../UE4CPP/ArenaBattle/Content/Maps/Step2.umap" TEMPLATE=0 SHOWPROGRESS=1 FEATURELEVEL=3
[2022.04.08-18.44.23:429][  0]LightingResults: New page: 라이팅 빌드
[2022.04.08-18.44.23:431][  0]MapCheck: New page: 맵 체크
[2022.04.08-18.44.23:431][  0]LightingResults: New page: 라이팅 빌드
[2022.04.08-18.44.23:442][  0]LogUObjectGlobals: Destroyed PersistentFrame Addr=0x000002a1bc728a78, Size=20
[2022.04.08-18.44.23:617][  0]LogAIModule: Creating AISystem for world Step2
[2022.04.08-18.44.23:622][  0]LogEditorServer: Finished looking for orphan Actors (0.000 secs)
[2022.04.08-18.44.23:631][  0]Cmd: MAP CHECKDEP NOCLEARLOG
[2022.04.08-18.44.23:683][  0]MapCheck: 맵 체크 완료: 오류 0 회, 경고 0 회, 소요 시간 51.866ms.
[2022.04.08-18.44.23:683][  0]LogFileHelpers: Loading map 'Step2' took 0.254
[2022.04.08-18.44.23:758][  0]LogWindowsTextInputMethodSystem: Display: IME system now activated using TSF (Microsoft 입력기).
[2022.04.08-18.44.23:817][  0]LogCollectionManager: Loaded 0 collections in 0.001231 seconds
[2022.04.08-18.44.23:856][  0]LogFileCache: Scanning file cache for directory 'D:/UE4CPP/ArenaBattle/Saved/Collections/' took 0.01s
[2022.04.08-18.44.23:856][  0]LogFileCache: Scanning file cache for directory 'D:/UE4CPP/ArenaBattle/Content/Developers/guldd/Collections/' took 0.01s
[2022.04.08-18.44.23:856][  0]LogFileCache: Scanning file cache for directory 'D:/UE4CPP/ArenaBattle/Content/Collections/' took 0.01s
[2022.04.08-18.44.23:856][  0]LogCollectionManager: Rebuilt the GUID cache for 0 collections in 0.000000 seconds
[2022.04.08-18.44.23:864][  0]LogContentBrowser: Native class hierarchy populated in 0.0077 seconds. Added 2460 classes and 560 folders.
[2022.04.08-18.44.23:870][  0]LogContentBrowser: Native class hierarchy updated for 'WidgetCarousel' in 0.0006 seconds. Added 0 classes and 0 folders.
[2022.04.08-18.44.23:910][  0]LogContentBrowser: Native class hierarchy updated for 'AddContentDialog' in 0.0006 seconds. Added 0 classes and 0 folders.
[2022.04.08-18.44.23:915][  0]LogContentBrowser: Native class hierarchy updated for 'SceneOutliner' in 0.0006 seconds. Added 1 classes and 2 folders.
[2022.04.08-18.44.24:002][  0]LogContentBrowser: Native class hierarchy updated for 'HierarchicalLODOutliner' in 0.0008 seconds. Added 0 classes and 0 folders.
[2022.04.08-18.44.24:002][  0]LogLoad: (Engine Initialization) Total time: 14.49 seconds
[2022.04.08-18.44.24:002][  0]LogLoad: (Engine Initialization) Total Blueprint compile time: 0.00 seconds
[2022.04.08-18.44.24:030][  0]LogContentStreaming: Texture pool size now 1000 MB
[2022.04.08-18.44.24:032][  0]LogSlate: Took 0.000251 seconds to synchronously load lazily loaded font '../../../Engine/Content/Slate/Fonts/Roboto-Regular.ttf' (155K)
[2022.04.08-18.44.24:034][  0]LogSlate: Took 0.001695 seconds to synchronously load lazily loaded font '../../../Engine/Content/Editor/Slate/Fonts/NanumGothic.ttf' (4243K)
[2022.04.08-18.44.24:036][  0]LogSlate: Took 0.002025 seconds to synchronously load lazily loaded font '../../../Engine/Content/Editor/Slate/Fonts/NanumGothicBold.ttf' (4188K)
[2022.04.08-18.44.24:037][  0]LogSlate: Took 0.000206 seconds to synchronously load lazily loaded font '../../../Engine/Content/Slate/Fonts/Roboto-Bold.ttf' (160K)
[2022.04.08-18.44.24:040][  0]LogSlate: Took 0.000190 seconds to synchronously load lazily loaded font '../../../Engine/Content/Editor/Slate/Fonts/FontAwesome.ttf' (139K)
[2022.04.08-18.44.24:152][  1]LogRenderer: Reallocating scene render targets to support 768x360 Format 10 NumSamples 1 (Frame:1).
[2022.04.08-18.44.24:214][  1]LogAssetRegistry: Asset discovery search completed in 9.4524 seconds
[2022.04.08-18.44.24:217][  1]LogCollectionManager: Rebuilt the object cache for 0 collections in 0.000000 seconds (found 0 objects)
[2022.04.08-18.44.24:217][  1]LogCollectionManager: Fixed up redirectors for 0 collections in 0.000056 seconds (updated 0 objects)
[2022.04.08-18.44.24:277][  2]ArenaBattle: Warning: AFountain::PostInitializeComponents(78)
[2022.04.08-18.44.24:306][  3]ArenaBattle: Warning: AABPawn::PostInitializeComponents(66)
[2022.04.08-18.44.26:699][198]LogRenderer: Reallocating scene render targets to support 768x796 Format 10 NumSamples 1 (Frame:200).
[2022.04.08-18.44.34:007][468]LogSlate: FSceneViewport::OnFocusLost() reason 0
[2022.04.08-18.45.15:153][335]LogHotReload: New module detected: UE4Editor-ArenaBattle-7964.dll
[2022.04.08-18.45.16:167][339]LogHotReload: Starting Hot-Reload from IDE
[2022.04.08-18.45.16:171][339]LogSlate: Took 0.000315 seconds to synchronously load lazily loaded font '../../../Engine/Content/Slate/Fonts/Roboto-Light.ttf' (167K)
[2022.04.08-18.45.16:575][339]LogClass: ABCharacterData HotReload.
[2022.04.08-18.45.16:578][339]LogHotReload: Re-instancing ABCharacter after hot-reload.
[2022.04.08-18.45.16:680][339]LogHotReload: Re-instancing ABGameInstance after hot-reload.
[2022.04.08-18.45.16:716][339]LogHotReload: Re-instancing ABPawn after hot-reload.
[2022.04.08-18.45.16:785][339]LogContentBrowser: Native class hierarchy updated for 'ArenaBattle' in 0.0007 seconds. Added 8 classes and 2 folders.
[2022.04.08-18.45.16:787][339]Display: HotReload successful (3 functions remapped  1 scriptstructs remapped)
[2022.04.08-18.45.16:930][339]LogContentBrowser: Native class hierarchy populated in 0.0080 seconds. Added 2461 classes and 562 folders.
[2022.04.08-18.45.16:934][339]Display: HotReload took  0.8s.
[2022.04.08-18.45.19:563][492]LogTemp: Repeating last play command: 선택된 뷰포트
[2022.04.08-18.45.19:574][492]LogPlayLevel: PlayLevel: No blueprints needed recompiling
[2022.04.08-18.45.19:575][492]PIE: New page: PIE 세션: Step2 (2022. 4. 9. 오후 12:45:19)
[2022.04.08-18.45.19:575][492]LogPlayLevel: Creating play world package: /Game/Maps/UEDPIE_0_Step2
[2022.04.08-18.45.19:577][492]LogPlayLevel: PIE: StaticDuplicateObject took: (0.002572s)
[2022.04.08-18.45.19:578][492]LogAIModule: Creating AISystem for world Step2
[2022.04.08-18.45.19:578][492]LogPlayLevel: PIE: World Init took: (0.000644s)
[2022.04.08-18.45.19:578][492]LogPlayLevel: PIE: Created PIE world by copying editor world from /Game/Maps/Step2.Step2 to /Game/Maps/UEDPIE_0_Step2.Step2 (0.003368s)
[2022.04.08-18.45.19:585][492]ArenaBattle: Warning: UABGameInstance::Init(20)
[2022.04.08-18.45.19:585][492]ArenaBattle: Warning: UABGameInstance::Init(21) DropExp of level 20 ABCharacter : 105
[2022.04.08-18.45.19:636][492]LogInit: XAudio2 using '스피커(High Definition Audio Device)' : 2 channels at 48 kHz using 16 bits per sample (channel mask 0x3)
[2022.04.08-18.45.19:655][492]LogInit: FAudioDevice initialized.
[2022.04.08-18.45.19:698][492]LogLoad: Game class is 'ABGameMode'
[2022.04.08-18.45.19:700][492]LogWorld: Bringing World /Game/Maps/UEDPIE_0_Step2.Step2 up for play (max tick rate 0) at 2022.04.09-03.45.19
[2022.04.08-18.45.19:700][492]LogWorld: Bringing up level for play took: 0.001482
[2022.04.08-18.45.19:701][492]ArenaBattle: Warning: AABPlayerController::PostInitializeComponents(9)
[2022.04.08-18.45.19:701][492]ArenaBattle: Warning: AABGameMode::PostLogin(25) PostLogin Begin
[2022.04.08-18.45.19:757][492]LogContentBrowser: Native class hierarchy updated for 'MovieSceneCapture' in 0.0006 seconds. Added 11 classes and 0 folders.
[2022.04.08-18.45.19:758][492]ArenaBattle: Warning: AABPlayerController::Possess(15)
[2022.04.08-18.45.19:758][492]ArenaBattle: Warning: AABGameMode::PostLogin(27) PostLogin End
[2022.04.08-18.45.19:758][492]PIE: /Game/Maps/UEDPIE_0_Step2 에 대한 에디터에서 플레이 시작 시간: 0.646
[2022.04.08-18.45.23:996][997]ArenaBattle: Warning: AABCharacter::PostInitializeComponents::<lambda_e0398abac6bbd79b4bf49d8eb0badefe>::operator ()(138) OnNextAttackCheck
[2022.04.08-18.45.24:075][  2]ArenaBattle: Warning: AABCharacter::AttackCheck(334) Hit Actor Name : ABCharacter_2
[2022.04.08-18.45.24:075][  2]ArenaBattle: Warning: AABCharacter::TakeDamage(345) Actor : ABCharacter_2 took Damage : 50.000000
[2022.04.08-18.45.26:194][246]LogSlate: FSceneViewport::OnFocusLost() reason 2
[2022.04.08-18.45.27:061][345]LogSlate: Took 0.038639 seconds to synchronously load lazily loaded font '../../../Engine/Content/Slate/Fonts/DroidSansMono.ttf' (77K)
[2022.04.08-18.45.27:130][345]LogSlate: Took 0.037078 seconds to synchronously load lazily loaded font '../../../Engine/Content/Editor/Slate/Fonts/NanumGothicExtraBold.ttf' (4074K)
[2022.04.08-18.45.31:081][816]ArenaBattle: Warning: AABCharacter::PostInitializeComponents::<lambda_e0398abac6bbd79b4bf49d8eb0badefe>::operator ()(138) OnNextAttackCheck
[2022.04.08-18.45.33:272][ 79]ArenaBattle: Warning: AABCharacter::PostInitializeComponents::<lambda_e0398abac6bbd79b4bf49d8eb0badefe>::operator ()(138) OnNextAttackCheck
[2022.04.08-18.46.23:227][743]LogEditorViewport: Clicking on Actor (context menu): StaticMeshActor (SM_SQUARE)
[2022.04.08-18.46.23:425][743]LogSlate: FSceneViewport::OnFocusLost() reason 2
[2022.04.08-18.46.25:483][975]LogEditorViewport: Clicking on Actor (LMB): StaticMeshActor (SM_SQUARE)
[2022.04.08-18.46.26:806][132]LogEditorViewport: Clicking on Actor (LMB): BP_Sky_Sphere_C (Sky Sphere)
[2022.04.08-18.59.38:389][108]LogHotReload: New module detected: UE4Editor-ArenaBattle-279.dll
[2022.04.08-18.59.39:409][112]LogHotReload: Starting Hot-Reload from IDE
[2022.04.08-18.59.39:826][112]LogClass: ABCharacterData HotReload.
[2022.04.08-18.59.39:830][112]LogHotReload: Re-instancing ABCharacter after hot-reload.
[2022.04.08-18.59.39:938][112]LogHotReload: Re-instancing ABPawn after hot-reload.
[2022.04.08-18.59.40:012][112]LogContentBrowser: Native class hierarchy updated for 'ArenaBattle' in 0.0007 seconds. Added 8 classes and 2 folders.
[2022.04.08-18.59.40:014][112]Display: HotReload successful (3 functions remapped  1 scriptstructs remapped)
[2022.04.08-18.59.40:044][112]LogContentBrowser: Native class hierarchy populated in 0.0080 seconds. Added 2461 classes and 562 folders.
[2022.04.08-18.59.40:049][112]Display: HotReload took  0.6s.
[2022.04.08-18.59.45:978][421]LogSlate: FSceneViewport::OnFocusLost() reason 0
[2022.04.08-18.59.46:070][432]LogTemp: Repeating last play command: 선택된 뷰포트
[2022.04.08-18.59.46:082][432]LogPlayLevel: PlayLevel: No blueprints needed recompiling
[2022.04.08-18.59.46:082][432]PIE: New page: PIE 세션: Step2 (2022. 4. 9. 오후 12:59:46)
[2022.04.08-18.59.46:082][432]LogPlayLevel: Creating play world package: /Game/Maps/UEDPIE_0_Step2
[2022.04.08-18.59.46:084][432]LogPlayLevel: PIE: StaticDuplicateObject took: (0.001861s)
[2022.04.08-18.59.46:085][432]LogAIModule: Creating AISystem for world Step2
[2022.04.08-18.59.46:085][432]LogPlayLevel: PIE: World Init took: (0.000783s)
[2022.04.08-18.59.46:085][432]LogPlayLevel: PIE: Created PIE world by copying editor world from /Game/Maps/Step2.Step2 to /Game/Maps/UEDPIE_0_Step2.Step2 (0.002982s)
[2022.04.08-18.59.46:092][432]ArenaBattle: Warning: UABGameInstance::Init(18)
[2022.04.08-18.59.46:092][432]ArenaBattle: Warning: UABGameInstance::Init(19) DropExp of level 20 ABCharacter : 105
[2022.04.08-18.59.46:144][432]LogInit: XAudio2 using '스피커(High Definition Audio Device)' : 2 channels at 48 kHz using 16 bits per sample (channel mask 0x3)
[2022.04.08-18.59.46:165][432]LogInit: FAudioDevice initialized.
[2022.04.08-18.59.46:196][432]LogLoad: Game class is 'ABGameMode'
[2022.04.08-18.59.46:197][432]LogWorld: Bringing World /Game/Maps/UEDPIE_0_Step2.Step2 up for play (max tick rate 0) at 2022.04.09-03.59.46
[2022.04.08-18.59.46:198][432]LogWorld: Bringing up level for play took: 0.001202
[2022.04.08-18.59.46:198][432]ArenaBattle: Warning: AABPlayerController::PostInitializeComponents(9)
[2022.04.08-18.59.46:198][432]ArenaBattle: Warning: AABGameMode::PostLogin(25) PostLogin Begin
[2022.04.08-18.59.46:199][432]ArenaBattle: Warning: AABPlayerController::Possess(15)
[2022.04.08-18.59.46:199][432]ArenaBattle: Warning: AABGameMode::PostLogin(27) PostLogin End
[2022.04.08-18.59.46:199][432]PIE: /Game/Maps/UEDPIE_0_Step2 에 대한 에디터에서 플레이 시작 시간: 1.086
[2022.04.08-18.59.48:569][714]ArenaBattle: Warning: AABCharacter::PostInitializeComponents::<lambda_e0398abac6bbd79b4bf49d8eb0badefe>::operator ()(138) OnNextAttackCheck
[2022.04.08-18.59.48:610][719]ArenaBattle: Warning: AABCharacter::AttackCheck(334) Hit Actor Name : ABCharacter_2
[2022.04.08-18.59.48:610][719]ArenaBattle: Warning: AABCharacter::TakeDamage(345) Actor : ABCharacter_2 took Damage : 50.000000
[2022.04.08-18.59.54:528][429]ArenaBattle: Warning: AABCharacter::PostInitializeComponents::<lambda_e0398abac6bbd79b4bf49d8eb0badefe>::operator ()(138) OnNextAttackCheck
[2022.04.08-18.59.55:593][557]ArenaBattle: Warning: AABCharacter::PostInitializeComponents::<lambda_e0398abac6bbd79b4bf49d8eb0badefe>::operator ()(138) OnNextAttackCheck
[2022.04.08-19.00.37:145][385]LogSlate: FSceneViewport::OnFocusLost() reason 0
[2022.04.08-19.00.37:333][397]Cmd: OBJ SAVEPACKAGE PACKAGE="/Game/Maps/Step2" FILE="../../../../UE4CPP/ArenaBattle/Content/Maps/Step2.umap" SILENT=true AUTOSAVING=false KEEPDIRTY=false
[2022.04.08-19.00.37:574][397]LogSavePackage: Save=49.88ms
[2022.04.08-19.00.37:574][397]LogSavePackage: Moving '../../../../UE4CPP/ArenaBattle/Saved/Step263EBC01B42898F1DEAA6C999697F858E.tmp' to '../../../../UE4CPP/ArenaBattle/Content/Maps/Step2.umap'
[2022.04.08-19.00.37:575][397]LogSavePackage: Display: Finished SavePackage ../../../../UE4CPP/ArenaBattle/Content/Maps/Step2.umap
[2022.04.08-19.00.37:623][397]Cmd: OBJ SAVEPACKAGE PACKAGE="/Game/Maps/Step2_BuiltData" FILE="../../../../UE4CPP/ArenaBattle/Content/Maps/Step2_BuiltData.uasset" SILENT=true
[2022.04.08-19.00.37:651][397]LogSavePackage: Save=23.57ms
[2022.04.08-19.00.37:651][397]LogSavePackage: Moving '../../../../UE4CPP/ArenaBattle/Saved/Step2_BuiltData05AD80E74EE7BD222A939E977EFCC62C.tmp' to '../../../../UE4CPP/ArenaBattle/Content/Maps/Step2_BuiltData.uasset'
[2022.04.08-19.00.37:652][397]LogSavePackage: Display: Finished SavePackage ../../../../UE4CPP/ArenaBattle/Content/Maps/Step2_BuiltData.uasset
[2022.04.08-19.00.39:653][637]LogSlate: FSceneViewport::OnFocusLost() reason 0
[2022.04.08-19.00.39:929][650]LogSlate: Window 'ArenaBattle - 언리얼 에디터' being destroyed
[2022.04.08-19.00.39:932][650]LogWindowsTextInputMethodSystem: Display: IME system now activated using TSF (Microsoft 입력기).
[2022.04.08-19.00.40:168][651]Cmd: QUIT_EDITOR
[2022.04.08-19.00.41:090][651]LogSlate: Slate User Destroyed.  User Index 0, Is Virtual User: 0
[2022.04.08-19.00.41:090][651]LogExit: Preparing to exit.
[2022.04.08-19.00.41:718][651]LogDirectoryWatcher: A directory notification for 'D:/UE4CPP/ArenaBattle/Content/' was aborted.
[2022.04.08-19.00.41:833][651]LogUObjectGlobals: Destroyed PersistentFrame Addr=0x000002a1bd097688, Size=20
[2022.04.08-19.00.41:857][651]LogExit: Editor shut down
[2022.04.08-19.00.41:860][651]LogExit: Transaction tracking system shut down
[2022.04.08-19.00.42:034][651]LogDirectoryWatcher: A directory notification for '../../../Engine/Content/' was aborted.
[2022.04.08-19.00.42:034][651]LogDirectoryWatcher: A directory notification for '../../../../UE4CPP/ArenaBattle/Content/' was aborted.
[2022.04.08-19.00.42:034][651]LogDirectoryWatcher: A directory notification for '../../Plugins/2D/Paper2D/Content/' was aborted.
[2022.04.08-19.00.42:035][651]LogDirectoryWatcher: A directory notification for '../../Plugins/Enterprise/DatasmithContent/Content/' was aborted.
[2022.04.08-19.00.42:035][651]LogDirectoryWatcher: A directory notification for '../../Plugins/Media/MediaCompositing/Content/' was aborted.
[2022.04.08-19.00.42:035][651]LogDirectoryWatcher: A directory notification for '../../Plugins/Runtime/AppleARKit/Content/' was aborted.
[2022.04.08-19.00.42:035][651]LogDirectoryWatcher: A directory notification for '../../Plugins/Runtime/Oculus/OculusVR/Content/' was aborted.
[2022.04.08-19.00.42:035][651]LogDirectoryWatcher: A directory notification for '../../Plugins/Runtime/Steam/SteamVR/Content/' was aborted.
[2022.04.08-19.00.43:001][651]LogExit: Object subsystem successfully closed.
[2022.04.08-19.00.43:047][651]LogShaderCompilers: Display: Shaders left to compile 0
[2022.04.08-19.00.43:069][651]LogD3D11RHI: Shutdown
[2022.04.08-19.00.43:069][651]LogD3D11RHI: CleanupD3DDevice
[2022.04.08-19.00.43:103][651]LogD3D11RHI: ~FD3D11DynamicRHI
[2022.04.08-19.00.44:023][651]LogModuleManager: Shutting down and abandoning module ArenaBattle (580)
[2022.04.08-19.00.44:023][651]LogModuleManager: Shutting down and abandoning module MovieSceneCapture (579)
[2022.04.08-19.00.44:023][651]LogModuleManager: Shutting down and abandoning module HierarchicalLODOutliner (576)
[2022.04.08-19.00.44:024][651]LogModuleManager: Shutting down and abandoning module DesktopPlatform (574)
[2022.04.08-19.00.44:034][651]LogModuleManager: Shutting down and abandoning module SceneOutliner (572)
[2022.04.08-19.00.44:034][651]LogModuleManager: Shutting down and abandoning module AddContentDialog (570)
[2022.04.08-19.00.44:038][651]LogDirectoryWatcher: A directory notification for 'D:/UE_4.19/FeaturePacks/' was aborted.
[2022.04.08-19.00.44:039][651]LogModuleManager: Shutting down and abandoning module WidgetCarousel (569)
[2022.04.08-19.00.44:039][651]LogModuleManager: Shutting down and abandoning module EditorWidgets (566)
[2022.04.08-19.00.44:039][651]LogModuleManager: Shutting down and abandoning module CollectionManager (564)
[2022.04.08-19.00.44:045][651]LogDirectoryWatcher: A directory notification for 'D:/UE4CPP/ArenaBattle/Content/Collections/' was aborted.
[2022.04.08-19.00.44:045][651]LogDirectoryWatcher: A directory notification for 'D:/UE4CPP/ArenaBattle/Content/Developers/guldd/Collections/' was aborted.
[2022.04.08-19.00.44:045][651]LogDirectoryWatcher: A directory notification for 'D:/UE4CPP/ArenaBattle/Saved/Collections/' was aborted.
[2022.04.08-19.00.44:045][651]LogModuleManager: Shutting down and abandoning module StatsViewer (562)
[2022.04.08-19.00.44:060][651]LogModuleManager: Shutting down and abandoning module FoliageEdit (560)
[2022.04.08-19.00.44:060][651]LogModuleManager: Shutting down and abandoning module LandscapeEditor (558)
[2022.04.08-19.00.44:060][651]LogModuleManager: Shutting down and abandoning module MeshPaintMode (556)
[2022.04.08-19.00.44:060][651]LogModuleManager: Shutting down and abandoning module SceneDepthPickerMode (554)
[2022.04.08-19.00.44:060][651]LogModuleManager: Shutting down and abandoning module ActorPickerMode (552)
[2022.04.08-19.00.44:060][651]LogModuleManager: Shutting down and abandoning module GeometryMode (550)
[2022.04.08-19.00.44:060][651]LogModuleManager: Shutting down and abandoning module TextureAlignMode (548)
[2022.04.08-19.00.44:060][651]LogModuleManager: Shutting down and abandoning module BspMode (546)
[2022.04.08-19.00.44:060][651]LogModuleManager: Shutting down and abandoning module PIEPreviewDeviceProfileSelector (544)
[2022.04.08-19.00.44:060][651]LogModuleManager: Shutting down and abandoning module HardwareSurvey (542)
[2022.04.08-19.00.44:060][651]LogModuleManager: Shutting down and abandoning module SequenceRecorderSections (540)
[2022.04.08-19.00.44:060][651]LogModuleManager: Shutting down and abandoning module AutomationWorker (538)
[2022.04.08-19.00.44:060][651]LogModuleManager: Shutting down and abandoning module AudioCaptureEditor (536)
[2022.04.08-19.00.44:060][651]LogModuleManager: Shutting down and abandoning module SequenceRecorder (535)
[2022.04.08-19.00.44:088][651]LogModuleManager: Shutting down and abandoning module MatineeToLevelSequence (532)
[2022.04.08-19.00.44:088][651]LogModuleManager: Shutting down and abandoning module LevelSequenceEditor (530)
[2022.04.08-19.00.44:101][651]LogModuleManager: Shutting down and abandoning module PlacementMode (529)
[2022.04.08-19.00.44:101][651]LogModuleManager: Shutting down and abandoning module MaterialEditor (528)
[2022.04.08-19.00.44:142][651]LogModuleManager: Shutting down and abandoning module WmfMediaFactory (524)
[2022.04.08-19.00.44:142][651]LogModuleManager: Shutting down and abandoning module WmfMediaEditor (522)
[2022.04.08-19.00.44:142][651]LogModuleManager: Shutting down and abandoning module MediaPlayerEditor (520)
[2022.04.08-19.00.44:156][651]LogModuleManager: Shutting down and abandoning module OpenExrWrapper (518)
[2022.04.08-19.00.44:156][651]LogModuleManager: Shutting down and abandoning module ImgMediaFactory (516)
[2022.04.08-19.00.44:156][651]LogModuleManager: Shutting down and abandoning module ImgMediaEditor (514)
[2022.04.08-19.00.44:156][651]LogModuleManager: Shutting down and abandoning module AvfMediaFactory (512)
[2022.04.08-19.00.44:156][651]LogModuleManager: Shutting down and abandoning module AvfMediaEditor (510)
[2022.04.08-19.00.44:156][651]LogModuleManager: Shutting down and abandoning module AndroidMediaFactory (508)
[2022.04.08-19.00.44:156][651]LogModuleManager: Shutting down and abandoning module AndroidMediaEditor (506)
[2022.04.08-19.00.44:156][651]LogModuleManager: Shutting down and abandoning module CharacterAI (504)
[2022.04.08-19.00.44:156][651]LogModuleManager: Shutting down and abandoning module SmartSnapping (502)
[2022.04.08-19.00.44:156][651]LogModuleManager: Shutting down and abandoning module SessionServices (500)
[2022.04.08-19.00.44:156][651]LogModuleManager: Shutting down and abandoning module ViewportSnapping (498)
[2022.04.08-19.00.44:156][651]LogModuleManager: Shutting down and abandoning module ViewportInteraction (496)
[2022.04.08-19.00.44:156][651]LogModuleManager: Shutting down and abandoning module ClothPainter (494)
[2022.04.08-19.00.44:219][651]LogModuleManager: Shutting down and abandoning module SkeletalMeshEditor (493)
[2022.04.08-19.00.44:219][651]LogModuleManager: Shutting down and abandoning module LogVisualizer (490)
[2022.04.08-19.00.44:250][651]LogModuleManager: Shutting down and abandoning module IntroTutorials (488)
[2022.04.08-19.00.44:277][651]LogModuleManager: Shutting down and abandoning module GameProjectGeneration (487)
[2022.04.08-19.00.44:288][651]LogModuleManager: Shutting down and abandoning module IOSPlatformEditor (484)
[2022.04.08-19.00.44:288][651]LogModuleManager: Shutting down and abandoning module HTML5PlatformEditor (482)
[2022.04.08-19.00.44:288][651]LogModuleManager: Shutting down and abandoning module AndroidPlatformEditor (480)
[2022.04.08-19.00.44:288][651]LogModuleManager: Shutting down and abandoning module AndroidDeviceDetection (479)
[2022.04.08-19.00.44:461][651]LogModuleManager: Shutting down and abandoning module WindowsPlatformEditor (476)
[2022.04.08-19.00.44:461][651]LogModuleManager: Shutting down and abandoning module IOSRuntimeSettings (474)
[2022.04.08-19.00.44:461][651]LogModuleManager: Shutting down and abandoning module AndroidRuntimeSettings (472)
[2022.04.08-19.00.44:461][651]LogModuleManager: Shutting down and abandoning module InputBindingEditor (470)
[2022.04.08-19.00.44:480][651]LogModuleManager: Shutting down and abandoning module MergeActors (468)
[2022.04.08-19.00.44:494][651]LogModuleManager: Shutting down and abandoning module LocalizationDashboard (466)
[2022.04.08-19.00.44:501][651]LogModuleManager: Shutting down and abandoning module LocalizationService (465)
[2022.04.08-19.00.44:510][651]LogModuleManager: Shutting down and abandoning module HardwareTargeting (462)
[2022.04.08-19.00.44:510][651]LogModuleManager: Shutting down and abandoning module DeviceProfileEditor (460)
[2022.04.08-19.00.44:522][651]LogModuleManager: Shutting down and abandoning module UndoHistory (458)
[2022.04.08-19.00.44:522][651]LogModuleManager: Shutting down and abandoning module XmlParser (456)
[2022.04.08-19.00.44:522][651]LogModuleManager: Shutting down and abandoning module Blutility (454)
[2022.04.08-19.00.44:522][651]LogModuleManager: Shutting down and abandoning module ProjectSettingsViewer (452)
[2022.04.08-19.00.44:522][651]LogModuleManager: Shutting down and abandoning module ProjectTargetPlatformEditor (451)
[2022.04.08-19.00.44:522][651]LogModuleManager: Shutting down and abandoning module EditorSettingsViewer (448)
[2022.04.08-19.00.44:522][651]LogModuleManager: Shutting down and abandoning module SettingsEditor (446)
[2022.04.08-19.00.44:531][651]LogModuleManager: Shutting down and abandoning module ProjectLauncher (444)
[2022.04.08-19.00.44:542][651]LogModuleManager: Shutting down and abandoning module SessionFrontend (442)
[2022.04.08-19.00.44:565][651]LogModuleManager: Shutting down and abandoning module ProfilerClient (440)
[2022.04.08-19.00.44:565][651]LogModuleManager: Shutting down and abandoning module DeviceManager (438)
[2022.04.08-19.00.44:580][651]LogModuleManager: Shutting down and abandoning module TargetDeviceServices (437)
[2022.04.08-19.00.44:641][651]LogModuleManager: Shutting down and abandoning module AutomationController (434)
[2022.04.08-19.00.44:660][651]LogModuleManager: Shutting down and abandoning module AutomationWindow (432)
[2022.04.08-19.00.44:688][651]LogModuleManager: Shutting down and abandoning module Layers (430)
[2022.04.08-19.00.44:688][651]LogModuleManager: Shutting down and abandoning module ComponentVisualizers (428)
[2022.04.08-19.00.44:688][651]LogModuleManager: Shutting down and abandoning module DetailCustomizations (426)
[2022.04.08-19.00.44:695][651]LogModuleManager: Shutting down and abandoning module PackagesDialog (424)
[2022.04.08-19.00.44:695][651]LogModuleManager: Shutting down and abandoning module Persona (422)
[2022.04.08-19.00.44:695][651]LogModuleManager: Shutting down and abandoning module AdvancedPreviewScene (421)
[2022.04.08-19.00.44:695][651]LogModuleManager: Shutting down and abandoning module AnimGraph (419)
[2022.04.08-19.00.44:695][651]LogModuleManager: Shutting down and abandoning module Kismet (416)
[2022.04.08-19.00.44:705][651]LogModuleManager: Shutting down and abandoning module GraphEditor (414)
[2022.04.08-19.00.44:705][651]LogModuleManager: Shutting down and abandoning module ClassViewer (412)
[2022.04.08-19.00.44:705][651]LogModuleManager: Shutting down and abandoning module Toolbox (410)
[2022.04.08-19.00.44:705][651]LogModuleManager: Shutting down and abandoning module ModuleUI (408)
[2022.04.08-19.00.44:705][651]LogModuleManager: Shutting down and abandoning module MovieSceneTools (406)
[2022.04.08-19.00.44:727][651]LogModuleManager: Shutting down and abandoning module OutputLog (404)
[2022.04.08-19.00.44:727][651]LogModuleManager: Shutting down and abandoning module GammaUI (402)
[2022.04.08-19.00.44:745][651]LogModuleManager: Shutting down and abandoning module Documentation (400)
[2022.04.08-19.00.44:745][651]LogModuleManager: Shutting down and abandoning module MovieSceneTracks (398)
[2022.04.08-19.00.44:745][651]LogModuleManager: Shutting down and abandoning module MovieScene (396)
[2022.04.08-19.00.44:745][651]LogModuleManager: Shutting down and abandoning module StreamingPauseRendering (394)
[2022.04.08-19.00.44:745][651]LogModuleManager: Shutting down and abandoning module LauncherPlatform (392)
[2022.04.08-19.00.44:745][651]LogModuleManager: Shutting down and abandoning module AnalyticsET (390)
[2022.04.08-19.00.44:745][651]LogModuleManager: Shutting down and abandoning module PortalServices (388)
[2022.04.08-19.00.44:745][651]LogModuleManager: Shutting down and abandoning module PortalRpc (386)
[2022.04.08-19.00.44:745][651]LogModuleManager: Shutting down and abandoning module MessagingRpc (384)
[2022.04.08-19.00.44:745][651]LogModuleManager: Shutting down and abandoning module AIModule (382)
[2022.04.08-19.00.44:745][651]LogModuleManager: Shutting down and abandoning module GameplayDebugger (381)
[2022.04.08-19.00.44:745][651]LogModuleManager: Shutting down and abandoning module AITestSuite (379)
[2022.04.08-19.00.44:756][651]LogModuleManager: Shutting down and abandoning module ProfilerService (376)
[2022.04.08-19.00.44:758][651]LogModuleManager: Shutting down and abandoning module TaskGraph (374)
[2022.04.08-19.00.44:758][651]LogModuleManager: Shutting down and abandoning module SteamVRController (372)
[2022.04.08-19.00.44:758][651]LogModuleManager: Shutting down and abandoning module ProceduralMeshComponentEditor (370)
[2022.04.08-19.00.44:758][651]LogModuleManager: Shutting down and abandoning module ProceduralMeshComponent (368)
[2022.04.08-19.00.44:766][651]LogModuleManager: Shutting down and abandoning module OculusInput (366)
[2022.04.08-19.00.44:766][651]LogModuleManager: Shutting down and abandoning module MobilePatchingUtils (364)
[2022.04.08-19.00.44:766][651]LogModuleManager: Shutting down and abandoning module CustomMeshComponent (362)
[2022.04.08-19.00.44:766][651]LogModuleManager: Shutting down and abandoning module CableComponent (360)
[2022.04.08-19.00.44:766][651]LogModuleManager: Shutting down and abandoning module AudioCapture (358)
[2022.04.08-19.00.44:766][651]LogModuleManager: Shutting down and abandoning module ArchVisCharacter (356)
[2022.04.08-19.00.44:766][651]LogModuleManager: Shutting down and abandoning module AndroidPermission (354)
[2022.04.08-19.00.44:766][651]LogModuleManager: Shutting down and abandoning module NUTUnrealEngine4 (350)
[2022.04.08-19.00.44:766][651]LogModuleManager: Shutting down and abandoning module NetcodeUnitTest (348)
[2022.04.08-19.00.44:781][651]LogModuleManager: Shutting down and abandoning module MediaCompositingEditor (346)
[2022.04.08-19.00.44:781][651]LogModuleManager: Shutting down and abandoning module MediaCompositing (344)
[2022.04.08-19.00.44:781][651]LogModuleManager: Shutting down and abandoning module LinearTimecode (342)
[2022.04.08-19.00.44:781][651]LogModuleManager: Shutting down and abandoning module ImgMedia (340)
[2022.04.08-19.00.44:784][651]LogModuleManager: Shutting down and abandoning module HTML5Networking (338)
[2022.04.08-19.00.44:784][651]LogModuleManager: Shutting down and abandoning module AlembicImporter (336)
[2022.04.08-19.00.44:796][651]LogModuleManager: Shutting down and abandoning module AlembicLibrary (335)
[2022.04.08-19.00.44:796][651]LogModuleManager: Shutting down and abandoning module GeometryCache (334)
[2022.04.08-19.00.44:796][651]LogModuleManager: Shutting down and abandoning module GeometryCacheEd (333)
[2022.04.08-19.00.44:796][651]LogModuleManager: Shutting down and abandoning module DatasmithContent (328)
[2022.04.08-19.00.44:796][651]LogModuleManager: Shutting down and abandoning module SpeedTreeImporter (326)
[2022.04.08-19.00.44:796][651]LogModuleManager: Shutting down and abandoning module PluginBrowser (324)
[2022.04.08-19.00.44:809][651]LogModuleManager: Shutting down and abandoning module MobileLauncherProfileWizard (322)
[2022.04.08-19.00.44:809][651]LogModuleManager: Shutting down and abandoning module CryptoKeysOpenSSL (320)
[2022.04.08-19.00.44:813][651]LogModuleManager: Shutting down and abandoning module CryptoKeys (318)
[2022.04.08-19.00.44:813][651]LogModuleManager: Shutting down and abandoning module VisualStudioSourceCodeAccess (316)
[2022.04.08-19.00.44:813][651]LogModuleManager: Shutting down and abandoning module VisualStudioCodeSourceCodeAccess (314)
[2022.04.08-19.00.44:813][651]LogModuleManager: Shutting down and abandoning module UObjectPlugin (312)
[2022.04.08-19.00.44:813][651]LogModuleManager: Shutting down and abandoning module SubversionSourceControl (310)
[2022.04.08-19.00.44:823][651]LogModuleManager: Shutting down and abandoning module PerforceSourceControl (308)
[2022.04.08-19.00.44:824][651]LogModuleManager: Shutting down and abandoning module GitSourceControl (306)
[2022.04.08-19.00.44:836][651]LogModuleManager: Shutting down and abandoning module SourceControl (305)
[2022.04.08-19.00.44:849][651]LogModuleManager: Shutting down and abandoning module CLionSourceCodeAccess (302)
[2022.04.08-19.00.44:850][651]LogModuleManager: Shutting down and abandoning module LightPropagationVolumeEditor (300)
[2022.04.08-19.00.44:850][651]LogModuleManager: Shutting down and abandoning module PaperTiledImporter (298)
[2022.04.08-19.00.44:850][651]LogModuleManager: Shutting down and abandoning module PaperSpriteSheetImporter (296)
[2022.04.08-19.00.44:850][651]LogModuleManager: Shutting down and abandoning module Paper2DEditor (294)
[2022.04.08-19.00.44:871][651]LogModuleManager: Shutting down and abandoning module MeshPaint (293)
[2022.04.08-19.00.44:871][651]LogModuleManager: Shutting down and abandoning module RuntimePhysXCooking (288)
[2022.04.08-19.00.44:871][651]LogModuleManager: Shutting down and abandoning module PhysXVehiclesEditor (286)
[2022.04.08-19.00.44:871][651]LogModuleManager: Shutting down and abandoning module PhysXVehicles (284)
[2022.04.08-19.00.44:871][651]LogModuleManager: Shutting down and abandoning module OculusEditor (282)
[2022.04.08-19.00.44:871][651]LogModuleManager: Shutting down and abandoning module LocationServicesBPLibrary (280)
[2022.04.08-19.00.44:871][651]LogModuleManager: Shutting down and abandoning module ImmediatePhysicsEditor (278)
[2022.04.08-19.00.44:871][651]LogModuleManager: Shutting down and abandoning module ImmediatePhysics (276)
[2022.04.08-19.00.44:888][651]LogModuleManager: Shutting down and abandoning module ActorSequence (274)
[2022.04.08-19.00.44:888][651]LogModuleManager: Shutting down and abandoning module UdpMessaging (272)
[2022.04.08-19.00.44:996][651]LogModuleManager: Shutting down and abandoning module TcpMessaging (270)
[2022.04.08-19.00.45:105][651]LogModuleManager: Shutting down and abandoning module GameplayTagsEditor (268)
[2022.04.08-19.00.45:114][651]LogModuleManager: Shutting down and abandoning module FacialAnimationEditor (266)
[2022.04.08-19.00.45:115][651]LogModuleManager: Shutting down and abandoning module FacialAnimation (264)
[2022.04.08-19.00.45:115][651]LogModuleManager: Shutting down and abandoning module DataValidation (262)
[2022.04.08-19.00.45:115][651]LogModuleManager: Shutting down and abandoning module AssetManagerEditor (260)
[2022.04.08-19.00.45:137][651]LogModuleManager: Shutting down and abandoning module LevelEditor (259)
[2022.04.08-19.00.45:148][651]LogModuleManager: Shutting down and abandoning module PixelInspectorModule (258)
[2022.04.08-19.00.45:165][651]LogModuleManager: Shutting down and abandoning module CommonMenuExtensions (256)
[2022.04.08-19.00.45:166][651]LogModuleManager: Shutting down and abandoning module MainFrame (254)
[2022.04.08-19.00.45:166][651]LogModuleManager: Shutting down and abandoning module HotReload (253)
[2022.04.08-19.00.45:166][651]LogDirectoryWatcher: A directory notification for 'D:/UE4CPP/ArenaBattle/Binaries/Win64' was aborted.
[2022.04.08-19.00.45:166][651]LogModuleManager: Shutting down and abandoning module ContentBrowser (249)
[2022.04.08-19.00.45:167][651]LogModuleManager: Shutting down and abandoning module TreeMap (247)
[2022.04.08-19.00.45:174][651]LogModuleManager: Shutting down and abandoning module LightPropagationVolumeRuntime (244)
[2022.04.08-19.00.45:174][651]LogModuleManager: Shutting down and abandoning module LiveLinkEditor (242)
[2022.04.08-19.00.45:191][651]LogModuleManager: Shutting down and abandoning module LiveLink (240)
[2022.04.08-19.00.46:130][651]LogModuleManager: Shutting down and abandoning module Paper2D (238)
[2022.04.08-19.00.46:146][651]LogModuleManager: Shutting down and abandoning module WindowsMoviePlayer (236)
[2022.04.08-19.00.46:146][651]LogModuleManager: Shutting down and abandoning module WmfMedia (234)
[2022.04.08-19.00.46:169][651]LogModuleManager: Shutting down and abandoning module Media (233)
[2022.04.08-19.00.46:176][651]LogModuleManager: Shutting down and abandoning module PacketHandler (230)
[2022.04.08-19.00.46:176][651]LogModuleManager: Shutting down and abandoning module ClothingSystemEditor (228)
[2022.04.08-19.00.46:176][651]LogModuleManager: Shutting down and abandoning module ClothingSystemRuntime (226)
[2022.04.08-19.00.46:192][651]LogModuleManager: Shutting down and abandoning module MediaAssets (224)
[2022.04.08-19.00.46:192][651]LogModuleManager: Shutting down and abandoning module Overlay (222)
[2022.04.08-19.00.46:192][651]LogModuleManager: Shutting down and abandoning module OverlayEditor (221)
[2022.04.08-19.00.46:192][651]LogModuleManager: Shutting down and abandoning module VREditor (218)
[2022.04.08-19.00.46:205][651]LogModuleManager: Shutting down and abandoning module StringTableEditor (216)
[2022.04.08-19.00.46:205][651]LogModuleManager: Shutting down and abandoning module GameplayTasksEditor (214)
[2022.04.08-19.00.46:205][651]LogModuleManager: Shutting down and abandoning module BehaviorTreeEditor (212)
[2022.04.08-19.00.46:235][651]LogModuleManager: Shutting down and abandoning module FunctionalTesting (210)
[2022.04.08-19.00.46:243][651]LogModuleManager: Shutting down and abandoning module CollisionAnalyzer (208)
[2022.04.08-19.00.46:277][651]LogModuleManager: Shutting down and abandoning module WorkspaceMenuStructure (207)
[2022.04.08-19.00.46:277][651]LogModuleManager: Shutting down and abandoning module UMG (204)
[2022.04.08-19.00.46:286][651]LogModuleManager: Shutting down and abandoning module UMGEditor (203)
[2022.04.08-19.00.46:321][651]LogModuleManager: Shutting down and abandoning module Sequencer (202)
[2022.04.08-19.00.46:340][651]LogModuleManager: Shutting down and abandoning module MessageLog (199)
[2022.04.08-19.00.46:340][651]LogModuleManager: Shutting down and abandoning module SlateReflector (194)
[2022.04.08-19.00.46:363][651]LogModuleManager: Shutting down and abandoning module Slate (192)
[2022.04.08-19.00.46:363][651]LogModuleManager: Shutting down and abandoning module EditorStyle (190)
[2022.04.08-19.00.46:364][651]LogModuleManager: Shutting down and abandoning module MRMesh (188)
[2022.04.08-19.00.46:364][651]LogModuleManager: Shutting down and abandoning module SourceCodeAccess (186)
[2022.04.08-19.00.46:364][651]LogModuleManager: Shutting down and abandoning module HeadMountedDisplay (184)
[2022.04.08-19.00.46:364][651]LogModuleManager: Shutting down and abandoning module XAudio2 (182)
[2022.04.08-19.00.46:364][651]LogModuleManager: Shutting down and abandoning module Networking (180)
[2022.04.08-19.00.46:364][651]LogModuleManager: Shutting down and abandoning module Core (178)
[2022.04.08-19.00.46:364][651]LogModuleManager: Shutting down and abandoning module LevelSequence (176)
[2022.04.08-19.00.46:386][651]LogModuleManager: Shutting down and abandoning module KismetCompiler (174)
[2022.04.08-19.00.46:386][651]LogModuleManager: Shutting down and abandoning module MeshUtilities (172)
[2022.04.08-19.00.46:407][651]LogModuleManager: Shutting down and abandoning module MeshMergeUtilities (171)
[2022.04.08-19.00.46:407][651]LogModuleManager: Shutting down and abandoning module MeshReductionInterface (170)
[2022.04.08-19.00.46:407][651]LogModuleManager: Shutting down and abandoning module SimplygonSwarm (169)
[2022.04.08-19.00.46:427][651]LogModuleManager: Shutting down and abandoning module SimplygonMeshReduction (167)
[2022.04.08-19.00.46:427][651]LogModuleManager: Shutting down and abandoning module QuadricMeshReduction (165)
[2022.04.08-19.00.46:427][651]LogModuleManager: Shutting down and abandoning module MaterialBaking (161)
[2022.04.08-19.00.46:436][651]LogModuleManager: Shutting down and abandoning module DirectoryWatcher (157)
[2022.04.08-19.00.46:437][651]LogModuleManager: Shutting down and abandoning module DerivedDataCache (154)
[2022.04.08-19.00.46:525][651]LogDerivedDataCache: Shutdown
[2022.04.08-19.00.46:525][651]LogModuleManager: Shutting down and abandoning module XGEController (152)
[2022.04.08-19.00.46:525][651]LogXGEController: Cleaning working directory: C:/Users/guldd/AppData/Local/Temp/UnrealXGEWorkingDir/
[2022.04.08-19.00.46:525][651]LogModuleManager: Shutting down and abandoning module TargetPlatform (150)
[2022.04.08-19.00.46:525][651]LogModuleManager: Shutting down and abandoning module VulkanShaderFormat (149)
[2022.04.08-19.00.46:548][651]LogModuleManager: Shutting down and abandoning module ShaderFormatVectorVM (147)
[2022.04.08-19.00.46:553][651]LogModuleManager: Shutting down and abandoning module ShaderFormatOpenGL (145)
[2022.04.08-19.00.46:574][651]LogModuleManager: Shutting down and abandoning module ShaderFormatD3D (143)
[2022.04.08-19.00.46:574][651]LogModuleManager: Shutting down and abandoning module MetalShaderFormat (141)
[2022.04.08-19.00.46:592][651]LogModuleManager: Shutting down and abandoning module TextureFormatUncompressed (139)
[2022.04.08-19.00.46:592][651]LogModuleManager: Shutting down and abandoning module TextureFormatPVR (137)
[2022.04.08-19.00.46:592][651]LogModuleManager: Shutting down and abandoning module TextureFormatDXT (135)
[2022.04.08-19.00.46:592][651]LogModuleManager: Shutting down and abandoning module TextureFormatIntelISPCTexComp (133)
[2022.04.08-19.00.46:592][651]LogModuleManager: Shutting down and abandoning module TextureFormatASTC (131)
[2022.04.08-19.00.46:592][651]LogModuleManager: Shutting down and abandoning module ImageWrapper (130)
[2022.04.08-19.00.46:592][651]LogModuleManager: Shutting down and abandoning module TextureFormatAndroid (127)
[2022.04.08-19.00.46:592][651]LogModuleManager: Shutting down and abandoning module AudioFormatOpus (125)
[2022.04.08-19.00.46:592][651]LogModuleManager: Shutting down and abandoning module AudioFormatOgg (123)
[2022.04.08-19.00.46:592][651]LogModuleManager: Shutting down and abandoning module AudioFormatADPCM (121)
[2022.04.08-19.00.46:592][651]LogModuleManager: Shutting down and abandoning module LinuxTargetPlatform (119)
[2022.04.08-19.00.46:592][651]LogModuleManager: Shutting down and abandoning module LinuxServerTargetPlatform (117)
[2022.04.08-19.00.46:592][651]LogModuleManager: Shutting down and abandoning module LinuxNoEditorTargetPlatform (115)
[2022.04.08-19.00.46:592][651]LogModuleManager: Shutting down and abandoning module LinuxClientTargetPlatform (113)
[2022.04.08-19.00.46:592][651]LogModuleManager: Shutting down and abandoning module TVOSTargetPlatform (111)
[2022.04.08-19.00.46:592][651]LogModuleManager: Shutting down and abandoning module Messaging (109)
[2022.04.08-19.00.46:592][651]LogModuleManager: Shutting down and abandoning module IOSTargetPlatform (107)
[2022.04.08-19.00.46:592][651]LogModuleManager: Shutting down and abandoning module HTML5TargetPlatform (105)
[2022.04.08-19.00.46:592][651]LogModuleManager: Shutting down and abandoning module AndroidTargetPlatform (103)
[2022.04.08-19.00.46:592][651]LogModuleManager: Shutting down and abandoning module Android_PVRTCTargetPlatform (101)
[2022.04.08-19.00.46:592][651]LogModuleManager: Shutting down and abandoning module Android_MultiTargetPlatform (99)
[2022.04.08-19.00.46:593][651]LogModuleManager: Shutting down and abandoning module Android_ETC2TargetPlatform (97)
[2022.04.08-19.00.46:593][651]LogModuleManager: Shutting down and abandoning module Android_ETC1TargetPlatform (95)
[2022.04.08-19.00.46:593][651]LogModuleManager: Shutting down and abandoning module Android_ETC1aTargetPlatform (93)
[2022.04.08-19.00.46:593][651]LogModuleManager: Shutting down and abandoning module Android_DXTTargetPlatform (91)
[2022.04.08-19.00.46:593][651]LogModuleManager: Shutting down and abandoning module Android_ATCTargetPlatform (89)
[2022.04.08-19.00.46:593][651]LogModuleManager: Shutting down and abandoning module Android_ASTCTargetPlatform (87)
[2022.04.08-19.00.46:593][651]LogModuleManager: Shutting down and abandoning module WindowsTargetPlatform (85)
[2022.04.08-19.00.46:593][651]LogModuleManager: Shutting down and abandoning module WindowsServerTargetPlatform (83)
[2022.04.08-19.00.46:593][651]LogModuleManager: Shutting down and abandoning module WindowsNoEditorTargetPlatform (81)
[2022.04.08-19.00.46:593][651]LogModuleManager: Shutting down and abandoning module WindowsClientTargetPlatform (79)
[2022.04.08-19.00.46:593][651]LogModuleManager: Shutting down and abandoning module MacTargetPlatform (77)
[2022.04.08-19.00.46:593][651]LogModuleManager: Shutting down and abandoning module MacServerTargetPlatform (75)
[2022.04.08-19.00.46:593][651]LogModuleManager: Shutting down and abandoning module MacNoEditorTargetPlatform (73)
[2022.04.08-19.00.46:593][651]LogModuleManager: Shutting down and abandoning module MacClientTargetPlatform (71)
[2022.04.08-19.00.46:593][651]LogModuleManager: Shutting down and abandoning module AllDesktopTargetPlatform (69)
[2022.04.08-19.00.46:593][651]LogModuleManager: Shutting down and abandoning module InputCore (66)
[2022.04.08-19.00.46:593][651]LogModuleManager: Shutting down and abandoning module Settings (64)
[2022.04.08-19.00.46:593][651]LogModuleManager: Shutting down and abandoning module PhysXCooking (62)
[2022.04.08-19.00.46:593][651]LogModuleManager: Shutting down and abandoning module SteamVR (60)
[2022.04.08-19.00.46:593][651]LogModuleManager: Shutting down and abandoning module OculusHMD (58)
[2022.04.08-19.00.46:615][651]LogModuleManager: Shutting down and abandoning module ExampleDeviceProfileSelector (56)
[2022.04.08-19.00.46:615][651]LogModuleManager: Shutting down and abandoning module AppleARKit (54)
[2022.04.08-19.00.46:615][651]LogModuleManager: Shutting down and abandoning module AugmentedReality (51)
[2022.04.08-19.00.46:615][651]LogModuleManager: Shutting down and abandoning module OnlineBlueprintSupport (48)
[2022.04.08-19.00.46:615][651]LogModuleManager: Shutting down and abandoning module OnlineSubsystem (44)
[2022.04.08-19.00.46:640][651]LogModuleManager: Shutting down and abandoning module XMPP (43)
[2022.04.08-19.00.46:662][651]LogModuleManager: Shutting down and abandoning module HTTP (41)
[2022.04.08-19.00.46:671][651]LogHttp: Display: Http module shutting down, but needs to wait on 1 outstanding Http requests:
[2022.04.08-19.00.46:671][651]LogHttp: Display: 	verb=[POST] url=[https://datarouter.ol.epicgames.com/datarouter/api/v1/public/data?SessionID=%7B5F314327-4934-947B-02E0-48A3823CF727%7D&AppID=UEEditor.Rocket.Release&AppVersion=4.19.2-4033788%2B%2B%2BUE4%2BRelease-4.19&UserID=e79f5cc5407acae592eeb0a476ccd7a2%7C08905224029e428f9f07defacfcb4ba1%7C77501964-0de5-4002-8f6f-3f941ea6e768&AppEnvironment=datacollector-binary&UploadType=eteventstream] status=Processing
[2022.04.08-19.00.46:677][651]LogModuleManager: Shutting down and abandoning module SSL (40)
[2022.04.08-19.00.46:682][651]LogModuleManager: Shutting down and abandoning module AnimationModifiers (36)
[2022.04.08-19.00.46:703][651]LogModuleManager: Shutting down and abandoning module PropertyEditor (35)
[2022.04.08-19.00.46:724][651]LogModuleManager: Shutting down and abandoning module AudioEditor (32)
[2022.04.08-19.00.46:740][651]LogModuleManager: Shutting down and abandoning module TextureCompressor (30)
[2022.04.08-19.00.46:742][651]LogModuleManager: Shutting down and abandoning module ShaderCore (28)
[2022.04.08-19.00.46:742][651]LogModuleManager: Shutting down and abandoning module Landscape (26)
[2022.04.08-19.00.46:742][651]LogModuleManager: Shutting down and abandoning module SlateRHIRenderer (24)
[2022.04.08-19.00.46:754][651]LogModuleManager: Shutting down and abandoning module OpenGLDrv (22)
[2022.04.08-19.00.46:761][651]LogModuleManager: Shutting down and abandoning module D3D11RHI (20)
[2022.04.08-19.00.46:761][651]LogModuleManager: Shutting down and abandoning module AnimGraphRuntime (18)
[2022.04.08-19.00.46:761][651]LogModuleManager: Shutting down and abandoning module Renderer (16)
[2022.04.08-19.00.46:761][651]LogModuleManager: Shutting down and abandoning module Engine (14)
[2022.04.08-19.00.46:761][651]LogModuleManager: Shutting down and abandoning module CoreUObject (12)
[2022.04.08-19.00.46:761][651]LogModuleManager: Shutting down and abandoning module NetworkFile (10)
[2022.04.08-19.00.46:761][651]LogModuleManager: Shutting down and abandoning module CookedIterativeFile (8)
[2022.04.08-19.00.46:761][651]LogModuleManager: Shutting down and abandoning module StreamingFile (6)
[2022.04.08-19.00.46:761][651]LogModuleManager: Shutting down and abandoning module SandboxFile (4)
[2022.04.08-19.00.46:761][651]LogModuleManager: Shutting down and abandoning module PakFile (2)
[2022.04.08-19.00.46:780][651]LogExit: Exiting.
[2022.04.08-19.00.46:788][651]Log file closed, 04/09/22 04:00:46
