Log file open, 08/04/22 22:00:34
LogWindows: Failed to load 'aqProf.dll' (GetLastError=126)
LogWindows: File 'aqProf.dll' does not exist
LogWindows: Failed to load 'VtuneApi.dll' (GetLastError=126)
LogWindows: File 'VtuneApi.dll' does not exist
LogWindows: Failed to load 'VtuneApi32e.dll' (GetLastError=126)
LogWindows: File 'VtuneApi32e.dll' does not exist
LogInit: Display: Running engine for game: ArenaBattle
LogPlatformFile: Not using cached read wrapper
LogInit: Display: RandInit(301585576) SRandInit(301585576).
LogInit: Read version file with build ID '3944462'
LogInit: Overriding engine version to CL 4033788, compatible CL 3944462
LogInit: Registered custom module enumerator with build ID '3944462'
LogTaskGraph: Started task graph with 5 named threads and 35 total threads with 3 sets of task threads.
LogStats: Stats thread started at 0.529090
LogD3D11RHI: Aftermath initialized
LogICUInternationalization: Display: ICU TimeZone Detection - Raw Offset: +9:00, Platform Override: ''
LogPluginManager: Mounting plugin Paper2D
LogPluginManager: Mounting plugin LiveLink
LogPluginManager: Mounting plugin LightPropagationVolume
LogPluginManager: Mounting plugin CLionSourceCodeAccess
LogPluginManager: Mounting plugin CodeLiteSourceCodeAccess
LogPluginManager: Mounting plugin GitSourceControl
LogPluginManager: Mounting plugin KDevelopSourceCodeAccess
LogPluginManager: Mounting plugin NullSourceCodeAccess
LogPluginManager: Mounting plugin PerforceSourceControl
LogPluginManager: Mounting plugin SubversionSourceControl
LogPluginManager: Mounting plugin UObjectPlugin
LogPluginManager: Mounting plugin VisualStudioCodeSourceCodeAccess
LogPluginManager: Mounting plugin VisualStudioSourceCodeAccess
LogPluginManager: Mounting plugin XCodeSourceCodeAccess
LogPluginManager: Mounting plugin AssetManagerEditor
LogPluginManager: Mounting plugin CryptoKeys
LogPluginManager: Mounting plugin DataValidation
LogPluginManager: Mounting plugin FacialAnimation
LogPluginManager: Mounting plugin GameplayTagsEditor
LogPluginManager: Mounting plugin MobileLauncherProfileWizard
LogPluginManager: Mounting plugin PluginBrowser
LogPluginManager: Mounting plugin SpeedTreeImporter
LogPluginManager: Mounting plugin DatasmithContent
LogPluginManager: Mounting plugin AlembicImporter
LogPluginManager: Mounting plugin CharacterAI
LogPluginManager: Mounting plugin HTML5Networking
LogPluginManager: Mounting plugin AndroidMedia
LogPluginManager: Mounting plugin AvfMedia
LogPluginManager: Mounting plugin ImgMedia
LogPluginManager: Mounting plugin LinearTimecode
LogPluginManager: Mounting plugin MediaCompositing
LogPluginManager: Mounting plugin MediaPlayerEditor
LogPluginManager: Mounting plugin WmfMedia
LogPluginManager: Mounting plugin TcpMessaging
LogPluginManager: Mounting plugin UdpMessaging
LogPluginManager: Mounting plugin ActorSequence
LogPluginManager: Mounting plugin LevelSequenceEditor
LogPluginManager: Mounting plugin MatineeToLevelSequence
LogPluginManager: Mounting plugin NetcodeUnitTest
LogPluginManager: Mounting plugin NUTUnrealEngine4
LogPluginManager: Mounting plugin OnlineSubsystemGooglePlay
LogPluginManager: Mounting plugin OnlineSubsystemIOS
LogPluginManager: Mounting plugin OnlineSubsystem
LogPluginManager: Mounting plugin OnlineSubsystemNull
LogPluginManager: Mounting plugin OnlineSubsystemUtils
LogPluginManager: Mounting plugin AndroidDeviceProfileSelector
LogPluginManager: Mounting plugin AndroidMoviePlayer
LogPluginManager: Mounting plugin AndroidPermission
LogPluginManager: Mounting plugin AppleARKit
LogPluginManager: Mounting plugin AppleMoviePlayer
LogPluginManager: Mounting plugin ArchVisCharacter
LogPluginManager: Mounting plugin AudioCapture
LogPluginManager: Mounting plugin CableComponent
LogPluginManager: Mounting plugin CustomMeshComponent
LogPluginManager: Mounting plugin ExampleDeviceProfileSelector
LogPluginManager: Mounting plugin GoogleCloudMessaging
LogPluginManager: Mounting plugin ImmediatePhysics
LogPluginManager: Mounting plugin IOSDeviceProfileSelector
LogPluginManager: Mounting plugin LinuxDeviceProfileSelector
LogPluginManager: Mounting plugin LocationServicesBPLibrary
LogPluginManager: Mounting plugin MobilePatchingUtils
LogPluginManager: Mounting plugin OculusVR
LogPluginManager: Plugin shader directory ../../../Engine/Plugins/Runtime/Oculus/OculusVR/Shaders found
LogPluginManager: Mapping shader source directory ../../../Engine/Plugins/Runtime/Oculus/OculusVR/Shaders to virtual directory /Plugin/OculusVR
LogPluginManager: Mounting plugin PhysXVehicles
LogPluginManager: Mounting plugin ProceduralMeshComponent
LogPluginManager: Mounting plugin RuntimePhysXCooking
LogPluginManager: Mounting plugin SteamVR
LogPluginManager: Mounting plugin WindowsMoviePlayer
LogStreaming: Display: Took  0.099s to configure plugins.
LogModuleManager: Display: Found up-to-date module file ../../../../UE4CPP/ArenaBattle/Binaries/Win64/UE4Editor-ArenaBattleSetting-3910.dll (API version 3944462).
LogModuleManager: Display: Found up-to-date module file ../../../../UE4CPP/ArenaBattle/Binaries/Win64/UE4Editor-ArenaBattle-7441.dll (API version 3944462).
LogModuleManager: Display: Found up-to-date module file ../../../Engine/Plugins/2D/Paper2D/Binaries/Win64/UE4Editor-Paper2D.dll (API version 3944462).
LogModuleManager: Display: Found up-to-date module file ../../../Engine/Plugins/2D/Paper2D/Binaries/Win64/UE4Editor-Paper2DEditor.dll (API version 3944462).
LogModuleManager: Display: Found up-to-date module file ../../../Engine/Plugins/2D/Paper2D/Binaries/Win64/UE4Editor-PaperSpriteSheetImporter.dll (API version 3944462).
LogModuleManager: Display: Found up-to-date module file ../../../Engine/Plugins/2D/Paper2D/Binaries/Win64/UE4Editor-PaperTiledImporter.dll (API version 3944462).
LogModuleManager: Display: Found up-to-date module file ../../../Engine/Plugins/2D/Paper2D/Binaries/Win64/UE4Editor-SmartSnapping.dll (API version 3944462).
LogModuleManager: Display: Found up-to-date module file ../../../Engine/Plugins/Animation/LiveLink/Binaries/Win64/UE4Editor-LiveLink.dll (API version 3944462).
LogModuleManager: Display: Found up-to-date module file ../../../Engine/Plugins/Animation/LiveLink/Binaries/Win64/UE4Editor-LiveLinkEditor.dll (API version 3944462).
LogModuleManager: Display: Found up-to-date module file ../../../Engine/Plugins/Blendables/LightPropagationVolume/Binaries/Win64/UE4Editor-LightPropagationVolumeRuntime.dll (API version 3944462).
LogModuleManager: Display: Found up-to-date module file ../../../Engine/Plugins/Blendables/LightPropagationVolume/Binaries/Win64/UE4Editor-LightPropagationVolumeEditor.dll (API version 3944462).
LogModuleManager: Display: Found up-to-date module file ../../../Engine/Plugins/Developer/CLionSourceCodeAccess/Binaries/Win64/UE4Editor-CLionSourceCodeAccess.dll (API version 3944462).
LogModuleManager: Display: Found up-to-date module file ../../../Engine/Plugins/Developer/GitSourceControl/Binaries/Win64/UE4Editor-GitSourceControl.dll (API version 3944462).
LogModuleManager: Display: Found up-to-date module file ../../../Engine/Plugins/Developer/PerforceSourceControl/Binaries/Win64/UE4Editor-PerforceSourceControl.dll (API version 3944462).
LogModuleManager: Display: Found up-to-date module file ../../../Engine/Plugins/Developer/SubversionSourceControl/Binaries/Win64/UE4Editor-SubversionSourceControl.dll (API version 3944462).
LogModuleManager: Display: Found up-to-date module file ../../../Engine/Plugins/Developer/UObjectPlugin/Binaries/Win64/UE4Editor-UObjectPlugin.dll (API version 3944462).
LogModuleManager: Display: Found up-to-date module file ../../../Engine/Plugins/Developer/VisualStudioCodeSourceCodeAccess/Binaries/Win64/UE4Editor-VisualStudioCodeSourceCodeAccess.dll (API version 3944462).
LogModuleManager: Display: Found up-to-date module file ../../../Engine/Plugins/Developer/VisualStudioSourceCodeAccess/Binaries/Win64/UE4Editor-VisualStudioSourceCodeAccess.dll (API version 3944462).
LogModuleManager: Display: Found up-to-date module file ../../../Engine/Plugins/Editor/AssetManagerEditor/Binaries/Win64/UE4Editor-AssetManagerEditor.dll (API version 3944462).
LogModuleManager: Display: Found up-to-date module file ../../../Engine/Plugins/Editor/CryptoKeys/Binaries/Win64/UE4Editor-CryptoKeys.dll (API version 3944462).
LogModuleManager: Display: Found up-to-date module file ../../../Engine/Plugins/Editor/CryptoKeys/Binaries/Win64/UE4Editor-CryptoKeysOpenSSL.dll (API version 3944462).
LogModuleManager: Display: Found up-to-date module file ../../../Engine/Plugins/Editor/DataValidation/Binaries/Win64/UE4Editor-DataValidation.dll (API version 3944462).
LogModuleManager: Display: Found up-to-date module file ../../../Engine/Plugins/Editor/FacialAnimation/Binaries/Win64/UE4Editor-FacialAnimation.dll (API version 3944462).
LogModuleManager: Display: Found up-to-date module file ../../../Engine/Plugins/Editor/FacialAnimation/Binaries/Win64/UE4Editor-FacialAnimationEditor.dll (API version 3944462).
LogModuleManager: Display: Found up-to-date module file ../../../Engine/Plugins/Editor/GameplayTagsEditor/Binaries/Win64/UE4Editor-GameplayTagsEditor.dll (API version 3944462).
LogModuleManager: Display: Found up-to-date module file ../../../Engine/Plugins/Editor/MobileLauncherProfileWizard/Binaries/Win64/UE4Editor-MobileLauncherProfileWizard.dll (API version 3944462).
LogModuleManager: Display: Found up-to-date module file ../../../Engine/Plugins/Editor/PluginBrowser/Binaries/Win64/UE4Editor-PluginBrowser.dll (API version 3944462).
LogModuleManager: Display: Found up-to-date module file ../../../Engine/Plugins/Editor/SpeedTreeImporter/Binaries/Win64/UE4Editor-SpeedTreeImporter.dll (API version 3944462).
LogModuleManager: Display: Found up-to-date module file ../../../Engine/Plugins/Enterprise/DatasmithContent/Binaries/Win64/UE4Editor-DatasmithContent.dll (API version 3944462).
LogModuleManager: Display: Found up-to-date module file ../../../Engine/Plugins/Experimental/AlembicImporter/Binaries/Win64/UE4Editor-AlembicImporter.dll (API version 3944462).
LogModuleManager: Display: Found up-to-date module file ../../../Engine/Plugins/Experimental/AlembicImporter/Binaries/Win64/UE4Editor-AlembicLibrary.dll (API version 3944462).
LogModuleManager: Display: Found up-to-date module file ../../../Engine/Plugins/Experimental/CharacterAI/Binaries/Win64/UE4Editor-CharacterAI.dll (API version 3944462).
LogModuleManager: Display: Found up-to-date module file ../../../Engine/Plugins/Experimental/HTML5Networking/Binaries/Win64/UE4Editor-HTML5Networking.dll (API version 3944462).
LogModuleManager: Display: Found up-to-date module file ../../../Engine/Plugins/Media/AndroidMedia/Binaries/Win64/UE4Editor-AndroidMediaEditor.dll (API version 3944462).
LogModuleManager: Display: Found up-to-date module file ../../../Engine/Plugins/Media/AndroidMedia/Binaries/Win64/UE4Editor-AndroidMediaFactory.dll (API version 3944462).
LogModuleManager: Display: Found up-to-date module file ../../../Engine/Plugins/Media/AvfMedia/Binaries/Win64/UE4Editor-AvfMediaEditor.dll (API version 3944462).
LogModuleManager: Display: Found up-to-date module file ../../../Engine/Plugins/Media/AvfMedia/Binaries/Win64/UE4Editor-AvfMediaFactory.dll (API version 3944462).
LogModuleManager: Display: Found up-to-date module file ../../../Engine/Plugins/Media/AvfMedia/Binaries/Win64/UE4Editor-AvfMediaFactory.dll (API version 3944462).
LogModuleManager: Display: Found up-to-date module file ../../../Engine/Plugins/Media/ImgMedia/Binaries/Win64/UE4Editor-ImgMedia.dll (API version 3944462).
LogModuleManager: Display: Found up-to-date module file ../../../Engine/Plugins/Media/ImgMedia/Binaries/Win64/UE4Editor-ImgMediaEditor.dll (API version 3944462).
LogModuleManager: Display: Found up-to-date module file ../../../Engine/Plugins/Media/ImgMedia/Binaries/Win64/UE4Editor-ImgMediaFactory.dll (API version 3944462).
LogModuleManager: Display: Found up-to-date module file ../../../Engine/Plugins/Media/ImgMedia/Binaries/Win64/UE4Editor-ImgMediaFactory.dll (API version 3944462).
LogModuleManager: Display: Found up-to-date module file ../../../Engine/Plugins/Media/ImgMedia/Binaries/Win64/UE4Editor-OpenExrWrapper.dll (API version 3944462).
LogModuleManager: Display: Found up-to-date module file ../../../Engine/Plugins/Media/LinearTimecode/Binaries/Win64/UE4Editor-LinearTimecode.dll (API version 3944462).
LogModuleManager: Display: Found up-to-date module file ../../../Engine/Plugins/Media/MediaCompositing/Binaries/Win64/UE4Editor-MediaCompositing.dll (API version 3944462).
LogModuleManager: Display: Found up-to-date module file ../../../Engine/Plugins/Media/MediaCompositing/Binaries/Win64/UE4Editor-MediaCompositingEditor.dll (API version 3944462).
LogModuleManager: Display: Found up-to-date module file ../../../Engine/Plugins/Media/MediaPlayerEditor/Binaries/Win64/UE4Editor-MediaPlayerEditor.dll (API version 3944462).
LogModuleManager: Display: Found up-to-date module file ../../../Engine/Plugins/Media/WmfMedia/Binaries/Win64/UE4Editor-WmfMedia.dll (API version 3944462).
LogModuleManager: Display: Found up-to-date module file ../../../Engine/Plugins/Media/WmfMedia/Binaries/Win64/UE4Editor-WmfMediaEditor.dll (API version 3944462).
LogModuleManager: Display: Found up-to-date module file ../../../Engine/Plugins/Media/WmfMedia/Binaries/Win64/UE4Editor-WmfMediaFactory.dll (API version 3944462).
LogModuleManager: Display: Found up-to-date module file ../../../Engine/Plugins/Media/WmfMedia/Binaries/Win64/UE4Editor-WmfMediaFactory.dll (API version 3944462).
LogModuleManager: Display: Found up-to-date module file ../../../Engine/Plugins/Messaging/TcpMessaging/Binaries/Win64/UE4Editor-TcpMessaging.dll (API version 3944462).
LogModuleManager: Display: Found up-to-date module file ../../../Engine/Plugins/Messaging/UdpMessaging/Binaries/Win64/UE4Editor-UdpMessaging.dll (API version 3944462).
LogModuleManager: Display: Found up-to-date module file ../../../Engine/Plugins/MovieScene/ActorSequence/Binaries/Win64/UE4Editor-ActorSequence.dll (API version 3944462).
LogModuleManager: Display: Found up-to-date module file ../../../Engine/Plugins/MovieScene/LevelSequenceEditor/Binaries/Win64/UE4Editor-LevelSequenceEditor.dll (API version 3944462).
LogModuleManager: Display: Found up-to-date module file ../../../Engine/Plugins/MovieScene/MatineeToLevelSequence/Binaries/Win64/UE4Editor-MatineeToLevelSequence.dll (API version 3944462).
LogModuleManager: Display: Found up-to-date module file ../../../Engine/Plugins/NetcodeUnitTest/NetcodeUnitTest/Binaries/Win64/UE4Editor-NetcodeUnitTest.dll (API version 3944462).
LogModuleManager: Display: Found up-to-date module file ../../../Engine/Plugins/NetcodeUnitTest/NUTUnrealEngine4/Binaries/Win64/UE4Editor-NUTUnrealEngine4.dll (API version 3944462).
LogModuleManager: Display: Found up-to-date module file ../../../Engine/Plugins/Online/OnlineSubsystem/Binaries/Win64/UE4Editor-OnlineSubsystem.dll (API version 3944462).
LogModuleManager: Display: Found up-to-date module file ../../../Engine/Plugins/Online/OnlineSubsystemNull/Binaries/Win64/UE4Editor-OnlineSubsystemNull.dll (API version 3944462).
LogModuleManager: Display: Found up-to-date module file ../../../Engine/Plugins/Online/OnlineSubsystemUtils/Binaries/Win64/UE4Editor-OnlineSubsystemUtils.dll (API version 3944462).
LogModuleManager: Display: Found up-to-date module file ../../../Engine/Plugins/Online/OnlineSubsystemUtils/Binaries/Win64/UE4Editor-OnlineBlueprintSupport.dll (API version 3944462).
LogModuleManager: Display: Found up-to-date module file ../../../Engine/Plugins/Runtime/AndroidDeviceProfileSelector/Binaries/Win64/UE4Editor-AndroidDeviceProfileSelector.dll (API version 3944462).
LogModuleManager: Display: Found up-to-date module file ../../../Engine/Plugins/Runtime/AndroidPermission/Binaries/Win64/UE4Editor-AndroidPermission.dll (API version 3944462).
LogModuleManager: Display: Found up-to-date module file ../../../Engine/Plugins/Runtime/AppleARKit/Binaries/Win64/UE4Editor-AppleARKit.dll (API version 3944462).
LogModuleManager: Display: Found up-to-date module file ../../../Engine/Plugins/Runtime/ArchVisCharacter/Binaries/Win64/UE4Editor-ArchVisCharacter.dll (API version 3944462).
LogModuleManager: Display: Found up-to-date module file ../../../Engine/Plugins/Runtime/AudioCapture/Binaries/Win64/UE4Editor-AudioCapture.dll (API version 3944462).
LogModuleManager: Display: Found up-to-date module file ../../../Engine/Plugins/Runtime/AudioCapture/Binaries/Win64/UE4Editor-AudioCaptureEditor.dll (API version 3944462).
LogModuleManager: Display: Found up-to-date module file ../../../Engine/Plugins/Runtime/CableComponent/Binaries/Win64/UE4Editor-CableComponent.dll (API version 3944462).
LogModuleManager: Display: Found up-to-date module file ../../../Engine/Plugins/Runtime/CustomMeshComponent/Binaries/Win64/UE4Editor-CustomMeshComponent.dll (API version 3944462).
LogModuleManager: Display: Found up-to-date module file ../../../Engine/Plugins/Runtime/ExampleDeviceProfileSelector/Binaries/Win64/UE4Editor-ExampleDeviceProfileSelector.dll (API version 3944462).
LogModuleManager: Display: Found up-to-date module file ../../../Engine/Plugins/Runtime/ImmediatePhysics/Binaries/Win64/UE4Editor-ImmediatePhysics.dll (API version 3944462).
LogModuleManager: Display: Found up-to-date module file ../../../Engine/Plugins/Runtime/ImmediatePhysics/Binaries/Win64/UE4Editor-ImmediatePhysicsEditor.dll (API version 3944462).
LogModuleManager: Display: Found up-to-date module file ../../../Engine/Plugins/Runtime/LocationServicesBPLibrary/Binaries/Win64/UE4Editor-LocationServicesBPLibrary.dll (API version 3944462).
LogModuleManager: Display: Found up-to-date module file ../../../Engine/Plugins/Runtime/MobilePatchingUtils/Binaries/Win64/UE4Editor-MobilePatchingUtils.dll (API version 3944462).
LogModuleManager: Display: Found up-to-date module file ../../../Engine/Plugins/Runtime/Oculus/OculusVR/Binaries/Win64/UE4Editor-OculusHMD.dll (API version 3944462).
LogModuleManager: Display: Found up-to-date module file ../../../Engine/Plugins/Runtime/Oculus/OculusVR/Binaries/Win64/UE4Editor-OculusInput.dll (API version 3944462).
LogModuleManager: Display: Found up-to-date module file ../../../Engine/Plugins/Runtime/Oculus/OculusVR/Binaries/Win64/UE4Editor-OculusEditor.dll (API version 3944462).
LogModuleManager: Display: Found up-to-date module file ../../../Engine/Plugins/Runtime/PhysXVehicles/Binaries/Win64/UE4Editor-PhysXVehicles.dll (API version 3944462).
LogModuleManager: Display: Found up-to-date module file ../../../Engine/Plugins/Runtime/PhysXVehicles/Binaries/Win64/UE4Editor-PhysXVehiclesEditor.dll (API version 3944462).
LogModuleManager: Display: Found up-to-date module file ../../../Engine/Plugins/Runtime/ProceduralMeshComponent/Binaries/Win64/UE4Editor-ProceduralMeshComponent.dll (API version 3944462).
LogModuleManager: Display: Found up-to-date module file ../../../Engine/Plugins/Runtime/ProceduralMeshComponent/Binaries/Win64/UE4Editor-ProceduralMeshComponentEditor.dll (API version 3944462).
LogModuleManager: Display: Found up-to-date module file ../../../Engine/Plugins/Runtime/RuntimePhysXCooking/Binaries/Win64/UE4Editor-RuntimePhysXCooking.dll (API version 3944462).
LogModuleManager: Display: Found up-to-date module file ../../../Engine/Plugins/Runtime/Steam/SteamVR/Binaries/Win64/UE4Editor-SteamVR.dll (API version 3944462).
LogModuleManager: Display: Found up-to-date module file ../../../Engine/Plugins/Runtime/Steam/SteamVR/Binaries/Win64/UE4Editor-SteamVRController.dll (API version 3944462).
LogModuleManager: Display: Found up-to-date module file ../../../Engine/Plugins/Runtime/WindowsMoviePlayer/Binaries/Win64/UE4Editor-WindowsMoviePlayer.dll (API version 3944462).
LogInit: Using libcurl 7.47.1
LogInit:  - built for x86_64-pc-win32
LogInit:  - supports SSL with OpenSSL/1.0.2g
LogInit:  - supports HTTP deflate (compression) using libz 1.2.8
LogInit:  - other features:
LogInit:      CURL_VERSION_SSL
LogInit:      CURL_VERSION_LIBZ
LogInit:      CURL_VERSION_IPV6
LogInit:      CURL_VERSION_ASYNCHDNS
LogInit:      CURL_VERSION_LARGEFILE
LogInit:      CURL_VERSION_IDN
LogInit:  CurlRequestOptions (configurable via config and command line):
LogInit:  - bVerifyPeer = false  - Libcurl will NOT verify peer certificate
LogInit:  - bUseHttpProxy = false  - Libcurl will NOT use HTTP proxy
LogInit:  - bDontReuseConnections = false  - Libcurl will reuse connections
LogInit:  - CertBundlePath = nullptr  - Libcurl will use whatever was configured at build time.
LogInit:  - MaxHostConnections = 16  - Libcurl will limit the number of connections to a host
LogInit:  - LocalHostAddr = Default
LogInit: WinSock: version 1.1 (2.2), MaxSocks=32767, MaxUdp=65467
LogInit: WinSock: I am DESKTOP-7F2F2D9 (211.57.218.160:0)
LogInit: Build: ++UE4+Release-4.19-CL-4033788
LogInit: Engine Version: 4.19.2-4033788+++UE4+Release-4.19
LogInit: Compatible Engine Version: 4.19.0-3944462+++UE4+Release-4.19
LogInit: Net CL: 3944462
LogDevObjectVersion: Number of dev versions registered: 18
LogDevObjectVersion:   Dev-Blueprints (B0D832E4-1F89-4F0D-ACCF-7EB736FD4AA2): 10
LogDevObjectVersion:   Dev-Build (E1C64328-A22C-4D53-A36C-8E866417BD8C): 0
LogDevObjectVersion:   Dev-Core (375EC13C-06E4-48FB-B500-84F0262A717E): 2
LogDevObjectVersion:   Dev-Editor (E4B068ED-F494-42E9-A231-DA0B2E46BB41): 23
LogDevObjectVersion:   Dev-Framework (CFFC743F-43B0-4480-9391-14DF171D2073): 33
LogDevObjectVersion:   Dev-Mobile (B02B49B5-BB20-44E9-A304-32B752E40360): 2
LogDevObjectVersion:   Dev-Networking (A4E4105C-59A1-49B5-A7C5-40C4547EDFEE): 0
LogDevObjectVersion:   Dev-Online (39C831C9-5AE6-47DC-9A44-9C173E1C8E7C): 0
LogDevObjectVersion:   Dev-Physics (78F01B33-EBEA-4F98-B9B4-84EACCB95AA2): 0
LogDevObjectVersion:   Dev-Platform (6631380F-2D4D-43E0-8009-CF276956A95A): 0
LogDevObjectVersion:   Dev-Rendering (12F88B9F-8875-4AFC-A67C-D90C383ABD29): 25
LogDevObjectVersion:   Dev-Sequencer (7B5AE74C-D270-4C10-A958-57980B212A5A): 6
LogDevObjectVersion:   Dev-VR (D7296918-1DD6-4BDD-9DE2-64A83CC13884): 1
LogDevObjectVersion:   Dev-LoadTimes (C2A15278-BFE7-4AFE-6C17-90FF531DF755): 1
LogDevObjectVersion:   Private-Geometry (6EACA3D4-40EC-4CC1-B786-8BED09428FC5): 2
LogDevObjectVersion:   Dev-AnimPhys (29E575DD-E0A3-4627-9D10-D276232CDCEA): 16
LogDevObjectVersion:   Dev-ReflectionCapture (6B266CEC-1EC7-4B8F-A30B-E4D90942FC07): 1
LogDevObjectVersion:   Dev-Automation (0DF73D61-A23F-47EA-B727-89E90C41499A): 1
LogInit: Compiled (64-bit): Apr 27 2018 02:06:57
LogInit: Compiled with Visual C++: 19.00.24215.01
LogInit: Build Configuration: Development
LogInit: Branch Name: ++UE4+Release-4.19
LogInit: Command Line:  
LogInit: Base Directory: D:/UE_4.19/Engine/Binaries/Win64/
LogInit: Installed Engine Build: 1
LogStreaming: Display: Took  0.001s to delete old logs.
LogInit: Presizing for max 8388607 objects, including 0 objects not considered by GC, pre-allocating 0 bytes for permanent pool.
LogInit: Object subsystem initialized
[2022.08.04-13.00.36:117][  0]LogInit: Selected Device Profile: [Windows]
[2022.08.04-13.00.36:117][  0]LogInit: Applying CVar settings loaded from the selected device profile: [Windows]
[2022.08.04-13.00.36:124][  0]LogInit: Computer: DESKTOP-7F2F2D9
[2022.08.04-13.00.36:124][  0]LogInit: User: guldd
[2022.08.04-13.00.36:124][  0]LogInit: CPU Page size=4096, Cores=6
[2022.08.04-13.00.36:124][  0]LogInit: High frequency timer resolution =10.000000 MHz
[2022.08.04-13.00.36:124][  0]LogMemory: Memory total: Physical=15.9GB (16GB approx)
[2022.08.04-13.00.36:124][  0]LogMemory: Platform Memory Stats for Windows
[2022.08.04-13.00.36:124][  0]LogMemory: Process Physical Memory: 277.25 MB used, 277.25 MB peak
[2022.08.04-13.00.36:124][  0]LogMemory: Process Virtual Memory: 271.59 MB used, 271.59 MB peak
[2022.08.04-13.00.36:124][  0]LogMemory: Physical Memory: 6578.60 MB used,  9730.68 MB free, 16309.28 MB total
[2022.08.04-13.00.36:124][  0]LogMemory: Virtual Memory: 4800.46 MB used,  9730.68 MB free, 134217728.00 MB total
[2022.08.04-13.00.36:211][  0]LogInit: Using OS detected language (ko-KR).
[2022.08.04-13.00.36:211][  0]LogInit: Using OS detected locale (ko-KR).
[2022.08.04-13.00.36:215][  0]LogTextLocalizationManager: No specific localization for 'ko-KR' exists, so the 'ko' localization will be used.
[2022.08.04-13.00.36:525][  0]LogStreaming: Display: Took  0.314s to EndInitTextLocalization.
[2022.08.04-13.00.36:525][  0]LogInit: Setting process to per monitor DPI aware
[2022.08.04-13.00.36:572][  0]LogSlate: New Slate User Created.  User Index 0, Is Virtual User: 0
[2022.08.04-13.00.36:573][  0]LogSlate: Slate User Registered.  User Index 0, Is Virtual User: 0
[2022.08.04-13.00.36:842][  0]LogD3D11RHI: D3D11 adapters:
[2022.08.04-13.00.36:960][  0]LogD3D11RHI:    0. 'NVIDIA GeForce RTX 3060 Ti' (Feature Level 11_0)
[2022.08.04-13.00.36:960][  0]LogD3D11RHI:       8050/0/8154 MB DedicatedVideo/DedicatedSystem/SharedSystem, Outputs:1, VendorId:0x10de
[2022.08.04-13.00.36:962][  0]LogD3D11RHI:    1. 'Microsoft Basic Render Driver' (Feature Level 11_0)
[2022.08.04-13.00.36:962][  0]LogD3D11RHI:       0/0/8154 MB DedicatedVideo/DedicatedSystem/SharedSystem, Outputs:0, VendorId:0x1414
[2022.08.04-13.00.36:962][  0]LogD3D11RHI: Chosen D3D11 Adapter: 0
[2022.08.04-13.00.36:967][  0]LogD3D11RHI: Creating new Direct3DDevice
[2022.08.04-13.00.36:967][  0]LogD3D11RHI:     GPU DeviceId: 0x2486 (for the marketing name, search the web for "GPU Device Id")
[2022.08.04-13.00.36:967][  0]LogWindows: EnumDisplayDevices:
[2022.08.04-13.00.36:968][  0]LogWindows:    0. 'NVIDIA GeForce RTX 3060 Ti' (P:1 D:1)
[2022.08.04-13.00.36:968][  0]LogWindows:    1. 'NVIDIA GeForce RTX 3060 Ti' (P:0 D:0)
[2022.08.04-13.00.36:969][  0]LogWindows:    2. 'NVIDIA GeForce RTX 3060 Ti' (P:0 D:0)
[2022.08.04-13.00.36:969][  0]LogWindows:    3. 'NVIDIA GeForce RTX 3060 Ti' (P:0 D:0)
[2022.08.04-13.00.36:969][  0]LogWindows: DebugString: GetVideoDriverDetailsInvalid PrimaryIsNotTheChoosenAdapter GetVideoDriverDetailsInvalid PrimaryIsNotTheChoosenAdapter GetVideoDriverDetailsInvalid PrimaryIsNotTheChoosenAdapter GetVideoDriverDetailsInvalid PrimaryIsNotTheChoosenAdapter FoundDriverCount:0 
[2022.08.04-13.00.36:969][  0]LogD3D11RHI:     Adapter Name: NVIDIA GeForce RTX 3060 Ti
[2022.08.04-13.00.36:969][  0]LogD3D11RHI:   Driver Version: Unknown (internal:Unknown, unified:Unknown)
[2022.08.04-13.00.36:969][  0]LogD3D11RHI:      Driver Date: Unknown
[2022.08.04-13.00.36:969][  0]LogRHI: Texture pool is 5635 MB (70% of 8050 MB)
[2022.08.04-13.00.37:048][  0]LogD3D11RHI: [Aftermath] Aftermath enabled and primed
[2022.08.04-13.00.37:048][  0]LogD3D11RHI: [Aftermath] Aftermath enabled and primed
[2022.08.04-13.00.37:048][  0]LogD3D11RHI: Async texture creation enabled
[2022.08.04-13.00.37:061][  0]LogD3D11RHI: GPU Timing Frequency: 1000.000000 (Debug: 2 1)
[2022.08.04-13.00.37:064][  0]LogShaderCompilers: Guid format shader working directory is 15 characters bigger than the processId version (../../../../UE4CPP/ArenaBattle/Intermediate/Shaders/WorkingDirectory/17700/).
[2022.08.04-13.00.37:064][  0]LogShaderCompilers: Cleaned the shader compiler working directory 'C:/Users/guldd/AppData/Local/Temp/UnrealShaderWorkingDir/63B2E94A48CF9ADAE027BABBA0A39E1F/'.
[2022.08.04-13.00.37:275][  0]LogTemp: Display: Loaded TP AllDesktopTargetPlatform
[2022.08.04-13.00.37:286][  0]LogTemp: Display: Loaded TP MacClientTargetPlatform
[2022.08.04-13.00.37:298][  0]LogTemp: Display: Loaded TP MacNoEditorTargetPlatform
[2022.08.04-13.00.37:309][  0]LogTemp: Display: Loaded TP MacServerTargetPlatform
[2022.08.04-13.00.37:321][  0]LogTemp: Display: Loaded TP MacTargetPlatform
[2022.08.04-13.00.37:333][  0]LogTemp: Display: Loaded TP WindowsClientTargetPlatform
[2022.08.04-13.00.37:345][  0]LogTemp: Display: Loaded TP WindowsNoEditorTargetPlatform
[2022.08.04-13.00.37:357][  0]LogTemp: Display: Loaded TP WindowsServerTargetPlatform
[2022.08.04-13.00.37:362][  0]LogTemp: Display: Loaded TP WindowsTargetPlatform
[2022.08.04-13.00.37:373][  0]LogTemp: Display: Loaded TP Android_ASTCTargetPlatform
[2022.08.04-13.00.37:383][  0]LogTemp: Display: Loaded TP Android_ATCTargetPlatform
[2022.08.04-13.00.37:393][  0]LogTemp: Display: Loaded TP Android_DXTTargetPlatform
[2022.08.04-13.00.37:404][  0]LogTemp: Display: Loaded TP Android_ETC1aTargetPlatform
[2022.08.04-13.00.37:414][  0]LogTemp: Display: Loaded TP Android_ETC1TargetPlatform
[2022.08.04-13.00.37:424][  0]LogTemp: Display: Loaded TP Android_ETC2TargetPlatform
[2022.08.04-13.00.37:445][  0]LogTemp: Display: Loaded TP Android_MultiTargetPlatform
[2022.08.04-13.00.37:445][  0]LogTemp: Display: Loaded TP Android_PVRTCTargetPlatform
[2022.08.04-13.00.37:458][  0]LogTemp: Display: Loaded TP AndroidTargetPlatform
[2022.08.04-13.00.37:459][  0]LogTemp: Display: Loaded TP HTML5TargetPlatform
[2022.08.04-13.00.37:496][  0]LogTemp: Display: Loaded TP IOSTargetPlatform
[2022.08.04-13.00.37:506][  0]LogTemp: Display: Loaded TP TVOSTargetPlatform
[2022.08.04-13.00.37:516][  0]LogTemp: Display: Loaded TP LinuxClientTargetPlatform
[2022.08.04-13.00.37:527][  0]LogTemp: Display: Loaded TP LinuxNoEditorTargetPlatform
[2022.08.04-13.00.37:537][  0]LogTemp: Display: Loaded TP LinuxServerTargetPlatform
[2022.08.04-13.00.37:548][  0]LogTemp: Display: Loaded TP LinuxTargetPlatform
[2022.08.04-13.00.37:548][  0]LogTargetPlatformManager: Display: Building Assets For Windows
[2022.08.04-13.00.37:656][  0]LogXGEController: Cleaning working directory: C:/Users/guldd/AppData/Local/Temp/UnrealXGEWorkingDir/
[2022.08.04-13.00.37:657][  0]LogXGEController: Cannot use XGE Controller as Incredibuild is not installed on this machine.
[2022.08.04-13.00.37:657][  0]LogShaderCompilers: Cannot use XGE Shader Compiler as Incredibuild is not installed on this machine.
[2022.08.04-13.00.37:657][  0]LogShaderCompilers: Display: Using Local Shader Compiler.
[2022.08.04-13.00.38:238][  0]LogDerivedDataCache: Display: Max Cache Size: 512 MB
[2022.08.04-13.00.38:302][  0]LogDerivedDataCache: Loaded boot cache 0.06s 86MB C:/Users/guldd/AppData/Local/UnrealEngine/4.19/DerivedDataCache/Boot.ddc.
[2022.08.04-13.00.38:302][  0]LogDerivedDataCache: Display: Loaded Boot cache: C:/Users/guldd/AppData/Local/UnrealEngine/4.19/DerivedDataCache/Boot.ddc
[2022.08.04-13.00.38:302][  0]LogDerivedDataCache: FDerivedDataBackendGraph:  Pak pak cache file ../../../../UE4CPP/ArenaBattle/DerivedDataCache/DDC.ddp not found, will not use a pak cache.
[2022.08.04-13.00.38:302][  0]LogDerivedDataCache: Unable to find inner node Pak for hierarchical cache Hierarchy.
[2022.08.04-13.00.38:302][  0]LogDerivedDataCache: FDerivedDataBackendGraph:  CompressedPak pak cache file ../../../../UE4CPP/ArenaBattle/DerivedDataCache/Compressed.ddp not found, will not use a pak cache.
[2022.08.04-13.00.38:302][  0]LogDerivedDataCache: Unable to find inner node CompressedPak for hierarchical cache Hierarchy.
[2022.08.04-13.00.38:314][  0]LogDerivedDataCache: Display: Pak cache opened for reading ../../../Engine/DerivedDataCache/Compressed.ddp.
[2022.08.04-13.00.38:327][  0]LogDerivedDataCache: Using Local data cache path C:/Users/guldd/AppData/Local/UnrealEngine/Common/DerivedDataCache: Writable
[2022.08.04-13.00.38:327][  0]LogDerivedDataCache: Shared data cache path not found in *engine.ini, will not use an Shared cache.
[2022.08.04-13.00.38:327][  0]LogDerivedDataCache: Unable to find inner node Shared for hierarchical cache Hierarchy.
[2022.08.04-13.00.38:337][  0]LogMaterial: Verifying Global Shaders for PCD3D_SM5
[2022.08.04-13.00.38:337][  0]LogSlate: Using Freetype 2.6.0
[2022.08.04-13.00.38:338][  0]LogSlate: SlateFontCache - WITH_FREETYPE: 1, WITH_HARFBUZZ: 1
[2022.08.04-13.00.38:338][  0]LogSlate: SlateFontCache - WITH_FREETYPE: 1, WITH_HARFBUZZ: 1
[2022.08.04-13.00.38:467][  0]LogAssetRegistry: FAssetRegistry took 0.0251 seconds to start up
[2022.08.04-13.00.38:711][  0]LogInit: Selected Device Profile: [Windows]
[2022.08.04-13.00.38:835][  0]LogSimplygon: Simplygon DLL not present - disabling.
[2022.08.04-13.00.38:837][  0]LogMeshReduction: Using SimplygonSwarm for distributed automatic mesh merging
[2022.08.04-13.00.38:838][  0]LogMeshReduction: Using QuadricMeshReduction for automatic static mesh reduction
[2022.08.04-13.00.38:838][  0]LogMeshReduction: No automatic skeletal mesh reduction module available
[2022.08.04-13.00.38:838][  0]LogMeshReduction: No automatic mesh merging module available
[2022.08.04-13.00.38:838][  0]LogMeshMerging: No automatic mesh merging module available
[2022.08.04-13.00.38:867][  0]LogNetVersion: ArenaBattle , NetCL: 3944462, EngineNetVer: 2, GameNetVer: 0 (Checksum: 3555152549)
[2022.08.04-13.00.39:211][  0]LogPackageLocalizationCache: Processed 9 localized package path(s) for 2 prioritized culture(s) in 0.053175 seconds
[2022.08.04-13.00.39:215][  0]LogUObjectArray: 36728 objects as part of root set at end of initial load.
[2022.08.04-13.00.39:215][  0]LogUObjectAllocator: 7314312 out of 0 bytes used by permanent object pool.
[2022.08.04-13.00.39:215][  0]LogUObjectArray: CloseDisregardForGC: 0/0 objects in disregard for GC pool
[2022.08.04-13.00.40:798][  0]LogTcpMessaging: Initializing TcpMessaging bridge
[2022.08.04-13.00.40:831][  0]LogUdpMessaging: Initializing bridge on interface 0.0.0.0:0 to multicast group 230.0.0.1:6666.
[2022.08.04-13.00.41:109][  0]LogWindows: Windows GetLastError: 작업을 완료했습니다. (0)
[2022.08.04-13.00.46:184][  0]LogWindows: Failed to preload 'D:/UE4CPP/ArenaBattle/Binaries/Win64/UE4Editor-ArenaBattleSetting.dll' (GetLastError=1114)
[2022.08.04-13.00.46:247][  0]LogSkeletalMesh: Skeletal Mesh found in DDC [0.294700ms] /Game/InfinityBladeWarriors/Character/CompleteCharacters/SK_CharM_Cardboard.SK_CharM_Cardboard
[2022.08.04-13.00.46:258][  0]LogUObjectGlobals: Created PersistentFrame Addr=0x00000204bfcbc478, Size=20, Default__WarriorAnimBlueprint_C Function /Game/Animations/WarriorAnimBlueprint.WarriorAnimBlueprint_C:ExecuteUbergraph_WarriorAnimBlueprint
[2022.08.04-13.00.46:264][  0]LogUObjectGlobals: Destroyed PersistentFrame Addr=0x00000204bfcbc478, Size=20
[2022.08.04-13.00.46:264][  0]LogUObjectGlobals: Created PersistentFrame Addr=0x00000204c0707070, Size=20, Default__WarriorAnimBlueprint_C Function /Engine/Transient.REINST_WarriorAnimBlueprint_C_0:ExecuteUbergraph_WarriorAnimBlueprint
[2022.08.04-13.00.46:270][  0]LogUObjectGlobals: Created PersistentFrame Addr=0x00000204c0705450, Size=20, Default__WarriorAnimBlueprint_C Function /Game/Animations/WarriorAnimBlueprint.WarriorAnimBlueprint_C:ExecuteUbergraph_WarriorAnimBlueprint
[2022.08.04-13.00.46:289][  0]LogSkeletalMesh: Skeletal Mesh found in DDC [0.056700ms] /Game/InfinityBladeWeapons/Weapons/Blade/Swords/Blade_BlackKnight/SK_Blade_BlackKnight.SK_Blade_BlackKnight
[2022.08.04-13.00.46:565][  0]SourceControl: 소스 콘트롤이 꺼졌습니다.
[2022.08.04-13.00.46:565][  0]SourceControl: 소스 콘트롤이 꺼졌습니다.
[2022.08.04-13.00.46:584][  0]SourceControl: 소스 콘트롤이 꺼졌습니다.
[2022.08.04-13.00.46:604][  0]SourceControl: 소스 콘트롤이 꺼졌습니다.
[2022.08.04-13.00.47:112][  0]LogAndroidPermission: UAndroidPermissionCallbackProxy::GetInstance
[2022.08.04-13.00.47:367][  0]LogOcInput: OculusInput pre-init called
[2022.08.04-13.00.47:472][  0]LogEngine: Initializing Engine...
[2022.08.04-13.00.47:474][  0]LogHMD: Failed to initialize OpenVR with code 110
[2022.08.04-13.00.47:476][  0]LogStats: UGameplayTagsManager::ConstructGameplayTagTree: Construct from data asset -  0.000 s
[2022.08.04-13.00.47:476][  0]LogStats: UGameplayTagsManager::ConstructGameplayTagTree: GameplayTagTreeChangedEvent.Broadcast -  0.000 s
[2022.08.04-13.00.47:676][  0]LogAIModule: Creating AISystem for world Untitled
[2022.08.04-13.00.47:745][  0]LogInit: XAudio2 using '스피커(High Definition Audio Device)' : 2 channels at 48 kHz using 16 bits per sample (channel mask 0x3)
[2022.08.04-13.00.47:774][  0]LogInit: FAudioDevice initialized.
[2022.08.04-13.00.49:291][  0]LogDerivedDataCache: Saved boot cache 1.52s 86MB C:/Users/guldd/AppData/Local/UnrealEngine/4.19/DerivedDataCache/Boot.ddc.
[2022.08.04-13.00.49:320][  0]LogInit: Texture streaming: Enabled
[2022.08.04-13.00.49:337][  0]LogEngineSessionManager: EngineSessionManager initialized
[2022.08.04-13.00.49:337][  0]LogEngineSessionManager: EngineSessionManager sent abnormal shutdown report. Type=Crashed, SessionId={3D6ABC15-4C0E-A026-1158-D0AB9DC0529A}
[2022.08.04-13.00.49:347][  0]LogInit: Transaction tracking system initialized
[2022.08.04-13.00.49:367][  0]BlueprintLog: New page: 에디터 로드
[2022.08.04-13.00.49:435][  0]LocalizationService: 현지화 서비스가 비활성화되었습니다.
[2022.08.04-13.00.49:526][  0]LogConsoleResponse: Display: 
[2022.08.04-13.00.49:652][  0]LogCook: Display: Max memory allowance for cook 16384mb min free memory 0mb
[2022.08.04-13.00.49:652][  0]LogCook: Display: Mobile HDR setting 1
[2022.08.04-13.00.49:652][  0]LogGameplayTags: Display: UGameplayTagsManager::DoneAddingNativeTags. DelegateIsBound: 0
[2022.08.04-13.00.49:652][  0]LogStats: UGameplayTagsManager::ConstructGameplayTagTree: Construct from data asset -  0.000 s
[2022.08.04-13.00.49:652][  0]LogStats: UGameplayTagsManager::ConstructGameplayTagTree: GameplayTagTreeChangedEvent.Broadcast -  0.000 s
[2022.08.04-13.00.50:040][  0]LogFileCache: Scanning file cache for directory 'D:/UE4CPP/ArenaBattle/Content/' took 0.03s
[2022.08.04-13.00.50:040][  0]SourceControl: 소스 콘트롤이 꺼졌습니다.
[2022.08.04-13.00.50:040][  0]Cmd: MAP LOAD FILE="../../../../UE4CPP/ArenaBattle/Content/Maps/Title.umap" TEMPLATE=0 SHOWPROGRESS=1 FEATURELEVEL=3
[2022.08.04-13.00.50:040][  0]LightingResults: New page: 라이팅 빌드
[2022.08.04-13.00.50:042][  0]MapCheck: New page: 맵 체크
[2022.08.04-13.00.50:042][  0]LightingResults: New page: 라이팅 빌드
[2022.08.04-13.00.50:050][  0]LogUObjectGlobals: Destroyed PersistentFrame Addr=0x00000204c0707070, Size=20
[2022.08.04-13.00.50:066][  0]LogAIModule: Creating AISystem for world Title
[2022.08.04-13.00.50:066][  0]LogEditorServer: Finished looking for orphan Actors (0.000 secs)
[2022.08.04-13.00.53:851][  0]LogWindows: Error: === Critical error: ===
[2022.08.04-13.00.53:851][  0]LogWindows: Error: 
[2022.08.04-13.00.53:851][  0]LogWindows: Error: Fatal error: [File:D:\Build\++UE4+Release-4.19+Compile\Sync\Engine\Source\Runtime\CoreUObject\Private\UObject\UObjectGlobals.cpp] [Line: 2324] 
[2022.08.04-13.00.53:851][  0]LogWindows: Error: Objects have the same fully qualified name but different paths.
[2022.08.04-13.00.53:851][  0]LogWindows: Error: 	New Object: ABCharacterSetting /Script/ArenaBattleSetting.Default__ABCharacterSetting
[2022.08.04-13.00.53:851][  0]LogWindows: Error: 	Existing Object: ABCharacterSetting /Script/ArenaBattleSetting.Default__ABCharacterSetting
[2022.08.04-13.00.53:851][  0]LogWindows: Error: 
[2022.08.04-13.00.53:851][  0]LogWindows: Error: 
[2022.08.04-13.00.53:851][  0]LogWindows: Error: Unhandled Exception: EXCEPTION_ACCESS_VIOLATION reading address 0xffffffff
[2022.08.04-13.00.53:852][  0]LogWindows: Error: 
[2022.08.04-13.00.53:852][  0]LogWindows: Error: [Callstack] 0x0000000029685889 UE4Editor-CoreUObject.dll!UObjectBaseUtility::GetFullName() [d:\build\++ue4+release-4.19+compile\sync\engine\source\runtime\coreuobject\private\uobject\uobjectbaseutility.cpp:81]
[2022.08.04-13.00.53:852][  0]LogWindows: Error: [Callstack] 0x000000002955DAB5 UE4Editor-CoreUObject.dll!FRealtimeGC::MarkObjectsAsUnreachable() [d:\build\++ue4+release-4.19+compile\sync\engine\source\runtime\coreuobject\private\uobject\garbagecollection.cpp:730]
[2022.08.04-13.00.53:852][  0]LogWindows: Error: [Callstack] 0x0000000029562045 UE4Editor-CoreUObject.dll!FRealtimeGC::PerformReachabilityAnalysisOnObjects() [d:\build\++ue4+release-4.19+compile\sync\engine\source\runtime\coreuobject\private\uobject\garbagecollection.cpp:872]
[2022.08.04-13.00.53:852][  0]LogWindows: Error: [Callstack] 0x0000000029561C93 UE4Editor-CoreUObject.dll!FRealtimeGC::PerformReachabilityAnalysis() [d:\build\++ue4+release-4.19+compile\sync\engine\source\runtime\coreuobject\private\uobject\garbagecollection.cpp:856]
[2022.08.04-13.00.53:852][  0]LogWindows: Error: [Callstack] 0x000000002952B55C UE4Editor-CoreUObject.dll!CollectGarbageInternal() [d:\build\++ue4+release-4.19+compile\sync\engine\source\runtime\coreuobject\private\uobject\garbagecollection.cpp:1418]
[2022.08.04-13.00.53:852][  0]LogWindows: Error: [Callstack] 0x000000002952A215 UE4Editor-CoreUObject.dll!CollectGarbage() [d:\build\++ue4+release-4.19+compile\sync\engine\source\runtime\coreuobject\private\uobject\garbagecollection.cpp:1537]
[2022.08.04-13.00.53:852][  0]LogWindows: Error: [Callstack] 0x00000000F5D5EE98 UE4Editor-UnrealEd.dll!UEditorEngine::Map_Load() [d:\build\++ue4+release-4.19+compile\sync\engine\source\editor\unrealed\private\editorserver.cpp:2708]
[2022.08.04-13.00.53:852][  0]LogWindows: Error: [Callstack] 0x00000000F5D4EEC5 UE4Editor-UnrealEd.dll!UEditorEngine::HandleMapCommand() [d:\build\++ue4+release-4.19+compile\sync\engine\source\editor\unrealed\private\editorserver.cpp:5966]
[2022.08.04-13.00.53:852][  0]LogWindows: Error: [Callstack] 0x00000000F5D32FE2 UE4Editor-UnrealEd.dll!UEditorEngine::Exec() [d:\build\++ue4+release-4.19+compile\sync\engine\source\editor\unrealed\private\editorserver.cpp:5443]
[2022.08.04-13.00.53:852][  0]LogWindows: Error: [Callstack] 0x00000000F65B0489 UE4Editor-UnrealEd.dll!UUnrealEdEngine::Exec() [d:\build\++ue4+release-4.19+compile\sync\engine\source\editor\unrealed\private\unrealedsrv.cpp:696]
[2022.08.04-13.00.53:852][  0]LogWindows: Error: [Callstack] 0x00000000F6031E3B UE4Editor-UnrealEd.dll!FEditorFileUtils::LoadMap() [d:\build\++ue4+release-4.19+compile\sync\engine\source\editor\unrealed\private\filehelpers.cpp:2234]
[2022.08.04-13.00.53:852][  0]LogWindows: Error: [Callstack] 0x00000000F6031A8F UE4Editor-UnrealEd.dll!FEditorFileUtils::LoadDefaultMapAtStartup() [d:\build\++ue4+release-4.19+compile\sync\engine\source\editor\unrealed\private\filehelpers.cpp:3597]
[2022.08.04-13.00.53:852][  0]LogWindows: Error: [Callstack] 0x00000000F65685DE UE4Editor-UnrealEd.dll!FUnrealEdMisc::OnInit() [d:\build\++ue4+release-4.19+compile\sync\engine\source\editor\unrealed\private\unrealedmisc.cpp:350]
[2022.08.04-13.00.53:852][  0]LogWindows: Error: [Callstack] 0x00000000F6533CA3 UE4Editor-UnrealEd.dll!EditorInit() [d:\build\++ue4+release-4.19+compile\sync\engine\source\editor\unrealed\private\unrealedglobals.cpp:97]
[2022.08.04-13.00.53:852][  0]LogWindows: Error: [Callstack] 0x0000000014A06AC6 UE4Editor.exe!GuardedMain() [d:\build\++ue4+release-4.19+compile\sync\engine\source\runtime\launch\private\launch.cpp:150]
[2022.08.04-13.00.53:852][  0]LogWindows: Error: [Callstack] 0x0000000014A06C4A UE4Editor.exe!GuardedMainWrapper() [d:\build\++ue4+release-4.19+compile\sync\engine\source\runtime\launch\private\windows\launchwindows.cpp:144]
[2022.08.04-13.00.53:852][  0]LogWindows: Error: [Callstack] 0x0000000014A14177 UE4Editor.exe!WinMain() [d:\build\++ue4+release-4.19+compile\sync\engine\source\runtime\launch\private\windows\launchwindows.cpp:223]
[2022.08.04-13.00.53:852][  0]LogWindows: Error: [Callstack] 0x0000000014A15B87 UE4Editor.exe!__scrt_common_main_seh() [f:\dd\vctools\crt\vcstartup\src\startup\exe_common.inl:253]
[2022.08.04-13.00.53:852][  0]LogWindows: Error: [Callstack] 0x0000000089EA7034 KERNEL32.DLL!UnknownFunction []
[2022.08.04-13.00.53:852][  0]LogWindows: Error: [Callstack] 0x000000008B9A2651 ntdll.dll!UnknownFunction []
[2022.08.04-13.00.53:852][  0]LogWindows: Error: [Callstack] 0x000000008B9A2651 ntdll.dll!UnknownFunction []
[2022.08.04-13.00.53:852][  0]LogWindows: Error: 
[2022.08.04-13.00.53:868][  0]LogExit: Executing StaticShutdownAfterError
