Log file open, 07/26/22 20:24:17
LogWindows: Failed to load 'aqProf.dll' (GetLastError=126)
LogWindows: File 'aqProf.dll' does not exist
LogWindows: Failed to load 'VtuneApi.dll' (GetLastError=126)
LogWindows: File 'VtuneApi.dll' does not exist
LogWindows: Failed to load 'VtuneApi32e.dll' (GetLastError=126)
LogWindows: File 'VtuneApi32e.dll' does not exist
LogInit: Display: Running engine for game: ArenaBattle
LogPlatformFile: Not using cached read wrapper
LogInit: Display: RandInit(-438669761) SRandInit(-438669760).
LogInit: Read version file with build ID '3944462'
LogInit: Overriding engine version to CL 4033788, compatible CL 3944462
LogInit: Registered custom module enumerator with build ID '3944462'
LogTaskGraph: Started task graph with 5 named threads and 35 total threads with 3 sets of task threads.
LogStats: Stats thread started at 0.531314
LogD3D11RHI: Aftermath initialized
LogICUInternationalization: Display: ICU TimeZone Detection - Raw Offset: +9:00, Platform Override: ''
LogPluginManager: Mounting plugin Paper2D
LogPluginManager: Mounting plugin LiveLink
LogPluginManager: Mounting plugin LightPropagationVolume
LogPluginManager: Mounting plugin CLionSourceCodeAccess
LogPluginManager: Mounting plugin CodeLiteSourceCodeAccess
LogPluginManager: Mounting plugin GitSourceControl
LogPluginManager: Mounting plugin KDevelopSourceCodeAccess
LogPluginManager: Mounting plugin NullSourceCodeAccess
LogPluginManager: Mounting plugin PerforceSourceControl
LogPluginManager: Mounting plugin SubversionSourceControl
LogPluginManager: Mounting plugin UObjectPlugin
LogPluginManager: Mounting plugin VisualStudioCodeSourceCodeAccess
LogPluginManager: Mounting plugin VisualStudioSourceCodeAccess
LogPluginManager: Mounting plugin XCodeSourceCodeAccess
LogPluginManager: Mounting plugin AssetManagerEditor
LogPluginManager: Mounting plugin CryptoKeys
LogPluginManager: Mounting plugin DataValidation
LogPluginManager: Mounting plugin FacialAnimation
LogPluginManager: Mounting plugin GameplayTagsEditor
LogPluginManager: Mounting plugin MobileLauncherProfileWizard
LogPluginManager: Mounting plugin PluginBrowser
LogPluginManager: Mounting plugin SpeedTreeImporter
LogPluginManager: Mounting plugin DatasmithContent
LogPluginManager: Mounting plugin AlembicImporter
LogPluginManager: Mounting plugin CharacterAI
LogPluginManager: Mounting plugin HTML5Networking
LogPluginManager: Mounting plugin AndroidMedia
LogPluginManager: Mounting plugin AvfMedia
LogPluginManager: Mounting plugin ImgMedia
LogPluginManager: Mounting plugin LinearTimecode
LogPluginManager: Mounting plugin MediaCompositing
LogPluginManager: Mounting plugin MediaPlayerEditor
LogPluginManager: Mounting plugin WmfMedia
LogPluginManager: Mounting plugin TcpMessaging
LogPluginManager: Mounting plugin UdpMessaging
LogPluginManager: Mounting plugin ActorSequence
LogPluginManager: Mounting plugin LevelSequenceEditor
LogPluginManager: Mounting plugin MatineeToLevelSequence
LogPluginManager: Mounting plugin NetcodeUnitTest
LogPluginManager: Mounting plugin NUTUnrealEngine4
LogPluginManager: Mounting plugin OnlineSubsystemGooglePlay
LogPluginManager: Mounting plugin OnlineSubsystemIOS
LogPluginManager: Mounting plugin OnlineSubsystem
LogPluginManager: Mounting plugin OnlineSubsystemNull
LogPluginManager: Mounting plugin OnlineSubsystemUtils
LogPluginManager: Mounting plugin AndroidDeviceProfileSelector
LogPluginManager: Mounting plugin AndroidMoviePlayer
LogPluginManager: Mounting plugin AndroidPermission
LogPluginManager: Mounting plugin AppleARKit
LogPluginManager: Mounting plugin AppleMoviePlayer
LogPluginManager: Mounting plugin ArchVisCharacter
LogPluginManager: Mounting plugin AudioCapture
LogPluginManager: Mounting plugin CableComponent
LogPluginManager: Mounting plugin CustomMeshComponent
LogPluginManager: Mounting plugin ExampleDeviceProfileSelector
LogPluginManager: Mounting plugin GoogleCloudMessaging
LogPluginManager: Mounting plugin ImmediatePhysics
LogPluginManager: Mounting plugin IOSDeviceProfileSelector
LogPluginManager: Mounting plugin LinuxDeviceProfileSelector
LogPluginManager: Mounting plugin LocationServicesBPLibrary
LogPluginManager: Mounting plugin MobilePatchingUtils
LogPluginManager: Mounting plugin OculusVR
LogPluginManager: Plugin shader directory ../../../Engine/Plugins/Runtime/Oculus/OculusVR/Shaders found
LogPluginManager: Mapping shader source directory ../../../Engine/Plugins/Runtime/Oculus/OculusVR/Shaders to virtual directory /Plugin/OculusVR
LogPluginManager: Mounting plugin PhysXVehicles
LogPluginManager: Mounting plugin ProceduralMeshComponent
LogPluginManager: Mounting plugin RuntimePhysXCooking
LogPluginManager: Mounting plugin SteamVR
LogPluginManager: Mounting plugin WindowsMoviePlayer
LogStreaming: Display: Took  0.702s to configure plugins.
LogModuleManager: Display: Found up-to-date module file ../../../../UE4CPP/ArenaBattle/Binaries/Win64/UE4Editor-ArenaBattleSetting-4427.dll (API version 3944462).
LogModuleManager: Display: Found up-to-date module file ../../../../UE4CPP/ArenaBattle/Binaries/Win64/UE4Editor-ArenaBattle-7073.dll (API version 3944462).
LogModuleManager: Display: Found up-to-date module file ../../../Engine/Plugins/2D/Paper2D/Binaries/Win64/UE4Editor-Paper2D.dll (API version 3944462).
LogModuleManager: Display: Found up-to-date module file ../../../Engine/Plugins/2D/Paper2D/Binaries/Win64/UE4Editor-Paper2DEditor.dll (API version 3944462).
LogModuleManager: Display: Found up-to-date module file ../../../Engine/Plugins/2D/Paper2D/Binaries/Win64/UE4Editor-PaperSpriteSheetImporter.dll (API version 3944462).
LogModuleManager: Display: Found up-to-date module file ../../../Engine/Plugins/2D/Paper2D/Binaries/Win64/UE4Editor-PaperTiledImporter.dll (API version 3944462).
LogModuleManager: Display: Found up-to-date module file ../../../Engine/Plugins/2D/Paper2D/Binaries/Win64/UE4Editor-SmartSnapping.dll (API version 3944462).
LogModuleManager: Display: Found up-to-date module file ../../../Engine/Plugins/Animation/LiveLink/Binaries/Win64/UE4Editor-LiveLink.dll (API version 3944462).
LogModuleManager: Display: Found up-to-date module file ../../../Engine/Plugins/Animation/LiveLink/Binaries/Win64/UE4Editor-LiveLinkEditor.dll (API version 3944462).
LogModuleManager: Display: Found up-to-date module file ../../../Engine/Plugins/Blendables/LightPropagationVolume/Binaries/Win64/UE4Editor-LightPropagationVolumeRuntime.dll (API version 3944462).
LogModuleManager: Display: Found up-to-date module file ../../../Engine/Plugins/Blendables/LightPropagationVolume/Binaries/Win64/UE4Editor-LightPropagationVolumeEditor.dll (API version 3944462).
LogModuleManager: Display: Found up-to-date module file ../../../Engine/Plugins/Developer/CLionSourceCodeAccess/Binaries/Win64/UE4Editor-CLionSourceCodeAccess.dll (API version 3944462).
LogModuleManager: Display: Found up-to-date module file ../../../Engine/Plugins/Developer/GitSourceControl/Binaries/Win64/UE4Editor-GitSourceControl.dll (API version 3944462).
LogModuleManager: Display: Found up-to-date module file ../../../Engine/Plugins/Developer/PerforceSourceControl/Binaries/Win64/UE4Editor-PerforceSourceControl.dll (API version 3944462).
LogModuleManager: Display: Found up-to-date module file ../../../Engine/Plugins/Developer/SubversionSourceControl/Binaries/Win64/UE4Editor-SubversionSourceControl.dll (API version 3944462).
LogModuleManager: Display: Found up-to-date module file ../../../Engine/Plugins/Developer/UObjectPlugin/Binaries/Win64/UE4Editor-UObjectPlugin.dll (API version 3944462).
LogModuleManager: Display: Found up-to-date module file ../../../Engine/Plugins/Developer/VisualStudioCodeSourceCodeAccess/Binaries/Win64/UE4Editor-VisualStudioCodeSourceCodeAccess.dll (API version 3944462).
LogModuleManager: Display: Found up-to-date module file ../../../Engine/Plugins/Developer/VisualStudioSourceCodeAccess/Binaries/Win64/UE4Editor-VisualStudioSourceCodeAccess.dll (API version 3944462).
LogModuleManager: Display: Found up-to-date module file ../../../Engine/Plugins/Editor/AssetManagerEditor/Binaries/Win64/UE4Editor-AssetManagerEditor.dll (API version 3944462).
LogModuleManager: Display: Found up-to-date module file ../../../Engine/Plugins/Editor/CryptoKeys/Binaries/Win64/UE4Editor-CryptoKeys.dll (API version 3944462).
LogModuleManager: Display: Found up-to-date module file ../../../Engine/Plugins/Editor/CryptoKeys/Binaries/Win64/UE4Editor-CryptoKeysOpenSSL.dll (API version 3944462).
LogModuleManager: Display: Found up-to-date module file ../../../Engine/Plugins/Editor/DataValidation/Binaries/Win64/UE4Editor-DataValidation.dll (API version 3944462).
LogModuleManager: Display: Found up-to-date module file ../../../Engine/Plugins/Editor/FacialAnimation/Binaries/Win64/UE4Editor-FacialAnimation.dll (API version 3944462).
LogModuleManager: Display: Found up-to-date module file ../../../Engine/Plugins/Editor/FacialAnimation/Binaries/Win64/UE4Editor-FacialAnimationEditor.dll (API version 3944462).
LogModuleManager: Display: Found up-to-date module file ../../../Engine/Plugins/Editor/GameplayTagsEditor/Binaries/Win64/UE4Editor-GameplayTagsEditor.dll (API version 3944462).
LogModuleManager: Display: Found up-to-date module file ../../../Engine/Plugins/Editor/MobileLauncherProfileWizard/Binaries/Win64/UE4Editor-MobileLauncherProfileWizard.dll (API version 3944462).
LogModuleManager: Display: Found up-to-date module file ../../../Engine/Plugins/Editor/PluginBrowser/Binaries/Win64/UE4Editor-PluginBrowser.dll (API version 3944462).
LogModuleManager: Display: Found up-to-date module file ../../../Engine/Plugins/Editor/SpeedTreeImporter/Binaries/Win64/UE4Editor-SpeedTreeImporter.dll (API version 3944462).
LogModuleManager: Display: Found up-to-date module file ../../../Engine/Plugins/Enterprise/DatasmithContent/Binaries/Win64/UE4Editor-DatasmithContent.dll (API version 3944462).
LogModuleManager: Display: Found up-to-date module file ../../../Engine/Plugins/Experimental/AlembicImporter/Binaries/Win64/UE4Editor-AlembicImporter.dll (API version 3944462).
LogModuleManager: Display: Found up-to-date module file ../../../Engine/Plugins/Experimental/AlembicImporter/Binaries/Win64/UE4Editor-AlembicLibrary.dll (API version 3944462).
LogModuleManager: Display: Found up-to-date module file ../../../Engine/Plugins/Experimental/CharacterAI/Binaries/Win64/UE4Editor-CharacterAI.dll (API version 3944462).
LogModuleManager: Display: Found up-to-date module file ../../../Engine/Plugins/Experimental/HTML5Networking/Binaries/Win64/UE4Editor-HTML5Networking.dll (API version 3944462).
LogModuleManager: Display: Found up-to-date module file ../../../Engine/Plugins/Media/AndroidMedia/Binaries/Win64/UE4Editor-AndroidMediaEditor.dll (API version 3944462).
LogModuleManager: Display: Found up-to-date module file ../../../Engine/Plugins/Media/AndroidMedia/Binaries/Win64/UE4Editor-AndroidMediaFactory.dll (API version 3944462).
LogModuleManager: Display: Found up-to-date module file ../../../Engine/Plugins/Media/AvfMedia/Binaries/Win64/UE4Editor-AvfMediaEditor.dll (API version 3944462).
LogModuleManager: Display: Found up-to-date module file ../../../Engine/Plugins/Media/AvfMedia/Binaries/Win64/UE4Editor-AvfMediaFactory.dll (API version 3944462).
LogModuleManager: Display: Found up-to-date module file ../../../Engine/Plugins/Media/AvfMedia/Binaries/Win64/UE4Editor-AvfMediaFactory.dll (API version 3944462).
LogModuleManager: Display: Found up-to-date module file ../../../Engine/Plugins/Media/ImgMedia/Binaries/Win64/UE4Editor-ImgMedia.dll (API version 3944462).
LogModuleManager: Display: Found up-to-date module file ../../../Engine/Plugins/Media/ImgMedia/Binaries/Win64/UE4Editor-ImgMediaEditor.dll (API version 3944462).
LogModuleManager: Display: Found up-to-date module file ../../../Engine/Plugins/Media/ImgMedia/Binaries/Win64/UE4Editor-ImgMediaFactory.dll (API version 3944462).
LogModuleManager: Display: Found up-to-date module file ../../../Engine/Plugins/Media/ImgMedia/Binaries/Win64/UE4Editor-ImgMediaFactory.dll (API version 3944462).
LogModuleManager: Display: Found up-to-date module file ../../../Engine/Plugins/Media/ImgMedia/Binaries/Win64/UE4Editor-OpenExrWrapper.dll (API version 3944462).
LogModuleManager: Display: Found up-to-date module file ../../../Engine/Plugins/Media/LinearTimecode/Binaries/Win64/UE4Editor-LinearTimecode.dll (API version 3944462).
LogModuleManager: Display: Found up-to-date module file ../../../Engine/Plugins/Media/MediaCompositing/Binaries/Win64/UE4Editor-MediaCompositing.dll (API version 3944462).
LogModuleManager: Display: Found up-to-date module file ../../../Engine/Plugins/Media/MediaCompositing/Binaries/Win64/UE4Editor-MediaCompositingEditor.dll (API version 3944462).
LogModuleManager: Display: Found up-to-date module file ../../../Engine/Plugins/Media/MediaPlayerEditor/Binaries/Win64/UE4Editor-MediaPlayerEditor.dll (API version 3944462).
LogModuleManager: Display: Found up-to-date module file ../../../Engine/Plugins/Media/WmfMedia/Binaries/Win64/UE4Editor-WmfMedia.dll (API version 3944462).
LogModuleManager: Display: Found up-to-date module file ../../../Engine/Plugins/Media/WmfMedia/Binaries/Win64/UE4Editor-WmfMediaEditor.dll (API version 3944462).
LogModuleManager: Display: Found up-to-date module file ../../../Engine/Plugins/Media/WmfMedia/Binaries/Win64/UE4Editor-WmfMediaFactory.dll (API version 3944462).
LogModuleManager: Display: Found up-to-date module file ../../../Engine/Plugins/Media/WmfMedia/Binaries/Win64/UE4Editor-WmfMediaFactory.dll (API version 3944462).
LogModuleManager: Display: Found up-to-date module file ../../../Engine/Plugins/Messaging/TcpMessaging/Binaries/Win64/UE4Editor-TcpMessaging.dll (API version 3944462).
LogModuleManager: Display: Found up-to-date module file ../../../Engine/Plugins/Messaging/UdpMessaging/Binaries/Win64/UE4Editor-UdpMessaging.dll (API version 3944462).
LogModuleManager: Display: Found up-to-date module file ../../../Engine/Plugins/MovieScene/ActorSequence/Binaries/Win64/UE4Editor-ActorSequence.dll (API version 3944462).
LogModuleManager: Display: Found up-to-date module file ../../../Engine/Plugins/MovieScene/LevelSequenceEditor/Binaries/Win64/UE4Editor-LevelSequenceEditor.dll (API version 3944462).
LogModuleManager: Display: Found up-to-date module file ../../../Engine/Plugins/MovieScene/MatineeToLevelSequence/Binaries/Win64/UE4Editor-MatineeToLevelSequence.dll (API version 3944462).
LogModuleManager: Display: Found up-to-date module file ../../../Engine/Plugins/NetcodeUnitTest/NetcodeUnitTest/Binaries/Win64/UE4Editor-NetcodeUnitTest.dll (API version 3944462).
LogModuleManager: Display: Found up-to-date module file ../../../Engine/Plugins/NetcodeUnitTest/NUTUnrealEngine4/Binaries/Win64/UE4Editor-NUTUnrealEngine4.dll (API version 3944462).
LogModuleManager: Display: Found up-to-date module file ../../../Engine/Plugins/Online/OnlineSubsystem/Binaries/Win64/UE4Editor-OnlineSubsystem.dll (API version 3944462).
LogModuleManager: Display: Found up-to-date module file ../../../Engine/Plugins/Online/OnlineSubsystemNull/Binaries/Win64/UE4Editor-OnlineSubsystemNull.dll (API version 3944462).
LogModuleManager: Display: Found up-to-date module file ../../../Engine/Plugins/Online/OnlineSubsystemUtils/Binaries/Win64/UE4Editor-OnlineSubsystemUtils.dll (API version 3944462).
LogModuleManager: Display: Found up-to-date module file ../../../Engine/Plugins/Online/OnlineSubsystemUtils/Binaries/Win64/UE4Editor-OnlineBlueprintSupport.dll (API version 3944462).
LogModuleManager: Display: Found up-to-date module file ../../../Engine/Plugins/Runtime/AndroidDeviceProfileSelector/Binaries/Win64/UE4Editor-AndroidDeviceProfileSelector.dll (API version 3944462).
LogModuleManager: Display: Found up-to-date module file ../../../Engine/Plugins/Runtime/AndroidPermission/Binaries/Win64/UE4Editor-AndroidPermission.dll (API version 3944462).
LogModuleManager: Display: Found up-to-date module file ../../../Engine/Plugins/Runtime/AppleARKit/Binaries/Win64/UE4Editor-AppleARKit.dll (API version 3944462).
LogModuleManager: Display: Found up-to-date module file ../../../Engine/Plugins/Runtime/ArchVisCharacter/Binaries/Win64/UE4Editor-ArchVisCharacter.dll (API version 3944462).
LogModuleManager: Display: Found up-to-date module file ../../../Engine/Plugins/Runtime/AudioCapture/Binaries/Win64/UE4Editor-AudioCapture.dll (API version 3944462).
LogModuleManager: Display: Found up-to-date module file ../../../Engine/Plugins/Runtime/AudioCapture/Binaries/Win64/UE4Editor-AudioCaptureEditor.dll (API version 3944462).
LogModuleManager: Display: Found up-to-date module file ../../../Engine/Plugins/Runtime/CableComponent/Binaries/Win64/UE4Editor-CableComponent.dll (API version 3944462).
LogModuleManager: Display: Found up-to-date module file ../../../Engine/Plugins/Runtime/CustomMeshComponent/Binaries/Win64/UE4Editor-CustomMeshComponent.dll (API version 3944462).
LogModuleManager: Display: Found up-to-date module file ../../../Engine/Plugins/Runtime/ExampleDeviceProfileSelector/Binaries/Win64/UE4Editor-ExampleDeviceProfileSelector.dll (API version 3944462).
LogModuleManager: Display: Found up-to-date module file ../../../Engine/Plugins/Runtime/ImmediatePhysics/Binaries/Win64/UE4Editor-ImmediatePhysics.dll (API version 3944462).
LogModuleManager: Display: Found up-to-date module file ../../../Engine/Plugins/Runtime/ImmediatePhysics/Binaries/Win64/UE4Editor-ImmediatePhysicsEditor.dll (API version 3944462).
LogModuleManager: Display: Found up-to-date module file ../../../Engine/Plugins/Runtime/LocationServicesBPLibrary/Binaries/Win64/UE4Editor-LocationServicesBPLibrary.dll (API version 3944462).
LogModuleManager: Display: Found up-to-date module file ../../../Engine/Plugins/Runtime/MobilePatchingUtils/Binaries/Win64/UE4Editor-MobilePatchingUtils.dll (API version 3944462).
LogModuleManager: Display: Found up-to-date module file ../../../Engine/Plugins/Runtime/Oculus/OculusVR/Binaries/Win64/UE4Editor-OculusHMD.dll (API version 3944462).
LogModuleManager: Display: Found up-to-date module file ../../../Engine/Plugins/Runtime/Oculus/OculusVR/Binaries/Win64/UE4Editor-OculusInput.dll (API version 3944462).
LogModuleManager: Display: Found up-to-date module file ../../../Engine/Plugins/Runtime/Oculus/OculusVR/Binaries/Win64/UE4Editor-OculusEditor.dll (API version 3944462).
LogModuleManager: Display: Found up-to-date module file ../../../Engine/Plugins/Runtime/PhysXVehicles/Binaries/Win64/UE4Editor-PhysXVehicles.dll (API version 3944462).
LogModuleManager: Display: Found up-to-date module file ../../../Engine/Plugins/Runtime/PhysXVehicles/Binaries/Win64/UE4Editor-PhysXVehiclesEditor.dll (API version 3944462).
LogModuleManager: Display: Found up-to-date module file ../../../Engine/Plugins/Runtime/ProceduralMeshComponent/Binaries/Win64/UE4Editor-ProceduralMeshComponent.dll (API version 3944462).
LogModuleManager: Display: Found up-to-date module file ../../../Engine/Plugins/Runtime/ProceduralMeshComponent/Binaries/Win64/UE4Editor-ProceduralMeshComponentEditor.dll (API version 3944462).
LogModuleManager: Display: Found up-to-date module file ../../../Engine/Plugins/Runtime/RuntimePhysXCooking/Binaries/Win64/UE4Editor-RuntimePhysXCooking.dll (API version 3944462).
LogModuleManager: Display: Found up-to-date module file ../../../Engine/Plugins/Runtime/Steam/SteamVR/Binaries/Win64/UE4Editor-SteamVR.dll (API version 3944462).
LogModuleManager: Display: Found up-to-date module file ../../../Engine/Plugins/Runtime/Steam/SteamVR/Binaries/Win64/UE4Editor-SteamVRController.dll (API version 3944462).
LogModuleManager: Display: Found up-to-date module file ../../../Engine/Plugins/Runtime/WindowsMoviePlayer/Binaries/Win64/UE4Editor-WindowsMoviePlayer.dll (API version 3944462).
LogInit: Using libcurl 7.47.1
LogInit:  - built for x86_64-pc-win32
LogInit:  - supports SSL with OpenSSL/1.0.2g
LogInit:  - supports HTTP deflate (compression) using libz 1.2.8
LogInit:  - other features:
LogInit:      CURL_VERSION_SSL
LogInit:      CURL_VERSION_LIBZ
LogInit:      CURL_VERSION_IPV6
LogInit:      CURL_VERSION_ASYNCHDNS
LogInit:      CURL_VERSION_LARGEFILE
LogInit:      CURL_VERSION_IDN
LogInit:  CurlRequestOptions (configurable via config and command line):
LogInit:  - bVerifyPeer = false  - Libcurl will NOT verify peer certificate
LogInit:  - bUseHttpProxy = false  - Libcurl will NOT use HTTP proxy
LogInit:  - bDontReuseConnections = false  - Libcurl will reuse connections
LogInit:  - CertBundlePath = nullptr  - Libcurl will use whatever was configured at build time.
LogInit:  - MaxHostConnections = 16  - Libcurl will limit the number of connections to a host
LogInit:  - LocalHostAddr = Default
LogInit: WinSock: version 1.1 (2.2), MaxSocks=32767, MaxUdp=65467
LogInit: WinSock: I am DESKTOP-7F2F2D9 (211.57.218.160:0)
LogInit: Build: ++UE4+Release-4.19-CL-4033788
LogInit: Engine Version: 4.19.2-4033788+++UE4+Release-4.19
LogInit: Compatible Engine Version: 4.19.0-3944462+++UE4+Release-4.19
LogInit: Net CL: 3944462
LogDevObjectVersion: Number of dev versions registered: 18
LogDevObjectVersion:   Dev-Blueprints (B0D832E4-1F89-4F0D-ACCF-7EB736FD4AA2): 10
LogDevObjectVersion:   Dev-Build (E1C64328-A22C-4D53-A36C-8E866417BD8C): 0
LogDevObjectVersion:   Dev-Core (375EC13C-06E4-48FB-B500-84F0262A717E): 2
LogDevObjectVersion:   Dev-Editor (E4B068ED-F494-42E9-A231-DA0B2E46BB41): 23
LogDevObjectVersion:   Dev-Framework (CFFC743F-43B0-4480-9391-14DF171D2073): 33
LogDevObjectVersion:   Dev-Mobile (B02B49B5-BB20-44E9-A304-32B752E40360): 2
LogDevObjectVersion:   Dev-Networking (A4E4105C-59A1-49B5-A7C5-40C4547EDFEE): 0
LogDevObjectVersion:   Dev-Online (39C831C9-5AE6-47DC-9A44-9C173E1C8E7C): 0
LogDevObjectVersion:   Dev-Physics (78F01B33-EBEA-4F98-B9B4-84EACCB95AA2): 0
LogDevObjectVersion:   Dev-Platform (6631380F-2D4D-43E0-8009-CF276956A95A): 0
LogDevObjectVersion:   Dev-Rendering (12F88B9F-8875-4AFC-A67C-D90C383ABD29): 25
LogDevObjectVersion:   Dev-Sequencer (7B5AE74C-D270-4C10-A958-57980B212A5A): 6
LogDevObjectVersion:   Dev-VR (D7296918-1DD6-4BDD-9DE2-64A83CC13884): 1
LogDevObjectVersion:   Dev-LoadTimes (C2A15278-BFE7-4AFE-6C17-90FF531DF755): 1
LogDevObjectVersion:   Private-Geometry (6EACA3D4-40EC-4CC1-B786-8BED09428FC5): 2
LogDevObjectVersion:   Dev-AnimPhys (29E575DD-E0A3-4627-9D10-D276232CDCEA): 16
LogDevObjectVersion:   Dev-ReflectionCapture (6B266CEC-1EC7-4B8F-A30B-E4D90942FC07): 1
LogDevObjectVersion:   Dev-Automation (0DF73D61-A23F-47EA-B727-89E90C41499A): 1
LogInit: Compiled (64-bit): Apr 27 2018 02:06:57
LogInit: Compiled with Visual C++: 19.00.24215.01
LogInit: Build Configuration: Development
LogInit: Branch Name: ++UE4+Release-4.19
LogInit: Command Line: 
LogInit: Base Directory: D:/UE_4.19/Engine/Binaries/Win64/
LogInit: Installed Engine Build: 1
LogStreaming: Display: Took  0.090s to delete old logs.
LogInit: Presizing for max 8388607 objects, including 0 objects not considered by GC, pre-allocating 0 bytes for permanent pool.
LogInit: Object subsystem initialized
[2022.07.26-11.24.20:367][  0]LogInit: Selected Device Profile: [Windows]
[2022.07.26-11.24.20:367][  0]LogInit: Applying CVar settings loaded from the selected device profile: [Windows]
[2022.07.26-11.24.20:395][  0]LogInit: Computer: DESKTOP-7F2F2D9
[2022.07.26-11.24.20:395][  0]LogInit: User: guldd
[2022.07.26-11.24.20:395][  0]LogInit: CPU Page size=4096, Cores=6
[2022.07.26-11.24.20:395][  0]LogInit: High frequency timer resolution =10.000000 MHz
[2022.07.26-11.24.20:395][  0]LogMemory: Memory total: Physical=15.9GB (16GB approx)
[2022.07.26-11.24.20:395][  0]LogMemory: Platform Memory Stats for Windows
[2022.07.26-11.24.20:395][  0]LogMemory: Process Physical Memory: 277.30 MB used, 277.30 MB peak
[2022.07.26-11.24.20:395][  0]LogMemory: Process Virtual Memory: 271.45 MB used, 271.45 MB peak
[2022.07.26-11.24.20:395][  0]LogMemory: Physical Memory: 8420.27 MB used,  7889.01 MB free, 16309.28 MB total
[2022.07.26-11.24.20:395][  0]LogMemory: Virtual Memory: 4800.46 MB used,  7889.01 MB free, 134217728.00 MB total
[2022.07.26-11.24.20:484][  0]LogInit: Using OS detected language (ko-KR).
[2022.07.26-11.24.20:484][  0]LogInit: Using OS detected locale (ko-KR).
[2022.07.26-11.24.20:493][  0]LogTextLocalizationManager: No specific localization for 'ko-KR' exists, so the 'ko' localization will be used.
[2022.07.26-11.24.20:810][  0]LogStreaming: Display: Took  0.326s to EndInitTextLocalization.
[2022.07.26-11.24.20:810][  0]LogInit: Setting process to per monitor DPI aware
[2022.07.26-11.24.20:868][  0]LogSlate: New Slate User Created.  User Index 0, Is Virtual User: 0
[2022.07.26-11.24.20:868][  0]LogSlate: Slate User Registered.  User Index 0, Is Virtual User: 0
[2022.07.26-11.24.21:239][  0]LogD3D11RHI: D3D11 adapters:
[2022.07.26-11.24.21:343][  0]LogD3D11RHI:    0. 'NVIDIA GeForce RTX 3060 Ti' (Feature Level 11_0)
[2022.07.26-11.24.21:343][  0]LogD3D11RHI:       8050/0/8154 MB DedicatedVideo/DedicatedSystem/SharedSystem, Outputs:1, VendorId:0x10de
[2022.07.26-11.24.21:345][  0]LogD3D11RHI:    1. 'Microsoft Basic Render Driver' (Feature Level 11_0)
[2022.07.26-11.24.21:345][  0]LogD3D11RHI:       0/0/8154 MB DedicatedVideo/DedicatedSystem/SharedSystem, Outputs:0, VendorId:0x1414
[2022.07.26-11.24.21:345][  0]LogD3D11RHI: Chosen D3D11 Adapter: 0
[2022.07.26-11.24.21:350][  0]LogD3D11RHI: Creating new Direct3DDevice
[2022.07.26-11.24.21:350][  0]LogD3D11RHI:     GPU DeviceId: 0x2486 (for the marketing name, search the web for "GPU Device Id")
[2022.07.26-11.24.21:350][  0]LogWindows: EnumDisplayDevices:
[2022.07.26-11.24.21:350][  0]LogWindows:    0. 'NVIDIA GeForce RTX 3060 Ti' (P:1 D:1)
[2022.07.26-11.24.21:351][  0]LogWindows:    1. 'NVIDIA GeForce RTX 3060 Ti' (P:0 D:0)
[2022.07.26-11.24.21:351][  0]LogWindows:    2. 'NVIDIA GeForce RTX 3060 Ti' (P:0 D:0)
[2022.07.26-11.24.21:352][  0]LogWindows:    3. 'NVIDIA GeForce RTX 3060 Ti' (P:0 D:0)
[2022.07.26-11.24.21:352][  0]LogWindows: DebugString: GetVideoDriverDetailsInvalid PrimaryIsNotTheChoosenAdapter GetVideoDriverDetailsInvalid PrimaryIsNotTheChoosenAdapter GetVideoDriverDetailsInvalid PrimaryIsNotTheChoosenAdapter GetVideoDriverDetailsInvalid PrimaryIsNotTheChoosenAdapter FoundDriverCount:0 
[2022.07.26-11.24.21:352][  0]LogD3D11RHI:     Adapter Name: NVIDIA GeForce RTX 3060 Ti
[2022.07.26-11.24.21:352][  0]LogD3D11RHI:   Driver Version: Unknown (internal:Unknown, unified:Unknown)
[2022.07.26-11.24.21:352][  0]LogD3D11RHI:      Driver Date: Unknown
[2022.07.26-11.24.21:352][  0]LogRHI: Texture pool is 5635 MB (70% of 8050 MB)
[2022.07.26-11.24.21:432][  0]LogD3D11RHI: [Aftermath] Aftermath enabled and primed
[2022.07.26-11.24.21:432][  0]LogD3D11RHI: [Aftermath] Aftermath enabled and primed
[2022.07.26-11.24.21:432][  0]LogD3D11RHI: Async texture creation enabled
[2022.07.26-11.24.21:453][  0]LogD3D11RHI: GPU Timing Frequency: 1000.000000 (Debug: 2 1)
[2022.07.26-11.24.21:457][  0]LogShaderCompilers: Guid format shader working directory is 15 characters bigger than the processId version (../../../../UE4CPP/ArenaBattle/Intermediate/Shaders/WorkingDirectory/10172/).
[2022.07.26-11.24.21:457][  0]LogShaderCompilers: Cleaned the shader compiler working directory 'C:/Users/guldd/AppData/Local/Temp/UnrealShaderWorkingDir/3CA746C046AD3816F9BCF0ACFD762EE1/'.
[2022.07.26-11.24.21:741][  0]LogTemp: Display: Loaded TP AllDesktopTargetPlatform
[2022.07.26-11.24.21:753][  0]LogTemp: Display: Loaded TP MacClientTargetPlatform
[2022.07.26-11.24.21:764][  0]LogTemp: Display: Loaded TP MacNoEditorTargetPlatform
[2022.07.26-11.24.21:775][  0]LogTemp: Display: Loaded TP MacServerTargetPlatform
[2022.07.26-11.24.21:788][  0]LogTemp: Display: Loaded TP MacTargetPlatform
[2022.07.26-11.24.21:799][  0]LogTemp: Display: Loaded TP WindowsClientTargetPlatform
[2022.07.26-11.24.21:835][  0]LogTemp: Display: Loaded TP WindowsNoEditorTargetPlatform
[2022.07.26-11.24.21:847][  0]LogTemp: Display: Loaded TP WindowsServerTargetPlatform
[2022.07.26-11.24.21:852][  0]LogTemp: Display: Loaded TP WindowsTargetPlatform
[2022.07.26-11.24.21:863][  0]LogTemp: Display: Loaded TP Android_ASTCTargetPlatform
[2022.07.26-11.24.21:874][  0]LogTemp: Display: Loaded TP Android_ATCTargetPlatform
[2022.07.26-11.24.21:884][  0]LogTemp: Display: Loaded TP Android_DXTTargetPlatform
[2022.07.26-11.24.21:894][  0]LogTemp: Display: Loaded TP Android_ETC1aTargetPlatform
[2022.07.26-11.24.21:905][  0]LogTemp: Display: Loaded TP Android_ETC1TargetPlatform
[2022.07.26-11.24.21:916][  0]LogTemp: Display: Loaded TP Android_ETC2TargetPlatform
[2022.07.26-11.24.21:937][  0]LogTemp: Display: Loaded TP Android_MultiTargetPlatform
[2022.07.26-11.24.21:937][  0]LogTemp: Display: Loaded TP Android_PVRTCTargetPlatform
[2022.07.26-11.24.21:946][  0]LogTemp: Display: Loaded TP AndroidTargetPlatform
[2022.07.26-11.24.21:948][  0]LogTemp: Display: Loaded TP HTML5TargetPlatform
[2022.07.26-11.24.21:984][  0]LogTemp: Display: Loaded TP IOSTargetPlatform
[2022.07.26-11.24.21:994][  0]LogTemp: Display: Loaded TP TVOSTargetPlatform
[2022.07.26-11.24.22:004][  0]LogTemp: Display: Loaded TP LinuxClientTargetPlatform
[2022.07.26-11.24.22:015][  0]LogTemp: Display: Loaded TP LinuxNoEditorTargetPlatform
[2022.07.26-11.24.22:026][  0]LogTemp: Display: Loaded TP LinuxServerTargetPlatform
[2022.07.26-11.24.22:037][  0]LogTemp: Display: Loaded TP LinuxTargetPlatform
[2022.07.26-11.24.22:037][  0]LogTargetPlatformManager: Display: Building Assets For Windows
[2022.07.26-11.24.22:140][  0]LogXGEController: Cannot use XGE Controller as Incredibuild is not installed on this machine.
[2022.07.26-11.24.22:140][  0]LogShaderCompilers: Cannot use XGE Shader Compiler as Incredibuild is not installed on this machine.
[2022.07.26-11.24.22:140][  0]LogShaderCompilers: Display: Using Local Shader Compiler.
[2022.07.26-11.24.22:718][  0]LogDerivedDataCache: Display: Max Cache Size: 512 MB
[2022.07.26-11.24.22:788][  0]LogDerivedDataCache: Loaded boot cache 0.07s 86MB C:/Users/guldd/AppData/Local/UnrealEngine/4.19/DerivedDataCache/Boot.ddc.
[2022.07.26-11.24.22:789][  0]LogDerivedDataCache: Display: Loaded Boot cache: C:/Users/guldd/AppData/Local/UnrealEngine/4.19/DerivedDataCache/Boot.ddc
[2022.07.26-11.24.22:789][  0]LogDerivedDataCache: FDerivedDataBackendGraph:  Pak pak cache file ../../../../UE4CPP/ArenaBattle/DerivedDataCache/DDC.ddp not found, will not use a pak cache.
[2022.07.26-11.24.22:789][  0]LogDerivedDataCache: Unable to find inner node Pak for hierarchical cache Hierarchy.
[2022.07.26-11.24.22:789][  0]LogDerivedDataCache: FDerivedDataBackendGraph:  CompressedPak pak cache file ../../../../UE4CPP/ArenaBattle/DerivedDataCache/Compressed.ddp not found, will not use a pak cache.
[2022.07.26-11.24.22:789][  0]LogDerivedDataCache: Unable to find inner node CompressedPak for hierarchical cache Hierarchy.
[2022.07.26-11.24.22:802][  0]LogDerivedDataCache: Display: Pak cache opened for reading ../../../Engine/DerivedDataCache/Compressed.ddp.
[2022.07.26-11.24.22:814][  0]LogDerivedDataCache: Using Local data cache path C:/Users/guldd/AppData/Local/UnrealEngine/Common/DerivedDataCache: Writable
[2022.07.26-11.24.22:814][  0]LogDerivedDataCache: Shared data cache path not found in *engine.ini, will not use an Shared cache.
[2022.07.26-11.24.22:814][  0]LogDerivedDataCache: Unable to find inner node Shared for hierarchical cache Hierarchy.
[2022.07.26-11.24.22:824][  0]LogMaterial: Verifying Global Shaders for PCD3D_SM5
[2022.07.26-11.24.22:824][  0]LogSlate: Using Freetype 2.6.0
[2022.07.26-11.24.22:824][  0]LogSlate: SlateFontCache - WITH_FREETYPE: 1, WITH_HARFBUZZ: 1
[2022.07.26-11.24.22:824][  0]LogSlate: SlateFontCache - WITH_FREETYPE: 1, WITH_HARFBUZZ: 1
[2022.07.26-11.24.22:945][  0]LogAssetRegistry: FAssetRegistry took 0.0252 seconds to start up
[2022.07.26-11.24.23:192][  0]LogInit: Selected Device Profile: [Windows]
[2022.07.26-11.24.23:312][  0]LogSimplygon: Simplygon DLL not present - disabling.
[2022.07.26-11.24.23:315][  0]LogMeshReduction: Using SimplygonSwarm for distributed automatic mesh merging
[2022.07.26-11.24.23:315][  0]LogMeshReduction: Using QuadricMeshReduction for automatic static mesh reduction
[2022.07.26-11.24.23:315][  0]LogMeshReduction: No automatic skeletal mesh reduction module available
[2022.07.26-11.24.23:315][  0]LogMeshReduction: No automatic mesh merging module available
[2022.07.26-11.24.23:315][  0]LogMeshMerging: No automatic mesh merging module available
[2022.07.26-11.24.23:343][  0]LogNetVersion: ArenaBattle , NetCL: 3944462, EngineNetVer: 2, GameNetVer: 0 (Checksum: 3555152549)
[2022.07.26-11.24.24:482][  0]LogPackageLocalizationCache: Processed 9 localized package path(s) for 2 prioritized culture(s) in 0.643115 seconds
[2022.07.26-11.24.24:487][  0]LogUObjectArray: 36728 objects as part of root set at end of initial load.
[2022.07.26-11.24.24:487][  0]LogUObjectAllocator: 7314304 out of 0 bytes used by permanent object pool.
[2022.07.26-11.24.24:487][  0]LogUObjectArray: CloseDisregardForGC: 0/0 objects in disregard for GC pool
[2022.07.26-11.24.26:363][  0]LogTcpMessaging: Initializing TcpMessaging bridge
[2022.07.26-11.24.26:394][  0]LogUdpMessaging: Initializing bridge on interface 0.0.0.0:0 to multicast group 230.0.0.1:6666.
[2022.07.26-11.24.28:838][  0]LogSkeletalMesh: Skeletal Mesh found in DDC [6.227100ms] /Game/InfinityBladeWarriors/Character/CompleteCharacters/SK_CharM_Cardboard.SK_CharM_Cardboard
[2022.07.26-11.24.29:054][  0]LogUObjectGlobals: Created PersistentFrame Addr=0x00000168a673c478, Size=20, Default__WarriorAnimBlueprint_C Function /Game/Animations/WarriorAnimBlueprint.WarriorAnimBlueprint_C:ExecuteUbergraph_WarriorAnimBlueprint
[2022.07.26-11.24.29:230][  0]LogUObjectGlobals: Destroyed PersistentFrame Addr=0x00000168a673c478, Size=20
[2022.07.26-11.24.29:230][  0]LogUObjectGlobals: Created PersistentFrame Addr=0x00000168a62a7070, Size=20, Default__WarriorAnimBlueprint_C Function /Engine/Transient.REINST_WarriorAnimBlueprint_C_0:ExecuteUbergraph_WarriorAnimBlueprint
[2022.07.26-11.24.29:356][  0]LogUObjectGlobals: Created PersistentFrame Addr=0x00000168a62a5450, Size=20, Default__WarriorAnimBlueprint_C Function /Game/Animations/WarriorAnimBlueprint.WarriorAnimBlueprint_C:ExecuteUbergraph_WarriorAnimBlueprint
[2022.07.26-11.24.29:586][  0]LogSkeletalMesh: Skeletal Mesh found in DDC [0.069800ms] /Game/InfinityBladeWeapons/Weapons/Blade/Swords/Blade_BlackKnight/SK_Blade_BlackKnight.SK_Blade_BlackKnight
[2022.07.26-11.24.31:209][  0]SourceControl: 소스 콘트롤이 꺼졌습니다.
[2022.07.26-11.24.31:209][  0]SourceControl: 소스 콘트롤이 꺼졌습니다.
[2022.07.26-11.24.31:228][  0]SourceControl: 소스 콘트롤이 꺼졌습니다.
[2022.07.26-11.24.31:246][  0]SourceControl: 소스 콘트롤이 꺼졌습니다.
[2022.07.26-11.24.31:725][  0]LogAndroidPermission: UAndroidPermissionCallbackProxy::GetInstance
[2022.07.26-11.24.31:974][  0]LogOcInput: OculusInput pre-init called
[2022.07.26-11.24.32:116][  0]LogEngine: Initializing Engine...
[2022.07.26-11.24.32:119][  0]LogHMD: Failed to initialize OpenVR with code 110
[2022.07.26-11.24.32:136][  0]LogStats: UGameplayTagsManager::ConstructGameplayTagTree: Construct from data asset -  0.000 s
[2022.07.26-11.24.32:136][  0]LogStats: UGameplayTagsManager::ConstructGameplayTagTree: GameplayTagTreeChangedEvent.Broadcast -  0.000 s
[2022.07.26-11.24.32:327][  0]LogAIModule: Creating AISystem for world Untitled
[2022.07.26-11.24.32:397][  0]LogInit: XAudio2 using '스피커(High Definition Audio Device)' : 2 channels at 48 kHz using 16 bits per sample (channel mask 0x3)
[2022.07.26-11.24.32:427][  0]LogInit: FAudioDevice initialized.
[2022.07.26-11.24.32:479][  0]LogDerivedDataCache: Saved boot cache 0.05s 86MB C:/Users/guldd/AppData/Local/UnrealEngine/4.19/DerivedDataCache/Boot.ddc.
[2022.07.26-11.24.32:490][  0]LogInit: Texture streaming: Enabled
[2022.07.26-11.24.32:505][  0]LogEngineSessionManager: EngineSessionManager initialized
[2022.07.26-11.24.32:585][  0]LogInit: Transaction tracking system initialized
[2022.07.26-11.24.32:603][  0]BlueprintLog: New page: 에디터 로드
[2022.07.26-11.24.32:701][  0]LocalizationService: 현지화 서비스가 비활성화되었습니다.
[2022.07.26-11.24.32:791][  0]LogConsoleResponse: Display: 
[2022.07.26-11.24.33:181][  0]LogCook: Display: Max memory allowance for cook 16384mb min free memory 0mb
[2022.07.26-11.24.33:181][  0]LogCook: Display: Mobile HDR setting 1
[2022.07.26-11.24.33:181][  0]LogGameplayTags: Display: UGameplayTagsManager::DoneAddingNativeTags. DelegateIsBound: 0
[2022.07.26-11.24.33:181][  0]LogStats: UGameplayTagsManager::ConstructGameplayTagTree: Construct from data asset -  0.000 s
[2022.07.26-11.24.33:181][  0]LogStats: UGameplayTagsManager::ConstructGameplayTagTree: GameplayTagTreeChangedEvent.Broadcast -  0.000 s
[2022.07.26-11.24.33:518][  0]LogFileCache: Scanning file cache for directory 'D:/UE4CPP/ArenaBattle/Content/' took 0.09s
[2022.07.26-11.24.33:518][  0]SourceControl: 소스 콘트롤이 꺼졌습니다.
[2022.07.26-11.24.33:518][  0]Cmd: MAP LOAD FILE="../../../../UE4CPP/ArenaBattle/Content/Maps/Step4.umap" TEMPLATE=0 SHOWPROGRESS=1 FEATURELEVEL=3
[2022.07.26-11.24.33:518][  0]LightingResults: New page: 라이팅 빌드
[2022.07.26-11.24.33:520][  0]MapCheck: New page: 맵 체크
[2022.07.26-11.24.33:521][  0]LightingResults: New page: 라이팅 빌드
[2022.07.26-11.24.33:528][  0]LogUObjectGlobals: Destroyed PersistentFrame Addr=0x00000168a62a7070, Size=20
[2022.07.26-11.24.33:952][  0]LogSkeletalMesh: Skeletal Mesh found in DDC [24.442900ms] /Game/InfinityBladeWeapons/Weapons/Blade/Axes/Blade_GreatBlade/SK_Blade_GreatBlade.SK_Blade_GreatBlade
[2022.07.26-11.24.34:058][  0]LogAIModule: Creating AISystem for world Step4
[2022.07.26-11.24.34:310][  0]LogEditorServer: Finished looking for orphan Actors (0.000 secs)
[2022.07.26-11.24.34:371][  0]Cmd: MAP CHECKDEP NOCLEARLOG
[2022.07.26-11.24.34:429][  0]MapCheck: 맵 체크 완료: 오류 0 회, 경고 0 회, 소요 시간 57.002ms.
[2022.07.26-11.24.34:429][  0]LogFileHelpers: Loading map 'Step4' took 0.911
[2022.07.26-11.24.35:710][  0]LogCollectionManager: Loaded 0 collections in 0.001286 seconds
[2022.07.26-11.24.35:828][  0]LogFileCache: Scanning file cache for directory 'D:/UE4CPP/ArenaBattle/Saved/Collections/' took 0.01s
[2022.07.26-11.24.35:828][  0]LogFileCache: Scanning file cache for directory 'D:/UE4CPP/ArenaBattle/Content/Developers/guldd/Collections/' took 0.01s
[2022.07.26-11.24.35:828][  0]LogFileCache: Scanning file cache for directory 'D:/UE4CPP/ArenaBattle/Content/Collections/' took 0.01s
[2022.07.26-11.24.35:828][  0]LogCollectionManager: Rebuilt the GUID cache for 0 collections in 0.000000 seconds
[2022.07.26-11.24.35:839][  0]LogContentBrowser: Native class hierarchy populated in 0.0100 seconds. Added 2473 classes and 563 folders.
[2022.07.26-11.24.35:945][  0]LogContentBrowser: Native class hierarchy updated for 'WidgetCarousel' in 0.0020 seconds. Added 0 classes and 0 folders.
[2022.07.26-11.24.37:617][  0]LogContentBrowser: Native class hierarchy updated for 'AddContentDialog' in 0.0020 seconds. Added 0 classes and 0 folders.
[2022.07.26-11.24.37:728][  0]LogContentBrowser: Native class hierarchy updated for 'SceneOutliner' in 0.0020 seconds. Added 1 classes and 2 folders.
[2022.07.26-11.24.38:620][  0]LogContentBrowser: Native class hierarchy updated for 'HierarchicalLODOutliner' in 0.0019 seconds. Added 0 classes and 0 folders.
[2022.07.26-11.24.38:620][  0]LogLoad: (Engine Initialization) Total time: 23.40 seconds
[2022.07.26-11.24.38:620][  0]LogLoad: (Engine Initialization) Total Blueprint compile time: 0.00 seconds
[2022.07.26-11.24.38:727][  0]LogContentStreaming: Texture pool size now 1000 MB
[2022.07.26-11.24.38:729][  0]LogSlate: Took 0.000269 seconds to synchronously load lazily loaded font '../../../Engine/Content/Slate/Fonts/Roboto-Regular.ttf' (155K)
[2022.07.26-11.24.38:731][  0]LogSlate: Took 0.002225 seconds to synchronously load lazily loaded font '../../../Engine/Content/Editor/Slate/Fonts/NanumGothic.ttf' (4243K)
[2022.07.26-11.24.38:741][  0]LogSlate: Took 0.001653 seconds to synchronously load lazily loaded font '../../../Engine/Content/Editor/Slate/Fonts/NanumGothicBold.ttf' (4188K)
[2022.07.26-11.24.38:741][  0]LogSlate: Took 0.000175 seconds to synchronously load lazily loaded font '../../../Engine/Content/Slate/Fonts/Roboto-Bold.ttf' (160K)
[2022.07.26-11.24.38:765][  0]LogSlate: Took 0.018529 seconds to synchronously load lazily loaded font '../../../Engine/Content/Editor/Slate/Fonts/FontAwesome.ttf' (139K)
[2022.07.26-11.24.39:582][  1]LogRenderer: Reallocating scene render targets to support 976x388 Format 10 NumSamples 1 (Frame:1).
[2022.07.26-11.24.39:950][  2]LogAssetRegistry: Asset discovery search completed in 17.0279 seconds
[2022.07.26-11.24.39:969][  2]LogCollectionManager: Rebuilt the object cache for 0 collections in 0.000000 seconds (found 0 objects)
[2022.07.26-11.24.39:969][  2]LogCollectionManager: Fixed up redirectors for 0 collections in 0.000082 seconds (updated 0 objects)
[2022.07.26-11.24.45:603][599]LogRenderer: Reallocating scene render targets to support 976x608 Format 10 NumSamples 1 (Frame:599).
[2022.07.26-12.34.11:043][615]LogSlate: FSceneViewport::OnFocusLost() reason 0
[2022.07.26-12.43.30:737][729]ArenaBattle: Warning: AFountain::PostInitializeComponents(78)
[2022.07.26-12.43.30:872][731]ArenaBattle: Warning: AABPawn::PostInitializeComponents(66)
[2022.07.26-12.43.30:974][732]ArenaBattle: Error: UABCharacterStatComponent::SetNewLevel(36) ASSERTION : 'nullptr != ABGameInstance'
[2022.07.26-12.43.34:785][157]LogSlate: Took 0.089593 seconds to synchronously load lazily loaded font '../../../Engine/Content/Slate/Fonts/Roboto-Light.ttf' (167K)
[2022.07.26-12.56.22:164][863]LogSlate: Window 'ABCharacterData' being destroyed
[2022.07.26-12.56.22:170][863]LogSlate: Window 'ABCharacterData' being destroyed
[2022.07.26-12.58.37:887][ 66]LogSlate: Window 'ABCharacterData' being destroyed
[2022.07.26-12.58.37:893][ 66]LogSlate: Window 'ABCharacterData' being destroyed
[2022.07.26-13.42.29:796][571]LogHotReload: New module detected: UE4Editor-ArenaBattle-8033.dll
[2022.07.26-13.42.33:480][583]LogHotReload: Starting Hot-Reload from IDE
[2022.07.26-13.42.34:564][583]LogClass: Could not find existing class ABPlayerController in package /Script/ArenaBattle for HotReload, assuming new class
[2022.07.26-13.42.34:564][583]LogClass: Could not find existing class ABPlayerState in package /Script/ArenaBattle for HotReload, assuming new class
[2022.07.26-13.42.34:567][583]LogClass: ECharacterState HotReload.
[2022.07.26-13.42.34:567][583]LogClass: ABCharacterData HotReload.
[2022.07.26-13.42.34:592][583]LogHotReload: Re-instancing ABCharacter after hot-reload.
[2022.07.26-13.42.35:289][583]LogHotReload: Re-instancing ABGameMode after hot-reload.
[2022.07.26-13.42.35:325][583]LogHotReload: Re-instancing ABItemBox after hot-reload.
[2022.07.26-13.42.35:437][583]LogHotReload: Re-instancing ABPawn after hot-reload.
[2022.07.26-13.42.35:509][583]LogHotReload: Re-instancing ABPlayerController after hot-reload.
[2022.07.26-13.42.35:555][583]LogHotReload: Re-instancing ABPlayerState after hot-reload.
[2022.07.26-13.42.35:591][583]LogHotReload: Re-instancing ABSection after hot-reload.
[2022.07.26-13.42.35:719][583]LogContentBrowser: Native class hierarchy updated for 'ArenaBattle' in 0.0026 seconds. Added 20 classes and 2 folders.
[2022.07.26-13.42.35:720][583]Display: HotReload successful (7 functions remapped  1 scriptstructs remapped)
[2022.07.26-13.42.35:998][583]LogContentBrowser: Native class hierarchy populated in 0.0129 seconds. Added 2474 classes and 565 folders.
[2022.07.26-13.42.36:086][583]Display: HotReload took  2.6s.
[2022.07.26-13.43.13:235][894]LogTemp: Repeating last play command: 선택된 뷰포트
[2022.07.26-13.43.13:387][894]LogPlayLevel: PlayLevel: No blueprints needed recompiling
[2022.07.26-13.43.13:470][894]PIE: New page: PIE 세션: Step4 (2022. 7. 27. 오전 7:43:13)
[2022.07.26-13.43.13:471][894]LogPlayLevel: Creating play world package: /Game/Maps/UEDPIE_0_Step4
[2022.07.26-13.43.13:526][894]LogPlayLevel: PIE: StaticDuplicateObject took: (0.055690s)
[2022.07.26-13.43.13:528][894]LogAIModule: Creating AISystem for world Step4
[2022.07.26-13.43.13:551][894]LogPlayLevel: PIE: World Init took: (0.024464s)
[2022.07.26-13.43.13:551][894]LogPlayLevel: PIE: Created PIE world by copying editor world from /Game/Maps/Step4.Step4 to /Game/Maps/UEDPIE_0_Step4.Step4 (0.080435s)
[2022.07.26-13.43.13:667][894]LogInit: XAudio2 using '스피커(High Definition Audio Device)' : 2 channels at 48 kHz using 16 bits per sample (channel mask 0x3)
[2022.07.26-13.43.13:687][894]LogInit: FAudioDevice initialized.
[2022.07.26-13.43.13:842][894]LogLoad: Game class is 'ABGameMode'
[2022.07.26-13.43.14:030][894]LogWorld: Bringing World /Game/Maps/UEDPIE_0_Step4.Step4 up for play (max tick rate 0) at 2022.07.26-22.43.14
[2022.07.26-13.43.14:182][894]LogWorld: Bringing up level for play took: 0.173409
[2022.07.26-13.43.14:221][894]ArenaBattle: Warning: AABPlayerController::PostInitializeComponents(21)
[2022.07.26-13.43.14:459][894]LogContentBrowser: Native class hierarchy updated for 'MovieSceneCapture' in 0.0021 seconds. Added 11 classes and 0 folders.
[2022.07.26-13.43.14:481][894]ArenaBattle: Warning: AABPlayerController::Possess(27)
[2022.07.26-13.43.14:597][894]ArenaBattle: Warning: AABPlayerState::GetExpRatio(37) Ratio : 0.000000, Current : 0, Next : 450
[2022.07.26-13.43.14:620][894]PIE: /Game/Maps/UEDPIE_0_Step4 에 대한 에디터에서 플레이 시작 시간: 0.304
[2022.07.26-13.43.15:156][899]LogSkeletalMesh: Skeletal Mesh found in DDC [24.913200ms] /Game/InfinityBladeWarriors/Character/CompleteCharacters/SK_CharM_Shell.SK_CharM_Shell
[2022.07.26-13.43.15:514][906]LogSkeletalMesh: Skeletal Mesh found in DDC [3.911700ms] /Game/InfinityBladeWarriors/Character/CompleteCharacters/SK_CharM_Forge.SK_CharM_Forge
[2022.07.26-13.43.16:666][ 37]ArenaBattle: Warning: AABItemBox::OnCharacterOverlap(63)
[2022.07.26-13.43.19:207][332]ArenaBattle: Warning: AABCharacter::AttackCheck(431) Hit Actor Name : ABCharacter_3
[2022.07.26-13.43.19:207][332]ArenaBattle: Warning: AABCharacter::TakeDamage(442) Actor : ABCharacter_3 took Damage : 30.000000
[2022.07.26-13.43.19:345][349]ArenaBattle: Warning: AABCharacter::PostInitializeComponents::<lambda_7cd169724b31af2760cd71070a7313e7>::operator ()(214) OnNextAttackCheck
[2022.07.26-13.43.19:437][360]ArenaBattle: Warning: AABCharacter::AttackCheck(431) Hit Actor Name : ABCharacter_3
[2022.07.26-13.43.19:437][360]ArenaBattle: Warning: AABCharacter::TakeDamage(442) Actor : ABCharacter_3 took Damage : 30.000000
[2022.07.26-13.43.19:536][372]ArenaBattle: Warning: AABCharacter::AttackCheck(431) Hit Actor Name : ABSection_4
[2022.07.26-13.43.19:687][390]ArenaBattle: Warning: AABCharacter::PostInitializeComponents::<lambda_7cd169724b31af2760cd71070a7313e7>::operator ()(214) OnNextAttackCheck
[2022.07.26-13.43.19:703][392]ArenaBattle: Warning: AABCharacter::PostInitializeComponents::<lambda_7cd169724b31af2760cd71070a7313e7>::operator ()(214) OnNextAttackCheck
[2022.07.26-13.43.19:770][400]ArenaBattle: Warning: AABCharacter::AttackCheck(431) Hit Actor Name : ABCharacter_3
[2022.07.26-13.43.19:770][400]ArenaBattle: Warning: AABCharacter::TakeDamage(442) Actor : ABCharacter_3 took Damage : 30.000000
[2022.07.26-13.43.19:920][418]ArenaBattle: Warning: AABCharacter::PostInitializeComponents::<lambda_7cd169724b31af2760cd71070a7313e7>::operator ()(214) OnNextAttackCheck
[2022.07.26-13.43.20:287][462]ArenaBattle: Warning: AABCharacter::PostInitializeComponents::<lambda_7cd169724b31af2760cd71070a7313e7>::operator ()(214) OnNextAttackCheck
[2022.07.26-13.43.20:711][513]ArenaBattle: Warning: AABCharacter::AttackCheck(431) Hit Actor Name : ABCharacter_0
[2022.07.26-13.43.20:711][513]ArenaBattle: Warning: AABCharacter::TakeDamage(442) Actor : ABCharacter_0 took Damage : 10.000000
[2022.07.26-13.43.20:879][533]ArenaBattle: Warning: AABCharacter::PostInitializeComponents::<lambda_7cd169724b31af2760cd71070a7313e7>::operator ()(214) OnNextAttackCheck
[2022.07.26-13.43.21:295][583]ArenaBattle: Warning: AABCharacter::AttackCheck(431) Hit Actor Name : ABCharacter_0
[2022.07.26-13.43.21:295][583]ArenaBattle: Warning: AABCharacter::TakeDamage(442) Actor : ABCharacter_0 took Damage : 10.000000
[2022.07.26-13.43.21:445][601]LogSlate: FSceneViewport::OnFocusLost() reason 2
[2022.07.26-13.43.21:463][603]ArenaBattle: Warning: AABCharacter::PostInitializeComponents::<lambda_7cd169724b31af2760cd71070a7313e7>::operator ()(214) OnNextAttackCheck
[2022.07.26-13.43.21:880][653]ArenaBattle: Warning: AABCharacter::AttackCheck(431) Hit Actor Name : ABCharacter_0
[2022.07.26-13.43.21:880][653]ArenaBattle: Warning: AABCharacter::TakeDamage(442) Actor : ABCharacter_0 took Damage : 10.000000
[2022.07.26-13.43.22:046][673]ArenaBattle: Warning: AABCharacter::PostInitializeComponents::<lambda_7cd169724b31af2760cd71070a7313e7>::operator ()(214) OnNextAttackCheck
[2022.07.26-13.43.22:471][724]ArenaBattle: Warning: AABCharacter::AttackCheck(431) Hit Actor Name : ABCharacter_0
[2022.07.26-13.43.22:471][724]ArenaBattle: Warning: AABCharacter::TakeDamage(442) Actor : ABCharacter_0 took Damage : 10.000000
[2022.07.26-13.43.22:637][744]ArenaBattle: Warning: AABCharacter::PostInitializeComponents::<lambda_7cd169724b31af2760cd71070a7313e7>::operator ()(214) OnNextAttackCheck
[2022.07.26-13.43.22:992][770]LogSlate: Took 0.136499 seconds to synchronously load lazily loaded font '../../../Engine/Content/Slate/Fonts/DroidSansMono.ttf' (77K)
[2022.07.26-13.43.23:075][770]LogSlate: Took 0.044748 seconds to synchronously load lazily loaded font '../../../Engine/Content/Editor/Slate/Fonts/NanumGothicExtraBold.ttf' (4074K)
[2022.07.26-13.43.23:297][789]ArenaBattle: Warning: AABCharacter::AttackCheck(431) Hit Actor Name : ABCharacter_0
[2022.07.26-13.43.23:298][789]ArenaBattle: Warning: AABCharacter::TakeDamage(442) Actor : ABCharacter_0 took Damage : 10.000000
[2022.07.26-13.43.23:465][809]ArenaBattle: Warning: AABCharacter::PostInitializeComponents::<lambda_7cd169724b31af2760cd71070a7313e7>::operator ()(214) OnNextAttackCheck
[2022.07.26-13.43.23:880][858]ArenaBattle: Warning: AABCharacter::AttackCheck(431) Hit Actor Name : ABCharacter_0
[2022.07.26-13.43.23:880][858]ArenaBattle: Warning: AABCharacter::TakeDamage(442) Actor : ABCharacter_0 took Damage : 10.000000
[2022.07.26-13.43.24:047][878]ArenaBattle: Warning: AABCharacter::PostInitializeComponents::<lambda_7cd169724b31af2760cd71070a7313e7>::operator ()(214) OnNextAttackCheck
[2022.07.26-13.43.24:472][929]ArenaBattle: Warning: AABCharacter::AttackCheck(431) Hit Actor Name : ABCharacter_0
[2022.07.26-13.43.24:472][929]ArenaBattle: Warning: AABCharacter::TakeDamage(442) Actor : ABCharacter_0 took Damage : 10.000000
[2022.07.26-13.43.24:638][949]ArenaBattle: Warning: AABCharacter::PostInitializeComponents::<lambda_7cd169724b31af2760cd71070a7313e7>::operator ()(214) OnNextAttackCheck
[2022.07.26-13.43.24:839][973]ArenaBattle: Warning: AABCharacter::AttackCheck(431) Hit Actor Name : ABCharacter_3
[2022.07.26-13.43.24:839][973]ArenaBattle: Warning: AABCharacter::TakeDamage(442) Actor : ABCharacter_3 took Damage : 30.000000
[2022.07.26-13.43.24:845][973]ArenaBattle: Warning: AABCharacter::PostInitializeComponents::<lambda_9ec6f5f0c7a3f222ee93b885225af7ab>::operator ()(229) OnHPIsZero
[2022.07.26-13.43.24:846][973]ArenaBattle: Warning: AABPlayerState::GetExpRatio(37) Ratio : 0.022222, Current : 10, Next : 450
[2022.07.26-13.43.25:002][992]ArenaBattle: Warning: AABCharacter::PostInitializeComponents::<lambda_7cd169724b31af2760cd71070a7313e7>::operator ()(214) OnNextAttackCheck
[2022.07.26-13.43.43:727][238]LogSlate: FSceneViewport::OnFocusLost() reason 2
[2022.07.26-13.44.23:160][911]LogSlate: FSceneViewport::OnFocusLost() reason 0
[2022.07.26-13.44.23:763][962]Cmd: OBJ SAVEPACKAGE PACKAGE="/Game/Maps/Step4" FILE="../../../../UE4CPP/ArenaBattle/Content/Maps/Step4.umap" SILENT=true AUTOSAVING=false KEEPDIRTY=false
[2022.07.26-13.44.24:458][962]LogSavePackage: Save=37.52ms
[2022.07.26-13.44.24:459][962]LogSavePackage: Moving '../../../../UE4CPP/ArenaBattle/Saved/Step4EED61F16405FCFC2994F09A0C3A45B8A.tmp' to '../../../../UE4CPP/ArenaBattle/Content/Maps/Step4.umap'
[2022.07.26-13.44.24:497][962]LogSavePackage: Display: Finished SavePackage ../../../../UE4CPP/ArenaBattle/Content/Maps/Step4.umap
[2022.07.26-13.44.24:571][962]Cmd: OBJ SAVEPACKAGE PACKAGE="/Game/Maps/Step4_BuiltData" FILE="../../../../UE4CPP/ArenaBattle/Content/Maps/Step4_BuiltData.uasset" SILENT=true
[2022.07.26-13.44.24:672][962]LogSavePackage: Save=74.83ms
[2022.07.26-13.44.24:672][962]LogSavePackage: Moving '../../../../UE4CPP/ArenaBattle/Saved/Step4_BuiltData93661442468442EB971AEC8B46DA6CC2.tmp' to '../../../../UE4CPP/ArenaBattle/Content/Maps/Step4_BuiltData.uasset'
[2022.07.26-13.44.24:673][962]LogSavePackage: Display: Finished SavePackage ../../../../UE4CPP/ArenaBattle/Content/Maps/Step4_BuiltData.uasset
[2022.07.26-13.44.26:782][191]LogSlate: Window 'ArenaBattle - 언리얼 에디터' being destroyed
[2022.07.26-13.44.26:789][191]LogWindowsTextInputMethodSystem: Display: IME system now activated using TSF (Microsoft 입력기).
[2022.07.26-13.44.27:478][192]Cmd: QUIT_EDITOR
[2022.07.26-13.44.28:485][192]LogSlate: Slate User Destroyed.  User Index 0, Is Virtual User: 0
[2022.07.26-13.44.28:502][192]LogExit: Preparing to exit.
[2022.07.26-13.44.29:088][192]LogDirectoryWatcher: A directory notification for 'D:/UE4CPP/ArenaBattle/Content/' was aborted.
[2022.07.26-13.44.29:179][192]LogUObjectGlobals: Destroyed PersistentFrame Addr=0x00000168a62a5450, Size=20
[2022.07.26-13.44.29:255][192]LogExit: Editor shut down
[2022.07.26-13.44.29:279][192]LogExit: Transaction tracking system shut down
[2022.07.26-13.44.29:536][192]LogDirectoryWatcher: A directory notification for '../../../Engine/Content/' was aborted.
[2022.07.26-13.44.29:536][192]LogDirectoryWatcher: A directory notification for '../../../../UE4CPP/ArenaBattle/Content/' was aborted.
[2022.07.26-13.44.29:536][192]LogDirectoryWatcher: A directory notification for '../../Plugins/2D/Paper2D/Content/' was aborted.
[2022.07.26-13.44.29:536][192]LogDirectoryWatcher: A directory notification for '../../Plugins/Enterprise/DatasmithContent/Content/' was aborted.
[2022.07.26-13.44.29:536][192]LogDirectoryWatcher: A directory notification for '../../Plugins/Media/MediaCompositing/Content/' was aborted.
[2022.07.26-13.44.29:536][192]LogDirectoryWatcher: A directory notification for '../../Plugins/Runtime/AppleARKit/Content/' was aborted.
[2022.07.26-13.44.29:536][192]LogDirectoryWatcher: A directory notification for '../../Plugins/Runtime/Oculus/OculusVR/Content/' was aborted.
[2022.07.26-13.44.29:536][192]LogDirectoryWatcher: A directory notification for '../../Plugins/Runtime/Steam/SteamVR/Content/' was aborted.
[2022.07.26-13.44.31:337][192]LogExit: Object subsystem successfully closed.
[2022.07.26-13.44.31:501][192]LogShaderCompilers: Display: Shaders left to compile 0
[2022.07.26-13.44.31:541][192]LogD3D11RHI: Shutdown
[2022.07.26-13.44.31:541][192]LogD3D11RHI: CleanupD3DDevice
[2022.07.26-13.44.31:570][192]LogD3D11RHI: ~FD3D11DynamicRHI
[2022.07.26-13.44.32:556][192]LogModuleManager: Shutting down and abandoning module MovieSceneCapture (583)
[2022.07.26-13.44.32:556][192]LogModuleManager: Shutting down and abandoning module ArenaBattle (581)
[2022.07.26-13.44.32:556][192]LogModuleManager: Shutting down and abandoning module DataTableEditor (580)
[2022.07.26-13.44.32:556][192]LogModuleManager: Shutting down and abandoning module HierarchicalLODOutliner (578)
[2022.07.26-13.44.32:556][192]LogModuleManager: Shutting down and abandoning module DesktopPlatform (576)
[2022.07.26-13.44.32:566][192]LogModuleManager: Shutting down and abandoning module SceneOutliner (574)
[2022.07.26-13.44.32:584][192]LogModuleManager: Shutting down and abandoning module AddContentDialog (572)
[2022.07.26-13.44.32:607][192]LogDirectoryWatcher: A directory notification for 'D:/UE_4.19/FeaturePacks/' was aborted.
[2022.07.26-13.44.32:611][192]LogModuleManager: Shutting down and abandoning module WidgetCarousel (571)
[2022.07.26-13.44.32:611][192]LogModuleManager: Shutting down and abandoning module EditorWidgets (568)
[2022.07.26-13.44.32:611][192]LogModuleManager: Shutting down and abandoning module CollectionManager (566)
[2022.07.26-13.44.32:646][192]LogDirectoryWatcher: A directory notification for 'D:/UE4CPP/ArenaBattle/Content/Collections/' was aborted.
[2022.07.26-13.44.32:647][192]LogDirectoryWatcher: A directory notification for 'D:/UE4CPP/ArenaBattle/Content/Developers/guldd/Collections/' was aborted.
[2022.07.26-13.44.32:647][192]LogDirectoryWatcher: A directory notification for 'D:/UE4CPP/ArenaBattle/Saved/Collections/' was aborted.
[2022.07.26-13.44.32:647][192]LogModuleManager: Shutting down and abandoning module StatsViewer (564)
[2022.07.26-13.44.32:647][192]LogModuleManager: Shutting down and abandoning module FoliageEdit (562)
[2022.07.26-13.44.32:647][192]LogModuleManager: Shutting down and abandoning module LandscapeEditor (560)
[2022.07.26-13.44.32:662][192]LogModuleManager: Shutting down and abandoning module MeshPaintMode (558)
[2022.07.26-13.44.32:662][192]LogModuleManager: Shutting down and abandoning module SceneDepthPickerMode (556)
[2022.07.26-13.44.32:662][192]LogModuleManager: Shutting down and abandoning module ActorPickerMode (554)
[2022.07.26-13.44.32:662][192]LogModuleManager: Shutting down and abandoning module GeometryMode (552)
[2022.07.26-13.44.32:672][192]LogModuleManager: Shutting down and abandoning module TextureAlignMode (550)
[2022.07.26-13.44.32:672][192]LogModuleManager: Shutting down and abandoning module BspMode (548)
[2022.07.26-13.44.32:672][192]LogModuleManager: Shutting down and abandoning module PIEPreviewDeviceProfileSelector (546)
[2022.07.26-13.44.32:672][192]LogModuleManager: Shutting down and abandoning module HardwareSurvey (544)
[2022.07.26-13.44.32:672][192]LogModuleManager: Shutting down and abandoning module SequenceRecorderSections (542)
[2022.07.26-13.44.32:682][192]LogModuleManager: Shutting down and abandoning module AutomationWorker (540)
[2022.07.26-13.44.32:682][192]LogModuleManager: Shutting down and abandoning module AudioCaptureEditor (538)
[2022.07.26-13.44.32:682][192]LogModuleManager: Shutting down and abandoning module SequenceRecorder (537)
[2022.07.26-13.44.32:700][192]LogModuleManager: Shutting down and abandoning module MatineeToLevelSequence (534)
[2022.07.26-13.44.32:712][192]LogModuleManager: Shutting down and abandoning module LevelSequenceEditor (532)
[2022.07.26-13.44.32:751][192]LogModuleManager: Shutting down and abandoning module PlacementMode (531)
[2022.07.26-13.44.32:751][192]LogModuleManager: Shutting down and abandoning module MaterialEditor (530)
[2022.07.26-13.44.32:794][192]LogModuleManager: Shutting down and abandoning module WmfMediaFactory (526)
[2022.07.26-13.44.32:794][192]LogModuleManager: Shutting down and abandoning module WmfMediaEditor (524)
[2022.07.26-13.44.32:794][192]LogModuleManager: Shutting down and abandoning module MediaPlayerEditor (522)
[2022.07.26-13.44.32:806][192]LogModuleManager: Shutting down and abandoning module OpenExrWrapper (520)
[2022.07.26-13.44.32:806][192]LogModuleManager: Shutting down and abandoning module ImgMediaFactory (518)
[2022.07.26-13.44.32:806][192]LogModuleManager: Shutting down and abandoning module ImgMediaEditor (516)
[2022.07.26-13.44.32:806][192]LogModuleManager: Shutting down and abandoning module AvfMediaFactory (514)
[2022.07.26-13.44.32:806][192]LogModuleManager: Shutting down and abandoning module AvfMediaEditor (512)
[2022.07.26-13.44.32:806][192]LogModuleManager: Shutting down and abandoning module AndroidMediaFactory (510)
[2022.07.26-13.44.32:806][192]LogModuleManager: Shutting down and abandoning module AndroidMediaEditor (508)
[2022.07.26-13.44.32:806][192]LogModuleManager: Shutting down and abandoning module CharacterAI (506)
[2022.07.26-13.44.32:806][192]LogModuleManager: Shutting down and abandoning module SmartSnapping (504)
[2022.07.26-13.44.32:806][192]LogModuleManager: Shutting down and abandoning module SessionServices (502)
[2022.07.26-13.44.32:806][192]LogModuleManager: Shutting down and abandoning module ViewportSnapping (500)
[2022.07.26-13.44.32:806][192]LogModuleManager: Shutting down and abandoning module ViewportInteraction (498)
[2022.07.26-13.44.32:806][192]LogModuleManager: Shutting down and abandoning module ClothPainter (496)
[2022.07.26-13.44.32:840][192]LogModuleManager: Shutting down and abandoning module SkeletalMeshEditor (495)
[2022.07.26-13.44.32:859][192]LogModuleManager: Shutting down and abandoning module LogVisualizer (492)
[2022.07.26-13.44.32:873][192]LogModuleManager: Shutting down and abandoning module IntroTutorials (490)
[2022.07.26-13.44.32:905][192]LogModuleManager: Shutting down and abandoning module GameProjectGeneration (489)
[2022.07.26-13.44.32:917][192]LogModuleManager: Shutting down and abandoning module IOSPlatformEditor (486)
[2022.07.26-13.44.32:930][192]LogModuleManager: Shutting down and abandoning module HTML5PlatformEditor (484)
[2022.07.26-13.44.32:930][192]LogModuleManager: Shutting down and abandoning module AndroidPlatformEditor (482)
[2022.07.26-13.44.32:930][192]LogModuleManager: Shutting down and abandoning module AndroidDeviceDetection (481)
[2022.07.26-13.44.33:262][192]LogModuleManager: Shutting down and abandoning module WindowsPlatformEditor (478)
[2022.07.26-13.44.33:263][192]LogModuleManager: Shutting down and abandoning module IOSRuntimeSettings (476)
[2022.07.26-13.44.33:263][192]LogModuleManager: Shutting down and abandoning module AndroidRuntimeSettings (474)
[2022.07.26-13.44.33:263][192]LogModuleManager: Shutting down and abandoning module InputBindingEditor (472)
[2022.07.26-13.44.33:287][192]LogModuleManager: Shutting down and abandoning module MergeActors (470)
[2022.07.26-13.44.33:298][192]LogModuleManager: Shutting down and abandoning module LocalizationDashboard (468)
[2022.07.26-13.44.33:309][192]LogModuleManager: Shutting down and abandoning module LocalizationService (467)
[2022.07.26-13.44.33:323][192]LogModuleManager: Shutting down and abandoning module HardwareTargeting (464)
[2022.07.26-13.44.33:323][192]LogModuleManager: Shutting down and abandoning module DeviceProfileEditor (462)
[2022.07.26-13.44.33:341][192]LogModuleManager: Shutting down and abandoning module UndoHistory (460)
[2022.07.26-13.44.33:341][192]LogModuleManager: Shutting down and abandoning module XmlParser (458)
[2022.07.26-13.44.33:346][192]LogModuleManager: Shutting down and abandoning module Blutility (456)
[2022.07.26-13.44.33:346][192]LogModuleManager: Shutting down and abandoning module ProjectSettingsViewer (454)
[2022.07.26-13.44.33:346][192]LogModuleManager: Shutting down and abandoning module ProjectTargetPlatformEditor (453)
[2022.07.26-13.44.33:347][192]LogModuleManager: Shutting down and abandoning module EditorSettingsViewer (450)
[2022.07.26-13.44.33:347][192]LogModuleManager: Shutting down and abandoning module SettingsEditor (448)
[2022.07.26-13.44.33:369][192]LogModuleManager: Shutting down and abandoning module ProjectLauncher (446)
[2022.07.26-13.44.33:381][192]LogModuleManager: Shutting down and abandoning module SessionFrontend (444)
[2022.07.26-13.44.33:394][192]LogModuleManager: Shutting down and abandoning module ProfilerClient (442)
[2022.07.26-13.44.33:402][192]LogModuleManager: Shutting down and abandoning module DeviceManager (440)
[2022.07.26-13.44.33:414][192]LogModuleManager: Shutting down and abandoning module TargetDeviceServices (439)
[2022.07.26-13.44.33:464][192]LogModuleManager: Shutting down and abandoning module AutomationController (436)
[2022.07.26-13.44.33:471][192]LogModuleManager: Shutting down and abandoning module AutomationWindow (434)
[2022.07.26-13.44.33:500][192]LogModuleManager: Shutting down and abandoning module Layers (432)
[2022.07.26-13.44.33:534][192]LogModuleManager: Shutting down and abandoning module ComponentVisualizers (430)
[2022.07.26-13.44.33:534][192]LogModuleManager: Shutting down and abandoning module DetailCustomizations (428)
[2022.07.26-13.44.33:549][192]LogModuleManager: Shutting down and abandoning module PackagesDialog (426)
[2022.07.26-13.44.33:549][192]LogModuleManager: Shutting down and abandoning module Persona (424)
[2022.07.26-13.44.33:576][192]LogModuleManager: Shutting down and abandoning module AdvancedPreviewScene (423)
[2022.07.26-13.44.33:576][192]LogModuleManager: Shutting down and abandoning module AnimGraph (421)
[2022.07.26-13.44.33:576][192]LogModuleManager: Shutting down and abandoning module Kismet (418)
[2022.07.26-13.44.33:620][192]LogModuleManager: Shutting down and abandoning module GraphEditor (416)
[2022.07.26-13.44.33:654][192]LogModuleManager: Shutting down and abandoning module ClassViewer (414)
[2022.07.26-13.44.33:654][192]LogModuleManager: Shutting down and abandoning module Toolbox (412)
[2022.07.26-13.44.33:655][192]LogModuleManager: Shutting down and abandoning module ModuleUI (410)
[2022.07.26-13.44.33:673][192]LogModuleManager: Shutting down and abandoning module MovieSceneTools (408)
[2022.07.26-13.44.33:707][192]LogModuleManager: Shutting down and abandoning module OutputLog (406)
[2022.07.26-13.44.33:707][192]LogModuleManager: Shutting down and abandoning module GammaUI (404)
[2022.07.26-13.44.33:712][192]LogModuleManager: Shutting down and abandoning module Documentation (402)
[2022.07.26-13.44.33:712][192]LogModuleManager: Shutting down and abandoning module MovieSceneTracks (400)
[2022.07.26-13.44.33:712][192]LogModuleManager: Shutting down and abandoning module MovieScene (398)
[2022.07.26-13.44.33:712][192]LogModuleManager: Shutting down and abandoning module StreamingPauseRendering (396)
[2022.07.26-13.44.33:712][192]LogModuleManager: Shutting down and abandoning module LauncherPlatform (394)
[2022.07.26-13.44.33:712][192]LogModuleManager: Shutting down and abandoning module AnalyticsET (392)
[2022.07.26-13.44.33:712][192]LogModuleManager: Shutting down and abandoning module PortalServices (390)
[2022.07.26-13.44.33:712][192]LogModuleManager: Shutting down and abandoning module PortalRpc (388)
[2022.07.26-13.44.33:712][192]LogModuleManager: Shutting down and abandoning module MessagingRpc (386)
[2022.07.26-13.44.33:712][192]LogModuleManager: Shutting down and abandoning module AIModule (384)
[2022.07.26-13.44.33:712][192]LogModuleManager: Shutting down and abandoning module GameplayDebugger (383)
[2022.07.26-13.44.33:712][192]LogModuleManager: Shutting down and abandoning module AITestSuite (381)
[2022.07.26-13.44.33:730][192]LogModuleManager: Shutting down and abandoning module ProfilerService (378)
[2022.07.26-13.44.33:793][192]LogModuleManager: Shutting down and abandoning module TaskGraph (376)
[2022.07.26-13.44.33:815][192]LogModuleManager: Shutting down and abandoning module SteamVRController (374)
[2022.07.26-13.44.33:815][192]LogModuleManager: Shutting down and abandoning module ProceduralMeshComponentEditor (372)
[2022.07.26-13.44.33:815][192]LogModuleManager: Shutting down and abandoning module ProceduralMeshComponent (370)
[2022.07.26-13.44.33:828][192]LogModuleManager: Shutting down and abandoning module OculusInput (368)
[2022.07.26-13.44.33:840][192]LogModuleManager: Shutting down and abandoning module MobilePatchingUtils (366)
[2022.07.26-13.44.33:840][192]LogModuleManager: Shutting down and abandoning module CustomMeshComponent (364)
[2022.07.26-13.44.33:840][192]LogModuleManager: Shutting down and abandoning module CableComponent (362)
[2022.07.26-13.44.33:851][192]LogModuleManager: Shutting down and abandoning module AudioCapture (360)
[2022.07.26-13.44.33:851][192]LogModuleManager: Shutting down and abandoning module ArchVisCharacter (358)
[2022.07.26-13.44.33:851][192]LogModuleManager: Shutting down and abandoning module AndroidPermission (356)
[2022.07.26-13.44.33:851][192]LogModuleManager: Shutting down and abandoning module NUTUnrealEngine4 (352)
[2022.07.26-13.44.33:851][192]LogModuleManager: Shutting down and abandoning module NetcodeUnitTest (350)
[2022.07.26-13.44.33:875][192]LogModuleManager: Shutting down and abandoning module MediaCompositingEditor (348)
[2022.07.26-13.44.33:875][192]LogModuleManager: Shutting down and abandoning module MediaCompositing (346)
[2022.07.26-13.44.33:875][192]LogModuleManager: Shutting down and abandoning module LinearTimecode (344)
[2022.07.26-13.44.33:875][192]LogModuleManager: Shutting down and abandoning module ImgMedia (342)
[2022.07.26-13.44.33:889][192]LogModuleManager: Shutting down and abandoning module HTML5Networking (340)
[2022.07.26-13.44.33:889][192]LogModuleManager: Shutting down and abandoning module AlembicImporter (338)
[2022.07.26-13.44.33:894][192]LogModuleManager: Shutting down and abandoning module AlembicLibrary (337)
[2022.07.26-13.44.33:894][192]LogModuleManager: Shutting down and abandoning module GeometryCache (336)
[2022.07.26-13.44.33:894][192]LogModuleManager: Shutting down and abandoning module GeometryCacheEd (335)
[2022.07.26-13.44.33:894][192]LogModuleManager: Shutting down and abandoning module DatasmithContent (330)
[2022.07.26-13.44.33:894][192]LogModuleManager: Shutting down and abandoning module SpeedTreeImporter (328)
[2022.07.26-13.44.33:894][192]LogModuleManager: Shutting down and abandoning module PluginBrowser (326)
[2022.07.26-13.44.33:909][192]LogModuleManager: Shutting down and abandoning module MobileLauncherProfileWizard (324)
[2022.07.26-13.44.33:917][192]LogModuleManager: Shutting down and abandoning module CryptoKeysOpenSSL (322)
[2022.07.26-13.44.33:923][192]LogModuleManager: Shutting down and abandoning module CryptoKeys (320)
[2022.07.26-13.44.33:924][192]LogModuleManager: Shutting down and abandoning module VisualStudioSourceCodeAccess (318)
[2022.07.26-13.44.33:924][192]LogModuleManager: Shutting down and abandoning module VisualStudioCodeSourceCodeAccess (316)
[2022.07.26-13.44.33:924][192]LogModuleManager: Shutting down and abandoning module UObjectPlugin (314)
[2022.07.26-13.44.33:924][192]LogModuleManager: Shutting down and abandoning module SubversionSourceControl (312)
[2022.07.26-13.44.33:931][192]LogModuleManager: Shutting down and abandoning module PerforceSourceControl (310)
[2022.07.26-13.44.33:942][192]LogModuleManager: Shutting down and abandoning module GitSourceControl (308)
[2022.07.26-13.44.33:953][192]LogModuleManager: Shutting down and abandoning module SourceControl (307)
[2022.07.26-13.44.33:963][192]LogModuleManager: Shutting down and abandoning module CLionSourceCodeAccess (304)
[2022.07.26-13.44.33:973][192]LogModuleManager: Shutting down and abandoning module LightPropagationVolumeEditor (302)
[2022.07.26-13.44.33:973][192]LogModuleManager: Shutting down and abandoning module PaperTiledImporter (300)
[2022.07.26-13.44.33:973][192]LogModuleManager: Shutting down and abandoning module PaperSpriteSheetImporter (298)
[2022.07.26-13.44.33:973][192]LogModuleManager: Shutting down and abandoning module Paper2DEditor (296)
[2022.07.26-13.44.33:998][192]LogModuleManager: Shutting down and abandoning module MeshPaint (295)
[2022.07.26-13.44.34:015][192]LogModuleManager: Shutting down and abandoning module RuntimePhysXCooking (290)
[2022.07.26-13.44.34:015][192]LogModuleManager: Shutting down and abandoning module PhysXVehiclesEditor (288)
[2022.07.26-13.44.34:015][192]LogModuleManager: Shutting down and abandoning module PhysXVehicles (286)
[2022.07.26-13.44.34:015][192]LogModuleManager: Shutting down and abandoning module OculusEditor (284)
[2022.07.26-13.44.34:015][192]LogModuleManager: Shutting down and abandoning module LocationServicesBPLibrary (282)
[2022.07.26-13.44.34:015][192]LogModuleManager: Shutting down and abandoning module ImmediatePhysicsEditor (280)
[2022.07.26-13.44.34:015][192]LogModuleManager: Shutting down and abandoning module ImmediatePhysics (278)
[2022.07.26-13.44.34:026][192]LogModuleManager: Shutting down and abandoning module ActorSequence (276)
[2022.07.26-13.44.34:026][192]LogModuleManager: Shutting down and abandoning module UdpMessaging (274)
[2022.07.26-13.44.34:143][192]LogModuleManager: Shutting down and abandoning module TcpMessaging (272)
[2022.07.26-13.44.34:261][192]LogModuleManager: Shutting down and abandoning module GameplayTagsEditor (270)
[2022.07.26-13.44.34:265][192]LogModuleManager: Shutting down and abandoning module FacialAnimationEditor (268)
[2022.07.26-13.44.34:265][192]LogModuleManager: Shutting down and abandoning module FacialAnimation (266)
[2022.07.26-13.44.34:265][192]LogModuleManager: Shutting down and abandoning module DataValidation (264)
[2022.07.26-13.44.34:276][192]LogModuleManager: Shutting down and abandoning module AssetManagerEditor (262)
[2022.07.26-13.44.34:300][192]LogModuleManager: Shutting down and abandoning module LevelEditor (261)
[2022.07.26-13.44.34:311][192]LogModuleManager: Shutting down and abandoning module PixelInspectorModule (260)
[2022.07.26-13.44.34:322][192]LogModuleManager: Shutting down and abandoning module CommonMenuExtensions (258)
[2022.07.26-13.44.34:322][192]LogModuleManager: Shutting down and abandoning module MainFrame (256)
[2022.07.26-13.44.34:323][192]LogModuleManager: Shutting down and abandoning module HotReload (255)
[2022.07.26-13.44.34:323][192]LogDirectoryWatcher: A directory notification for 'D:/UE4CPP/ArenaBattle/Binaries/Win64' was aborted.
[2022.07.26-13.44.34:323][192]LogModuleManager: Shutting down and abandoning module ContentBrowser (251)
[2022.07.26-13.44.34:324][192]LogModuleManager: Shutting down and abandoning module TreeMap (249)
[2022.07.26-13.44.34:339][192]LogModuleManager: Shutting down and abandoning module LightPropagationVolumeRuntime (246)
[2022.07.26-13.44.34:339][192]LogModuleManager: Shutting down and abandoning module LiveLinkEditor (244)
[2022.07.26-13.44.34:354][192]LogModuleManager: Shutting down and abandoning module LiveLink (242)
[2022.07.26-13.44.34:489][192]LogModuleManager: Shutting down and abandoning module Paper2D (240)
[2022.07.26-13.44.34:489][192]LogModuleManager: Shutting down and abandoning module ArenaBattleSetting (238)
[2022.07.26-13.44.34:489][192]LogModuleManager: Shutting down and abandoning module WindowsMoviePlayer (236)
[2022.07.26-13.44.34:500][192]LogModuleManager: Shutting down and abandoning module WmfMedia (234)
[2022.07.26-13.44.34:515][192]LogModuleManager: Shutting down and abandoning module Media (233)
[2022.07.26-13.44.34:521][192]LogModuleManager: Shutting down and abandoning module PacketHandler (230)
[2022.07.26-13.44.34:521][192]LogModuleManager: Shutting down and abandoning module ClothingSystemEditor (228)
[2022.07.26-13.44.34:521][192]LogModuleManager: Shutting down and abandoning module ClothingSystemRuntime (226)
[2022.07.26-13.44.34:531][192]LogModuleManager: Shutting down and abandoning module MediaAssets (224)
[2022.07.26-13.44.34:531][192]LogModuleManager: Shutting down and abandoning module Overlay (222)
[2022.07.26-13.44.34:531][192]LogModuleManager: Shutting down and abandoning module OverlayEditor (221)
[2022.07.26-13.44.34:531][192]LogModuleManager: Shutting down and abandoning module VREditor (218)
[2022.07.26-13.44.34:546][192]LogModuleManager: Shutting down and abandoning module StringTableEditor (216)
[2022.07.26-13.44.34:546][192]LogModuleManager: Shutting down and abandoning module GameplayTasksEditor (214)
[2022.07.26-13.44.34:546][192]LogModuleManager: Shutting down and abandoning module BehaviorTreeEditor (212)
[2022.07.26-13.44.34:572][192]LogModuleManager: Shutting down and abandoning module FunctionalTesting (210)
[2022.07.26-13.44.34:572][192]LogModuleManager: Shutting down and abandoning module CollisionAnalyzer (208)
[2022.07.26-13.44.34:581][192]LogModuleManager: Shutting down and abandoning module WorkspaceMenuStructure (207)
[2022.07.26-13.44.34:581][192]LogModuleManager: Shutting down and abandoning module UMG (204)
[2022.07.26-13.44.34:581][192]LogModuleManager: Shutting down and abandoning module UMGEditor (203)
[2022.07.26-13.44.34:600][192]LogModuleManager: Shutting down and abandoning module Sequencer (202)
[2022.07.26-13.44.34:619][192]LogModuleManager: Shutting down and abandoning module MessageLog (199)
[2022.07.26-13.44.34:619][192]LogModuleManager: Shutting down and abandoning module SlateReflector (194)
[2022.07.26-13.44.34:641][192]LogModuleManager: Shutting down and abandoning module Slate (192)
[2022.07.26-13.44.34:641][192]LogModuleManager: Shutting down and abandoning module EditorStyle (190)
[2022.07.26-13.44.34:643][192]LogModuleManager: Shutting down and abandoning module MRMesh (188)
[2022.07.26-13.44.34:643][192]LogModuleManager: Shutting down and abandoning module SourceCodeAccess (186)
[2022.07.26-13.44.34:643][192]LogModuleManager: Shutting down and abandoning module HeadMountedDisplay (184)
[2022.07.26-13.44.34:643][192]LogModuleManager: Shutting down and abandoning module XAudio2 (182)
[2022.07.26-13.44.34:643][192]LogModuleManager: Shutting down and abandoning module Networking (180)
[2022.07.26-13.44.34:643][192]LogModuleManager: Shutting down and abandoning module Core (178)
[2022.07.26-13.44.34:643][192]LogModuleManager: Shutting down and abandoning module LevelSequence (176)
[2022.07.26-13.44.34:654][192]LogModuleManager: Shutting down and abandoning module KismetCompiler (174)
[2022.07.26-13.44.34:654][192]LogModuleManager: Shutting down and abandoning module MeshUtilities (172)
[2022.07.26-13.44.34:667][192]LogModuleManager: Shutting down and abandoning module MeshMergeUtilities (171)
[2022.07.26-13.44.34:667][192]LogModuleManager: Shutting down and abandoning module MeshReductionInterface (170)
[2022.07.26-13.44.34:667][192]LogModuleManager: Shutting down and abandoning module SimplygonSwarm (169)
[2022.07.26-13.44.34:680][192]LogModuleManager: Shutting down and abandoning module SimplygonMeshReduction (167)
[2022.07.26-13.44.34:689][192]LogModuleManager: Shutting down and abandoning module QuadricMeshReduction (165)
[2022.07.26-13.44.34:704][192]LogModuleManager: Shutting down and abandoning module MaterialBaking (161)
[2022.07.26-13.44.34:717][192]LogModuleManager: Shutting down and abandoning module DirectoryWatcher (157)
[2022.07.26-13.44.34:719][192]LogModuleManager: Shutting down and abandoning module DerivedDataCache (154)
[2022.07.26-13.44.34:751][192]LogDerivedDataCache: Shutdown
[2022.07.26-13.44.34:751][192]LogModuleManager: Shutting down and abandoning module XGEController (152)
[2022.07.26-13.44.34:751][192]LogModuleManager: Shutting down and abandoning module TargetPlatform (150)
[2022.07.26-13.44.34:751][192]LogModuleManager: Shutting down and abandoning module VulkanShaderFormat (149)
[2022.07.26-13.44.34:759][192]LogModuleManager: Shutting down and abandoning module ShaderFormatVectorVM (147)
[2022.07.26-13.44.34:770][192]LogModuleManager: Shutting down and abandoning module ShaderFormatOpenGL (145)
[2022.07.26-13.44.34:786][192]LogModuleManager: Shutting down and abandoning module ShaderFormatD3D (143)
[2022.07.26-13.44.34:805][192]LogModuleManager: Shutting down and abandoning module MetalShaderFormat (141)
[2022.07.26-13.44.34:822][192]LogModuleManager: Shutting down and abandoning module TextureFormatUncompressed (139)
[2022.07.26-13.44.34:822][192]LogModuleManager: Shutting down and abandoning module TextureFormatPVR (137)
[2022.07.26-13.44.34:822][192]LogModuleManager: Shutting down and abandoning module TextureFormatDXT (135)
[2022.07.26-13.44.34:857][192]LogModuleManager: Shutting down and abandoning module TextureFormatIntelISPCTexComp (133)
[2022.07.26-13.44.34:871][192]LogModuleManager: Shutting down and abandoning module TextureFormatASTC (131)
[2022.07.26-13.44.34:871][192]LogModuleManager: Shutting down and abandoning module ImageWrapper (130)
[2022.07.26-13.44.34:871][192]LogModuleManager: Shutting down and abandoning module TextureFormatAndroid (127)
[2022.07.26-13.44.34:871][192]LogModuleManager: Shutting down and abandoning module AudioFormatOpus (125)
[2022.07.26-13.44.34:871][192]LogModuleManager: Shutting down and abandoning module AudioFormatOgg (123)
[2022.07.26-13.44.34:871][192]LogModuleManager: Shutting down and abandoning module AudioFormatADPCM (121)
[2022.07.26-13.44.34:871][192]LogModuleManager: Shutting down and abandoning module LinuxTargetPlatform (119)
[2022.07.26-13.44.34:871][192]LogModuleManager: Shutting down and abandoning module LinuxServerTargetPlatform (117)
[2022.07.26-13.44.34:871][192]LogModuleManager: Shutting down and abandoning module LinuxNoEditorTargetPlatform (115)
[2022.07.26-13.44.34:871][192]LogModuleManager: Shutting down and abandoning module LinuxClientTargetPlatform (113)
[2022.07.26-13.44.34:871][192]LogModuleManager: Shutting down and abandoning module TVOSTargetPlatform (111)
[2022.07.26-13.44.34:871][192]LogModuleManager: Shutting down and abandoning module Messaging (109)
[2022.07.26-13.44.34:871][192]LogModuleManager: Shutting down and abandoning module IOSTargetPlatform (107)
[2022.07.26-13.44.34:871][192]LogModuleManager: Shutting down and abandoning module HTML5TargetPlatform (105)
[2022.07.26-13.44.34:871][192]LogModuleManager: Shutting down and abandoning module AndroidTargetPlatform (103)
[2022.07.26-13.44.34:871][192]LogModuleManager: Shutting down and abandoning module Android_PVRTCTargetPlatform (101)
[2022.07.26-13.44.34:871][192]LogModuleManager: Shutting down and abandoning module Android_MultiTargetPlatform (99)
[2022.07.26-13.44.34:871][192]LogModuleManager: Shutting down and abandoning module Android_ETC2TargetPlatform (97)
[2022.07.26-13.44.34:871][192]LogModuleManager: Shutting down and abandoning module Android_ETC1TargetPlatform (95)
[2022.07.26-13.44.34:871][192]LogModuleManager: Shutting down and abandoning module Android_ETC1aTargetPlatform (93)
[2022.07.26-13.44.34:871][192]LogModuleManager: Shutting down and abandoning module Android_DXTTargetPlatform (91)
[2022.07.26-13.44.34:871][192]LogModuleManager: Shutting down and abandoning module Android_ATCTargetPlatform (89)
[2022.07.26-13.44.34:871][192]LogModuleManager: Shutting down and abandoning module Android_ASTCTargetPlatform (87)
[2022.07.26-13.44.34:871][192]LogModuleManager: Shutting down and abandoning module WindowsTargetPlatform (85)
[2022.07.26-13.44.34:871][192]LogModuleManager: Shutting down and abandoning module WindowsServerTargetPlatform (83)
[2022.07.26-13.44.34:871][192]LogModuleManager: Shutting down and abandoning module WindowsNoEditorTargetPlatform (81)
[2022.07.26-13.44.34:871][192]LogModuleManager: Shutting down and abandoning module WindowsClientTargetPlatform (79)
[2022.07.26-13.44.34:871][192]LogModuleManager: Shutting down and abandoning module MacTargetPlatform (77)
[2022.07.26-13.44.34:871][192]LogModuleManager: Shutting down and abandoning module MacServerTargetPlatform (75)
[2022.07.26-13.44.34:871][192]LogModuleManager: Shutting down and abandoning module MacNoEditorTargetPlatform (73)
[2022.07.26-13.44.34:871][192]LogModuleManager: Shutting down and abandoning module MacClientTargetPlatform (71)
[2022.07.26-13.44.34:871][192]LogModuleManager: Shutting down and abandoning module AllDesktopTargetPlatform (69)
[2022.07.26-13.44.34:871][192]LogModuleManager: Shutting down and abandoning module InputCore (66)
[2022.07.26-13.44.34:871][192]LogModuleManager: Shutting down and abandoning module Settings (64)
[2022.07.26-13.44.34:872][192]LogModuleManager: Shutting down and abandoning module PhysXCooking (62)
[2022.07.26-13.44.34:872][192]LogModuleManager: Shutting down and abandoning module SteamVR (60)
[2022.07.26-13.44.34:872][192]LogModuleManager: Shutting down and abandoning module OculusHMD (58)
[2022.07.26-13.44.34:883][192]LogModuleManager: Shutting down and abandoning module ExampleDeviceProfileSelector (56)
[2022.07.26-13.44.34:883][192]LogModuleManager: Shutting down and abandoning module AppleARKit (54)
[2022.07.26-13.44.34:883][192]LogModuleManager: Shutting down and abandoning module AugmentedReality (51)
[2022.07.26-13.44.34:883][192]LogModuleManager: Shutting down and abandoning module OnlineBlueprintSupport (48)
[2022.07.26-13.44.34:883][192]LogModuleManager: Shutting down and abandoning module OnlineSubsystem (44)
[2022.07.26-13.44.34:906][192]LogModuleManager: Shutting down and abandoning module XMPP (43)
[2022.07.26-13.44.34:918][192]LogModuleManager: Shutting down and abandoning module HTTP (41)
[2022.07.26-13.44.34:932][192]LogHttp: Display: Http module shutting down, but needs to wait on 1 outstanding Http requests:
[2022.07.26-13.44.34:932][192]LogHttp: Display: 	verb=[POST] url=[https://datarouter.ol.epicgames.com/datarouter/api/v1/public/data?SessionID=%7B804702DF-48D0-3192-EB63-719969B748D3%7D&AppID=UEEditor.Rocket.Release&AppVersion=4.19.2-4033788%2B%2B%2BUE4%2BRelease-4.19&UserID=e79f5cc5407acae592eeb0a476ccd7a2%7C08905224029e428f9f07defacfcb4ba1%7C77501964-0de5-4002-8f6f-3f941ea6e768&AppEnvironment=datacollector-binary&UploadType=eteventstream] status=Processing
[2022.07.26-13.44.34:939][192]LogModuleManager: Shutting down and abandoning module SSL (40)
[2022.07.26-13.44.34:946][192]LogModuleManager: Shutting down and abandoning module AnimationModifiers (36)
[2022.07.26-13.44.35:001][192]LogModuleManager: Shutting down and abandoning module PropertyEditor (35)
[2022.07.26-13.44.35:016][192]LogModuleManager: Shutting down and abandoning module AudioEditor (32)
[2022.07.26-13.44.35:035][192]LogModuleManager: Shutting down and abandoning module TextureCompressor (30)
[2022.07.26-13.44.35:050][192]LogModuleManager: Shutting down and abandoning module ShaderCore (28)
[2022.07.26-13.44.35:050][192]LogModuleManager: Shutting down and abandoning module Landscape (26)
[2022.07.26-13.44.35:050][192]LogModuleManager: Shutting down and abandoning module SlateRHIRenderer (24)
[2022.07.26-13.44.35:069][192]LogModuleManager: Shutting down and abandoning module OpenGLDrv (22)
[2022.07.26-13.44.35:117][192]LogModuleManager: Shutting down and abandoning module D3D11RHI (20)
[2022.07.26-13.44.35:117][192]LogModuleManager: Shutting down and abandoning module AnimGraphRuntime (18)
[2022.07.26-13.44.35:117][192]LogModuleManager: Shutting down and abandoning module Renderer (16)
[2022.07.26-13.44.35:117][192]LogModuleManager: Shutting down and abandoning module Engine (14)
[2022.07.26-13.44.35:117][192]LogModuleManager: Shutting down and abandoning module CoreUObject (12)
[2022.07.26-13.44.35:117][192]LogModuleManager: Shutting down and abandoning module NetworkFile (10)
[2022.07.26-13.44.35:130][192]LogModuleManager: Shutting down and abandoning module CookedIterativeFile (8)
[2022.07.26-13.44.35:130][192]LogModuleManager: Shutting down and abandoning module StreamingFile (6)
[2022.07.26-13.44.35:139][192]LogModuleManager: Shutting down and abandoning module SandboxFile (4)
[2022.07.26-13.44.35:147][192]LogModuleManager: Shutting down and abandoning module PakFile (2)
[2022.07.26-13.44.35:176][192]LogExit: Exiting.
[2022.07.26-13.44.35:187][192]Log file closed, 07/26/22 22:44:35
