Log file open, 04/09/22 03:28:43
LogWindows: Failed to load 'aqProf.dll' (GetLastError=126)
LogWindows: File 'aqProf.dll' does not exist
LogWindows: Failed to load 'VtuneApi.dll' (GetLastError=126)
LogWindows: File 'VtuneApi.dll' does not exist
LogWindows: Failed to load 'VtuneApi32e.dll' (GetLastError=126)
LogWindows: File 'VtuneApi32e.dll' does not exist
LogInit: Display: Running engine for game: ArenaBattle
LogPlatformFile: Not using cached read wrapper
LogInit: Display: RandInit(-1847931208) SRandInit(-1847931208).
LogInit: Read version file with build ID '3944462'
LogInit: Overriding engine version to CL 4033788, compatible CL 3944462
LogInit: Registered custom module enumerator with build ID '3944462'
LogTaskGraph: Started task graph with 5 named threads and 35 total threads with 3 sets of task threads.
LogStats: Stats thread started at 0.527969
LogD3D11RHI: Aftermath initialized
LogICUInternationalization: Display: ICU TimeZone Detection - Raw Offset: +9:00, Platform Override: ''
LogPluginManager: Mounting plugin Paper2D
LogPluginManager: Mounting plugin LiveLink
LogPluginManager: Mounting plugin LightPropagationVolume
LogPluginManager: Mounting plugin CLionSourceCodeAccess
LogPluginManager: Mounting plugin CodeLiteSourceCodeAccess
LogPluginManager: Mounting plugin GitSourceControl
LogPluginManager: Mounting plugin KDevelopSourceCodeAccess
LogPluginManager: Mounting plugin NullSourceCodeAccess
LogPluginManager: Mounting plugin PerforceSourceControl
LogPluginManager: Mounting plugin SubversionSourceControl
LogPluginManager: Mounting plugin UObjectPlugin
LogPluginManager: Mounting plugin VisualStudioCodeSourceCodeAccess
LogPluginManager: Mounting plugin VisualStudioSourceCodeAccess
LogPluginManager: Mounting plugin XCodeSourceCodeAccess
LogPluginManager: Mounting plugin AssetManagerEditor
LogPluginManager: Mounting plugin CryptoKeys
LogPluginManager: Mounting plugin DataValidation
LogPluginManager: Mounting plugin FacialAnimation
LogPluginManager: Mounting plugin GameplayTagsEditor
LogPluginManager: Mounting plugin MobileLauncherProfileWizard
LogPluginManager: Mounting plugin PluginBrowser
LogPluginManager: Mounting plugin SpeedTreeImporter
LogPluginManager: Mounting plugin DatasmithContent
LogPluginManager: Mounting plugin AlembicImporter
LogPluginManager: Mounting plugin CharacterAI
LogPluginManager: Mounting plugin HTML5Networking
LogPluginManager: Mounting plugin AndroidMedia
LogPluginManager: Mounting plugin AvfMedia
LogPluginManager: Mounting plugin ImgMedia
LogPluginManager: Mounting plugin LinearTimecode
LogPluginManager: Mounting plugin MediaCompositing
LogPluginManager: Mounting plugin MediaPlayerEditor
LogPluginManager: Mounting plugin WmfMedia
LogPluginManager: Mounting plugin TcpMessaging
LogPluginManager: Mounting plugin UdpMessaging
LogPluginManager: Mounting plugin ActorSequence
LogPluginManager: Mounting plugin LevelSequenceEditor
LogPluginManager: Mounting plugin MatineeToLevelSequence
LogPluginManager: Mounting plugin NetcodeUnitTest
LogPluginManager: Mounting plugin NUTUnrealEngine4
LogPluginManager: Mounting plugin OnlineSubsystemGooglePlay
LogPluginManager: Mounting plugin OnlineSubsystemIOS
LogPluginManager: Mounting plugin OnlineSubsystem
LogPluginManager: Mounting plugin OnlineSubsystemNull
LogPluginManager: Mounting plugin OnlineSubsystemUtils
LogPluginManager: Mounting plugin AndroidDeviceProfileSelector
LogPluginManager: Mounting plugin AndroidMoviePlayer
LogPluginManager: Mounting plugin AndroidPermission
LogPluginManager: Mounting plugin AppleARKit
LogPluginManager: Mounting plugin AppleMoviePlayer
LogPluginManager: Mounting plugin ArchVisCharacter
LogPluginManager: Mounting plugin AudioCapture
LogPluginManager: Mounting plugin CableComponent
LogPluginManager: Mounting plugin CustomMeshComponent
LogPluginManager: Mounting plugin ExampleDeviceProfileSelector
LogPluginManager: Mounting plugin GoogleCloudMessaging
LogPluginManager: Mounting plugin ImmediatePhysics
LogPluginManager: Mounting plugin IOSDeviceProfileSelector
LogPluginManager: Mounting plugin LinuxDeviceProfileSelector
LogPluginManager: Mounting plugin LocationServicesBPLibrary
LogPluginManager: Mounting plugin MobilePatchingUtils
LogPluginManager: Mounting plugin OculusVR
LogPluginManager: Plugin shader directory ../../../Engine/Plugins/Runtime/Oculus/OculusVR/Shaders found
LogPluginManager: Mapping shader source directory ../../../Engine/Plugins/Runtime/Oculus/OculusVR/Shaders to virtual directory /Plugin/OculusVR
LogPluginManager: Mounting plugin PhysXVehicles
LogPluginManager: Mounting plugin ProceduralMeshComponent
LogPluginManager: Mounting plugin RuntimePhysXCooking
LogPluginManager: Mounting plugin SteamVR
LogPluginManager: Mounting plugin WindowsMoviePlayer
LogStreaming: Display: Took  0.300s to configure plugins.
LogModuleManager: Display: Found up-to-date module file ../../../../UE4CPP/ArenaBattle/Binaries/Win64/UE4Editor-ArenaBattle-7155.dll (API version 3944462).
LogModuleManager: Display: Found up-to-date module file ../../../Engine/Plugins/2D/Paper2D/Binaries/Win64/UE4Editor-Paper2D.dll (API version 3944462).
LogModuleManager: Display: Found up-to-date module file ../../../Engine/Plugins/2D/Paper2D/Binaries/Win64/UE4Editor-Paper2DEditor.dll (API version 3944462).
LogModuleManager: Display: Found up-to-date module file ../../../Engine/Plugins/2D/Paper2D/Binaries/Win64/UE4Editor-PaperSpriteSheetImporter.dll (API version 3944462).
LogModuleManager: Display: Found up-to-date module file ../../../Engine/Plugins/2D/Paper2D/Binaries/Win64/UE4Editor-PaperTiledImporter.dll (API version 3944462).
LogModuleManager: Display: Found up-to-date module file ../../../Engine/Plugins/2D/Paper2D/Binaries/Win64/UE4Editor-SmartSnapping.dll (API version 3944462).
LogModuleManager: Display: Found up-to-date module file ../../../Engine/Plugins/Animation/LiveLink/Binaries/Win64/UE4Editor-LiveLink.dll (API version 3944462).
LogModuleManager: Display: Found up-to-date module file ../../../Engine/Plugins/Animation/LiveLink/Binaries/Win64/UE4Editor-LiveLinkEditor.dll (API version 3944462).
LogModuleManager: Display: Found up-to-date module file ../../../Engine/Plugins/Blendables/LightPropagationVolume/Binaries/Win64/UE4Editor-LightPropagationVolumeRuntime.dll (API version 3944462).
LogModuleManager: Display: Found up-to-date module file ../../../Engine/Plugins/Blendables/LightPropagationVolume/Binaries/Win64/UE4Editor-LightPropagationVolumeEditor.dll (API version 3944462).
LogModuleManager: Display: Found up-to-date module file ../../../Engine/Plugins/Developer/CLionSourceCodeAccess/Binaries/Win64/UE4Editor-CLionSourceCodeAccess.dll (API version 3944462).
LogModuleManager: Display: Found up-to-date module file ../../../Engine/Plugins/Developer/GitSourceControl/Binaries/Win64/UE4Editor-GitSourceControl.dll (API version 3944462).
LogModuleManager: Display: Found up-to-date module file ../../../Engine/Plugins/Developer/PerforceSourceControl/Binaries/Win64/UE4Editor-PerforceSourceControl.dll (API version 3944462).
LogModuleManager: Display: Found up-to-date module file ../../../Engine/Plugins/Developer/SubversionSourceControl/Binaries/Win64/UE4Editor-SubversionSourceControl.dll (API version 3944462).
LogModuleManager: Display: Found up-to-date module file ../../../Engine/Plugins/Developer/UObjectPlugin/Binaries/Win64/UE4Editor-UObjectPlugin.dll (API version 3944462).
LogModuleManager: Display: Found up-to-date module file ../../../Engine/Plugins/Developer/VisualStudioCodeSourceCodeAccess/Binaries/Win64/UE4Editor-VisualStudioCodeSourceCodeAccess.dll (API version 3944462).
LogModuleManager: Display: Found up-to-date module file ../../../Engine/Plugins/Developer/VisualStudioSourceCodeAccess/Binaries/Win64/UE4Editor-VisualStudioSourceCodeAccess.dll (API version 3944462).
LogModuleManager: Display: Found up-to-date module file ../../../Engine/Plugins/Editor/AssetManagerEditor/Binaries/Win64/UE4Editor-AssetManagerEditor.dll (API version 3944462).
LogModuleManager: Display: Found up-to-date module file ../../../Engine/Plugins/Editor/CryptoKeys/Binaries/Win64/UE4Editor-CryptoKeys.dll (API version 3944462).
LogModuleManager: Display: Found up-to-date module file ../../../Engine/Plugins/Editor/CryptoKeys/Binaries/Win64/UE4Editor-CryptoKeysOpenSSL.dll (API version 3944462).
LogModuleManager: Display: Found up-to-date module file ../../../Engine/Plugins/Editor/DataValidation/Binaries/Win64/UE4Editor-DataValidation.dll (API version 3944462).
LogModuleManager: Display: Found up-to-date module file ../../../Engine/Plugins/Editor/FacialAnimation/Binaries/Win64/UE4Editor-FacialAnimation.dll (API version 3944462).
LogModuleManager: Display: Found up-to-date module file ../../../Engine/Plugins/Editor/FacialAnimation/Binaries/Win64/UE4Editor-FacialAnimationEditor.dll (API version 3944462).
LogModuleManager: Display: Found up-to-date module file ../../../Engine/Plugins/Editor/GameplayTagsEditor/Binaries/Win64/UE4Editor-GameplayTagsEditor.dll (API version 3944462).
LogModuleManager: Display: Found up-to-date module file ../../../Engine/Plugins/Editor/MobileLauncherProfileWizard/Binaries/Win64/UE4Editor-MobileLauncherProfileWizard.dll (API version 3944462).
LogModuleManager: Display: Found up-to-date module file ../../../Engine/Plugins/Editor/PluginBrowser/Binaries/Win64/UE4Editor-PluginBrowser.dll (API version 3944462).
LogModuleManager: Display: Found up-to-date module file ../../../Engine/Plugins/Editor/SpeedTreeImporter/Binaries/Win64/UE4Editor-SpeedTreeImporter.dll (API version 3944462).
LogModuleManager: Display: Found up-to-date module file ../../../Engine/Plugins/Enterprise/DatasmithContent/Binaries/Win64/UE4Editor-DatasmithContent.dll (API version 3944462).
LogModuleManager: Display: Found up-to-date module file ../../../Engine/Plugins/Experimental/AlembicImporter/Binaries/Win64/UE4Editor-AlembicImporter.dll (API version 3944462).
LogModuleManager: Display: Found up-to-date module file ../../../Engine/Plugins/Experimental/AlembicImporter/Binaries/Win64/UE4Editor-AlembicLibrary.dll (API version 3944462).
LogModuleManager: Display: Found up-to-date module file ../../../Engine/Plugins/Experimental/CharacterAI/Binaries/Win64/UE4Editor-CharacterAI.dll (API version 3944462).
LogModuleManager: Display: Found up-to-date module file ../../../Engine/Plugins/Experimental/HTML5Networking/Binaries/Win64/UE4Editor-HTML5Networking.dll (API version 3944462).
LogModuleManager: Display: Found up-to-date module file ../../../Engine/Plugins/Media/AndroidMedia/Binaries/Win64/UE4Editor-AndroidMediaEditor.dll (API version 3944462).
LogModuleManager: Display: Found up-to-date module file ../../../Engine/Plugins/Media/AndroidMedia/Binaries/Win64/UE4Editor-AndroidMediaFactory.dll (API version 3944462).
LogModuleManager: Display: Found up-to-date module file ../../../Engine/Plugins/Media/AvfMedia/Binaries/Win64/UE4Editor-AvfMediaEditor.dll (API version 3944462).
LogModuleManager: Display: Found up-to-date module file ../../../Engine/Plugins/Media/AvfMedia/Binaries/Win64/UE4Editor-AvfMediaFactory.dll (API version 3944462).
LogModuleManager: Display: Found up-to-date module file ../../../Engine/Plugins/Media/AvfMedia/Binaries/Win64/UE4Editor-AvfMediaFactory.dll (API version 3944462).
LogModuleManager: Display: Found up-to-date module file ../../../Engine/Plugins/Media/ImgMedia/Binaries/Win64/UE4Editor-ImgMedia.dll (API version 3944462).
LogModuleManager: Display: Found up-to-date module file ../../../Engine/Plugins/Media/ImgMedia/Binaries/Win64/UE4Editor-ImgMediaEditor.dll (API version 3944462).
LogModuleManager: Display: Found up-to-date module file ../../../Engine/Plugins/Media/ImgMedia/Binaries/Win64/UE4Editor-ImgMediaFactory.dll (API version 3944462).
LogModuleManager: Display: Found up-to-date module file ../../../Engine/Plugins/Media/ImgMedia/Binaries/Win64/UE4Editor-ImgMediaFactory.dll (API version 3944462).
LogModuleManager: Display: Found up-to-date module file ../../../Engine/Plugins/Media/ImgMedia/Binaries/Win64/UE4Editor-OpenExrWrapper.dll (API version 3944462).
LogModuleManager: Display: Found up-to-date module file ../../../Engine/Plugins/Media/LinearTimecode/Binaries/Win64/UE4Editor-LinearTimecode.dll (API version 3944462).
LogModuleManager: Display: Found up-to-date module file ../../../Engine/Plugins/Media/MediaCompositing/Binaries/Win64/UE4Editor-MediaCompositing.dll (API version 3944462).
LogModuleManager: Display: Found up-to-date module file ../../../Engine/Plugins/Media/MediaCompositing/Binaries/Win64/UE4Editor-MediaCompositingEditor.dll (API version 3944462).
LogModuleManager: Display: Found up-to-date module file ../../../Engine/Plugins/Media/MediaPlayerEditor/Binaries/Win64/UE4Editor-MediaPlayerEditor.dll (API version 3944462).
LogModuleManager: Display: Found up-to-date module file ../../../Engine/Plugins/Media/WmfMedia/Binaries/Win64/UE4Editor-WmfMedia.dll (API version 3944462).
LogModuleManager: Display: Found up-to-date module file ../../../Engine/Plugins/Media/WmfMedia/Binaries/Win64/UE4Editor-WmfMediaEditor.dll (API version 3944462).
LogModuleManager: Display: Found up-to-date module file ../../../Engine/Plugins/Media/WmfMedia/Binaries/Win64/UE4Editor-WmfMediaFactory.dll (API version 3944462).
LogModuleManager: Display: Found up-to-date module file ../../../Engine/Plugins/Media/WmfMedia/Binaries/Win64/UE4Editor-WmfMediaFactory.dll (API version 3944462).
LogModuleManager: Display: Found up-to-date module file ../../../Engine/Plugins/Messaging/TcpMessaging/Binaries/Win64/UE4Editor-TcpMessaging.dll (API version 3944462).
LogModuleManager: Display: Found up-to-date module file ../../../Engine/Plugins/Messaging/UdpMessaging/Binaries/Win64/UE4Editor-UdpMessaging.dll (API version 3944462).
LogModuleManager: Display: Found up-to-date module file ../../../Engine/Plugins/MovieScene/ActorSequence/Binaries/Win64/UE4Editor-ActorSequence.dll (API version 3944462).
LogModuleManager: Display: Found up-to-date module file ../../../Engine/Plugins/MovieScene/LevelSequenceEditor/Binaries/Win64/UE4Editor-LevelSequenceEditor.dll (API version 3944462).
LogModuleManager: Display: Found up-to-date module file ../../../Engine/Plugins/MovieScene/MatineeToLevelSequence/Binaries/Win64/UE4Editor-MatineeToLevelSequence.dll (API version 3944462).
LogModuleManager: Display: Found up-to-date module file ../../../Engine/Plugins/NetcodeUnitTest/NetcodeUnitTest/Binaries/Win64/UE4Editor-NetcodeUnitTest.dll (API version 3944462).
LogModuleManager: Display: Found up-to-date module file ../../../Engine/Plugins/NetcodeUnitTest/NUTUnrealEngine4/Binaries/Win64/UE4Editor-NUTUnrealEngine4.dll (API version 3944462).
LogModuleManager: Display: Found up-to-date module file ../../../Engine/Plugins/Online/OnlineSubsystem/Binaries/Win64/UE4Editor-OnlineSubsystem.dll (API version 3944462).
LogModuleManager: Display: Found up-to-date module file ../../../Engine/Plugins/Online/OnlineSubsystemNull/Binaries/Win64/UE4Editor-OnlineSubsystemNull.dll (API version 3944462).
LogModuleManager: Display: Found up-to-date module file ../../../Engine/Plugins/Online/OnlineSubsystemUtils/Binaries/Win64/UE4Editor-OnlineSubsystemUtils.dll (API version 3944462).
LogModuleManager: Display: Found up-to-date module file ../../../Engine/Plugins/Online/OnlineSubsystemUtils/Binaries/Win64/UE4Editor-OnlineBlueprintSupport.dll (API version 3944462).
LogModuleManager: Display: Found up-to-date module file ../../../Engine/Plugins/Runtime/AndroidDeviceProfileSelector/Binaries/Win64/UE4Editor-AndroidDeviceProfileSelector.dll (API version 3944462).
LogModuleManager: Display: Found up-to-date module file ../../../Engine/Plugins/Runtime/AndroidPermission/Binaries/Win64/UE4Editor-AndroidPermission.dll (API version 3944462).
LogModuleManager: Display: Found up-to-date module file ../../../Engine/Plugins/Runtime/AppleARKit/Binaries/Win64/UE4Editor-AppleARKit.dll (API version 3944462).
LogModuleManager: Display: Found up-to-date module file ../../../Engine/Plugins/Runtime/ArchVisCharacter/Binaries/Win64/UE4Editor-ArchVisCharacter.dll (API version 3944462).
LogModuleManager: Display: Found up-to-date module file ../../../Engine/Plugins/Runtime/AudioCapture/Binaries/Win64/UE4Editor-AudioCapture.dll (API version 3944462).
LogModuleManager: Display: Found up-to-date module file ../../../Engine/Plugins/Runtime/AudioCapture/Binaries/Win64/UE4Editor-AudioCaptureEditor.dll (API version 3944462).
LogModuleManager: Display: Found up-to-date module file ../../../Engine/Plugins/Runtime/CableComponent/Binaries/Win64/UE4Editor-CableComponent.dll (API version 3944462).
LogModuleManager: Display: Found up-to-date module file ../../../Engine/Plugins/Runtime/CustomMeshComponent/Binaries/Win64/UE4Editor-CustomMeshComponent.dll (API version 3944462).
LogModuleManager: Display: Found up-to-date module file ../../../Engine/Plugins/Runtime/ExampleDeviceProfileSelector/Binaries/Win64/UE4Editor-ExampleDeviceProfileSelector.dll (API version 3944462).
LogModuleManager: Display: Found up-to-date module file ../../../Engine/Plugins/Runtime/ImmediatePhysics/Binaries/Win64/UE4Editor-ImmediatePhysics.dll (API version 3944462).
LogModuleManager: Display: Found up-to-date module file ../../../Engine/Plugins/Runtime/ImmediatePhysics/Binaries/Win64/UE4Editor-ImmediatePhysicsEditor.dll (API version 3944462).
LogModuleManager: Display: Found up-to-date module file ../../../Engine/Plugins/Runtime/LocationServicesBPLibrary/Binaries/Win64/UE4Editor-LocationServicesBPLibrary.dll (API version 3944462).
LogModuleManager: Display: Found up-to-date module file ../../../Engine/Plugins/Runtime/MobilePatchingUtils/Binaries/Win64/UE4Editor-MobilePatchingUtils.dll (API version 3944462).
LogModuleManager: Display: Found up-to-date module file ../../../Engine/Plugins/Runtime/Oculus/OculusVR/Binaries/Win64/UE4Editor-OculusHMD.dll (API version 3944462).
LogModuleManager: Display: Found up-to-date module file ../../../Engine/Plugins/Runtime/Oculus/OculusVR/Binaries/Win64/UE4Editor-OculusInput.dll (API version 3944462).
LogModuleManager: Display: Found up-to-date module file ../../../Engine/Plugins/Runtime/Oculus/OculusVR/Binaries/Win64/UE4Editor-OculusEditor.dll (API version 3944462).
LogModuleManager: Display: Found up-to-date module file ../../../Engine/Plugins/Runtime/PhysXVehicles/Binaries/Win64/UE4Editor-PhysXVehicles.dll (API version 3944462).
LogModuleManager: Display: Found up-to-date module file ../../../Engine/Plugins/Runtime/PhysXVehicles/Binaries/Win64/UE4Editor-PhysXVehiclesEditor.dll (API version 3944462).
LogModuleManager: Display: Found up-to-date module file ../../../Engine/Plugins/Runtime/ProceduralMeshComponent/Binaries/Win64/UE4Editor-ProceduralMeshComponent.dll (API version 3944462).
LogModuleManager: Display: Found up-to-date module file ../../../Engine/Plugins/Runtime/ProceduralMeshComponent/Binaries/Win64/UE4Editor-ProceduralMeshComponentEditor.dll (API version 3944462).
LogModuleManager: Display: Found up-to-date module file ../../../Engine/Plugins/Runtime/RuntimePhysXCooking/Binaries/Win64/UE4Editor-RuntimePhysXCooking.dll (API version 3944462).
LogModuleManager: Display: Found up-to-date module file ../../../Engine/Plugins/Runtime/Steam/SteamVR/Binaries/Win64/UE4Editor-SteamVR.dll (API version 3944462).
LogModuleManager: Display: Found up-to-date module file ../../../Engine/Plugins/Runtime/Steam/SteamVR/Binaries/Win64/UE4Editor-SteamVRController.dll (API version 3944462).
LogModuleManager: Display: Found up-to-date module file ../../../Engine/Plugins/Runtime/WindowsMoviePlayer/Binaries/Win64/UE4Editor-WindowsMoviePlayer.dll (API version 3944462).
LogInit: Using libcurl 7.47.1
LogInit:  - built for x86_64-pc-win32
LogInit:  - supports SSL with OpenSSL/1.0.2g
LogInit:  - supports HTTP deflate (compression) using libz 1.2.8
LogInit:  - other features:
LogInit:      CURL_VERSION_SSL
LogInit:      CURL_VERSION_LIBZ
LogInit:      CURL_VERSION_IPV6
LogInit:      CURL_VERSION_ASYNCHDNS
LogInit:      CURL_VERSION_LARGEFILE
LogInit:      CURL_VERSION_IDN
LogInit:  CurlRequestOptions (configurable via config and command line):
LogInit:  - bVerifyPeer = false  - Libcurl will NOT verify peer certificate
LogInit:  - bUseHttpProxy = false  - Libcurl will NOT use HTTP proxy
LogInit:  - bDontReuseConnections = false  - Libcurl will reuse connections
LogInit:  - CertBundlePath = nullptr  - Libcurl will use whatever was configured at build time.
LogInit:  - MaxHostConnections = 16  - Libcurl will limit the number of connections to a host
LogInit:  - LocalHostAddr = Default
LogInit: WinSock: version 1.1 (2.2), MaxSocks=32767, MaxUdp=65467
LogInit: WinSock: I am DESKTOP-7F2F2D9 (211.57.219.117:0)
LogInit: Build: ++UE4+Release-4.19-CL-4033788
LogInit: Engine Version: 4.19.2-4033788+++UE4+Release-4.19
LogInit: Compatible Engine Version: 4.19.0-3944462+++UE4+Release-4.19
LogInit: Net CL: 3944462
LogDevObjectVersion: Number of dev versions registered: 18
LogDevObjectVersion:   Dev-Blueprints (B0D832E4-1F89-4F0D-ACCF-7EB736FD4AA2): 10
LogDevObjectVersion:   Dev-Build (E1C64328-A22C-4D53-A36C-8E866417BD8C): 0
LogDevObjectVersion:   Dev-Core (375EC13C-06E4-48FB-B500-84F0262A717E): 2
LogDevObjectVersion:   Dev-Editor (E4B068ED-F494-42E9-A231-DA0B2E46BB41): 23
LogDevObjectVersion:   Dev-Framework (CFFC743F-43B0-4480-9391-14DF171D2073): 33
LogDevObjectVersion:   Dev-Mobile (B02B49B5-BB20-44E9-A304-32B752E40360): 2
LogDevObjectVersion:   Dev-Networking (A4E4105C-59A1-49B5-A7C5-40C4547EDFEE): 0
LogDevObjectVersion:   Dev-Online (39C831C9-5AE6-47DC-9A44-9C173E1C8E7C): 0
LogDevObjectVersion:   Dev-Physics (78F01B33-EBEA-4F98-B9B4-84EACCB95AA2): 0
LogDevObjectVersion:   Dev-Platform (6631380F-2D4D-43E0-8009-CF276956A95A): 0
LogDevObjectVersion:   Dev-Rendering (12F88B9F-8875-4AFC-A67C-D90C383ABD29): 25
LogDevObjectVersion:   Dev-Sequencer (7B5AE74C-D270-4C10-A958-57980B212A5A): 6
LogDevObjectVersion:   Dev-VR (D7296918-1DD6-4BDD-9DE2-64A83CC13884): 1
LogDevObjectVersion:   Dev-LoadTimes (C2A15278-BFE7-4AFE-6C17-90FF531DF755): 1
LogDevObjectVersion:   Private-Geometry (6EACA3D4-40EC-4CC1-B786-8BED09428FC5): 2
LogDevObjectVersion:   Dev-AnimPhys (29E575DD-E0A3-4627-9D10-D276232CDCEA): 16
LogDevObjectVersion:   Dev-ReflectionCapture (6B266CEC-1EC7-4B8F-A30B-E4D90942FC07): 1
LogDevObjectVersion:   Dev-Automation (0DF73D61-A23F-47EA-B727-89E90C41499A): 1
LogInit: Compiled (64-bit): Apr 27 2018 02:06:57
LogInit: Compiled with Visual C++: 19.00.24215.01
LogInit: Build Configuration: Development
LogInit: Branch Name: ++UE4+Release-4.19
LogInit: Command Line: 
LogInit: Base Directory: D:/UE_4.19/Engine/Binaries/Win64/
LogInit: Installed Engine Build: 1
LogStreaming: Display: Took  0.017s to delete old logs.
LogInit: Presizing for max 8388607 objects, including 0 objects not considered by GC, pre-allocating 0 bytes for permanent pool.
LogInit: Object subsystem initialized
[2022.04.08-18.28.46:656][  0]LogInit: Selected Device Profile: [Windows]
[2022.04.08-18.28.46:656][  0]LogInit: Applying CVar settings loaded from the selected device profile: [Windows]
[2022.04.08-18.28.46:719][  0]LogInit: Computer: DESKTOP-7F2F2D9
[2022.04.08-18.28.46:719][  0]LogInit: User: guldd
[2022.04.08-18.28.46:719][  0]LogInit: CPU Page size=4096, Cores=6
[2022.04.08-18.28.46:719][  0]LogInit: High frequency timer resolution =10.000000 MHz
[2022.04.08-18.28.46:719][  0]LogMemory: Memory total: Physical=15.9GB (16GB approx)
[2022.04.08-18.28.46:719][  0]LogMemory: Platform Memory Stats for Windows
[2022.04.08-18.28.46:719][  0]LogMemory: Process Physical Memory: 278.31 MB used, 278.31 MB peak
[2022.04.08-18.28.46:719][  0]LogMemory: Process Virtual Memory: 271.64 MB used, 271.64 MB peak
[2022.04.08-18.28.46:719][  0]LogMemory: Physical Memory: 9488.32 MB used,  6820.96 MB free, 16309.28 MB total
[2022.04.08-18.28.46:719][  0]LogMemory: Virtual Memory: 4800.46 MB used,  6820.96 MB free, 134217728.00 MB total
[2022.04.08-18.28.47:033][  0]LogInit: Using OS detected language (ko-KR).
[2022.04.08-18.28.47:033][  0]LogInit: Using OS detected locale (ko-KR).
[2022.04.08-18.28.47:275][  0]LogTextLocalizationManager: No specific localization for 'ko-KR' exists, so the 'ko' localization will be used.
[2022.04.08-18.28.48:728][  0]LogStreaming: Display: Took  1.695s to EndInitTextLocalization.
[2022.04.08-18.28.48:728][  0]LogInit: Setting process to per monitor DPI aware
[2022.04.08-18.28.48:814][  0]LogSlate: New Slate User Created.  User Index 0, Is Virtual User: 0
[2022.04.08-18.28.48:814][  0]LogSlate: Slate User Registered.  User Index 0, Is Virtual User: 0
[2022.04.08-18.28.51:731][  0]LogD3D11RHI: D3D11 adapters:
[2022.04.08-18.28.51:841][  0]LogD3D11RHI:    0. 'NVIDIA GeForce RTX 3060 Ti' (Feature Level 11_0)
[2022.04.08-18.28.51:841][  0]LogD3D11RHI:       8050/0/8154 MB DedicatedVideo/DedicatedSystem/SharedSystem, Outputs:1, VendorId:0x10de
[2022.04.08-18.28.51:843][  0]LogD3D11RHI:    1. 'Microsoft Basic Render Driver' (Feature Level 11_0)
[2022.04.08-18.28.51:843][  0]LogD3D11RHI:       0/0/8154 MB DedicatedVideo/DedicatedSystem/SharedSystem, Outputs:0, VendorId:0x1414
[2022.04.08-18.28.51:843][  0]LogD3D11RHI: Chosen D3D11 Adapter: 0
[2022.04.08-18.28.51:849][  0]LogD3D11RHI: Creating new Direct3DDevice
[2022.04.08-18.28.51:849][  0]LogD3D11RHI:     GPU DeviceId: 0x2486 (for the marketing name, search the web for "GPU Device Id")
[2022.04.08-18.28.51:849][  0]LogWindows: EnumDisplayDevices:
[2022.04.08-18.28.51:849][  0]LogWindows:    0. 'NVIDIA GeForce RTX 3060 Ti' (P:1 D:1)
[2022.04.08-18.28.51:849][  0]LogWindows:    1. 'NVIDIA GeForce RTX 3060 Ti' (P:0 D:0)
[2022.04.08-18.28.51:850][  0]LogWindows:    2. 'NVIDIA GeForce RTX 3060 Ti' (P:0 D:0)
[2022.04.08-18.28.51:851][  0]LogWindows:    3. 'NVIDIA GeForce RTX 3060 Ti' (P:0 D:0)
[2022.04.08-18.28.51:851][  0]LogWindows: DebugString: GetVideoDriverDetailsInvalid PrimaryIsNotTheChoosenAdapter GetVideoDriverDetailsInvalid PrimaryIsNotTheChoosenAdapter GetVideoDriverDetailsInvalid PrimaryIsNotTheChoosenAdapter GetVideoDriverDetailsInvalid PrimaryIsNotTheChoosenAdapter FoundDriverCount:0 
[2022.04.08-18.28.51:851][  0]LogD3D11RHI:     Adapter Name: NVIDIA GeForce RTX 3060 Ti
[2022.04.08-18.28.51:851][  0]LogD3D11RHI:   Driver Version: Unknown (internal:Unknown, unified:Unknown)
[2022.04.08-18.28.51:851][  0]LogD3D11RHI:      Driver Date: Unknown
[2022.04.08-18.28.51:851][  0]LogRHI: Texture pool is 5635 MB (70% of 8050 MB)
[2022.04.08-18.28.51:930][  0]LogD3D11RHI: [Aftermath] Aftermath enabled and primed
[2022.04.08-18.28.51:930][  0]LogD3D11RHI: [Aftermath] Aftermath enabled and primed
[2022.04.08-18.28.51:930][  0]LogD3D11RHI: Async texture creation enabled
[2022.04.08-18.28.51:957][  0]LogD3D11RHI: GPU Timing Frequency: 1000.000000 (Debug: 2 2)
[2022.04.08-18.28.51:960][  0]LogShaderCompilers: Guid format shader working directory is 15 characters bigger than the processId version (../../../../UE4CPP/ArenaBattle/Intermediate/Shaders/WorkingDirectory/23328/).
[2022.04.08-18.28.51:960][  0]LogShaderCompilers: Cleaned the shader compiler working directory 'C:/Users/guldd/AppData/Local/Temp/UnrealShaderWorkingDir/7A606AD04C66475CCCF234A425B7C057/'.
[2022.04.08-18.28.52:245][  0]LogTemp: Display: Loaded TP AllDesktopTargetPlatform
[2022.04.08-18.28.52:257][  0]LogTemp: Display: Loaded TP MacClientTargetPlatform
[2022.04.08-18.28.52:268][  0]LogTemp: Display: Loaded TP MacNoEditorTargetPlatform
[2022.04.08-18.28.52:279][  0]LogTemp: Display: Loaded TP MacServerTargetPlatform
[2022.04.08-18.28.52:388][  0]LogTemp: Display: Loaded TP MacTargetPlatform
[2022.04.08-18.28.52:400][  0]LogTemp: Display: Loaded TP WindowsClientTargetPlatform
[2022.04.08-18.28.52:458][  0]LogTemp: Display: Loaded TP WindowsNoEditorTargetPlatform
[2022.04.08-18.28.52:470][  0]LogTemp: Display: Loaded TP WindowsServerTargetPlatform
[2022.04.08-18.28.52:475][  0]LogTemp: Display: Loaded TP WindowsTargetPlatform
[2022.04.08-18.28.52:485][  0]LogTemp: Display: Loaded TP Android_ASTCTargetPlatform
[2022.04.08-18.28.52:496][  0]LogTemp: Display: Loaded TP Android_ATCTargetPlatform
[2022.04.08-18.28.52:506][  0]LogTemp: Display: Loaded TP Android_DXTTargetPlatform
[2022.04.08-18.28.52:516][  0]LogTemp: Display: Loaded TP Android_ETC1aTargetPlatform
[2022.04.08-18.28.52:526][  0]LogTemp: Display: Loaded TP Android_ETC1TargetPlatform
[2022.04.08-18.28.52:536][  0]LogTemp: Display: Loaded TP Android_ETC2TargetPlatform
[2022.04.08-18.28.52:556][  0]LogTemp: Display: Loaded TP Android_MultiTargetPlatform
[2022.04.08-18.28.52:556][  0]LogTemp: Display: Loaded TP Android_PVRTCTargetPlatform
[2022.04.08-18.28.52:593][  0]LogTemp: Display: Loaded TP AndroidTargetPlatform
[2022.04.08-18.28.52:594][  0]LogTemp: Display: Loaded TP HTML5TargetPlatform
[2022.04.08-18.28.52:688][  0]LogTemp: Display: Loaded TP IOSTargetPlatform
[2022.04.08-18.28.52:698][  0]LogTemp: Display: Loaded TP TVOSTargetPlatform
[2022.04.08-18.28.52:708][  0]LogTemp: Display: Loaded TP LinuxClientTargetPlatform
[2022.04.08-18.28.52:718][  0]LogTemp: Display: Loaded TP LinuxNoEditorTargetPlatform
[2022.04.08-18.28.52:728][  0]LogTemp: Display: Loaded TP LinuxServerTargetPlatform
[2022.04.08-18.28.52:741][  0]LogTemp: Display: Loaded TP LinuxTargetPlatform
[2022.04.08-18.28.52:741][  0]LogTargetPlatformManager: Display: Building Assets For Windows
[2022.04.08-18.28.53:278][  0]LogXGEController: Cannot use XGE Controller as Incredibuild is not installed on this machine.
[2022.04.08-18.28.53:278][  0]LogShaderCompilers: Cannot use XGE Shader Compiler as Incredibuild is not installed on this machine.
[2022.04.08-18.28.53:278][  0]LogShaderCompilers: Display: Using Local Shader Compiler.
[2022.04.08-18.28.55:423][  0]LogDerivedDataCache: Display: Max Cache Size: 512 MB
[2022.04.08-18.28.55:517][  0]LogDerivedDataCache: Loaded boot cache 0.09s 75MB C:/Users/guldd/AppData/Local/UnrealEngine/4.19/DerivedDataCache/Boot.ddc.
[2022.04.08-18.28.55:517][  0]LogDerivedDataCache: Display: Loaded Boot cache: C:/Users/guldd/AppData/Local/UnrealEngine/4.19/DerivedDataCache/Boot.ddc
[2022.04.08-18.28.55:517][  0]LogDerivedDataCache: FDerivedDataBackendGraph:  Pak pak cache file ../../../../UE4CPP/ArenaBattle/DerivedDataCache/DDC.ddp not found, will not use a pak cache.
[2022.04.08-18.28.55:517][  0]LogDerivedDataCache: Unable to find inner node Pak for hierarchical cache Hierarchy.
[2022.04.08-18.28.55:517][  0]LogDerivedDataCache: FDerivedDataBackendGraph:  CompressedPak pak cache file ../../../../UE4CPP/ArenaBattle/DerivedDataCache/Compressed.ddp not found, will not use a pak cache.
[2022.04.08-18.28.55:517][  0]LogDerivedDataCache: Unable to find inner node CompressedPak for hierarchical cache Hierarchy.
[2022.04.08-18.28.55:560][  0]LogDerivedDataCache: Display: Pak cache opened for reading ../../../Engine/DerivedDataCache/Compressed.ddp.
[2022.04.08-18.28.55:573][  0]LogDerivedDataCache: Using Local data cache path C:/Users/guldd/AppData/Local/UnrealEngine/Common/DerivedDataCache: Writable
[2022.04.08-18.28.55:573][  0]LogDerivedDataCache: Shared data cache path not found in *engine.ini, will not use an Shared cache.
[2022.04.08-18.28.55:573][  0]LogDerivedDataCache: Unable to find inner node Shared for hierarchical cache Hierarchy.
[2022.04.08-18.28.55:582][  0]LogMaterial: Verifying Global Shaders for PCD3D_SM5
[2022.04.08-18.28.55:583][  0]LogSlate: Using Freetype 2.6.0
[2022.04.08-18.28.55:584][  0]LogSlate: SlateFontCache - WITH_FREETYPE: 1, WITH_HARFBUZZ: 1
[2022.04.08-18.28.55:584][  0]LogSlate: SlateFontCache - WITH_FREETYPE: 1, WITH_HARFBUZZ: 1
[2022.04.08-18.29.00:573][  0]LogAssetRegistry: FAssetRegistry took 0.0253 seconds to start up
[2022.04.08-18.29.02:162][  0]LogInit: Selected Device Profile: [Windows]
[2022.04.08-18.29.02:522][  0]LogSimplygon: Simplygon DLL not present - disabling.
[2022.04.08-18.29.02:555][  0]LogMeshReduction: Using SimplygonSwarm for distributed automatic mesh merging
[2022.04.08-18.29.02:555][  0]LogMeshReduction: Using QuadricMeshReduction for automatic static mesh reduction
[2022.04.08-18.29.02:555][  0]LogMeshReduction: No automatic skeletal mesh reduction module available
[2022.04.08-18.29.02:555][  0]LogMeshReduction: No automatic mesh merging module available
[2022.04.08-18.29.02:556][  0]LogMeshMerging: No automatic mesh merging module available
[2022.04.08-18.29.02:587][  0]LogNetVersion: ArenaBattle , NetCL: 3944462, EngineNetVer: 2, GameNetVer: 0 (Checksum: 3555152549)
[2022.04.08-18.29.03:340][  0]LogPackageLocalizationCache: Processed 9 localized package path(s) for 2 prioritized culture(s) in 0.147683 seconds
[2022.04.08-18.29.03:344][  0]LogUObjectArray: 36728 objects as part of root set at end of initial load.
[2022.04.08-18.29.03:344][  0]LogUObjectAllocator: 7314312 out of 0 bytes used by permanent object pool.
[2022.04.08-18.29.03:344][  0]LogUObjectArray: CloseDisregardForGC: 0/0 objects in disregard for GC pool
[2022.04.08-18.29.34:170][  0]LogTcpMessaging: Initializing TcpMessaging bridge
[2022.04.08-18.29.34:251][  0]LogUdpMessaging: Initializing bridge on interface 0.0.0.0:0 to multicast group 230.0.0.1:6666.
[2022.04.08-18.29.34:613][  0]LogSkeletalMesh: Skeletal Mesh found in DDC [0.317100ms] /Game/InfinityBladeWarriors/Character/CompleteCharacters/SK_CharM_Cardboard.SK_CharM_Cardboard
[2022.04.08-18.29.34:632][  0]LogUObjectGlobals: Created PersistentFrame Addr=0x000002ede12463c8, Size=20, Default__WarriorAnimBlueprint_C Function /Game/Animations/WarriorAnimBlueprint.WarriorAnimBlueprint_C:ExecuteUbergraph_WarriorAnimBlueprint
[2022.04.08-18.29.34:637][  0]LogUObjectGlobals: Destroyed PersistentFrame Addr=0x000002ede12463c8, Size=20
[2022.04.08-18.29.34:637][  0]LogUObjectGlobals: Created PersistentFrame Addr=0x000002ede12804f0, Size=20, Default__WarriorAnimBlueprint_C Function /Engine/Transient.REINST_WarriorAnimBlueprint_C_0:ExecuteUbergraph_WarriorAnimBlueprint
[2022.04.08-18.29.34:642][  0]LogUObjectGlobals: Created PersistentFrame Addr=0x000002ede1281af8, Size=20, Default__WarriorAnimBlueprint_C Function /Game/Animations/WarriorAnimBlueprint.WarriorAnimBlueprint_C:ExecuteUbergraph_WarriorAnimBlueprint
[2022.04.08-18.29.34:688][  0]LogSkeletalMesh: Skeletal Mesh found in DDC [22.851900ms] /Game/InfinityBladeWeapons/Weapons/Blade/Swords/Blade_BlackKnight/SK_Blade_BlackKnight.SK_Blade_BlackKnight
[2022.04.08-18.29.34:699][  0]LogLinker: Warning: '/Game/Book/Gamedata/ABCharcterData' 파일을 찾을 수 없습니다.
[2022.04.08-18.29.34:699][  0]LogLinker: Warning: '/Game/Book/Gamedata/ABCharcterData' 파일을 찾을 수 없습니다.
[2022.04.08-18.29.34:699][  0]LogUObjectGlobals: Warning: 'DataTable /Game/Book/Gamedata/ABCharcterData.ABCharacterData' 오브젝트를 찾는 데 실패했습니다.
[2022.04.08-18.29.34:699][  0]Error: CDO Constructor (ABGameInstance): Failed to find /Game/Book/Gamedata/ABCharcterData.ABCharacterData

[2022.04.08-18.29.34:699][  0]ArenaBattle: Error: UABGameInstance::UABGameInstance(10) ASSERTION : 'DT_ABCHARACTER.Succeeded()'
[2022.04.08-18.29.34:744][  0]LogUObjectBase: Warning: -------------- Default Property warnings and errors:
[2022.04.08-18.29.34:744][  0]LogUObjectBase: Warning: Error: CDO Constructor (ABGameInstance): Failed to find /Game/Book/Gamedata/ABCharcterData.ABCharacterData

[2022.04.08-18.29.42:465][  0]LogWindowsTextInputMethodSystem: Display: IME system now activated using TSF (Microsoft 입력기).
[2022.04.08-18.29.42:942][  0]SourceControl: 소스 콘트롤이 꺼졌습니다.
[2022.04.08-18.29.42:942][  0]SourceControl: 소스 콘트롤이 꺼졌습니다.
[2022.04.08-18.29.42:981][  0]SourceControl: 소스 콘트롤이 꺼졌습니다.
[2022.04.08-18.29.43:005][  0]SourceControl: 소스 콘트롤이 꺼졌습니다.
[2022.04.08-18.29.43:699][  0]LogAndroidPermission: UAndroidPermissionCallbackProxy::GetInstance
[2022.04.08-18.29.43:953][  0]LogOcInput: OculusInput pre-init called
[2022.04.08-18.29.44:076][  0]LogEngine: Initializing Engine...
[2022.04.08-18.29.44:077][  0]LogHMD: Failed to initialize OpenVR with code 110
[2022.04.08-18.29.44:079][  0]LogStats: UGameplayTagsManager::ConstructGameplayTagTree: Construct from data asset -  0.000 s
[2022.04.08-18.29.44:079][  0]LogStats: UGameplayTagsManager::ConstructGameplayTagTree: GameplayTagTreeChangedEvent.Broadcast -  0.000 s
[2022.04.08-18.29.44:312][  0]LogAIModule: Creating AISystem for world Untitled
[2022.04.08-18.29.44:371][  0]LogInit: XAudio2 using '스피커(High Definition Audio Device)' : 2 channels at 48 kHz using 16 bits per sample (channel mask 0x3)
[2022.04.08-18.29.44:404][  0]LogInit: FAudioDevice initialized.
[2022.04.08-18.29.44:448][  0]LogDerivedDataCache: Saved boot cache 0.04s 76MB C:/Users/guldd/AppData/Local/UnrealEngine/4.19/DerivedDataCache/Boot.ddc.
[2022.04.08-18.29.44:454][  0]LogInit: Texture streaming: Enabled
[2022.04.08-18.29.44:471][  0]LogEngineSessionManager: EngineSessionManager initialized
[2022.04.08-18.29.44:471][  0]LogEngineSessionManager: EngineSessionManager sent abnormal shutdown report. Type=Crashed, SessionId={7F45CC25-448A-B7B3-9311-028B23B0B848}
[2022.04.08-18.29.44:525][  0]LogInit: Transaction tracking system initialized
[2022.04.08-18.29.44:642][  0]BlueprintLog: New page: 에디터 로드
[2022.04.08-18.29.45:040][  0]LocalizationService: 현지화 서비스가 비활성화되었습니다.
[2022.04.08-18.29.45:285][  0]LogConsoleResponse: Display: 
[2022.04.08-18.29.45:671][  0]LogCook: Display: Max memory allowance for cook 16384mb min free memory 0mb
[2022.04.08-18.29.45:671][  0]LogCook: Display: Mobile HDR setting 1
[2022.04.08-18.29.45:671][  0]LogGameplayTags: Display: UGameplayTagsManager::DoneAddingNativeTags. DelegateIsBound: 0
[2022.04.08-18.29.45:671][  0]LogStats: UGameplayTagsManager::ConstructGameplayTagTree: Construct from data asset -  0.000 s
[2022.04.08-18.29.45:671][  0]LogStats: UGameplayTagsManager::ConstructGameplayTagTree: GameplayTagTreeChangedEvent.Broadcast -  0.000 s
[2022.04.08-18.29.46:356][  0]LogFileCache: Scanning file cache for directory 'D:/UE4CPP/ArenaBattle/Content/' took 0.03s
[2022.04.08-18.29.46:356][  0]SourceControl: 소스 콘트롤이 꺼졌습니다.
[2022.04.08-18.29.46:454][  0]LogWindowsTextInputMethodSystem: Display: IME system now activated using TSF (Microsoft 입력기).
[2022.04.08-18.29.46:538][  0]LogSlate: Took 0.042717 seconds to synchronously load lazily loaded font '../../../Engine/Content/Editor/Slate/Fonts/NanumGothic.ttf' (4243K)
[2022.04.08-18.29.46:538][  0]LogSlate: Took 0.000274 seconds to synchronously load lazily loaded font '../../../Engine/Content/Slate/Fonts/Roboto-Regular.ttf' (155K)
[2022.04.08-18.29.51:326][  0]LogSlate: Window '패키지 복원' being destroyed
[2022.04.08-18.29.51:328][  0]LogWindowsTextInputMethodSystem: Display: IME system now activated using TSF (Microsoft 입력기).
[2022.04.08-18.29.51:366][  0]LogWindowsTextInputMethodSystem: Display: IME system now activated using TSF (Microsoft 입력기).
[2022.04.08-18.29.53:154][  0]LogSlate: Window '소스 콘트롤에서 체크아웃할 수 없습니다!' being destroyed
[2022.04.08-18.29.53:156][  0]LogWindowsTextInputMethodSystem: Display: IME system now activated using TSF (Microsoft 입력기).
[2022.04.08-18.29.53:169][  0]LogUObjectGlobals: Destroyed PersistentFrame Addr=0x000002ede12804f0, Size=20
[2022.04.08-18.29.53:318][  0]LoadErrors: New page: 패키지 로드중: /Game/Animations/WarriorAnimBlueprint
[2022.04.08-18.29.53:334][  0]LogWindowsTextInputMethodSystem: Display: IME system now activated using TSF (Microsoft 입력기).
[2022.04.08-18.29.53:335][  0]Cmd: MAP LOAD FILE="../../../../UE4CPP/ArenaBattle/Content/Maps/Step2.umap" TEMPLATE=0 SHOWPROGRESS=1 FEATURELEVEL=3
[2022.04.08-18.29.53:336][  0]LightingResults: New page: 라이팅 빌드
[2022.04.08-18.29.53:359][  0]MapCheck: New page: 맵 체크
[2022.04.08-18.29.53:359][  0]LightingResults: New page: 라이팅 빌드
[2022.04.08-18.30.13:658][  0]LogStats: FPlatformStackWalk::StackWalkAndDump - 20.269 s
[2022.04.08-18.30.13:658][  0]LogOutputDevice: Error: === Handled ensure: ===
[2022.04.08-18.30.13:658][  0]LogOutputDevice: Error: 
[2022.04.08-18.30.13:658][  0]LogOutputDevice: Error: Ensure condition failed: ToPin->LinkedTo.Contains(this) [File:D:\Build\++UE4+Release-4.19+Compile\Sync\Engine\Source\Runtime\Engine\Private\EdGraph\EdGraphPin.cpp] [Line: 476]
[2022.04.08-18.30.13:658][  0]LogOutputDevice: Error: UEdGraphPin::링크끊기-> Pin 'Pose' on node ''DefaultSlot' 슬롯' 핀과 상호적으로 연결되어 있지 않습니다. 'BlendPose_1' on node 'bool 로 포즈를 블렌딩합니다.'
[2022.04.08-18.30.13:658][  0]LogOutputDevice: Error: Stack: 
[2022.04.08-18.30.13:658][  0]LogOutputDevice: Error: [Callstack] 0x000000004864B706 UE4Editor-Core.dll!FWindowsPlatformStackWalk::StackWalkAndDump() [d:\build\++ue4+release-4.19+compile\sync\engine\source\runtime\core\private\windows\windowsplatformstackwalk.cpp:234]
[2022.04.08-18.30.13:658][  0]LogOutputDevice: Error: [Callstack] 0x00000000483AAE3A UE4Editor-Core.dll!FDebug::EnsureFailed() [d:\build\++ue4+release-4.19+compile\sync\engine\source\runtime\core\private\misc\assertionmacros.cpp:299]
[2022.04.08-18.30.13:658][  0]LogOutputDevice: Error: [Callstack] 0x00000000483BECD6 UE4Editor-Core.dll!FDebug::OptionallyLogFormattedEnsureMessageReturningFalse() [d:\build\++ue4+release-4.19+compile\sync\engine\source\runtime\core\private\misc\assertionmacros.cpp:430]
[2022.04.08-18.30.13:658][  0]LogOutputDevice: Error: [Callstack] 0x000000003A6F68F3 UE4Editor-Engine.dll!UEdGraphPin::BreakLinkTo() [d:\build\++ue4+release-4.19+compile\sync\engine\source\runtime\engine\private\edgraph\edgraphpin.cpp:476]
[2022.04.08-18.30.13:658][  0]LogOutputDevice: Error: [Callstack] 0x000000003A6F6719 UE4Editor-Engine.dll!UEdGraphPin::BreakAllPinLinks() [d:\build\++ue4+release-4.19+compile\sync\engine\source\runtime\engine\private\edgraph\edgraphpin.cpp:496]
[2022.04.08-18.30.13:658][  0]LogOutputDevice: Error: [Callstack] 0x000000003A704098 UE4Editor-Engine.dll!UEdGraphPin::DestroyImpl() [d:\build\++ue4+release-4.19+compile\sync\engine\source\runtime\engine\private\edgraph\edgraphpin.cpp:1531]
[2022.04.08-18.30.13:658][  0]LogOutputDevice: Error: [Callstack] 0x000000003A6F50B2 UE4Editor-Engine.dll!UEdGraphNode::BeginDestroy() [d:\build\++ue4+release-4.19+compile\sync\engine\source\runtime\engine\private\edgraph\edgraphnode.cpp:605]
[2022.04.08-18.30.13:658][  0]LogOutputDevice: Error: [Callstack] 0x0000000047E2F96F UE4Editor-CoreUObject.dll!UObject::ConditionalBeginDestroy() [d:\build\++ue4+release-4.19+compile\sync\engine\source\runtime\coreuobject\private\uobject\obj.cpp:884]
[2022.04.08-18.30.13:658][  0]LogOutputDevice: Error: [Callstack] 0x0000000047DABC4C UE4Editor-CoreUObject.dll!CollectGarbageInternal() [d:\build\++ue4+release-4.19+compile\sync\engine\source\runtime\coreuobject\private\uobject\garbagecollection.cpp:1495]
[2022.04.08-18.30.13:658][  0]LogOutputDevice: Error: [Callstack] 0x0000000047DAA215 UE4Editor-CoreUObject.dll!CollectGarbage() [d:\build\++ue4+release-4.19+compile\sync\engine\source\runtime\coreuobject\private\uobject\garbagecollection.cpp:1537]
[2022.04.08-18.30.13:658][  0]LogOutputDevice: Error: [Callstack] 0x000000003827E7C1 UE4Editor-UnrealEd.dll!UEditorEngine::Cleanse() [d:\build\++ue4+release-4.19+compile\sync\engine\source\editor\unrealed\private\editorengine.cpp:2263]
[2022.04.08-18.30.13:658][  0]LogOutputDevice: Error: [Callstack] 0x00000000382F1D95 UE4Editor-UnrealEd.dll!UEditorEngine::EditorDestroyWorld() [d:\build\++ue4+release-4.19+compile\sync\engine\source\editor\unrealed\private\editorserver.cpp:2055]
[2022.04.08-18.30.13:658][  0]LogOutputDevice: Error: [Callstack] 0x000000003831CD0B UE4Editor-UnrealEd.dll!UEditorEngine::Map_Load() [d:\build\++ue4+release-4.19+compile\sync\engine\source\editor\unrealed\private\editorserver.cpp:2414]
[2022.04.08-18.30.13:658][  0]LogOutputDevice: Error: [Callstack] 0x000000003830EEC5 UE4Editor-UnrealEd.dll!UEditorEngine::HandleMapCommand() [d:\build\++ue4+release-4.19+compile\sync\engine\source\editor\unrealed\private\editorserver.cpp:5966]
[2022.04.08-18.30.13:658][  0]LogOutputDevice: Error: [Callstack] 0x00000000382F2FE2 UE4Editor-UnrealEd.dll!UEditorEngine::Exec() [d:\build\++ue4+release-4.19+compile\sync\engine\source\editor\unrealed\private\editorserver.cpp:5443]
[2022.04.08-18.30.13:658][  0]LogOutputDevice: Error: [Callstack] 0x0000000038B70489 UE4Editor-UnrealEd.dll!UUnrealEdEngine::Exec() [d:\build\++ue4+release-4.19+compile\sync\engine\source\editor\unrealed\private\unrealedsrv.cpp:696]
[2022.04.08-18.30.13:658][  0]LogOutputDevice: Error: [Callstack] 0x00000000385F1E3B UE4Editor-UnrealEd.dll!FEditorFileUtils::LoadMap() [d:\build\++ue4+release-4.19+compile\sync\engine\source\editor\unrealed\private\filehelpers.cpp:2234]
[2022.04.08-18.30.13:658][  0]LogOutputDevice: Error: [Callstack] 0x00000000385F1A8F UE4Editor-UnrealEd.dll!FEditorFileUtils::LoadDefaultMapAtStartup() [d:\build\++ue4+release-4.19+compile\sync\engine\source\editor\unrealed\private\filehelpers.cpp:3597]
[2022.04.08-18.30.13:659][  0]LogOutputDevice: Error: [Callstack] 0x0000000038B285DE UE4Editor-UnrealEd.dll!FUnrealEdMisc::OnInit() [d:\build\++ue4+release-4.19+compile\sync\engine\source\editor\unrealed\private\unrealedmisc.cpp:350]
[2022.04.08-18.30.13:659][  0]LogOutputDevice: Error: [Callstack] 0x0000000038AF3CA3 UE4Editor-UnrealEd.dll!EditorInit() [d:\build\++ue4+release-4.19+compile\sync\engine\source\editor\unrealed\private\unrealedglobals.cpp:97]
[2022.04.08-18.30.13:659][  0]LogOutputDevice: Error: [Callstack] 0x00000000B11A6AC6 UE4Editor.exe!GuardedMain() [d:\build\++ue4+release-4.19+compile\sync\engine\source\runtime\launch\private\launch.cpp:150]
[2022.04.08-18.30.13:659][  0]LogOutputDevice: Error: [Callstack] 0x00000000B11A6C4A UE4Editor.exe!GuardedMainWrapper() [d:\build\++ue4+release-4.19+compile\sync\engine\source\runtime\launch\private\windows\launchwindows.cpp:144]
[2022.04.08-18.30.13:659][  0]LogOutputDevice: Error: [Callstack] 0x00000000B11B4177 UE4Editor.exe!WinMain() [d:\build\++ue4+release-4.19+compile\sync\engine\source\runtime\launch\private\windows\launchwindows.cpp:223]
[2022.04.08-18.30.13:659][  0]LogOutputDevice: Error: [Callstack] 0x00000000B11B5B87 UE4Editor.exe!__scrt_common_main_seh() [f:\dd\vctools\crt\vcstartup\src\startup\exe_common.inl:253]
[2022.04.08-18.30.13:659][  0]LogOutputDevice: Error: [Callstack] 0x0000000097557034 KERNEL32.DLL!UnknownFunction []
[2022.04.08-18.30.13:659][  0]LogOutputDevice: Error: [Callstack] 0x00000000994C2651 ntdll.dll!UnknownFunction []
[2022.04.08-18.30.13:659][  0]LogOutputDevice: Error: 
[2022.04.08-18.30.13:666][  0]LogStats:                SubmitErrorReport -  0.000 s
[2022.04.08-18.30.14:130][  0]LogStats:                    SendNewReport -  0.464 s
[2022.04.08-18.30.14:130][  0]LogStats:             FDebug::EnsureFailed - 20.764 s
[2022.04.08-18.30.14:132][  0]LogStats: FPlatformStackWalk::StackWalkAndDump -  0.002 s
[2022.04.08-18.30.14:132][  0]LogOutputDevice: Error: === Handled ensure: ===
[2022.04.08-18.30.14:132][  0]LogOutputDevice: Error: 
[2022.04.08-18.30.14:132][  0]LogOutputDevice: Error: Ensure condition failed: ToPin->LinkedTo.Contains(this) [File:D:\Build\++UE4+Release-4.19+Compile\Sync\Engine\Source\Runtime\Engine\Private\EdGraph\EdGraphPin.cpp] [Line: 476]
[2022.04.08-18.30.14:132][  0]LogOutputDevice: Error: UEdGraphPin::링크끊기-> Pin 'Result' on node '최종 애니메이션 포즈' 핀과 상호적으로 연결되어 있지 않습니다. 'Pose' on node 'bool 로 포즈를 블렌딩합니다.'
[2022.04.08-18.30.14:132][  0]LogOutputDevice: Error: Stack: 
[2022.04.08-18.30.14:132][  0]LogOutputDevice: Error: [Callstack] 0x000000004864B706 UE4Editor-Core.dll!FWindowsPlatformStackWalk::StackWalkAndDump() [d:\build\++ue4+release-4.19+compile\sync\engine\source\runtime\core\private\windows\windowsplatformstackwalk.cpp:234]
[2022.04.08-18.30.14:132][  0]LogOutputDevice: Error: [Callstack] 0x00000000483AAE3A UE4Editor-Core.dll!FDebug::EnsureFailed() [d:\build\++ue4+release-4.19+compile\sync\engine\source\runtime\core\private\misc\assertionmacros.cpp:299]
[2022.04.08-18.30.14:132][  0]LogOutputDevice: Error: [Callstack] 0x00000000483BECD6 UE4Editor-Core.dll!FDebug::OptionallyLogFormattedEnsureMessageReturningFalse() [d:\build\++ue4+release-4.19+compile\sync\engine\source\runtime\core\private\misc\assertionmacros.cpp:430]
[2022.04.08-18.30.14:132][  0]LogOutputDevice: Error: [Callstack] 0x000000003A6F68F3 UE4Editor-Engine.dll!UEdGraphPin::BreakLinkTo() [d:\build\++ue4+release-4.19+compile\sync\engine\source\runtime\engine\private\edgraph\edgraphpin.cpp:476]
[2022.04.08-18.30.14:132][  0]LogOutputDevice: Error: [Callstack] 0x000000003A6F6719 UE4Editor-Engine.dll!UEdGraphPin::BreakAllPinLinks() [d:\build\++ue4+release-4.19+compile\sync\engine\source\runtime\engine\private\edgraph\edgraphpin.cpp:496]
[2022.04.08-18.30.14:132][  0]LogOutputDevice: Error: [Callstack] 0x000000003A704098 UE4Editor-Engine.dll!UEdGraphPin::DestroyImpl() [d:\build\++ue4+release-4.19+compile\sync\engine\source\runtime\engine\private\edgraph\edgraphpin.cpp:1531]
[2022.04.08-18.30.14:132][  0]LogOutputDevice: Error: [Callstack] 0x000000003A6F50B2 UE4Editor-Engine.dll!UEdGraphNode::BeginDestroy() [d:\build\++ue4+release-4.19+compile\sync\engine\source\runtime\engine\private\edgraph\edgraphnode.cpp:605]
[2022.04.08-18.30.14:132][  0]LogOutputDevice: Error: [Callstack] 0x0000000047E2F96F UE4Editor-CoreUObject.dll!UObject::ConditionalBeginDestroy() [d:\build\++ue4+release-4.19+compile\sync\engine\source\runtime\coreuobject\private\uobject\obj.cpp:884]
[2022.04.08-18.30.14:132][  0]LogOutputDevice: Error: [Callstack] 0x0000000047DABC4C UE4Editor-CoreUObject.dll!CollectGarbageInternal() [d:\build\++ue4+release-4.19+compile\sync\engine\source\runtime\coreuobject\private\uobject\garbagecollection.cpp:1495]
[2022.04.08-18.30.14:132][  0]LogOutputDevice: Error: [Callstack] 0x0000000047DAA215 UE4Editor-CoreUObject.dll!CollectGarbage() [d:\build\++ue4+release-4.19+compile\sync\engine\source\runtime\coreuobject\private\uobject\garbagecollection.cpp:1537]
[2022.04.08-18.30.14:132][  0]LogOutputDevice: Error: [Callstack] 0x000000003827E7C1 UE4Editor-UnrealEd.dll!UEditorEngine::Cleanse() [d:\build\++ue4+release-4.19+compile\sync\engine\source\editor\unrealed\private\editorengine.cpp:2263]
[2022.04.08-18.30.14:132][  0]LogOutputDevice: Error: [Callstack] 0x00000000382F1D95 UE4Editor-UnrealEd.dll!UEditorEngine::EditorDestroyWorld() [d:\build\++ue4+release-4.19+compile\sync\engine\source\editor\unrealed\private\editorserver.cpp:2055]
[2022.04.08-18.30.14:132][  0]LogOutputDevice: Error: [Callstack] 0x000000003831CD0B UE4Editor-UnrealEd.dll!UEditorEngine::Map_Load() [d:\build\++ue4+release-4.19+compile\sync\engine\source\editor\unrealed\private\editorserver.cpp:2414]
[2022.04.08-18.30.14:132][  0]LogOutputDevice: Error: [Callstack] 0x000000003830EEC5 UE4Editor-UnrealEd.dll!UEditorEngine::HandleMapCommand() [d:\build\++ue4+release-4.19+compile\sync\engine\source\editor\unrealed\private\editorserver.cpp:5966]
[2022.04.08-18.30.14:132][  0]LogOutputDevice: Error: [Callstack] 0x00000000382F2FE2 UE4Editor-UnrealEd.dll!UEditorEngine::Exec() [d:\build\++ue4+release-4.19+compile\sync\engine\source\editor\unrealed\private\editorserver.cpp:5443]
[2022.04.08-18.30.14:132][  0]LogOutputDevice: Error: [Callstack] 0x0000000038B70489 UE4Editor-UnrealEd.dll!UUnrealEdEngine::Exec() [d:\build\++ue4+release-4.19+compile\sync\engine\source\editor\unrealed\private\unrealedsrv.cpp:696]
[2022.04.08-18.30.14:132][  0]LogOutputDevice: Error: [Callstack] 0x00000000385F1E3B UE4Editor-UnrealEd.dll!FEditorFileUtils::LoadMap() [d:\build\++ue4+release-4.19+compile\sync\engine\source\editor\unrealed\private\filehelpers.cpp:2234]
[2022.04.08-18.30.14:132][  0]LogOutputDevice: Error: [Callstack] 0x00000000385F1A8F UE4Editor-UnrealEd.dll!FEditorFileUtils::LoadDefaultMapAtStartup() [d:\build\++ue4+release-4.19+compile\sync\engine\source\editor\unrealed\private\filehelpers.cpp:3597]
[2022.04.08-18.30.14:132][  0]LogOutputDevice: Error: [Callstack] 0x0000000038B285DE UE4Editor-UnrealEd.dll!FUnrealEdMisc::OnInit() [d:\build\++ue4+release-4.19+compile\sync\engine\source\editor\unrealed\private\unrealedmisc.cpp:350]
[2022.04.08-18.30.14:132][  0]LogOutputDevice: Error: [Callstack] 0x0000000038AF3CA3 UE4Editor-UnrealEd.dll!EditorInit() [d:\build\++ue4+release-4.19+compile\sync\engine\source\editor\unrealed\private\unrealedglobals.cpp:97]
[2022.04.08-18.30.14:132][  0]LogOutputDevice: Error: [Callstack] 0x00000000B11A6AC6 UE4Editor.exe!GuardedMain() [d:\build\++ue4+release-4.19+compile\sync\engine\source\runtime\launch\private\launch.cpp:150]
[2022.04.08-18.30.14:132][  0]LogOutputDevice: Error: [Callstack] 0x00000000B11A6C4A UE4Editor.exe!GuardedMainWrapper() [d:\build\++ue4+release-4.19+compile\sync\engine\source\runtime\launch\private\windows\launchwindows.cpp:144]
[2022.04.08-18.30.14:132][  0]LogOutputDevice: Error: [Callstack] 0x00000000B11B4177 UE4Editor.exe!WinMain() [d:\build\++ue4+release-4.19+compile\sync\engine\source\runtime\launch\private\windows\launchwindows.cpp:223]
[2022.04.08-18.30.14:132][  0]LogOutputDevice: Error: [Callstack] 0x00000000B11B5B87 UE4Editor.exe!__scrt_common_main_seh() [f:\dd\vctools\crt\vcstartup\src\startup\exe_common.inl:253]
[2022.04.08-18.30.14:132][  0]LogOutputDevice: Error: [Callstack] 0x0000000097557034 KERNEL32.DLL!UnknownFunction []
[2022.04.08-18.30.14:132][  0]LogOutputDevice: Error: [Callstack] 0x00000000994C2651 ntdll.dll!UnknownFunction []
[2022.04.08-18.30.14:132][  0]LogOutputDevice: Error: 
[2022.04.08-18.30.14:138][  0]LogStats:                SubmitErrorReport -  0.000 s
[2022.04.08-18.30.14:489][  0]LogStats:                    SendNewReport -  0.351 s
[2022.04.08-18.30.14:489][  0]LogStats:             FDebug::EnsureFailed -  0.359 s
[2022.04.08-18.30.15:027][  0]LogAIModule: Creating AISystem for world Step2
[2022.04.08-18.30.17:779][  0]LogWindows: Error: === Critical error: ===
[2022.04.08-18.30.17:779][  0]LogWindows: Error: 
[2022.04.08-18.30.17:779][  0]LogWindows: Error: Unhandled Exception: EXCEPTION_ACCESS_VIOLATION reading address 0xe7f44b98
[2022.04.08-18.30.17:779][  0]LogWindows: Error: 
[2022.04.08-18.30.17:779][  0]LogWindows: Error: [Callstack] 0x0000000047BC0616 UE4Editor-CoreUObject.dll!UObjectBaseUtility::GetName() [d:\build\++ue4+release-4.19+compile\sync\engine\source\runtime\coreuobject\public\uobject\uobjectbaseutility.h:366]
[2022.04.08-18.30.17:779][  0]LogWindows: Error: [Callstack] 0x0000000047F18462 UE4Editor-CoreUObject.dll!FObjectInitializer::PostConstructInit() [d:\build\++ue4+release-4.19+compile\sync\engine\source\runtime\coreuobject\private\uobject\uobjectglobals.cpp:2857]
[2022.04.08-18.30.17:779][  0]LogWindows: Error: [Callstack] 0x0000000047EE40A3 UE4Editor-CoreUObject.dll!FObjectInitializer::~FObjectInitializer() [d:\build\++ue4+release-4.19+compile\sync\engine\source\runtime\coreuobject\private\uobject\uobjectglobals.cpp:2706]
[2022.04.08-18.30.17:779][  0]LogWindows: Error: [Callstack] 0x0000000047F2ECA0 UE4Editor-CoreUObject.dll!StaticConstructObject_Internal() [d:\build\++ue4+release-4.19+compile\sync\engine\source\runtime\coreuobject\private\uobject\uobjectglobals.cpp:3167]
[2022.04.08-18.30.17:779][  0]LogWindows: Error: [Callstack] 0x000000003A55CE00 UE4Editor-Engine.dll!USkeletalMeshComponent::InitializeAnimScriptInstance() [d:\build\++ue4+release-4.19+compile\sync\engine\source\runtime\engine\private\components\skeletalmeshcomponent.cpp:677]
[2022.04.08-18.30.17:779][  0]LogWindows: Error: [Callstack] 0x000000003A55C289 UE4Editor-Engine.dll!USkeletalMeshComponent::InitAnim() [d:\build\++ue4+release-4.19+compile\sync\engine\source\runtime\engine\private\components\skeletalmeshcomponent.cpp:630]
[2022.04.08-18.30.17:779][  0]LogWindows: Error: [Callstack] 0x000000003A562AB3 UE4Editor-Engine.dll!USkeletalMeshComponent::OnRegister() [d:\build\++ue4+release-4.19+compile\sync\engine\source\runtime\engine\private\components\skeletalmeshcomponent.cpp:494]
[2022.04.08-18.30.17:779][  0]LogWindows: Error: [Callstack] 0x000000003A43F913 UE4Editor-Engine.dll!UActorComponent::ExecuteRegisterEvents() [d:\build\++ue4+release-4.19+compile\sync\engine\source\runtime\engine\private\components\actorcomponent.cpp:1239]
[2022.04.08-18.30.17:779][  0]LogWindows: Error: [Callstack] 0x000000003A461D06 UE4Editor-Engine.dll!UActorComponent::RegisterComponentWithWorld() [d:\build\++ue4+release-4.19+compile\sync\engine\source\runtime\engine\private\components\actorcomponent.cpp:978]
[2022.04.08-18.30.17:779][  0]LogWindows: Error: [Callstack] 0x000000003A02EC9B UE4Editor-Engine.dll!AActor::IncrementalRegisterComponents() [d:\build\++ue4+release-4.19+compile\sync\engine\source\runtime\engine\private\actor.cpp:4099]
[2022.04.08-18.30.17:780][  0]LogWindows: Error: [Callstack] 0x000000003A8F1CDE UE4Editor-Engine.dll!ULevel::IncrementalUpdateComponents() [d:\build\++ue4+release-4.19+compile\sync\engine\source\runtime\engine\private\level.cpp:917]
[2022.04.08-18.30.17:780][  0]LogWindows: Error: [Callstack] 0x000000003B2D5347 UE4Editor-Engine.dll!UWorld::UpdateWorldComponents() [d:\build\++ue4+release-4.19+compile\sync\engine\source\runtime\engine\private\world.cpp:1607]
[2022.04.08-18.30.17:780][  0]LogWindows: Error: [Callstack] 0x000000003831DBCB UE4Editor-UnrealEd.dll!UEditorEngine::Map_Load() [d:\build\++ue4+release-4.19+compile\sync\engine\source\editor\unrealed\private\editorserver.cpp:2595]
[2022.04.08-18.30.17:780][  0]LogWindows: Error: [Callstack] 0x000000003830EEC5 UE4Editor-UnrealEd.dll!UEditorEngine::HandleMapCommand() [d:\build\++ue4+release-4.19+compile\sync\engine\source\editor\unrealed\private\editorserver.cpp:5966]
[2022.04.08-18.30.17:780][  0]LogWindows: Error: [Callstack] 0x00000000382F2FE2 UE4Editor-UnrealEd.dll!UEditorEngine::Exec() [d:\build\++ue4+release-4.19+compile\sync\engine\source\editor\unrealed\private\editorserver.cpp:5443]
[2022.04.08-18.30.17:780][  0]LogWindows: Error: [Callstack] 0x0000000038B70489 UE4Editor-UnrealEd.dll!UUnrealEdEngine::Exec() [d:\build\++ue4+release-4.19+compile\sync\engine\source\editor\unrealed\private\unrealedsrv.cpp:696]
[2022.04.08-18.30.17:780][  0]LogWindows: Error: [Callstack] 0x00000000385F1E3B UE4Editor-UnrealEd.dll!FEditorFileUtils::LoadMap() [d:\build\++ue4+release-4.19+compile\sync\engine\source\editor\unrealed\private\filehelpers.cpp:2234]
[2022.04.08-18.30.17:780][  0]LogWindows: Error: [Callstack] 0x00000000385F1A8F UE4Editor-UnrealEd.dll!FEditorFileUtils::LoadDefaultMapAtStartup() [d:\build\++ue4+release-4.19+compile\sync\engine\source\editor\unrealed\private\filehelpers.cpp:3597]
[2022.04.08-18.30.17:780][  0]LogWindows: Error: [Callstack] 0x0000000038B285DE UE4Editor-UnrealEd.dll!FUnrealEdMisc::OnInit() [d:\build\++ue4+release-4.19+compile\sync\engine\source\editor\unrealed\private\unrealedmisc.cpp:350]
[2022.04.08-18.30.17:780][  0]LogWindows: Error: [Callstack] 0x0000000038AF3CA3 UE4Editor-UnrealEd.dll!EditorInit() [d:\build\++ue4+release-4.19+compile\sync\engine\source\editor\unrealed\private\unrealedglobals.cpp:97]
[2022.04.08-18.30.17:780][  0]LogWindows: Error: [Callstack] 0x00000000B11A6AC6 UE4Editor.exe!GuardedMain() [d:\build\++ue4+release-4.19+compile\sync\engine\source\runtime\launch\private\launch.cpp:150]
[2022.04.08-18.30.17:780][  0]LogWindows: Error: [Callstack] 0x00000000B11A6C4A UE4Editor.exe!GuardedMainWrapper() [d:\build\++ue4+release-4.19+compile\sync\engine\source\runtime\launch\private\windows\launchwindows.cpp:144]
[2022.04.08-18.30.17:780][  0]LogWindows: Error: [Callstack] 0x00000000B11B4177 UE4Editor.exe!WinMain() [d:\build\++ue4+release-4.19+compile\sync\engine\source\runtime\launch\private\windows\launchwindows.cpp:223]
[2022.04.08-18.30.17:780][  0]LogWindows: Error: [Callstack] 0x00000000B11B5B87 UE4Editor.exe!__scrt_common_main_seh() [f:\dd\vctools\crt\vcstartup\src\startup\exe_common.inl:253]
[2022.04.08-18.30.17:780][  0]LogWindows: Error: [Callstack] 0x0000000097557034 KERNEL32.DLL!UnknownFunction []
[2022.04.08-18.30.17:780][  0]LogWindows: Error: [Callstack] 0x00000000994C2651 ntdll.dll!UnknownFunction []
[2022.04.08-18.30.17:780][  0]LogWindows: Error: [Callstack] 0x00000000994C2651 ntdll.dll!UnknownFunction []
[2022.04.08-18.30.17:780][  0]LogWindows: Error: 
[2022.04.08-18.30.17:795][  0]LogExit: Executing StaticShutdownAfterError
