Log file open, 02/17/22 23:58:51
LogWindows: Failed to load 'aqProf.dll' (GetLastError=126)
LogWindows: File 'aqProf.dll' does not exist
LogWindows: Failed to load 'VtuneApi.dll' (GetLastError=126)
LogWindows: File 'VtuneApi.dll' does not exist
LogWindows: Failed to load 'VtuneApi32e.dll' (GetLastError=126)
LogWindows: File 'VtuneApi32e.dll' does not exist
LogInit: Display: Running engine for game: ArenaBattle
LogPlatformFile: Not using cached read wrapper
LogInit: Display: RandInit(1730084881) SRandInit(1730084882).
LogInit: Read version file with build ID '3944462'
LogInit: Overriding engine version to CL 4033788, compatible CL 3944462
LogInit: Registered custom module enumerator with build ID '3944462'
LogTaskGraph: Started task graph with 5 named threads and 35 total threads with 3 sets of task threads.
LogStats: Stats thread started at 0.531505
LogD3D11RHI: Aftermath initialized
LogICUInternationalization: Display: ICU TimeZone Detection - Raw Offset: +9:00, Platform Override: ''
LogModuleManager: Display: Found up-to-date module file ../../../Engine/Plugins/2D/Paper2D/Binaries/Win64/UE4Editor-Paper2D.dll (API version 3944462).
LogModuleManager: Display: Found up-to-date module file ../../../Engine/Plugins/2D/Paper2D/Binaries/Win64/UE4Editor-Paper2DEditor.dll (API version 3944462).
LogModuleManager: Display: Found up-to-date module file ../../../Engine/Plugins/2D/Paper2D/Binaries/Win64/UE4Editor-PaperSpriteSheetImporter.dll (API version 3944462).
LogModuleManager: Display: Found up-to-date module file ../../../Engine/Plugins/2D/Paper2D/Binaries/Win64/UE4Editor-PaperTiledImporter.dll (API version 3944462).
LogModuleManager: Display: Found up-to-date module file ../../../Engine/Plugins/2D/Paper2D/Binaries/Win64/UE4Editor-SmartSnapping.dll (API version 3944462).
LogModuleManager: Display: Found up-to-date module file ../../../Engine/Plugins/Blendables/LightPropagationVolume/Binaries/Win64/UE4Editor-LightPropagationVolumeRuntime.dll (API version 3944462).
LogModuleManager: Display: Found up-to-date module file ../../../Engine/Plugins/Blendables/LightPropagationVolume/Binaries/Win64/UE4Editor-LightPropagationVolumeEditor.dll (API version 3944462).
LogModuleManager: Display: Found up-to-date module file ../../../Engine/Plugins/Developer/CLionSourceCodeAccess/Binaries/Win64/UE4Editor-CLionSourceCodeAccess.dll (API version 3944462).
LogModuleManager: Display: Found up-to-date module file ../../../Engine/Plugins/Developer/GitSourceControl/Binaries/Win64/UE4Editor-GitSourceControl.dll (API version 3944462).
LogModuleManager: Display: Found up-to-date module file ../../../Engine/Plugins/Developer/PerforceSourceControl/Binaries/Win64/UE4Editor-PerforceSourceControl.dll (API version 3944462).
LogModuleManager: Display: Found up-to-date module file ../../../Engine/Plugins/Developer/SubversionSourceControl/Binaries/Win64/UE4Editor-SubversionSourceControl.dll (API version 3944462).
LogModuleManager: Display: Found up-to-date module file ../../../Engine/Plugins/Developer/UObjectPlugin/Binaries/Win64/UE4Editor-UObjectPlugin.dll (API version 3944462).
LogModuleManager: Display: Found up-to-date module file ../../../Engine/Plugins/Developer/VisualStudioCodeSourceCodeAccess/Binaries/Win64/UE4Editor-VisualStudioCodeSourceCodeAccess.dll (API version 3944462).
LogModuleManager: Display: Found up-to-date module file ../../../Engine/Plugins/Developer/VisualStudioSourceCodeAccess/Binaries/Win64/UE4Editor-VisualStudioSourceCodeAccess.dll (API version 3944462).
LogModuleManager: Display: Found up-to-date module file ../../../Engine/Plugins/Editor/AssetManagerEditor/Binaries/Win64/UE4Editor-AssetManagerEditor.dll (API version 3944462).
LogModuleManager: Display: Found up-to-date module file ../../../Engine/Plugins/Editor/CryptoKeys/Binaries/Win64/UE4Editor-CryptoKeys.dll (API version 3944462).
LogModuleManager: Display: Found up-to-date module file ../../../Engine/Plugins/Editor/CryptoKeys/Binaries/Win64/UE4Editor-CryptoKeysOpenSSL.dll (API version 3944462).
LogModuleManager: Display: Found up-to-date module file ../../../Engine/Plugins/Editor/DataValidation/Binaries/Win64/UE4Editor-DataValidation.dll (API version 3944462).
LogModuleManager: Display: Found up-to-date module file ../../../Engine/Plugins/Editor/FacialAnimation/Binaries/Win64/UE4Editor-FacialAnimation.dll (API version 3944462).
LogModuleManager: Display: Found up-to-date module file ../../../Engine/Plugins/Editor/FacialAnimation/Binaries/Win64/UE4Editor-FacialAnimationEditor.dll (API version 3944462).
LogModuleManager: Display: Found up-to-date module file ../../../Engine/Plugins/Editor/GameplayTagsEditor/Binaries/Win64/UE4Editor-GameplayTagsEditor.dll (API version 3944462).
LogModuleManager: Display: Found up-to-date module file ../../../Engine/Plugins/Editor/MobileLauncherProfileWizard/Binaries/Win64/UE4Editor-MobileLauncherProfileWizard.dll (API version 3944462).
LogModuleManager: Display: Found up-to-date module file ../../../Engine/Plugins/Editor/PluginBrowser/Binaries/Win64/UE4Editor-PluginBrowser.dll (API version 3944462).
LogModuleManager: Display: Found up-to-date module file ../../../Engine/Plugins/Editor/SpeedTreeImporter/Binaries/Win64/UE4Editor-SpeedTreeImporter.dll (API version 3944462).
LogModuleManager: Display: Found up-to-date module file ../../../Engine/Plugins/Enterprise/DatasmithContent/Binaries/Win64/UE4Editor-DatasmithContent.dll (API version 3944462).
LogModuleManager: Display: Found up-to-date module file ../../../Engine/Plugins/Experimental/AlembicImporter/Binaries/Win64/UE4Editor-AlembicImporter.dll (API version 3944462).
LogModuleManager: Display: Found up-to-date module file ../../../Engine/Plugins/Experimental/AlembicImporter/Binaries/Win64/UE4Editor-AlembicLibrary.dll (API version 3944462).
LogModuleManager: Display: Found up-to-date module file ../../../Engine/Plugins/Experimental/CharacterAI/Binaries/Win64/UE4Editor-CharacterAI.dll (API version 3944462).
LogModuleManager: Display: Found up-to-date module file ../../../Engine/Plugins/Experimental/HTML5Networking/Binaries/Win64/UE4Editor-HTML5Networking.dll (API version 3944462).
LogModuleManager: Display: Found up-to-date module file ../../../Engine/Plugins/Media/AndroidMedia/Binaries/Win64/UE4Editor-AndroidMediaEditor.dll (API version 3944462).
LogModuleManager: Display: Found up-to-date module file ../../../Engine/Plugins/Media/AndroidMedia/Binaries/Win64/UE4Editor-AndroidMediaFactory.dll (API version 3944462).
LogModuleManager: Display: Found up-to-date module file ../../../Engine/Plugins/Media/AvfMedia/Binaries/Win64/UE4Editor-AvfMediaEditor.dll (API version 3944462).
LogModuleManager: Display: Found up-to-date module file ../../../Engine/Plugins/Media/AvfMedia/Binaries/Win64/UE4Editor-AvfMediaFactory.dll (API version 3944462).
LogModuleManager: Display: Found up-to-date module file ../../../Engine/Plugins/Media/AvfMedia/Binaries/Win64/UE4Editor-AvfMediaFactory.dll (API version 3944462).
LogModuleManager: Display: Found up-to-date module file ../../../Engine/Plugins/Media/ImgMedia/Binaries/Win64/UE4Editor-ImgMedia.dll (API version 3944462).
LogModuleManager: Display: Found up-to-date module file ../../../Engine/Plugins/Media/ImgMedia/Binaries/Win64/UE4Editor-ImgMediaEditor.dll (API version 3944462).
LogModuleManager: Display: Found up-to-date module file ../../../Engine/Plugins/Media/ImgMedia/Binaries/Win64/UE4Editor-ImgMediaFactory.dll (API version 3944462).
LogModuleManager: Display: Found up-to-date module file ../../../Engine/Plugins/Media/ImgMedia/Binaries/Win64/UE4Editor-ImgMediaFactory.dll (API version 3944462).
LogModuleManager: Display: Found up-to-date module file ../../../Engine/Plugins/Media/ImgMedia/Binaries/Win64/UE4Editor-OpenExrWrapper.dll (API version 3944462).
LogModuleManager: Display: Found up-to-date module file ../../../Engine/Plugins/Media/LinearTimecode/Binaries/Win64/UE4Editor-LinearTimecode.dll (API version 3944462).
LogModuleManager: Display: Found up-to-date module file ../../../Engine/Plugins/Media/MediaCompositing/Binaries/Win64/UE4Editor-MediaCompositing.dll (API version 3944462).
LogModuleManager: Display: Found up-to-date module file ../../../Engine/Plugins/Media/MediaCompositing/Binaries/Win64/UE4Editor-MediaCompositingEditor.dll (API version 3944462).
LogModuleManager: Display: Found up-to-date module file ../../../Engine/Plugins/Media/MediaPlayerEditor/Binaries/Win64/UE4Editor-MediaPlayerEditor.dll (API version 3944462).
LogModuleManager: Display: Found up-to-date module file ../../../Engine/Plugins/Media/WmfMedia/Binaries/Win64/UE4Editor-WmfMedia.dll (API version 3944462).
LogModuleManager: Display: Found up-to-date module file ../../../Engine/Plugins/Media/WmfMedia/Binaries/Win64/UE4Editor-WmfMediaEditor.dll (API version 3944462).
LogModuleManager: Display: Found up-to-date module file ../../../Engine/Plugins/Media/WmfMedia/Binaries/Win64/UE4Editor-WmfMediaFactory.dll (API version 3944462).
LogModuleManager: Display: Found up-to-date module file ../../../Engine/Plugins/Media/WmfMedia/Binaries/Win64/UE4Editor-WmfMediaFactory.dll (API version 3944462).
LogModuleManager: Display: Found up-to-date module file ../../../Engine/Plugins/Messaging/TcpMessaging/Binaries/Win64/UE4Editor-TcpMessaging.dll (API version 3944462).
LogModuleManager: Display: Found up-to-date module file ../../../Engine/Plugins/Messaging/UdpMessaging/Binaries/Win64/UE4Editor-UdpMessaging.dll (API version 3944462).
LogModuleManager: Display: Found up-to-date module file ../../../Engine/Plugins/MovieScene/ActorSequence/Binaries/Win64/UE4Editor-ActorSequence.dll (API version 3944462).
LogModuleManager: Display: Found up-to-date module file ../../../Engine/Plugins/MovieScene/LevelSequenceEditor/Binaries/Win64/UE4Editor-LevelSequenceEditor.dll (API version 3944462).
LogModuleManager: Display: Found up-to-date module file ../../../Engine/Plugins/MovieScene/MatineeToLevelSequence/Binaries/Win64/UE4Editor-MatineeToLevelSequence.dll (API version 3944462).
LogModuleManager: Display: Found up-to-date module file ../../../Engine/Plugins/NetcodeUnitTest/NetcodeUnitTest/Binaries/Win64/UE4Editor-NetcodeUnitTest.dll (API version 3944462).
LogModuleManager: Display: Found up-to-date module file ../../../Engine/Plugins/NetcodeUnitTest/NUTUnrealEngine4/Binaries/Win64/UE4Editor-NUTUnrealEngine4.dll (API version 3944462).
LogModuleManager: Display: Found up-to-date module file ../../../Engine/Plugins/Online/OnlineSubsystem/Binaries/Win64/UE4Editor-OnlineSubsystem.dll (API version 3944462).
LogModuleManager: Display: Found up-to-date module file ../../../Engine/Plugins/Runtime/AndroidPermission/Binaries/Win64/UE4Editor-AndroidPermission.dll (API version 3944462).
LogModuleManager: Display: Found up-to-date module file ../../../Engine/Plugins/Online/OnlineSubsystemNull/Binaries/Win64/UE4Editor-OnlineSubsystemNull.dll (API version 3944462).
LogModuleManager: Display: Found up-to-date module file ../../../Engine/Plugins/Online/OnlineSubsystemUtils/Binaries/Win64/UE4Editor-OnlineSubsystemUtils.dll (API version 3944462).
LogModuleManager: Display: Found up-to-date module file ../../../Engine/Plugins/Online/OnlineSubsystemUtils/Binaries/Win64/UE4Editor-OnlineBlueprintSupport.dll (API version 3944462).
LogModuleManager: Display: Found up-to-date module file ../../../Engine/Plugins/Runtime/AndroidDeviceProfileSelector/Binaries/Win64/UE4Editor-AndroidDeviceProfileSelector.dll (API version 3944462).
LogModuleManager: Display: Found up-to-date module file ../../../Engine/Plugins/Runtime/AppleARKit/Binaries/Win64/UE4Editor-AppleARKit.dll (API version 3944462).
LogModuleManager: Display: Found up-to-date module file ../../../Engine/Plugins/Runtime/ProceduralMeshComponent/Binaries/Win64/UE4Editor-ProceduralMeshComponent.dll (API version 3944462).
LogModuleManager: Display: Found up-to-date module file ../../../Engine/Plugins/Runtime/ProceduralMeshComponent/Binaries/Win64/UE4Editor-ProceduralMeshComponentEditor.dll (API version 3944462).
LogModuleManager: Display: Found up-to-date module file ../../../Engine/Plugins/Animation/LiveLink/Binaries/Win64/UE4Editor-LiveLink.dll (API version 3944462).
LogModuleManager: Display: Found up-to-date module file ../../../Engine/Plugins/Animation/LiveLink/Binaries/Win64/UE4Editor-LiveLinkEditor.dll (API version 3944462).
LogModuleManager: Display: Found up-to-date module file ../../../Engine/Plugins/Runtime/ArchVisCharacter/Binaries/Win64/UE4Editor-ArchVisCharacter.dll (API version 3944462).
LogModuleManager: Display: Found up-to-date module file ../../../Engine/Plugins/Runtime/AudioCapture/Binaries/Win64/UE4Editor-AudioCapture.dll (API version 3944462).
LogModuleManager: Display: Found up-to-date module file ../../../Engine/Plugins/Runtime/AudioCapture/Binaries/Win64/UE4Editor-AudioCaptureEditor.dll (API version 3944462).
LogModuleManager: Display: Found up-to-date module file ../../../Engine/Plugins/Runtime/CableComponent/Binaries/Win64/UE4Editor-CableComponent.dll (API version 3944462).
LogModuleManager: Display: Found up-to-date module file ../../../Engine/Plugins/Runtime/CustomMeshComponent/Binaries/Win64/UE4Editor-CustomMeshComponent.dll (API version 3944462).
LogModuleManager: Display: Found up-to-date module file ../../../Engine/Plugins/Runtime/ExampleDeviceProfileSelector/Binaries/Win64/UE4Editor-ExampleDeviceProfileSelector.dll (API version 3944462).
LogModuleManager: Display: Found up-to-date module file ../../../Engine/Plugins/Runtime/ImmediatePhysics/Binaries/Win64/UE4Editor-ImmediatePhysics.dll (API version 3944462).
LogModuleManager: Display: Found up-to-date module file ../../../Engine/Plugins/Runtime/ImmediatePhysics/Binaries/Win64/UE4Editor-ImmediatePhysicsEditor.dll (API version 3944462).
LogModuleManager: Display: Found up-to-date module file ../../../Engine/Plugins/Runtime/LocationServicesBPLibrary/Binaries/Win64/UE4Editor-LocationServicesBPLibrary.dll (API version 3944462).
LogModuleManager: Display: Found up-to-date module file ../../../Engine/Plugins/Runtime/MobilePatchingUtils/Binaries/Win64/UE4Editor-MobilePatchingUtils.dll (API version 3944462).
LogModuleManager: Display: Found up-to-date module file ../../../Engine/Plugins/Runtime/Oculus/OculusVR/Binaries/Win64/UE4Editor-OculusHMD.dll (API version 3944462).
LogModuleManager: Display: Found up-to-date module file ../../../Engine/Plugins/Runtime/Oculus/OculusVR/Binaries/Win64/UE4Editor-OculusInput.dll (API version 3944462).
LogModuleManager: Display: Found up-to-date module file ../../../Engine/Plugins/Runtime/Oculus/OculusVR/Binaries/Win64/UE4Editor-OculusEditor.dll (API version 3944462).
LogModuleManager: Display: Found up-to-date module file ../../../Engine/Plugins/Runtime/PhysXVehicles/Binaries/Win64/UE4Editor-PhysXVehicles.dll (API version 3944462).
LogModuleManager: Display: Found up-to-date module file ../../../Engine/Plugins/Runtime/PhysXVehicles/Binaries/Win64/UE4Editor-PhysXVehiclesEditor.dll (API version 3944462).
LogModuleManager: Display: Found up-to-date module file ../../../Engine/Plugins/Runtime/RuntimePhysXCooking/Binaries/Win64/UE4Editor-RuntimePhysXCooking.dll (API version 3944462).
LogModuleManager: Display: Found up-to-date module file ../../../Engine/Plugins/Runtime/Steam/SteamVR/Binaries/Win64/UE4Editor-SteamVR.dll (API version 3944462).
LogModuleManager: Display: Found up-to-date module file ../../../Engine/Plugins/Runtime/Steam/SteamVR/Binaries/Win64/UE4Editor-SteamVRController.dll (API version 3944462).
LogModuleManager: Display: Found up-to-date module file ../../../Engine/Plugins/Runtime/WindowsMoviePlayer/Binaries/Win64/UE4Editor-WindowsMoviePlayer.dll (API version 3944462).
LogPluginManager: Mounting plugin Paper2D
LogPluginManager: Mounting plugin LiveLink
LogPluginManager: Mounting plugin LightPropagationVolume
LogPluginManager: Mounting plugin CLionSourceCodeAccess
LogPluginManager: Mounting plugin CodeLiteSourceCodeAccess
LogPluginManager: Mounting plugin GitSourceControl
LogPluginManager: Mounting plugin KDevelopSourceCodeAccess
LogPluginManager: Mounting plugin NullSourceCodeAccess
LogPluginManager: Mounting plugin PerforceSourceControl
LogPluginManager: Mounting plugin SubversionSourceControl
LogPluginManager: Mounting plugin UObjectPlugin
LogPluginManager: Mounting plugin VisualStudioCodeSourceCodeAccess
LogPluginManager: Mounting plugin VisualStudioSourceCodeAccess
LogPluginManager: Mounting plugin XCodeSourceCodeAccess
LogPluginManager: Mounting plugin AssetManagerEditor
LogPluginManager: Mounting plugin CryptoKeys
LogPluginManager: Mounting plugin DataValidation
LogPluginManager: Mounting plugin FacialAnimation
LogPluginManager: Mounting plugin GameplayTagsEditor
LogPluginManager: Mounting plugin MobileLauncherProfileWizard
LogPluginManager: Mounting plugin PluginBrowser
LogPluginManager: Mounting plugin SpeedTreeImporter
LogPluginManager: Mounting plugin DatasmithContent
LogPluginManager: Mounting plugin AlembicImporter
LogPluginManager: Mounting plugin CharacterAI
LogPluginManager: Mounting plugin HTML5Networking
LogPluginManager: Mounting plugin AndroidMedia
LogPluginManager: Mounting plugin AvfMedia
LogPluginManager: Mounting plugin ImgMedia
LogPluginManager: Mounting plugin LinearTimecode
LogPluginManager: Mounting plugin MediaCompositing
LogPluginManager: Mounting plugin MediaPlayerEditor
LogPluginManager: Mounting plugin WmfMedia
LogPluginManager: Mounting plugin TcpMessaging
LogPluginManager: Mounting plugin UdpMessaging
LogPluginManager: Mounting plugin ActorSequence
LogPluginManager: Mounting plugin LevelSequenceEditor
LogPluginManager: Mounting plugin MatineeToLevelSequence
LogPluginManager: Mounting plugin NetcodeUnitTest
LogPluginManager: Mounting plugin NUTUnrealEngine4
LogPluginManager: Mounting plugin OnlineSubsystemGooglePlay
LogPluginManager: Mounting plugin OnlineSubsystemIOS
LogPluginManager: Mounting plugin OnlineSubsystem
LogPluginManager: Mounting plugin OnlineSubsystemNull
LogPluginManager: Mounting plugin OnlineSubsystemUtils
LogPluginManager: Mounting plugin AndroidDeviceProfileSelector
LogPluginManager: Mounting plugin AndroidMoviePlayer
LogPluginManager: Mounting plugin AndroidPermission
LogPluginManager: Mounting plugin AppleARKit
LogPluginManager: Mounting plugin AppleMoviePlayer
LogPluginManager: Mounting plugin ArchVisCharacter
LogPluginManager: Mounting plugin AudioCapture
LogPluginManager: Mounting plugin CableComponent
LogPluginManager: Mounting plugin CustomMeshComponent
LogPluginManager: Mounting plugin ExampleDeviceProfileSelector
LogPluginManager: Mounting plugin GoogleCloudMessaging
LogPluginManager: Mounting plugin ImmediatePhysics
LogPluginManager: Mounting plugin IOSDeviceProfileSelector
LogPluginManager: Mounting plugin LinuxDeviceProfileSelector
LogPluginManager: Mounting plugin LocationServicesBPLibrary
LogPluginManager: Mounting plugin MobilePatchingUtils
LogPluginManager: Mounting plugin OculusVR
LogPluginManager: Plugin shader directory ../../../Engine/Plugins/Runtime/Oculus/OculusVR/Shaders found
LogPluginManager: Mapping shader source directory ../../../Engine/Plugins/Runtime/Oculus/OculusVR/Shaders to virtual directory /Plugin/OculusVR
LogPluginManager: Mounting plugin PhysXVehicles
LogPluginManager: Mounting plugin ProceduralMeshComponent
LogPluginManager: Mounting plugin RuntimePhysXCooking
LogPluginManager: Mounting plugin SteamVR
LogPluginManager: Mounting plugin WindowsMoviePlayer
LogStreaming: Display: Took  1.033s to configure plugins.
LogInit: Using libcurl 7.47.1
LogInit:  - built for x86_64-pc-win32
LogInit:  - supports SSL with OpenSSL/1.0.2g
LogInit:  - supports HTTP deflate (compression) using libz 1.2.8
LogInit:  - other features:
LogInit:      CURL_VERSION_SSL
LogInit:      CURL_VERSION_LIBZ
LogInit:      CURL_VERSION_IPV6
LogInit:      CURL_VERSION_ASYNCHDNS
LogInit:      CURL_VERSION_LARGEFILE
LogInit:      CURL_VERSION_IDN
LogInit:  CurlRequestOptions (configurable via config and command line):
LogInit:  - bVerifyPeer = false  - Libcurl will NOT verify peer certificate
LogInit:  - bUseHttpProxy = false  - Libcurl will NOT use HTTP proxy
LogInit:  - bDontReuseConnections = false  - Libcurl will reuse connections
LogInit:  - CertBundlePath = nullptr  - Libcurl will use whatever was configured at build time.
LogInit:  - MaxHostConnections = 16  - Libcurl will limit the number of connections to a host
LogInit:  - LocalHostAddr = Default
LogInit: WinSock: version 1.1 (2.2), MaxSocks=32767, MaxUdp=65467
LogInit: WinSock: I am DESKTOP-7F2F2D9 (192.168.35.130:0)
LogInit: Build: ++UE4+Release-4.19-CL-4033788
LogInit: Engine Version: 4.19.2-4033788+++UE4+Release-4.19
LogInit: Compatible Engine Version: 4.19.0-3944462+++UE4+Release-4.19
LogInit: Net CL: 3944462
LogDevObjectVersion: Number of dev versions registered: 18
LogDevObjectVersion:   Dev-Blueprints (B0D832E4-1F89-4F0D-ACCF-7EB736FD4AA2): 10
LogDevObjectVersion:   Dev-Build (E1C64328-A22C-4D53-A36C-8E866417BD8C): 0
LogDevObjectVersion:   Dev-Core (375EC13C-06E4-48FB-B500-84F0262A717E): 2
LogDevObjectVersion:   Dev-Editor (E4B068ED-F494-42E9-A231-DA0B2E46BB41): 23
LogDevObjectVersion:   Dev-Framework (CFFC743F-43B0-4480-9391-14DF171D2073): 33
LogDevObjectVersion:   Dev-Mobile (B02B49B5-BB20-44E9-A304-32B752E40360): 2
LogDevObjectVersion:   Dev-Networking (A4E4105C-59A1-49B5-A7C5-40C4547EDFEE): 0
LogDevObjectVersion:   Dev-Online (39C831C9-5AE6-47DC-9A44-9C173E1C8E7C): 0
LogDevObjectVersion:   Dev-Physics (78F01B33-EBEA-4F98-B9B4-84EACCB95AA2): 0
LogDevObjectVersion:   Dev-Platform (6631380F-2D4D-43E0-8009-CF276956A95A): 0
LogDevObjectVersion:   Dev-Rendering (12F88B9F-8875-4AFC-A67C-D90C383ABD29): 25
LogDevObjectVersion:   Dev-Sequencer (7B5AE74C-D270-4C10-A958-57980B212A5A): 6
LogDevObjectVersion:   Dev-VR (D7296918-1DD6-4BDD-9DE2-64A83CC13884): 1
LogDevObjectVersion:   Dev-LoadTimes (C2A15278-BFE7-4AFE-6C17-90FF531DF755): 1
LogDevObjectVersion:   Private-Geometry (6EACA3D4-40EC-4CC1-B786-8BED09428FC5): 2
LogDevObjectVersion:   Dev-AnimPhys (29E575DD-E0A3-4627-9D10-D276232CDCEA): 16
LogDevObjectVersion:   Dev-ReflectionCapture (6B266CEC-1EC7-4B8F-A30B-E4D90942FC07): 1
LogDevObjectVersion:   Dev-Automation (0DF73D61-A23F-47EA-B727-89E90C41499A): 1
LogInit: Compiled (64-bit): Apr 27 2018 02:06:57
LogInit: Compiled with Visual C++: 19.00.24215.01
LogInit: Build Configuration: Development
LogInit: Branch Name: ++UE4+Release-4.19
LogInit: Command Line: 
LogInit: Base Directory: D:/UE_4.19/Engine/Binaries/Win64/
LogInit: Installed Engine Build: 1
LogStreaming: Display: Took  0.000s to delete old logs.
LogInit: Presizing for max 8388607 objects, including 0 objects not considered by GC, pre-allocating 0 bytes for permanent pool.
LogInit: Object subsystem initialized
[2022.02.17-14.58.52:410][  0]LogInit: Selected Device Profile: [Windows]
[2022.02.17-14.58.52:410][  0]LogInit: Applying CVar settings loaded from the selected device profile: [Windows]
[2022.02.17-14.58.52:439][  0]LogInit: Computer: DESKTOP-7F2F2D9
[2022.02.17-14.58.52:439][  0]LogInit: User: guldd
[2022.02.17-14.58.52:439][  0]LogInit: CPU Page size=4096, Cores=6
[2022.02.17-14.58.52:439][  0]LogInit: High frequency timer resolution =10.000000 MHz
[2022.02.17-14.58.52:439][  0]LogMemory: Memory total: Physical=15.9GB (16GB approx)
[2022.02.17-14.58.52:439][  0]LogMemory: Platform Memory Stats for Windows
[2022.02.17-14.58.52:439][  0]LogMemory: Process Physical Memory: 276.92 MB used, 276.93 MB peak
[2022.02.17-14.58.52:439][  0]LogMemory: Process Virtual Memory: 263.49 MB used, 263.49 MB peak
[2022.02.17-14.58.52:439][  0]LogMemory: Physical Memory: 6953.23 MB used,  9356.05 MB free, 16309.28 MB total
[2022.02.17-14.58.52:439][  0]LogMemory: Virtual Memory: 4792.46 MB used,  9356.05 MB free, 134217728.00 MB total
[2022.02.17-14.58.52:456][  0]LogInit: Using OS detected language (ko-KR).
[2022.02.17-14.58.52:456][  0]LogInit: Using OS detected locale (ko-KR).
[2022.02.17-14.58.52:459][  0]LogTextLocalizationManager: No specific localization for 'ko-KR' exists, so the 'ko' localization will be used.
[2022.02.17-14.58.52:810][  0]LogStreaming: Display: Took  0.354s to EndInitTextLocalization.
[2022.02.17-14.58.52:810][  0]LogInit: Setting process to per monitor DPI aware
[2022.02.17-14.58.52:859][  0]LogSlate: New Slate User Created.  User Index 0, Is Virtual User: 0
[2022.02.17-14.58.52:859][  0]LogSlate: Slate User Registered.  User Index 0, Is Virtual User: 0
[2022.02.17-14.58.53:120][  0]LogD3D11RHI: D3D11 adapters:
[2022.02.17-14.58.53:226][  0]LogD3D11RHI:    0. 'NVIDIA GeForce RTX 3060 Ti' (Feature Level 11_0)
[2022.02.17-14.58.53:226][  0]LogD3D11RHI:       8050/0/8154 MB DedicatedVideo/DedicatedSystem/SharedSystem, Outputs:1, VendorId:0x10de
[2022.02.17-14.58.53:229][  0]LogD3D11RHI:    1. 'Microsoft Basic Render Driver' (Feature Level 11_0)
[2022.02.17-14.58.53:229][  0]LogD3D11RHI:       0/0/8154 MB DedicatedVideo/DedicatedSystem/SharedSystem, Outputs:0, VendorId:0x1414
[2022.02.17-14.58.53:229][  0]LogD3D11RHI: Chosen D3D11 Adapter: 0
[2022.02.17-14.58.53:233][  0]LogD3D11RHI: Creating new Direct3DDevice
[2022.02.17-14.58.53:234][  0]LogD3D11RHI:     GPU DeviceId: 0x2486 (for the marketing name, search the web for "GPU Device Id")
[2022.02.17-14.58.53:234][  0]LogWindows: EnumDisplayDevices:
[2022.02.17-14.58.53:234][  0]LogWindows:    0. 'NVIDIA GeForce RTX 3060 Ti' (P:1 D:1)
[2022.02.17-14.58.53:234][  0]LogWindows:    1. 'NVIDIA GeForce RTX 3060 Ti' (P:0 D:0)
[2022.02.17-14.58.53:235][  0]LogWindows:    2. 'NVIDIA GeForce RTX 3060 Ti' (P:0 D:0)
[2022.02.17-14.58.53:235][  0]LogWindows:    3. 'NVIDIA GeForce RTX 3060 Ti' (P:0 D:0)
[2022.02.17-14.58.53:236][  0]LogWindows: DebugString: GetVideoDriverDetailsInvalid PrimaryIsNotTheChoosenAdapter GetVideoDriverDetailsInvalid PrimaryIsNotTheChoosenAdapter GetVideoDriverDetailsInvalid PrimaryIsNotTheChoosenAdapter GetVideoDriverDetailsInvalid PrimaryIsNotTheChoosenAdapter FoundDriverCount:0 
[2022.02.17-14.58.53:236][  0]LogD3D11RHI:     Adapter Name: NVIDIA GeForce RTX 3060 Ti
[2022.02.17-14.58.53:236][  0]LogD3D11RHI:   Driver Version: Unknown (internal:Unknown, unified:Unknown)
[2022.02.17-14.58.53:236][  0]LogD3D11RHI:      Driver Date: Unknown
[2022.02.17-14.58.53:236][  0]LogRHI: Texture pool is 5635 MB (70% of 8050 MB)
[2022.02.17-14.58.53:315][  0]LogD3D11RHI: [Aftermath] Aftermath enabled and primed
[2022.02.17-14.58.53:315][  0]LogD3D11RHI: [Aftermath] Aftermath enabled and primed
[2022.02.17-14.58.53:315][  0]LogD3D11RHI: Async texture creation enabled
[2022.02.17-14.58.53:341][  0]LogD3D11RHI: GPU Timing Frequency: 1000.000000 (Debug: 2 2)
[2022.02.17-14.58.53:345][  0]LogShaderCompilers: Guid format shader working directory is 16 characters bigger than the processId version (../../../../UE4CPP/ArenaBattle/Intermediate/Shaders/WorkingDirectory/2176/).
[2022.02.17-14.58.53:345][  0]LogShaderCompilers: Cleaned the shader compiler working directory 'C:/Users/guldd/AppData/Local/Temp/UnrealShaderWorkingDir/CE5EEBA845CDBB5D5E2768BCB126FE61/'.
[2022.02.17-14.58.53:587][  0]LogTemp: Display: Loaded TP AllDesktopTargetPlatform
[2022.02.17-14.58.53:598][  0]LogTemp: Display: Loaded TP MacClientTargetPlatform
[2022.02.17-14.58.53:609][  0]LogTemp: Display: Loaded TP MacNoEditorTargetPlatform
[2022.02.17-14.58.53:620][  0]LogTemp: Display: Loaded TP MacServerTargetPlatform
[2022.02.17-14.58.53:631][  0]LogTemp: Display: Loaded TP MacTargetPlatform
[2022.02.17-14.58.53:642][  0]LogTemp: Display: Loaded TP WindowsClientTargetPlatform
[2022.02.17-14.58.53:655][  0]LogTemp: Display: Loaded TP WindowsNoEditorTargetPlatform
[2022.02.17-14.58.53:665][  0]LogTemp: Display: Loaded TP WindowsServerTargetPlatform
[2022.02.17-14.58.53:670][  0]LogTemp: Display: Loaded TP WindowsTargetPlatform
[2022.02.17-14.58.53:679][  0]LogTemp: Display: Loaded TP Android_ASTCTargetPlatform
[2022.02.17-14.58.53:689][  0]LogTemp: Display: Loaded TP Android_ATCTargetPlatform
[2022.02.17-14.58.53:700][  0]LogTemp: Display: Loaded TP Android_DXTTargetPlatform
[2022.02.17-14.58.53:710][  0]LogTemp: Display: Loaded TP Android_ETC1aTargetPlatform
[2022.02.17-14.58.53:720][  0]LogTemp: Display: Loaded TP Android_ETC1TargetPlatform
[2022.02.17-14.58.53:733][  0]LogTemp: Display: Loaded TP Android_ETC2TargetPlatform
[2022.02.17-14.58.53:753][  0]LogTemp: Display: Loaded TP Android_MultiTargetPlatform
[2022.02.17-14.58.53:753][  0]LogTemp: Display: Loaded TP Android_PVRTCTargetPlatform
[2022.02.17-14.58.53:763][  0]LogTemp: Display: Loaded TP AndroidTargetPlatform
[2022.02.17-14.58.53:765][  0]LogTemp: Display: Loaded TP HTML5TargetPlatform
[2022.02.17-14.58.53:799][  0]LogTemp: Display: Loaded TP IOSTargetPlatform
[2022.02.17-14.58.53:808][  0]LogTemp: Display: Loaded TP TVOSTargetPlatform
[2022.02.17-14.58.53:819][  0]LogTemp: Display: Loaded TP LinuxClientTargetPlatform
[2022.02.17-14.58.53:829][  0]LogTemp: Display: Loaded TP LinuxNoEditorTargetPlatform
[2022.02.17-14.58.53:839][  0]LogTemp: Display: Loaded TP LinuxServerTargetPlatform
[2022.02.17-14.58.53:850][  0]LogTemp: Display: Loaded TP LinuxTargetPlatform
[2022.02.17-14.58.53:850][  0]LogTargetPlatformManager: Display: Building Assets For Windows
[2022.02.17-14.58.53:948][  0]LogXGEController: Cannot use XGE Controller as Incredibuild is not installed on this machine.
[2022.02.17-14.58.53:948][  0]LogShaderCompilers: Cannot use XGE Shader Compiler as Incredibuild is not installed on this machine.
[2022.02.17-14.58.53:948][  0]LogShaderCompilers: Display: Using Local Shader Compiler.
[2022.02.17-14.58.54:562][  0]LogDerivedDataCache: Display: Max Cache Size: 512 MB
[2022.02.17-14.58.54:630][  0]LogDerivedDataCache: Loaded boot cache 0.07s 74MB C:/Users/guldd/AppData/Local/UnrealEngine/4.19/DerivedDataCache/Boot.ddc.
[2022.02.17-14.58.54:630][  0]LogDerivedDataCache: Display: Loaded Boot cache: C:/Users/guldd/AppData/Local/UnrealEngine/4.19/DerivedDataCache/Boot.ddc
[2022.02.17-14.58.54:630][  0]LogDerivedDataCache: FDerivedDataBackendGraph:  Pak pak cache file ../../../../UE4CPP/ArenaBattle/DerivedDataCache/DDC.ddp not found, will not use a pak cache.
[2022.02.17-14.58.54:630][  0]LogDerivedDataCache: Unable to find inner node Pak for hierarchical cache Hierarchy.
[2022.02.17-14.58.54:630][  0]LogDerivedDataCache: FDerivedDataBackendGraph:  CompressedPak pak cache file ../../../../UE4CPP/ArenaBattle/DerivedDataCache/Compressed.ddp not found, will not use a pak cache.
[2022.02.17-14.58.54:630][  0]LogDerivedDataCache: Unable to find inner node CompressedPak for hierarchical cache Hierarchy.
[2022.02.17-14.58.54:645][  0]LogDerivedDataCache: Display: Pak cache opened for reading ../../../Engine/DerivedDataCache/Compressed.ddp.
[2022.02.17-14.58.54:658][  0]LogDerivedDataCache: Using Local data cache path C:/Users/guldd/AppData/Local/UnrealEngine/Common/DerivedDataCache: Writable
[2022.02.17-14.58.54:658][  0]LogDerivedDataCache: Shared data cache path not found in *engine.ini, will not use an Shared cache.
[2022.02.17-14.58.54:658][  0]LogDerivedDataCache: Unable to find inner node Shared for hierarchical cache Hierarchy.
[2022.02.17-14.58.54:666][  0]LogMaterial: Verifying Global Shaders for PCD3D_SM5
[2022.02.17-14.58.54:667][  0]LogSlate: Using Freetype 2.6.0
[2022.02.17-14.58.54:667][  0]LogSlate: SlateFontCache - WITH_FREETYPE: 1, WITH_HARFBUZZ: 1
[2022.02.17-14.58.54:667][  0]LogSlate: SlateFontCache - WITH_FREETYPE: 1, WITH_HARFBUZZ: 1
[2022.02.17-14.58.54:799][  0]LogAssetRegistry: FAssetRegistry took 0.0251 seconds to start up
[2022.02.17-14.58.55:062][  0]LogInit: Selected Device Profile: [Windows]
[2022.02.17-14.58.55:184][  0]LogSimplygon: Simplygon DLL not present - disabling.
[2022.02.17-14.58.55:186][  0]LogMeshReduction: Using SimplygonSwarm for distributed automatic mesh merging
[2022.02.17-14.58.55:186][  0]LogMeshReduction: Using QuadricMeshReduction for automatic static mesh reduction
[2022.02.17-14.58.55:186][  0]LogMeshReduction: No automatic skeletal mesh reduction module available
[2022.02.17-14.58.55:186][  0]LogMeshReduction: No automatic mesh merging module available
[2022.02.17-14.58.55:186][  0]LogMeshMerging: No automatic mesh merging module available
[2022.02.17-14.58.55:214][  0]LogNetVersion: ArenaBattle , NetCL: 3944462, EngineNetVer: 2, GameNetVer: 0 (Checksum: 3555152549)
[2022.02.17-14.58.55:587][  0]LogPackageLocalizationCache: Processed 9 localized package path(s) for 2 prioritized culture(s) in 0.060352 seconds
[2022.02.17-14.58.55:592][  0]LogUObjectArray: 36728 objects as part of root set at end of initial load.
[2022.02.17-14.58.55:592][  0]LogUObjectAllocator: 7314304 out of 0 bytes used by permanent object pool.
[2022.02.17-14.58.55:592][  0]LogUObjectArray: CloseDisregardForGC: 0/0 objects in disregard for GC pool
[2022.02.17-14.58.57:078][  0]LogTcpMessaging: Initializing TcpMessaging bridge
[2022.02.17-14.58.57:107][  0]LogUdpMessaging: Initializing bridge on interface 0.0.0.0:0 to multicast group 230.0.0.1:6666.
[2022.02.17-14.58.57:453][  0]SourceControl: 소스 콘트롤이 꺼졌습니다.
[2022.02.17-14.58.57:453][  0]SourceControl: 소스 콘트롤이 꺼졌습니다.
[2022.02.17-14.58.57:470][  0]SourceControl: 소스 콘트롤이 꺼졌습니다.
[2022.02.17-14.58.57:489][  0]SourceControl: 소스 콘트롤이 꺼졌습니다.
[2022.02.17-14.58.57:957][  0]LogAndroidPermission: UAndroidPermissionCallbackProxy::GetInstance
[2022.02.17-14.58.58:237][  0]LogOcInput: OculusInput pre-init called
[2022.02.17-14.58.58:338][  0]LogEngine: Initializing Engine...
[2022.02.17-14.58.58:340][  0]LogHMD: Failed to initialize OpenVR with code 110
[2022.02.17-14.58.58:341][  0]LogStats: UGameplayTagsManager::ConstructGameplayTagTree: Construct from data asset -  0.000 s
[2022.02.17-14.58.58:341][  0]LogStats: UGameplayTagsManager::ConstructGameplayTagTree: GameplayTagTreeChangedEvent.Broadcast -  0.000 s
[2022.02.17-14.58.58:548][  0]LogAIModule: Creating AISystem for world Untitled
[2022.02.17-14.58.58:646][  0]LogInit: XAudio2 using '스피커(High Definition Audio Device)' : 2 channels at 48 kHz using 16 bits per sample (channel mask 0x3)
[2022.02.17-14.58.58:678][  0]LogInit: FAudioDevice initialized.
[2022.02.17-14.58.58:735][  0]LogDerivedDataCache: Saved boot cache 0.06s 74MB C:/Users/guldd/AppData/Local/UnrealEngine/4.19/DerivedDataCache/Boot.ddc.
[2022.02.17-14.58.58:746][  0]LogInit: Texture streaming: Enabled
[2022.02.17-14.58.58:761][  0]LogEngineSessionManager: EngineSessionManager initialized
[2022.02.17-14.58.58:770][  0]LogInit: Transaction tracking system initialized
[2022.02.17-14.58.58:788][  0]BlueprintLog: New page: 에디터 로드
[2022.02.17-14.58.58:845][  0]LocalizationService: 현지화 서비스가 비활성화되었습니다.
[2022.02.17-14.58.58:928][  0]LogConsoleResponse: Display: 
[2022.02.17-14.58.59:054][  0]LogCook: Display: Max memory allowance for cook 16384mb min free memory 0mb
[2022.02.17-14.58.59:054][  0]LogCook: Display: Mobile HDR setting 1
[2022.02.17-14.58.59:054][  0]LogGameplayTags: Display: UGameplayTagsManager::DoneAddingNativeTags. DelegateIsBound: 0
[2022.02.17-14.58.59:054][  0]LogStats: UGameplayTagsManager::ConstructGameplayTagTree: Construct from data asset -  0.000 s
[2022.02.17-14.58.59:054][  0]LogStats: UGameplayTagsManager::ConstructGameplayTagTree: GameplayTagTreeChangedEvent.Broadcast -  0.000 s
[2022.02.17-14.58.59:411][  0]LogFileCache: Scanning file cache for directory 'D:/UE4CPP/ArenaBattle/Content/' took 0.01s
[2022.02.17-14.58.59:411][  0]SourceControl: 소스 콘트롤이 꺼졌습니다.
[2022.02.17-14.58.59:411][  0]Cmd: MAP LOAD FILE="../../../../UE4CPP/ArenaBattle/Content/ThirdPersonBP/Maps/ThirdPersonExampleMap.umap" TEMPLATE=0 SHOWPROGRESS=1 FEATURELEVEL=3
[2022.02.17-14.58.59:411][  0]LightingResults: New page: 라이팅 빌드
[2022.02.17-14.58.59:413][  0]MapCheck: New page: 맵 체크
[2022.02.17-14.58.59:413][  0]LightingResults: New page: 라이팅 빌드
[2022.02.17-14.58.59:481][  0]LogUObjectGlobals: Created PersistentFrame Addr=0x000001d8d9fc1cc0, Size=64, Default__ThirdPerson_AnimBP_C Function /Game/Mannequin/Animations/ThirdPerson_AnimBP.ThirdPerson_AnimBP_C:ExecuteUbergraph_ThirdPerson_AnimBP
[2022.02.17-14.58.59:490][  0]LogUObjectGlobals: Destroyed PersistentFrame Addr=0x000001d8d9fc1cc0, Size=64
[2022.02.17-14.58.59:490][  0]LogUObjectGlobals: Created PersistentFrame Addr=0x000001d8d9fc1900, Size=64, Default__ThirdPerson_AnimBP_C Function /Engine/Transient.REINST_ThirdPerson_AnimBP_C_0:ExecuteUbergraph_ThirdPerson_AnimBP
[2022.02.17-14.58.59:497][  0]LogUObjectGlobals: Created PersistentFrame Addr=0x000001d8d9826610, Size=72, Default__ThirdPerson_AnimBP_C Function /Game/Mannequin/Animations/ThirdPerson_AnimBP.ThirdPerson_AnimBP_C:ExecuteUbergraph_ThirdPerson_AnimBP
[2022.02.17-14.58.59:545][  0]LogUObjectGlobals: Created PersistentFrame Addr=0x000001d8e32dd300, Size=296, Default__ThirdPersonCharacter_C Function /Game/ThirdPersonBP/Blueprints/ThirdPersonCharacter.ThirdPersonCharacter_C:ExecuteUbergraph_ThirdPersonCharacter
[2022.02.17-14.58.59:550][  0]LogUObjectGlobals: Destroyed PersistentFrame Addr=0x000001d8e32dd300, Size=296
[2022.02.17-14.58.59:550][  0]LogUObjectGlobals: Created PersistentFrame Addr=0x000001d8e32dd300, Size=296, Default__ThirdPersonCharacter_C Function /Engine/Transient.REINST_ThirdPersonCharacter_C_4:ExecuteUbergraph_ThirdPersonCharacter
[2022.02.17-14.58.59:555][  0]LogUObjectGlobals: Created PersistentFrame Addr=0x000001d8de20f600, Size=296, Default__ThirdPersonCharacter_C Function /Game/ThirdPersonBP/Blueprints/ThirdPersonCharacter.ThirdPersonCharacter_C:ExecuteUbergraph_ThirdPersonCharacter
[2022.02.17-14.58.59:821][  0]LogSkeletalMesh: Skeletal Mesh found in DDC [33.341599ms] /Game/Mannequin/Character/Mesh/SK_Mannequin.SK_Mannequin
[2022.02.17-14.59.00:046][  0]LogAIModule: Creating AISystem for world ThirdPersonExampleMap
[2022.02.17-14.59.00:056][  0]LogEditorServer: Finished looking for orphan Actors (0.000 secs)
[2022.02.17-14.59.00:065][  0]LogUObjectGlobals: Destroyed PersistentFrame Addr=0x000001d8d9fc1900, Size=64
[2022.02.17-14.59.00:065][  0]LogUObjectGlobals: Destroyed PersistentFrame Addr=0x000001d8e32dd300, Size=296
[2022.02.17-14.59.00:066][  0]Cmd: MAP CHECKDEP NOCLEARLOG
[2022.02.17-14.59.00:118][  0]MapCheck: 맵 체크 완료: 오류 0 회, 경고 0 회, 소요 시간 51.435ms.
[2022.02.17-14.59.00:118][  0]LogFileHelpers: Loading map 'ThirdPersonExampleMap' took 0.706
[2022.02.17-14.59.00:299][  0]LogCollectionManager: Loaded 0 collections in 0.000868 seconds
[2022.02.17-14.59.00:347][  0]LogFileCache: Scanning file cache for directory 'D:/UE4CPP/ArenaBattle/Saved/Collections/' took 0.01s
[2022.02.17-14.59.00:347][  0]LogFileCache: Scanning file cache for directory 'D:/UE4CPP/ArenaBattle/Content/Developers/guldd/Collections/' took 0.01s
[2022.02.17-14.59.00:347][  0]LogFileCache: Scanning file cache for directory 'D:/UE4CPP/ArenaBattle/Content/Collections/' took 0.01s
[2022.02.17-14.59.00:347][  0]LogCollectionManager: Rebuilt the GUID cache for 0 collections in 0.000000 seconds
[2022.02.17-14.59.00:356][  0]LogContentBrowser: Native class hierarchy populated in 0.0091 seconds. Added 2452 classes and 558 folders.
[2022.02.17-14.59.00:369][  0]LogContentBrowser: Native class hierarchy updated for 'WidgetCarousel' in 0.0003 seconds. Added 0 classes and 0 folders.
[2022.02.17-14.59.00:795][  0]LogContentBrowser: Native class hierarchy updated for 'AddContentDialog' in 0.0002 seconds. Added 0 classes and 0 folders.
[2022.02.17-14.59.00:812][  0]LogContentBrowser: Native class hierarchy updated for 'SceneOutliner' in 0.0002 seconds. Added 1 classes and 2 folders.
[2022.02.17-14.59.00:831][  0]LogSlate: Took 0.000259 seconds to synchronously load lazily loaded font '../../../Engine/Content/Slate/Fonts/Roboto-Regular.ttf' (155K)
[2022.02.17-14.59.00:835][  0]LogSlate: Took 0.002756 seconds to synchronously load lazily loaded font '../../../Engine/Content/Editor/Slate/Fonts/NanumGothic.ttf' (4243K)
[2022.02.17-14.59.00:840][  0]LogSlate: Took 0.003821 seconds to synchronously load lazily loaded font '../../../Engine/Content/Editor/Slate/Fonts/NanumGothicBold.ttf' (4188K)
[2022.02.17-14.59.00:840][  0]LogSlate: Took 0.000365 seconds to synchronously load lazily loaded font '../../../Engine/Content/Slate/Fonts/Roboto-Bold.ttf' (160K)
[2022.02.17-14.59.00:860][  0]LogSlate: Took 0.015614 seconds to synchronously load lazily loaded font '../../../Engine/Content/Editor/Slate/Fonts/FontAwesome.ttf' (139K)
[2022.02.17-14.59.00:948][  0]LogRenderer: Reallocating scene render targets to support 1616x808 Format 10 NumSamples 1 (Frame:1).
[2022.02.17-14.59.01:279][  0]LogContentBrowser: Native class hierarchy updated for 'HierarchicalLODOutliner' in 0.0002 seconds. Added 0 classes and 0 folders.
[2022.02.17-14.59.01:279][  0]LogLoad: (Engine Initialization) Total time: 11.71 seconds
[2022.02.17-14.59.01:279][  0]LogLoad: (Engine Initialization) Total Blueprint compile time: 0.00 seconds
[2022.02.17-14.59.01:308][  0]LogAssetRegistry: Asset discovery search completed in 6.5315 seconds
[2022.02.17-14.59.01:310][  0]LogCollectionManager: Rebuilt the object cache for 0 collections in 0.000000 seconds (found 0 objects)
[2022.02.17-14.59.01:310][  0]LogCollectionManager: Fixed up redirectors for 0 collections in 0.000041 seconds (updated 0 objects)
[2022.02.17-14.59.01:312][  0]LogContentStreaming: Texture pool size now 1000 MB
[2022.02.17-14.59.03:210][196]LogSlate: FSceneViewport::OnFocusLost() reason 2
[2022.02.17-14.59.04:273][319]LogSlate: Took 0.009488 seconds to synchronously load lazily loaded font '../../../Engine/Content/Slate/Fonts/Roboto-Light.ttf' (167K)
[2022.02.17-14.59.04:275][319]LogSlate: FSceneViewport::OnFocusLost() reason 2
[2022.02.17-14.59.04:308][319]LogSlate: FSceneViewport::OnFocusLost() reason 2
[2022.02.17-14.59.04:327][319]LogSlate: Took 0.004638 seconds to synchronously load lazily loaded font '../../../Engine/Content/Slate/Fonts/Roboto-BoldCondensed.ttf' (158K)
[2022.02.17-14.59.32:867][705]Running D:/UE_4.19/Engine/Binaries/DotNET/UnrealBuildTool.exe  -projectfiles -project="D:/UE4CPP/ArenaBattle/ArenaBattle.uproject" -game -rocket -progress
[2022.02.17-14.59.33:308][705]Discovering modules, targets and source code for project...
[2022.02.17-14.59.46:625][705]LogHotReload: Recompiling module ArenaBattle...
[2022.02.17-14.59.46:629][705]LogVSAccessor: Warning: Couldn't access Visual Studio
[2022.02.17-14.59.46:687][705]Candidate modules for hot reload:
[2022.02.17-14.59.46:687][705]  ArenaBattle
[2022.02.17-14.59.46:687][705]Launching UnrealBuildTool... [D:/UE_4.19/Engine/Binaries/DotNET/UnrealBuildTool.exe ArenaBattle -Module=ArenaBattle Win64 Development -editorrecompile -canskiplink "D:/UE4CPP/ArenaBattle/ArenaBattle.uproject" ]
[2022.02.17-15.00.57:704][705]Performing full C++ include scan (hot reloading a new target)
Creating makefile for hot reloading ArenaBattle (no existing makefile)
Compiling game modules for hot reload
Parsing headers for ArenaBattleEditor
  Running UnrealHeaderTool "D:\UE4CPP\ArenaBattle\ArenaBattle.uproject" "D:\UE4CPP\ArenaBattle\Intermediate\Build\Win64\ArenaBattleEditor\Development\ArenaBattleEditor.uhtmanifest" -LogCmds="loginit warning, logexit warning, logdatabase error" -Unattended -WarningsAsErrors -installed
Reflection code generated for ArenaBattleEditor in 7.9308064 seconds
Performing 9 actions (9 in parallel)
[2/9] Resource ModuleVersionResource.rc.inl
[3/9] Resource PCLaunch.rc
SharedPCH.Engine.cpp
ArenaBattle.init.gen.cpp
Fountain.cpp
Fountain.gen.cpp
ArenaBattle.cpp
[8/9] Link UE4Editor-ArenaBattle.dll
[9/9] Link UE4Editor-ArenaBattle.lib
   D:\UE4CPP\ArenaBattle\Intermediate\Build\Win64\UE4Editor\Development\UE4Editor-ArenaBattle.lib ???̺귯?? ?? D:\UE4CPP\ArenaBattle\Intermediate\Build\Win64\UE4Editor\Development\UE4Editor-ArenaBattle.exp ??ü?? ?????ϰ? ?ֽ??ϴ?.
   D:\UE4CPP\ArenaBattle\Intermediate\Build\Win64\UE4Editor\Development\UE4Editor-ArenaBattle.suppressed.lib ???̺귯?? ?? D:\UE4CPP\ArenaBattle\Intermediate\Build\Win64\UE4Editor\Development\UE4Editor-ArenaBattle.suppressed.exp ??ü?? ?????ϰ? ?ֽ??ϴ?.
Total build time: 70.81 seconds (Local executor: 23.30 seconds)

[2022.02.17-15.00.58:082][705]CompilerResultsLog: New page: 컴파일 - 2022. 2. 18. 오전 9:00:58
[2022.02.17-15.00.58:098][705]CompilerResultsLog: Performing full C++ include scan (hot reloading a new target)
[2022.02.17-15.00.58:098][705]CompilerResultsLog: Creating makefile for hot reloading ArenaBattle (no existing makefile)
[2022.02.17-15.00.58:098][705]CompilerResultsLog: Compiling game modules for hot reload
[2022.02.17-15.00.58:098][705]CompilerResultsLog: Parsing headers for ArenaBattleEditor
[2022.02.17-15.00.58:098][705]CompilerResultsLog:   Running UnrealHeaderTool "D:\UE4CPP\ArenaBattle\ArenaBattle.uproject" "D:\UE4CPP\ArenaBattle\Intermediate\Build\Win64\ArenaBattleEditor\Development\ArenaBattleEditor.uhtmanifest" -LogCmds="loginit warning, logexit warning, logdatabase error" -Unattended -WarningsAsErrors -installed
[2022.02.17-15.00.58:098][705]CompilerResultsLog: Reflection code generated for ArenaBattleEditor in 7.9308064 seconds
[2022.02.17-15.00.58:098][705]CompilerResultsLog: Performing 9 actions (9 in parallel)
[2022.02.17-15.00.58:098][705]CompilerResultsLog: [2/9] Resource ModuleVersionResource.rc.inl
[2022.02.17-15.00.58:098][705]CompilerResultsLog: [3/9] Resource PCLaunch.rc
[2022.02.17-15.00.58:098][705]CompilerResultsLog: SharedPCH.Engine.cpp
[2022.02.17-15.00.58:098][705]CompilerResultsLog: ArenaBattle.init.gen.cpp
[2022.02.17-15.00.58:098][705]CompilerResultsLog: Fountain.cpp
[2022.02.17-15.00.58:098][705]CompilerResultsLog: Fountain.gen.cpp
[2022.02.17-15.00.58:098][705]CompilerResultsLog: ArenaBattle.cpp
[2022.02.17-15.00.58:098][705]CompilerResultsLog: [8/9] Link UE4Editor-ArenaBattle.dll
[2022.02.17-15.00.58:098][705]CompilerResultsLog: [9/9] Link UE4Editor-ArenaBattle.lib
[2022.02.17-15.00.58:098][705]CompilerResultsLog:    D:\UE4CPP\ArenaBattle\Intermediate\Build\Win64\UE4Editor\Development\UE4Editor-ArenaBattle.lib ???̺귯?? ?? D:\UE4CPP\ArenaBattle\Intermediate\Build\Win64\UE4Editor\Development\UE4Editor-ArenaBattle.exp ??ü?? ?????ϰ? ?ֽ??ϴ?.
[2022.02.17-15.00.58:098][705]CompilerResultsLog:    D:\UE4CPP\ArenaBattle\Intermediate\Build\Win64\UE4Editor\Development\UE4Editor-ArenaBattle.suppressed.lib ???̺귯?? ?? D:\UE4CPP\ArenaBattle\Intermediate\Build\Win64\UE4Editor\Development\UE4Editor-ArenaBattle.suppressed.exp ??ü?? ?????ϰ? ?ֽ??ϴ?.
[2022.02.17-15.00.58:098][705]CompilerResultsLog: Total build time: 70.81 seconds (Local executor: 23.30 seconds)
[2022.02.17-15.00.58:098][705]LogMainFrame: MainFrame: Module compiling took 71.469 seconds
[2022.02.17-15.00.58:099][705]Reloading module ArenaBattle after successful compile.
[2022.02.17-15.00.58:484][705]LogClass: Could not find existing package /Script/ArenaBattle for HotReload of class Fountain, assuming a new package.
[2022.02.17-15.00.58:486][705]LogContentBrowser: Native class hierarchy updated for 'ArenaBattle' in 0.0006 seconds. Added 1 classes and 2 folders.
[2022.02.17-15.00.58:519][705]LogContentBrowser: Native class hierarchy populated in 0.0083 seconds. Added 2454 classes and 562 folders.
[2022.02.17-15.00.58:623][705]LogSlate: Window 'C++ 클래스 추가' being destroyed
[2022.02.17-15.00.58:707][705]LogSlate: FSceneViewport::OnFocusLost() reason 2
[2022.02.17-15.03.38:594][417]LogSlate: FSceneViewport::OnFocusLost() reason 0
[2022.02.17-15.09.22:810][825]LogSavePackage: Save=542.52ms
[2022.02.17-15.09.22:810][825]LogSavePackage: Moving '../../../../UE4CPP/ArenaBattle/Saved/ThirdPersonExampleMap7ABB6AB84E1A30A0FB39149457F7FA26.tmp' to '../../../../UE4CPP/ArenaBattle/Content/ThirdPersonBP/Maps/ThirdPersonExampleMap.umap'
[2022.02.17-15.09.22:850][825]LogSavePackage: Display: Finished SavePackage ../../../../UE4CPP/ArenaBattle/Content/ThirdPersonBP/Maps/ThirdPersonExampleMap.umap
[2022.02.17-15.09.22:940][825]Cmd: OBJ SAVEPACKAGE PACKAGE="/Game/ThirdPersonBP/Maps/ThirdPersonExampleMap_BuiltData" FILE="../../../../UE4CPP/ArenaBattle/Content/ThirdPersonBP/Maps/ThirdPersonExampleMap_BuiltData.uasset" SILENT=true
[2022.02.17-15.09.23:121][825]LogSavePackage: Save=152.75ms
[2022.02.17-15.09.23:121][825]LogSavePackage: Moving '../../../../UE4CPP/ArenaBattle/Saved/ThirdPersonExampleMap_BuiltDataCCFB44C74432BFD631E2F9A34CFF4C6F.tmp' to '../../../../UE4CPP/ArenaBattle/Content/ThirdPersonBP/Maps/ThirdPersonExampleMap_BuiltData.uasset'
[2022.02.17-15.09.23:146][825]LogSavePackage: Display: Finished SavePackage ../../../../UE4CPP/ArenaBattle/Content/ThirdPersonBP/Maps/ThirdPersonExampleMap_BuiltData.uasset
[2022.02.17-15.09.24:377][963]LogSlate: Window 'ArenaBattle - 언리얼 에디터' being destroyed
[2022.02.17-15.09.24:380][963]LogWindowsTextInputMethodSystem: Display: IME system now activated using TSF (Microsoft 입력기).
[2022.02.17-15.09.24:553][964]Cmd: QUIT_EDITOR
[2022.02.17-15.09.24:587][964]LogSlate: Slate User Destroyed.  User Index 0, Is Virtual User: 0
[2022.02.17-15.09.24:587][964]LogExit: Preparing to exit.
[2022.02.17-15.09.25:449][964]LogDirectoryWatcher: A directory notification for 'D:/UE4CPP/ArenaBattle/Content/' was aborted.
[2022.02.17-15.09.25:461][964]LogExit: Editor shut down
[2022.02.17-15.09.25:465][964]LogExit: Transaction tracking system shut down
[2022.02.17-15.09.25:466][964]LogUObjectGlobals: Destroyed PersistentFrame Addr=0x000001d8d9826610, Size=72
[2022.02.17-15.09.25:466][964]LogUObjectGlobals: Destroyed PersistentFrame Addr=0x000001d8de20f600, Size=296
[2022.02.17-15.09.25:490][964]LogDirectoryWatcher: A directory notification for '../../../Engine/Content/' was aborted.
[2022.02.17-15.09.25:490][964]LogDirectoryWatcher: A directory notification for '../../../../UE4CPP/ArenaBattle/Content/' was aborted.
[2022.02.17-15.09.25:490][964]LogDirectoryWatcher: A directory notification for '../../Plugins/2D/Paper2D/Content/' was aborted.
[2022.02.17-15.09.25:490][964]LogDirectoryWatcher: A directory notification for '../../Plugins/Enterprise/DatasmithContent/Content/' was aborted.
[2022.02.17-15.09.25:490][964]LogDirectoryWatcher: A directory notification for '../../Plugins/Media/MediaCompositing/Content/' was aborted.
[2022.02.17-15.09.25:490][964]LogDirectoryWatcher: A directory notification for '../../Plugins/Runtime/AppleARKit/Content/' was aborted.
[2022.02.17-15.09.25:490][964]LogDirectoryWatcher: A directory notification for '../../Plugins/Runtime/Oculus/OculusVR/Content/' was aborted.
[2022.02.17-15.09.25:490][964]LogDirectoryWatcher: A directory notification for '../../Plugins/Runtime/Steam/SteamVR/Content/' was aborted.
[2022.02.17-15.09.25:548][964]LogExit: Object subsystem successfully closed.
[2022.02.17-15.09.25:561][964]LogShaderCompilers: Display: Shaders left to compile 0
[2022.02.17-15.09.25:564][964]LogD3D11RHI: Shutdown
[2022.02.17-15.09.25:564][964]LogD3D11RHI: CleanupD3DDevice
[2022.02.17-15.09.25:567][964]LogD3D11RHI: ~FD3D11DynamicRHI
[2022.02.17-15.09.25:575][964]LogModuleManager: Shutting down and abandoning module ArenaBattle (576)
[2022.02.17-15.09.25:575][964]LogModuleManager: Shutting down and abandoning module HierarchicalLODOutliner (574)
[2022.02.17-15.09.25:575][964]LogModuleManager: Shutting down and abandoning module SceneOutliner (572)
[2022.02.17-15.09.25:575][964]LogModuleManager: Shutting down and abandoning module AddContentDialog (570)
[2022.02.17-15.09.25:575][964]LogDirectoryWatcher: A directory notification for 'D:/UE_4.19/FeaturePacks/' was aborted.
[2022.02.17-15.09.25:577][964]LogModuleManager: Shutting down and abandoning module WidgetCarousel (569)
[2022.02.17-15.09.25:577][964]LogModuleManager: Shutting down and abandoning module EditorWidgets (566)
[2022.02.17-15.09.25:577][964]LogModuleManager: Shutting down and abandoning module CollectionManager (564)
[2022.02.17-15.09.25:577][964]LogDirectoryWatcher: A directory notification for 'D:/UE4CPP/ArenaBattle/Content/Collections/' was aborted.
[2022.02.17-15.09.25:577][964]LogDirectoryWatcher: A directory notification for 'D:/UE4CPP/ArenaBattle/Content/Developers/guldd/Collections/' was aborted.
[2022.02.17-15.09.25:577][964]LogDirectoryWatcher: A directory notification for 'D:/UE4CPP/ArenaBattle/Saved/Collections/' was aborted.
[2022.02.17-15.09.25:577][964]LogModuleManager: Shutting down and abandoning module StatsViewer (562)
[2022.02.17-15.09.25:578][964]LogModuleManager: Shutting down and abandoning module FoliageEdit (560)
[2022.02.17-15.09.25:578][964]LogModuleManager: Shutting down and abandoning module LandscapeEditor (558)
[2022.02.17-15.09.25:578][964]LogModuleManager: Shutting down and abandoning module MeshPaintMode (556)
[2022.02.17-15.09.25:578][964]LogModuleManager: Shutting down and abandoning module SceneDepthPickerMode (554)
[2022.02.17-15.09.25:578][964]LogModuleManager: Shutting down and abandoning module ActorPickerMode (552)
[2022.02.17-15.09.25:578][964]LogModuleManager: Shutting down and abandoning module GeometryMode (550)
[2022.02.17-15.09.25:578][964]LogModuleManager: Shutting down and abandoning module TextureAlignMode (548)
[2022.02.17-15.09.25:578][964]LogModuleManager: Shutting down and abandoning module BspMode (546)
[2022.02.17-15.09.25:578][964]LogModuleManager: Shutting down and abandoning module PIEPreviewDeviceProfileSelector (544)
[2022.02.17-15.09.25:578][964]LogModuleManager: Shutting down and abandoning module HardwareSurvey (542)
[2022.02.17-15.09.25:578][964]LogModuleManager: Shutting down and abandoning module SequenceRecorderSections (540)
[2022.02.17-15.09.25:578][964]LogModuleManager: Shutting down and abandoning module AutomationWorker (538)
[2022.02.17-15.09.25:578][964]LogModuleManager: Shutting down and abandoning module AudioCaptureEditor (536)
[2022.02.17-15.09.25:578][964]LogModuleManager: Shutting down and abandoning module SequenceRecorder (535)
[2022.02.17-15.09.25:578][964]LogModuleManager: Shutting down and abandoning module MatineeToLevelSequence (532)
[2022.02.17-15.09.25:578][964]LogModuleManager: Shutting down and abandoning module LevelSequenceEditor (530)
[2022.02.17-15.09.25:578][964]LogModuleManager: Shutting down and abandoning module PlacementMode (529)
[2022.02.17-15.09.25:578][964]LogModuleManager: Shutting down and abandoning module MaterialEditor (528)
[2022.02.17-15.09.25:578][964]LogModuleManager: Shutting down and abandoning module WmfMediaFactory (524)
[2022.02.17-15.09.25:578][964]LogModuleManager: Shutting down and abandoning module WmfMediaEditor (522)
[2022.02.17-15.09.25:578][964]LogModuleManager: Shutting down and abandoning module MediaPlayerEditor (520)
[2022.02.17-15.09.25:578][964]LogModuleManager: Shutting down and abandoning module OpenExrWrapper (518)
[2022.02.17-15.09.25:578][964]LogModuleManager: Shutting down and abandoning module ImgMediaFactory (516)
[2022.02.17-15.09.25:578][964]LogModuleManager: Shutting down and abandoning module ImgMediaEditor (514)
[2022.02.17-15.09.25:578][964]LogModuleManager: Shutting down and abandoning module AvfMediaFactory (512)
[2022.02.17-15.09.25:578][964]LogModuleManager: Shutting down and abandoning module AvfMediaEditor (510)
[2022.02.17-15.09.25:578][964]LogModuleManager: Shutting down and abandoning module AndroidMediaFactory (508)
[2022.02.17-15.09.25:578][964]LogModuleManager: Shutting down and abandoning module AndroidMediaEditor (506)
[2022.02.17-15.09.25:578][964]LogModuleManager: Shutting down and abandoning module CharacterAI (504)
[2022.02.17-15.09.25:578][964]LogModuleManager: Shutting down and abandoning module SmartSnapping (502)
[2022.02.17-15.09.25:578][964]LogModuleManager: Shutting down and abandoning module SessionServices (500)
[2022.02.17-15.09.25:578][964]LogModuleManager: Shutting down and abandoning module ViewportSnapping (498)
[2022.02.17-15.09.25:578][964]LogModuleManager: Shutting down and abandoning module ViewportInteraction (496)
[2022.02.17-15.09.25:578][964]LogModuleManager: Shutting down and abandoning module ClothPainter (494)
[2022.02.17-15.09.25:578][964]LogModuleManager: Shutting down and abandoning module SkeletalMeshEditor (493)
[2022.02.17-15.09.25:578][964]LogModuleManager: Shutting down and abandoning module LogVisualizer (490)
[2022.02.17-15.09.25:578][964]LogModuleManager: Shutting down and abandoning module IntroTutorials (488)
[2022.02.17-15.09.25:578][964]LogModuleManager: Shutting down and abandoning module GameProjectGeneration (487)
[2022.02.17-15.09.25:578][964]LogModuleManager: Shutting down and abandoning module IOSPlatformEditor (484)
[2022.02.17-15.09.25:578][964]LogModuleManager: Shutting down and abandoning module HTML5PlatformEditor (482)
[2022.02.17-15.09.25:578][964]LogModuleManager: Shutting down and abandoning module AndroidPlatformEditor (480)
[2022.02.17-15.09.25:578][964]LogModuleManager: Shutting down and abandoning module AndroidDeviceDetection (479)
[2022.02.17-15.09.26:223][964]LogModuleManager: Shutting down and abandoning module WindowsPlatformEditor (476)
[2022.02.17-15.09.26:223][964]LogModuleManager: Shutting down and abandoning module IOSRuntimeSettings (474)
[2022.02.17-15.09.26:223][964]LogModuleManager: Shutting down and abandoning module AndroidRuntimeSettings (472)
[2022.02.17-15.09.26:223][964]LogModuleManager: Shutting down and abandoning module InputBindingEditor (470)
[2022.02.17-15.09.26:223][964]LogModuleManager: Shutting down and abandoning module MergeActors (468)
[2022.02.17-15.09.26:223][964]LogModuleManager: Shutting down and abandoning module LocalizationDashboard (466)
[2022.02.17-15.09.26:223][964]LogModuleManager: Shutting down and abandoning module LocalizationService (465)
[2022.02.17-15.09.26:223][964]LogModuleManager: Shutting down and abandoning module HardwareTargeting (462)
[2022.02.17-15.09.26:223][964]LogModuleManager: Shutting down and abandoning module DeviceProfileEditor (460)
[2022.02.17-15.09.26:223][964]LogModuleManager: Shutting down and abandoning module UndoHistory (458)
[2022.02.17-15.09.26:223][964]LogModuleManager: Shutting down and abandoning module XmlParser (456)
[2022.02.17-15.09.26:223][964]LogModuleManager: Shutting down and abandoning module Blutility (454)
[2022.02.17-15.09.26:223][964]LogModuleManager: Shutting down and abandoning module ProjectSettingsViewer (452)
[2022.02.17-15.09.26:223][964]LogModuleManager: Shutting down and abandoning module ProjectTargetPlatformEditor (451)
[2022.02.17-15.09.26:223][964]LogModuleManager: Shutting down and abandoning module EditorSettingsViewer (448)
[2022.02.17-15.09.26:224][964]LogModuleManager: Shutting down and abandoning module SettingsEditor (446)
[2022.02.17-15.09.26:224][964]LogModuleManager: Shutting down and abandoning module ProjectLauncher (444)
[2022.02.17-15.09.26:224][964]LogModuleManager: Shutting down and abandoning module SessionFrontend (442)
[2022.02.17-15.09.26:224][964]LogModuleManager: Shutting down and abandoning module ProfilerClient (440)
[2022.02.17-15.09.26:224][964]LogModuleManager: Shutting down and abandoning module DeviceManager (438)
[2022.02.17-15.09.26:224][964]LogModuleManager: Shutting down and abandoning module TargetDeviceServices (437)
[2022.02.17-15.09.26:268][964]LogModuleManager: Shutting down and abandoning module AutomationController (434)
[2022.02.17-15.09.26:268][964]LogModuleManager: Shutting down and abandoning module AutomationWindow (432)
[2022.02.17-15.09.26:268][964]LogModuleManager: Shutting down and abandoning module Layers (430)
[2022.02.17-15.09.26:268][964]LogModuleManager: Shutting down and abandoning module ComponentVisualizers (428)
[2022.02.17-15.09.26:268][964]LogModuleManager: Shutting down and abandoning module DetailCustomizations (426)
[2022.02.17-15.09.26:268][964]LogModuleManager: Shutting down and abandoning module PackagesDialog (424)
[2022.02.17-15.09.26:268][964]LogModuleManager: Shutting down and abandoning module Persona (422)
[2022.02.17-15.09.26:268][964]LogModuleManager: Shutting down and abandoning module AdvancedPreviewScene (421)
[2022.02.17-15.09.26:268][964]LogModuleManager: Shutting down and abandoning module AnimGraph (419)
[2022.02.17-15.09.26:268][964]LogModuleManager: Shutting down and abandoning module Kismet (416)
[2022.02.17-15.09.26:268][964]LogModuleManager: Shutting down and abandoning module GraphEditor (414)
[2022.02.17-15.09.26:268][964]LogModuleManager: Shutting down and abandoning module ClassViewer (412)
[2022.02.17-15.09.26:269][964]LogModuleManager: Shutting down and abandoning module Toolbox (410)
[2022.02.17-15.09.26:269][964]LogModuleManager: Shutting down and abandoning module ModuleUI (408)
[2022.02.17-15.09.26:269][964]LogModuleManager: Shutting down and abandoning module MovieSceneTools (406)
[2022.02.17-15.09.26:269][964]LogModuleManager: Shutting down and abandoning module OutputLog (404)
[2022.02.17-15.09.26:269][964]LogModuleManager: Shutting down and abandoning module GammaUI (402)
[2022.02.17-15.09.26:269][964]LogModuleManager: Shutting down and abandoning module Documentation (400)
[2022.02.17-15.09.26:269][964]LogModuleManager: Shutting down and abandoning module MovieSceneTracks (398)
[2022.02.17-15.09.26:269][964]LogModuleManager: Shutting down and abandoning module MovieScene (396)
[2022.02.17-15.09.26:269][964]LogModuleManager: Shutting down and abandoning module StreamingPauseRendering (394)
[2022.02.17-15.09.26:269][964]LogModuleManager: Shutting down and abandoning module LauncherPlatform (392)
[2022.02.17-15.09.26:269][964]LogModuleManager: Shutting down and abandoning module AnalyticsET (390)
[2022.02.17-15.09.26:269][964]LogModuleManager: Shutting down and abandoning module PortalServices (388)
[2022.02.17-15.09.26:269][964]LogModuleManager: Shutting down and abandoning module PortalRpc (386)
[2022.02.17-15.09.26:269][964]LogModuleManager: Shutting down and abandoning module MessagingRpc (384)
[2022.02.17-15.09.26:269][964]LogModuleManager: Shutting down and abandoning module AIModule (382)
[2022.02.17-15.09.26:269][964]LogModuleManager: Shutting down and abandoning module GameplayDebugger (381)
[2022.02.17-15.09.26:269][964]LogModuleManager: Shutting down and abandoning module AITestSuite (379)
[2022.02.17-15.09.26:269][964]LogModuleManager: Shutting down and abandoning module DesktopPlatform (376)
[2022.02.17-15.09.26:270][964]LogModuleManager: Shutting down and abandoning module ProfilerService (374)
[2022.02.17-15.09.26:515][964]LogModuleManager: Shutting down and abandoning module TaskGraph (372)
[2022.02.17-15.09.26:515][964]LogModuleManager: Shutting down and abandoning module SteamVRController (370)
[2022.02.17-15.09.26:515][964]LogModuleManager: Shutting down and abandoning module ProceduralMeshComponentEditor (368)
[2022.02.17-15.09.26:515][964]LogModuleManager: Shutting down and abandoning module ProceduralMeshComponent (366)
[2022.02.17-15.09.26:515][964]LogModuleManager: Shutting down and abandoning module OculusInput (364)
[2022.02.17-15.09.26:515][964]LogModuleManager: Shutting down and abandoning module MobilePatchingUtils (362)
[2022.02.17-15.09.26:515][964]LogModuleManager: Shutting down and abandoning module CustomMeshComponent (360)
[2022.02.17-15.09.26:515][964]LogModuleManager: Shutting down and abandoning module CableComponent (358)
[2022.02.17-15.09.26:515][964]LogModuleManager: Shutting down and abandoning module AudioCapture (356)
[2022.02.17-15.09.26:515][964]LogModuleManager: Shutting down and abandoning module ArchVisCharacter (354)
[2022.02.17-15.09.26:515][964]LogModuleManager: Shutting down and abandoning module AndroidPermission (352)
[2022.02.17-15.09.26:515][964]LogModuleManager: Shutting down and abandoning module NUTUnrealEngine4 (348)
[2022.02.17-15.09.26:515][964]LogModuleManager: Shutting down and abandoning module NetcodeUnitTest (346)
[2022.02.17-15.09.26:515][964]LogModuleManager: Shutting down and abandoning module MediaCompositingEditor (344)
[2022.02.17-15.09.26:515][964]LogModuleManager: Shutting down and abandoning module MediaCompositing (342)
[2022.02.17-15.09.26:516][964]LogModuleManager: Shutting down and abandoning module LinearTimecode (340)
[2022.02.17-15.09.26:516][964]LogModuleManager: Shutting down and abandoning module ImgMedia (338)
[2022.02.17-15.09.26:518][964]LogModuleManager: Shutting down and abandoning module HTML5Networking (336)
[2022.02.17-15.09.26:518][964]LogModuleManager: Shutting down and abandoning module AlembicImporter (334)
[2022.02.17-15.09.26:518][964]LogModuleManager: Shutting down and abandoning module AlembicLibrary (333)
[2022.02.17-15.09.26:518][964]LogModuleManager: Shutting down and abandoning module GeometryCache (332)
[2022.02.17-15.09.26:518][964]LogModuleManager: Shutting down and abandoning module GeometryCacheEd (331)
[2022.02.17-15.09.26:518][964]LogModuleManager: Shutting down and abandoning module DatasmithContent (326)
[2022.02.17-15.09.26:518][964]LogModuleManager: Shutting down and abandoning module SpeedTreeImporter (324)
[2022.02.17-15.09.26:518][964]LogModuleManager: Shutting down and abandoning module PluginBrowser (322)
[2022.02.17-15.09.26:518][964]LogModuleManager: Shutting down and abandoning module MobileLauncherProfileWizard (320)
[2022.02.17-15.09.26:518][964]LogModuleManager: Shutting down and abandoning module CryptoKeysOpenSSL (318)
[2022.02.17-15.09.26:518][964]LogModuleManager: Shutting down and abandoning module CryptoKeys (316)
[2022.02.17-15.09.26:518][964]LogModuleManager: Shutting down and abandoning module VisualStudioSourceCodeAccess (314)
[2022.02.17-15.09.26:518][964]LogModuleManager: Shutting down and abandoning module VisualStudioCodeSourceCodeAccess (312)
[2022.02.17-15.09.26:518][964]LogModuleManager: Shutting down and abandoning module UObjectPlugin (310)
[2022.02.17-15.09.26:518][964]LogModuleManager: Shutting down and abandoning module SubversionSourceControl (308)
[2022.02.17-15.09.26:518][964]LogModuleManager: Shutting down and abandoning module PerforceSourceControl (306)
[2022.02.17-15.09.26:518][964]LogModuleManager: Shutting down and abandoning module GitSourceControl (304)
[2022.02.17-15.09.26:518][964]LogModuleManager: Shutting down and abandoning module SourceControl (303)
[2022.02.17-15.09.26:518][964]LogModuleManager: Shutting down and abandoning module CLionSourceCodeAccess (300)
[2022.02.17-15.09.26:518][964]LogModuleManager: Shutting down and abandoning module LightPropagationVolumeEditor (298)
[2022.02.17-15.09.26:518][964]LogModuleManager: Shutting down and abandoning module PaperTiledImporter (296)
[2022.02.17-15.09.26:518][964]LogModuleManager: Shutting down and abandoning module PaperSpriteSheetImporter (294)
[2022.02.17-15.09.26:518][964]LogModuleManager: Shutting down and abandoning module Paper2DEditor (292)
[2022.02.17-15.09.26:518][964]LogModuleManager: Shutting down and abandoning module MeshPaint (291)
[2022.02.17-15.09.26:518][964]LogModuleManager: Shutting down and abandoning module RuntimePhysXCooking (288)
[2022.02.17-15.09.26:518][964]LogModuleManager: Shutting down and abandoning module PhysXVehiclesEditor (286)
[2022.02.17-15.09.26:518][964]LogModuleManager: Shutting down and abandoning module PhysXVehicles (284)
[2022.02.17-15.09.26:518][964]LogModuleManager: Shutting down and abandoning module OculusEditor (282)
[2022.02.17-15.09.26:518][964]LogModuleManager: Shutting down and abandoning module LocationServicesBPLibrary (280)
[2022.02.17-15.09.26:518][964]LogModuleManager: Shutting down and abandoning module ImmediatePhysicsEditor (278)
[2022.02.17-15.09.26:518][964]LogModuleManager: Shutting down and abandoning module ImmediatePhysics (276)
[2022.02.17-15.09.26:518][964]LogModuleManager: Shutting down and abandoning module ActorSequence (274)
[2022.02.17-15.09.26:519][964]LogModuleManager: Shutting down and abandoning module UdpMessaging (272)
[2022.02.17-15.09.26:619][964]LogModuleManager: Shutting down and abandoning module TcpMessaging (270)
[2022.02.17-15.09.26:720][964]LogModuleManager: Shutting down and abandoning module GameplayTagsEditor (268)
[2022.02.17-15.09.26:720][964]LogModuleManager: Shutting down and abandoning module FacialAnimationEditor (266)
[2022.02.17-15.09.26:720][964]LogModuleManager: Shutting down and abandoning module FacialAnimation (264)
[2022.02.17-15.09.26:720][964]LogModuleManager: Shutting down and abandoning module DataValidation (262)
[2022.02.17-15.09.26:720][964]LogModuleManager: Shutting down and abandoning module AssetManagerEditor (260)
[2022.02.17-15.09.26:720][964]LogModuleManager: Shutting down and abandoning module LevelEditor (259)
[2022.02.17-15.09.26:720][964]LogModuleManager: Shutting down and abandoning module PixelInspectorModule (258)
[2022.02.17-15.09.26:721][964]LogModuleManager: Shutting down and abandoning module CommonMenuExtensions (256)
[2022.02.17-15.09.26:721][964]LogModuleManager: Shutting down and abandoning module MainFrame (254)
[2022.02.17-15.09.26:721][964]LogModuleManager: Shutting down and abandoning module HotReload (253)
[2022.02.17-15.09.26:721][964]LogModuleManager: Shutting down and abandoning module ContentBrowser (249)
[2022.02.17-15.09.26:722][964]LogModuleManager: Shutting down and abandoning module TreeMap (247)
[2022.02.17-15.09.26:722][964]LogModuleManager: Shutting down and abandoning module LightPropagationVolumeRuntime (244)
[2022.02.17-15.09.26:722][964]LogModuleManager: Shutting down and abandoning module LiveLinkEditor (242)
[2022.02.17-15.09.26:722][964]LogModuleManager: Shutting down and abandoning module LiveLink (240)
[2022.02.17-15.09.27:121][964]LogModuleManager: Shutting down and abandoning module Paper2D (238)
[2022.02.17-15.09.27:121][964]LogModuleManager: Shutting down and abandoning module WindowsMoviePlayer (236)
[2022.02.17-15.09.27:121][964]LogModuleManager: Shutting down and abandoning module WmfMedia (234)
[2022.02.17-15.09.27:122][964]LogModuleManager: Shutting down and abandoning module Media (233)
[2022.02.17-15.09.27:128][964]LogModuleManager: Shutting down and abandoning module PacketHandler (230)
[2022.02.17-15.09.27:128][964]LogModuleManager: Shutting down and abandoning module ClothingSystemEditor (228)
[2022.02.17-15.09.27:128][964]LogModuleManager: Shutting down and abandoning module ClothingSystemRuntime (226)
[2022.02.17-15.09.27:128][964]LogModuleManager: Shutting down and abandoning module MediaAssets (224)
[2022.02.17-15.09.27:128][964]LogModuleManager: Shutting down and abandoning module Overlay (222)
[2022.02.17-15.09.27:128][964]LogModuleManager: Shutting down and abandoning module OverlayEditor (221)
[2022.02.17-15.09.27:128][964]LogModuleManager: Shutting down and abandoning module VREditor (218)
[2022.02.17-15.09.27:128][964]LogModuleManager: Shutting down and abandoning module StringTableEditor (216)
[2022.02.17-15.09.27:128][964]LogModuleManager: Shutting down and abandoning module GameplayTasksEditor (214)
[2022.02.17-15.09.27:128][964]LogModuleManager: Shutting down and abandoning module BehaviorTreeEditor (212)
[2022.02.17-15.09.27:128][964]LogModuleManager: Shutting down and abandoning module FunctionalTesting (210)
[2022.02.17-15.09.27:128][964]LogModuleManager: Shutting down and abandoning module CollisionAnalyzer (208)
[2022.02.17-15.09.27:128][964]LogModuleManager: Shutting down and abandoning module WorkspaceMenuStructure (207)
[2022.02.17-15.09.27:128][964]LogModuleManager: Shutting down and abandoning module UMG (204)
[2022.02.17-15.09.27:128][964]LogModuleManager: Shutting down and abandoning module UMGEditor (203)
[2022.02.17-15.09.27:128][964]LogModuleManager: Shutting down and abandoning module Sequencer (202)
[2022.02.17-15.09.27:129][964]LogModuleManager: Shutting down and abandoning module MessageLog (199)
[2022.02.17-15.09.27:129][964]LogModuleManager: Shutting down and abandoning module SlateReflector (194)
[2022.02.17-15.09.27:129][964]LogModuleManager: Shutting down and abandoning module Slate (192)
[2022.02.17-15.09.27:129][964]LogModuleManager: Shutting down and abandoning module EditorStyle (190)
[2022.02.17-15.09.27:130][964]LogModuleManager: Shutting down and abandoning module MRMesh (188)
[2022.02.17-15.09.27:130][964]LogModuleManager: Shutting down and abandoning module SourceCodeAccess (186)
[2022.02.17-15.09.27:130][964]LogModuleManager: Shutting down and abandoning module HeadMountedDisplay (184)
[2022.02.17-15.09.27:130][964]LogModuleManager: Shutting down and abandoning module XAudio2 (182)
[2022.02.17-15.09.27:130][964]LogModuleManager: Shutting down and abandoning module Networking (180)
[2022.02.17-15.09.27:130][964]LogModuleManager: Shutting down and abandoning module Core (178)
[2022.02.17-15.09.27:130][964]LogModuleManager: Shutting down and abandoning module LevelSequence (176)
[2022.02.17-15.09.27:130][964]LogModuleManager: Shutting down and abandoning module KismetCompiler (174)
[2022.02.17-15.09.27:130][964]LogModuleManager: Shutting down and abandoning module MeshUtilities (172)
[2022.02.17-15.09.27:130][964]LogModuleManager: Shutting down and abandoning module MeshMergeUtilities (171)
[2022.02.17-15.09.27:130][964]LogModuleManager: Shutting down and abandoning module MeshReductionInterface (170)
[2022.02.17-15.09.27:130][964]LogModuleManager: Shutting down and abandoning module SimplygonSwarm (169)
[2022.02.17-15.09.27:130][964]LogModuleManager: Shutting down and abandoning module SimplygonMeshReduction (167)
[2022.02.17-15.09.27:130][964]LogModuleManager: Shutting down and abandoning module QuadricMeshReduction (165)
[2022.02.17-15.09.27:130][964]LogModuleManager: Shutting down and abandoning module MaterialBaking (161)
[2022.02.17-15.09.27:130][964]LogModuleManager: Shutting down and abandoning module DirectoryWatcher (157)
[2022.02.17-15.09.27:131][964]LogModuleManager: Shutting down and abandoning module DerivedDataCache (154)
[2022.02.17-15.09.27:174][964]LogDerivedDataCache: Shutdown
[2022.02.17-15.09.27:174][964]LogModuleManager: Shutting down and abandoning module XGEController (152)
[2022.02.17-15.09.27:174][964]LogModuleManager: Shutting down and abandoning module TargetPlatform (150)
[2022.02.17-15.09.27:174][964]LogModuleManager: Shutting down and abandoning module VulkanShaderFormat (149)
[2022.02.17-15.09.27:174][964]LogModuleManager: Shutting down and abandoning module ShaderFormatVectorVM (147)
[2022.02.17-15.09.27:174][964]LogModuleManager: Shutting down and abandoning module ShaderFormatOpenGL (145)
[2022.02.17-15.09.27:174][964]LogModuleManager: Shutting down and abandoning module ShaderFormatD3D (143)
[2022.02.17-15.09.27:174][964]LogModuleManager: Shutting down and abandoning module MetalShaderFormat (141)
[2022.02.17-15.09.27:174][964]LogModuleManager: Shutting down and abandoning module TextureFormatUncompressed (139)
[2022.02.17-15.09.27:174][964]LogModuleManager: Shutting down and abandoning module TextureFormatPVR (137)
[2022.02.17-15.09.27:174][964]LogModuleManager: Shutting down and abandoning module TextureFormatDXT (135)
[2022.02.17-15.09.27:174][964]LogModuleManager: Shutting down and abandoning module TextureFormatIntelISPCTexComp (133)
[2022.02.17-15.09.27:174][964]LogModuleManager: Shutting down and abandoning module TextureFormatASTC (131)
[2022.02.17-15.09.27:174][964]LogModuleManager: Shutting down and abandoning module ImageWrapper (130)
[2022.02.17-15.09.27:174][964]LogModuleManager: Shutting down and abandoning module TextureFormatAndroid (127)
[2022.02.17-15.09.27:174][964]LogModuleManager: Shutting down and abandoning module AudioFormatOpus (125)
[2022.02.17-15.09.27:174][964]LogModuleManager: Shutting down and abandoning module AudioFormatOgg (123)
[2022.02.17-15.09.27:175][964]LogModuleManager: Shutting down and abandoning module AudioFormatADPCM (121)
[2022.02.17-15.09.27:175][964]LogModuleManager: Shutting down and abandoning module LinuxTargetPlatform (119)
[2022.02.17-15.09.27:175][964]LogModuleManager: Shutting down and abandoning module LinuxServerTargetPlatform (117)
[2022.02.17-15.09.27:175][964]LogModuleManager: Shutting down and abandoning module LinuxNoEditorTargetPlatform (115)
[2022.02.17-15.09.27:175][964]LogModuleManager: Shutting down and abandoning module LinuxClientTargetPlatform (113)
[2022.02.17-15.09.27:175][964]LogModuleManager: Shutting down and abandoning module TVOSTargetPlatform (111)
[2022.02.17-15.09.27:175][964]LogModuleManager: Shutting down and abandoning module Messaging (109)
[2022.02.17-15.09.27:175][964]LogModuleManager: Shutting down and abandoning module IOSTargetPlatform (107)
[2022.02.17-15.09.27:175][964]LogModuleManager: Shutting down and abandoning module HTML5TargetPlatform (105)
[2022.02.17-15.09.27:175][964]LogModuleManager: Shutting down and abandoning module AndroidTargetPlatform (103)
[2022.02.17-15.09.27:175][964]LogModuleManager: Shutting down and abandoning module Android_PVRTCTargetPlatform (101)
[2022.02.17-15.09.27:175][964]LogModuleManager: Shutting down and abandoning module Android_MultiTargetPlatform (99)
[2022.02.17-15.09.27:175][964]LogModuleManager: Shutting down and abandoning module Android_ETC2TargetPlatform (97)
[2022.02.17-15.09.27:175][964]LogModuleManager: Shutting down and abandoning module Android_ETC1TargetPlatform (95)
[2022.02.17-15.09.27:175][964]LogModuleManager: Shutting down and abandoning module Android_ETC1aTargetPlatform (93)
[2022.02.17-15.09.27:175][964]LogModuleManager: Shutting down and abandoning module Android_DXTTargetPlatform (91)
[2022.02.17-15.09.27:175][964]LogModuleManager: Shutting down and abandoning module Android_ATCTargetPlatform (89)
[2022.02.17-15.09.27:175][964]LogModuleManager: Shutting down and abandoning module Android_ASTCTargetPlatform (87)
[2022.02.17-15.09.27:175][964]LogModuleManager: Shutting down and abandoning module WindowsTargetPlatform (85)
[2022.02.17-15.09.27:175][964]LogModuleManager: Shutting down and abandoning module WindowsServerTargetPlatform (83)
[2022.02.17-15.09.27:175][964]LogModuleManager: Shutting down and abandoning module WindowsNoEditorTargetPlatform (81)
[2022.02.17-15.09.27:175][964]LogModuleManager: Shutting down and abandoning module WindowsClientTargetPlatform (79)
[2022.02.17-15.09.27:175][964]LogModuleManager: Shutting down and abandoning module MacTargetPlatform (77)
[2022.02.17-15.09.27:175][964]LogModuleManager: Shutting down and abandoning module MacServerTargetPlatform (75)
[2022.02.17-15.09.27:175][964]LogModuleManager: Shutting down and abandoning module MacNoEditorTargetPlatform (73)
[2022.02.17-15.09.27:175][964]LogModuleManager: Shutting down and abandoning module MacClientTargetPlatform (71)
[2022.02.17-15.09.27:175][964]LogModuleManager: Shutting down and abandoning module AllDesktopTargetPlatform (69)
[2022.02.17-15.09.27:175][964]LogModuleManager: Shutting down and abandoning module InputCore (66)
[2022.02.17-15.09.27:175][964]LogModuleManager: Shutting down and abandoning module Settings (64)
[2022.02.17-15.09.27:175][964]LogModuleManager: Shutting down and abandoning module PhysXCooking (62)
[2022.02.17-15.09.27:175][964]LogModuleManager: Shutting down and abandoning module SteamVR (60)
[2022.02.17-15.09.27:175][964]LogModuleManager: Shutting down and abandoning module OculusHMD (58)
[2022.02.17-15.09.27:175][964]LogModuleManager: Shutting down and abandoning module ExampleDeviceProfileSelector (56)
[2022.02.17-15.09.27:175][964]LogModuleManager: Shutting down and abandoning module AppleARKit (54)
[2022.02.17-15.09.27:175][964]LogModuleManager: Shutting down and abandoning module AugmentedReality (51)
[2022.02.17-15.09.27:175][964]LogModuleManager: Shutting down and abandoning module OnlineBlueprintSupport (48)
[2022.02.17-15.09.27:175][964]LogModuleManager: Shutting down and abandoning module OnlineSubsystem (44)
[2022.02.17-15.09.27:175][964]LogModuleManager: Shutting down and abandoning module XMPP (43)
[2022.02.17-15.09.27:175][964]LogModuleManager: Shutting down and abandoning module HTTP (41)
[2022.02.17-15.09.27:175][964]LogHttp: Display: Http module shutting down, but needs to wait on 1 outstanding Http requests:
[2022.02.17-15.09.27:175][964]LogHttp: Display: 	verb=[POST] url=[https://datarouter.ol.epicgames.com/datarouter/api/v1/public/data?SessionID=%7BE34BBF1F-4074-0FFC-BEA9-FB9EF42DC72F%7D&AppID=UEEditor.Rocket.Release&AppVersion=4.19.2-4033788%2B%2B%2BUE4%2BRelease-4.19&UserID=e79f5cc5407acae592eeb0a476ccd7a2%7C08905224029e428f9f07defacfcb4ba1%7C77501964-0de5-4002-8f6f-3f941ea6e768&AppEnvironment=datacollector-binary&UploadType=eteventstream] status=Processing
[2022.02.17-15.09.27:185][964]LogModuleManager: Shutting down and abandoning module SSL (40)
[2022.02.17-15.09.27:185][964]LogModuleManager: Shutting down and abandoning module AnimationModifiers (36)
[2022.02.17-15.09.27:185][964]LogModuleManager: Shutting down and abandoning module PropertyEditor (35)
[2022.02.17-15.09.27:185][964]LogModuleManager: Shutting down and abandoning module AudioEditor (32)
[2022.02.17-15.09.27:185][964]LogModuleManager: Shutting down and abandoning module TextureCompressor (30)
[2022.02.17-15.09.27:186][964]LogModuleManager: Shutting down and abandoning module ShaderCore (28)
[2022.02.17-15.09.27:186][964]LogModuleManager: Shutting down and abandoning module Landscape (26)
[2022.02.17-15.09.27:186][964]LogModuleManager: Shutting down and abandoning module SlateRHIRenderer (24)
[2022.02.17-15.09.27:187][964]LogModuleManager: Shutting down and abandoning module OpenGLDrv (22)
[2022.02.17-15.09.27:187][964]LogModuleManager: Shutting down and abandoning module D3D11RHI (20)
[2022.02.17-15.09.27:188][964]LogModuleManager: Shutting down and abandoning module AnimGraphRuntime (18)
[2022.02.17-15.09.27:188][964]LogModuleManager: Shutting down and abandoning module Renderer (16)
[2022.02.17-15.09.27:188][964]LogModuleManager: Shutting down and abandoning module Engine (14)
[2022.02.17-15.09.27:188][964]LogModuleManager: Shutting down and abandoning module CoreUObject (12)
[2022.02.17-15.09.27:188][964]LogModuleManager: Shutting down and abandoning module NetworkFile (10)
[2022.02.17-15.09.27:188][964]LogModuleManager: Shutting down and abandoning module CookedIterativeFile (8)
[2022.02.17-15.09.27:188][964]LogModuleManager: Shutting down and abandoning module StreamingFile (6)
[2022.02.17-15.09.27:188][964]LogModuleManager: Shutting down and abandoning module SandboxFile (4)
[2022.02.17-15.09.27:188][964]LogModuleManager: Shutting down and abandoning module PakFile (2)
[2022.02.17-15.09.27:195][964]LogExit: Exiting.
[2022.02.17-15.09.27:201][964]Log file closed, 02/18/22 00:09:27
