Log file open, 02/19/22 23:47:44
LogWindows: Failed to load 'aqProf.dll' (GetLastError=126)
LogWindows: File 'aqProf.dll' does not exist
LogWindows: Failed to load 'VtuneApi.dll' (GetLastError=126)
LogWindows: File 'VtuneApi.dll' does not exist
LogWindows: Failed to load 'VtuneApi32e.dll' (GetLastError=126)
LogWindows: File 'VtuneApi32e.dll' does not exist
LogInit: Display: Running engine for game: ArenaBattle
LogPlatformFile: Not using cached read wrapper
LogInit: Display: RandInit(1507662367) SRandInit(1507662367).
LogInit: Read version file with build ID '3944462'
LogInit: Overriding engine version to CL 4033788, compatible CL 3944462
LogInit: Registered custom module enumerator with build ID '3944462'
LogTaskGraph: Started task graph with 5 named threads and 35 total threads with 3 sets of task threads.
LogStats: Stats thread started at 0.519493
LogD3D11RHI: Aftermath initialized
LogICUInternationalization: Display: ICU TimeZone Detection - Raw Offset: +9:00, Platform Override: ''
LogPluginManager: Mounting plugin Paper2D
LogPluginManager: Mounting plugin LiveLink
LogPluginManager: Mounting plugin LightPropagationVolume
LogPluginManager: Mounting plugin CLionSourceCodeAccess
LogPluginManager: Mounting plugin CodeLiteSourceCodeAccess
LogPluginManager: Mounting plugin GitSourceControl
LogPluginManager: Mounting plugin KDevelopSourceCodeAccess
LogPluginManager: Mounting plugin NullSourceCodeAccess
LogPluginManager: Mounting plugin PerforceSourceControl
LogPluginManager: Mounting plugin SubversionSourceControl
LogPluginManager: Mounting plugin UObjectPlugin
LogPluginManager: Mounting plugin VisualStudioCodeSourceCodeAccess
LogPluginManager: Mounting plugin VisualStudioSourceCodeAccess
LogPluginManager: Mounting plugin XCodeSourceCodeAccess
LogPluginManager: Mounting plugin AssetManagerEditor
LogPluginManager: Mounting plugin CryptoKeys
LogPluginManager: Mounting plugin DataValidation
LogPluginManager: Mounting plugin FacialAnimation
LogPluginManager: Mounting plugin GameplayTagsEditor
LogPluginManager: Mounting plugin MobileLauncherProfileWizard
LogPluginManager: Mounting plugin PluginBrowser
LogPluginManager: Mounting plugin SpeedTreeImporter
LogPluginManager: Mounting plugin DatasmithContent
LogPluginManager: Mounting plugin AlembicImporter
LogPluginManager: Mounting plugin CharacterAI
LogPluginManager: Mounting plugin HTML5Networking
LogPluginManager: Mounting plugin AndroidMedia
LogPluginManager: Mounting plugin AvfMedia
LogPluginManager: Mounting plugin ImgMedia
LogPluginManager: Mounting plugin LinearTimecode
LogPluginManager: Mounting plugin MediaCompositing
LogPluginManager: Mounting plugin MediaPlayerEditor
LogPluginManager: Mounting plugin WmfMedia
LogPluginManager: Mounting plugin TcpMessaging
LogPluginManager: Mounting plugin UdpMessaging
LogPluginManager: Mounting plugin ActorSequence
LogPluginManager: Mounting plugin LevelSequenceEditor
LogPluginManager: Mounting plugin MatineeToLevelSequence
LogPluginManager: Mounting plugin NetcodeUnitTest
LogPluginManager: Mounting plugin NUTUnrealEngine4
LogPluginManager: Mounting plugin OnlineSubsystemGooglePlay
LogPluginManager: Mounting plugin OnlineSubsystemIOS
LogPluginManager: Mounting plugin OnlineSubsystem
LogPluginManager: Mounting plugin OnlineSubsystemNull
LogPluginManager: Mounting plugin OnlineSubsystemUtils
LogPluginManager: Mounting plugin AndroidDeviceProfileSelector
LogPluginManager: Mounting plugin AndroidMoviePlayer
LogPluginManager: Mounting plugin AndroidPermission
LogPluginManager: Mounting plugin AppleARKit
LogPluginManager: Mounting plugin AppleMoviePlayer
LogPluginManager: Mounting plugin ArchVisCharacter
LogPluginManager: Mounting plugin AudioCapture
LogPluginManager: Mounting plugin CableComponent
LogPluginManager: Mounting plugin CustomMeshComponent
LogPluginManager: Mounting plugin ExampleDeviceProfileSelector
LogPluginManager: Mounting plugin GoogleCloudMessaging
LogPluginManager: Mounting plugin ImmediatePhysics
LogPluginManager: Mounting plugin IOSDeviceProfileSelector
LogPluginManager: Mounting plugin LinuxDeviceProfileSelector
LogPluginManager: Mounting plugin LocationServicesBPLibrary
LogPluginManager: Mounting plugin MobilePatchingUtils
LogPluginManager: Mounting plugin OculusVR
LogPluginManager: Plugin shader directory ../../../Engine/Plugins/Runtime/Oculus/OculusVR/Shaders found
LogPluginManager: Mapping shader source directory ../../../Engine/Plugins/Runtime/Oculus/OculusVR/Shaders to virtual directory /Plugin/OculusVR
LogPluginManager: Mounting plugin PhysXVehicles
LogPluginManager: Mounting plugin ProceduralMeshComponent
LogPluginManager: Mounting plugin RuntimePhysXCooking
LogPluginManager: Mounting plugin SteamVR
LogPluginManager: Mounting plugin WindowsMoviePlayer
LogStreaming: Display: Took  0.103s to configure plugins.
LogModuleManager: Display: Found up-to-date module file ../../../../UE4CPP/ArenaBattle/Binaries/Win64/UE4Editor-ArenaBattle.dll (API version 3944462).
LogModuleManager: Display: Found up-to-date module file ../../../Engine/Plugins/2D/Paper2D/Binaries/Win64/UE4Editor-Paper2D.dll (API version 3944462).
LogModuleManager: Display: Found up-to-date module file ../../../Engine/Plugins/2D/Paper2D/Binaries/Win64/UE4Editor-Paper2DEditor.dll (API version 3944462).
LogModuleManager: Display: Found up-to-date module file ../../../Engine/Plugins/2D/Paper2D/Binaries/Win64/UE4Editor-PaperSpriteSheetImporter.dll (API version 3944462).
LogModuleManager: Display: Found up-to-date module file ../../../Engine/Plugins/2D/Paper2D/Binaries/Win64/UE4Editor-PaperTiledImporter.dll (API version 3944462).
LogModuleManager: Display: Found up-to-date module file ../../../Engine/Plugins/2D/Paper2D/Binaries/Win64/UE4Editor-SmartSnapping.dll (API version 3944462).
LogModuleManager: Display: Found up-to-date module file ../../../Engine/Plugins/Animation/LiveLink/Binaries/Win64/UE4Editor-LiveLink.dll (API version 3944462).
LogModuleManager: Display: Found up-to-date module file ../../../Engine/Plugins/Animation/LiveLink/Binaries/Win64/UE4Editor-LiveLinkEditor.dll (API version 3944462).
LogModuleManager: Display: Found up-to-date module file ../../../Engine/Plugins/Blendables/LightPropagationVolume/Binaries/Win64/UE4Editor-LightPropagationVolumeRuntime.dll (API version 3944462).
LogModuleManager: Display: Found up-to-date module file ../../../Engine/Plugins/Blendables/LightPropagationVolume/Binaries/Win64/UE4Editor-LightPropagationVolumeEditor.dll (API version 3944462).
LogModuleManager: Display: Found up-to-date module file ../../../Engine/Plugins/Developer/CLionSourceCodeAccess/Binaries/Win64/UE4Editor-CLionSourceCodeAccess.dll (API version 3944462).
LogModuleManager: Display: Found up-to-date module file ../../../Engine/Plugins/Developer/GitSourceControl/Binaries/Win64/UE4Editor-GitSourceControl.dll (API version 3944462).
LogModuleManager: Display: Found up-to-date module file ../../../Engine/Plugins/Developer/PerforceSourceControl/Binaries/Win64/UE4Editor-PerforceSourceControl.dll (API version 3944462).
LogModuleManager: Display: Found up-to-date module file ../../../Engine/Plugins/Developer/SubversionSourceControl/Binaries/Win64/UE4Editor-SubversionSourceControl.dll (API version 3944462).
LogModuleManager: Display: Found up-to-date module file ../../../Engine/Plugins/Developer/UObjectPlugin/Binaries/Win64/UE4Editor-UObjectPlugin.dll (API version 3944462).
LogModuleManager: Display: Found up-to-date module file ../../../Engine/Plugins/Developer/VisualStudioCodeSourceCodeAccess/Binaries/Win64/UE4Editor-VisualStudioCodeSourceCodeAccess.dll (API version 3944462).
LogModuleManager: Display: Found up-to-date module file ../../../Engine/Plugins/Developer/VisualStudioSourceCodeAccess/Binaries/Win64/UE4Editor-VisualStudioSourceCodeAccess.dll (API version 3944462).
LogModuleManager: Display: Found up-to-date module file ../../../Engine/Plugins/Editor/AssetManagerEditor/Binaries/Win64/UE4Editor-AssetManagerEditor.dll (API version 3944462).
LogModuleManager: Display: Found up-to-date module file ../../../Engine/Plugins/Editor/CryptoKeys/Binaries/Win64/UE4Editor-CryptoKeys.dll (API version 3944462).
LogModuleManager: Display: Found up-to-date module file ../../../Engine/Plugins/Editor/CryptoKeys/Binaries/Win64/UE4Editor-CryptoKeysOpenSSL.dll (API version 3944462).
LogModuleManager: Display: Found up-to-date module file ../../../Engine/Plugins/Editor/DataValidation/Binaries/Win64/UE4Editor-DataValidation.dll (API version 3944462).
LogModuleManager: Display: Found up-to-date module file ../../../Engine/Plugins/Editor/FacialAnimation/Binaries/Win64/UE4Editor-FacialAnimation.dll (API version 3944462).
LogModuleManager: Display: Found up-to-date module file ../../../Engine/Plugins/Editor/FacialAnimation/Binaries/Win64/UE4Editor-FacialAnimationEditor.dll (API version 3944462).
LogModuleManager: Display: Found up-to-date module file ../../../Engine/Plugins/Editor/GameplayTagsEditor/Binaries/Win64/UE4Editor-GameplayTagsEditor.dll (API version 3944462).
LogModuleManager: Display: Found up-to-date module file ../../../Engine/Plugins/Editor/MobileLauncherProfileWizard/Binaries/Win64/UE4Editor-MobileLauncherProfileWizard.dll (API version 3944462).
LogModuleManager: Display: Found up-to-date module file ../../../Engine/Plugins/Editor/PluginBrowser/Binaries/Win64/UE4Editor-PluginBrowser.dll (API version 3944462).
LogModuleManager: Display: Found up-to-date module file ../../../Engine/Plugins/Editor/SpeedTreeImporter/Binaries/Win64/UE4Editor-SpeedTreeImporter.dll (API version 3944462).
LogModuleManager: Display: Found up-to-date module file ../../../Engine/Plugins/Enterprise/DatasmithContent/Binaries/Win64/UE4Editor-DatasmithContent.dll (API version 3944462).
LogModuleManager: Display: Found up-to-date module file ../../../Engine/Plugins/Experimental/AlembicImporter/Binaries/Win64/UE4Editor-AlembicImporter.dll (API version 3944462).
LogModuleManager: Display: Found up-to-date module file ../../../Engine/Plugins/Experimental/AlembicImporter/Binaries/Win64/UE4Editor-AlembicLibrary.dll (API version 3944462).
LogModuleManager: Display: Found up-to-date module file ../../../Engine/Plugins/Experimental/CharacterAI/Binaries/Win64/UE4Editor-CharacterAI.dll (API version 3944462).
LogModuleManager: Display: Found up-to-date module file ../../../Engine/Plugins/Experimental/HTML5Networking/Binaries/Win64/UE4Editor-HTML5Networking.dll (API version 3944462).
LogModuleManager: Display: Found up-to-date module file ../../../Engine/Plugins/Media/AndroidMedia/Binaries/Win64/UE4Editor-AndroidMediaEditor.dll (API version 3944462).
LogModuleManager: Display: Found up-to-date module file ../../../Engine/Plugins/Media/AndroidMedia/Binaries/Win64/UE4Editor-AndroidMediaFactory.dll (API version 3944462).
LogModuleManager: Display: Found up-to-date module file ../../../Engine/Plugins/Media/AvfMedia/Binaries/Win64/UE4Editor-AvfMediaEditor.dll (API version 3944462).
LogModuleManager: Display: Found up-to-date module file ../../../Engine/Plugins/Media/AvfMedia/Binaries/Win64/UE4Editor-AvfMediaFactory.dll (API version 3944462).
LogModuleManager: Display: Found up-to-date module file ../../../Engine/Plugins/Media/AvfMedia/Binaries/Win64/UE4Editor-AvfMediaFactory.dll (API version 3944462).
LogModuleManager: Display: Found up-to-date module file ../../../Engine/Plugins/Media/ImgMedia/Binaries/Win64/UE4Editor-ImgMedia.dll (API version 3944462).
LogModuleManager: Display: Found up-to-date module file ../../../Engine/Plugins/Media/ImgMedia/Binaries/Win64/UE4Editor-ImgMediaEditor.dll (API version 3944462).
LogModuleManager: Display: Found up-to-date module file ../../../Engine/Plugins/Media/ImgMedia/Binaries/Win64/UE4Editor-ImgMediaFactory.dll (API version 3944462).
LogModuleManager: Display: Found up-to-date module file ../../../Engine/Plugins/Media/ImgMedia/Binaries/Win64/UE4Editor-ImgMediaFactory.dll (API version 3944462).
LogModuleManager: Display: Found up-to-date module file ../../../Engine/Plugins/Media/ImgMedia/Binaries/Win64/UE4Editor-OpenExrWrapper.dll (API version 3944462).
LogModuleManager: Display: Found up-to-date module file ../../../Engine/Plugins/Media/LinearTimecode/Binaries/Win64/UE4Editor-LinearTimecode.dll (API version 3944462).
LogModuleManager: Display: Found up-to-date module file ../../../Engine/Plugins/Media/MediaCompositing/Binaries/Win64/UE4Editor-MediaCompositing.dll (API version 3944462).
LogModuleManager: Display: Found up-to-date module file ../../../Engine/Plugins/Media/MediaCompositing/Binaries/Win64/UE4Editor-MediaCompositingEditor.dll (API version 3944462).
LogModuleManager: Display: Found up-to-date module file ../../../Engine/Plugins/Media/MediaPlayerEditor/Binaries/Win64/UE4Editor-MediaPlayerEditor.dll (API version 3944462).
LogModuleManager: Display: Found up-to-date module file ../../../Engine/Plugins/Media/WmfMedia/Binaries/Win64/UE4Editor-WmfMedia.dll (API version 3944462).
LogModuleManager: Display: Found up-to-date module file ../../../Engine/Plugins/Media/WmfMedia/Binaries/Win64/UE4Editor-WmfMediaEditor.dll (API version 3944462).
LogModuleManager: Display: Found up-to-date module file ../../../Engine/Plugins/Media/WmfMedia/Binaries/Win64/UE4Editor-WmfMediaFactory.dll (API version 3944462).
LogModuleManager: Display: Found up-to-date module file ../../../Engine/Plugins/Media/WmfMedia/Binaries/Win64/UE4Editor-WmfMediaFactory.dll (API version 3944462).
LogModuleManager: Display: Found up-to-date module file ../../../Engine/Plugins/Messaging/TcpMessaging/Binaries/Win64/UE4Editor-TcpMessaging.dll (API version 3944462).
LogModuleManager: Display: Found up-to-date module file ../../../Engine/Plugins/Messaging/UdpMessaging/Binaries/Win64/UE4Editor-UdpMessaging.dll (API version 3944462).
LogModuleManager: Display: Found up-to-date module file ../../../Engine/Plugins/MovieScene/ActorSequence/Binaries/Win64/UE4Editor-ActorSequence.dll (API version 3944462).
LogModuleManager: Display: Found up-to-date module file ../../../Engine/Plugins/MovieScene/LevelSequenceEditor/Binaries/Win64/UE4Editor-LevelSequenceEditor.dll (API version 3944462).
LogModuleManager: Display: Found up-to-date module file ../../../Engine/Plugins/MovieScene/MatineeToLevelSequence/Binaries/Win64/UE4Editor-MatineeToLevelSequence.dll (API version 3944462).
LogModuleManager: Display: Found up-to-date module file ../../../Engine/Plugins/NetcodeUnitTest/NetcodeUnitTest/Binaries/Win64/UE4Editor-NetcodeUnitTest.dll (API version 3944462).
LogModuleManager: Display: Found up-to-date module file ../../../Engine/Plugins/NetcodeUnitTest/NUTUnrealEngine4/Binaries/Win64/UE4Editor-NUTUnrealEngine4.dll (API version 3944462).
LogModuleManager: Display: Found up-to-date module file ../../../Engine/Plugins/Online/OnlineSubsystem/Binaries/Win64/UE4Editor-OnlineSubsystem.dll (API version 3944462).
LogModuleManager: Display: Found up-to-date module file ../../../Engine/Plugins/Online/OnlineSubsystemNull/Binaries/Win64/UE4Editor-OnlineSubsystemNull.dll (API version 3944462).
LogModuleManager: Display: Found up-to-date module file ../../../Engine/Plugins/Online/OnlineSubsystemUtils/Binaries/Win64/UE4Editor-OnlineSubsystemUtils.dll (API version 3944462).
LogModuleManager: Display: Found up-to-date module file ../../../Engine/Plugins/Online/OnlineSubsystemUtils/Binaries/Win64/UE4Editor-OnlineBlueprintSupport.dll (API version 3944462).
LogModuleManager: Display: Found up-to-date module file ../../../Engine/Plugins/Runtime/AndroidDeviceProfileSelector/Binaries/Win64/UE4Editor-AndroidDeviceProfileSelector.dll (API version 3944462).
LogModuleManager: Display: Found up-to-date module file ../../../Engine/Plugins/Runtime/AndroidPermission/Binaries/Win64/UE4Editor-AndroidPermission.dll (API version 3944462).
LogModuleManager: Display: Found up-to-date module file ../../../Engine/Plugins/Runtime/AppleARKit/Binaries/Win64/UE4Editor-AppleARKit.dll (API version 3944462).
LogModuleManager: Display: Found up-to-date module file ../../../Engine/Plugins/Runtime/ArchVisCharacter/Binaries/Win64/UE4Editor-ArchVisCharacter.dll (API version 3944462).
LogModuleManager: Display: Found up-to-date module file ../../../Engine/Plugins/Runtime/AudioCapture/Binaries/Win64/UE4Editor-AudioCapture.dll (API version 3944462).
LogModuleManager: Display: Found up-to-date module file ../../../Engine/Plugins/Runtime/AudioCapture/Binaries/Win64/UE4Editor-AudioCaptureEditor.dll (API version 3944462).
LogModuleManager: Display: Found up-to-date module file ../../../Engine/Plugins/Runtime/CableComponent/Binaries/Win64/UE4Editor-CableComponent.dll (API version 3944462).
LogModuleManager: Display: Found up-to-date module file ../../../Engine/Plugins/Runtime/CustomMeshComponent/Binaries/Win64/UE4Editor-CustomMeshComponent.dll (API version 3944462).
LogModuleManager: Display: Found up-to-date module file ../../../Engine/Plugins/Runtime/ExampleDeviceProfileSelector/Binaries/Win64/UE4Editor-ExampleDeviceProfileSelector.dll (API version 3944462).
LogModuleManager: Display: Found up-to-date module file ../../../Engine/Plugins/Runtime/ImmediatePhysics/Binaries/Win64/UE4Editor-ImmediatePhysics.dll (API version 3944462).
LogModuleManager: Display: Found up-to-date module file ../../../Engine/Plugins/Runtime/ImmediatePhysics/Binaries/Win64/UE4Editor-ImmediatePhysicsEditor.dll (API version 3944462).
LogModuleManager: Display: Found up-to-date module file ../../../Engine/Plugins/Runtime/LocationServicesBPLibrary/Binaries/Win64/UE4Editor-LocationServicesBPLibrary.dll (API version 3944462).
LogModuleManager: Display: Found up-to-date module file ../../../Engine/Plugins/Runtime/MobilePatchingUtils/Binaries/Win64/UE4Editor-MobilePatchingUtils.dll (API version 3944462).
LogModuleManager: Display: Found up-to-date module file ../../../Engine/Plugins/Runtime/Oculus/OculusVR/Binaries/Win64/UE4Editor-OculusHMD.dll (API version 3944462).
LogModuleManager: Display: Found up-to-date module file ../../../Engine/Plugins/Runtime/Oculus/OculusVR/Binaries/Win64/UE4Editor-OculusInput.dll (API version 3944462).
LogModuleManager: Display: Found up-to-date module file ../../../Engine/Plugins/Runtime/Oculus/OculusVR/Binaries/Win64/UE4Editor-OculusEditor.dll (API version 3944462).
LogModuleManager: Display: Found up-to-date module file ../../../Engine/Plugins/Runtime/PhysXVehicles/Binaries/Win64/UE4Editor-PhysXVehicles.dll (API version 3944462).
LogModuleManager: Display: Found up-to-date module file ../../../Engine/Plugins/Runtime/PhysXVehicles/Binaries/Win64/UE4Editor-PhysXVehiclesEditor.dll (API version 3944462).
LogModuleManager: Display: Found up-to-date module file ../../../Engine/Plugins/Runtime/ProceduralMeshComponent/Binaries/Win64/UE4Editor-ProceduralMeshComponent.dll (API version 3944462).
LogModuleManager: Display: Found up-to-date module file ../../../Engine/Plugins/Runtime/ProceduralMeshComponent/Binaries/Win64/UE4Editor-ProceduralMeshComponentEditor.dll (API version 3944462).
LogModuleManager: Display: Found up-to-date module file ../../../Engine/Plugins/Runtime/RuntimePhysXCooking/Binaries/Win64/UE4Editor-RuntimePhysXCooking.dll (API version 3944462).
LogModuleManager: Display: Found up-to-date module file ../../../Engine/Plugins/Runtime/Steam/SteamVR/Binaries/Win64/UE4Editor-SteamVR.dll (API version 3944462).
LogModuleManager: Display: Found up-to-date module file ../../../Engine/Plugins/Runtime/Steam/SteamVR/Binaries/Win64/UE4Editor-SteamVRController.dll (API version 3944462).
LogModuleManager: Display: Found up-to-date module file ../../../Engine/Plugins/Runtime/WindowsMoviePlayer/Binaries/Win64/UE4Editor-WindowsMoviePlayer.dll (API version 3944462).
LogInit: Using libcurl 7.47.1
LogInit:  - built for x86_64-pc-win32
LogInit:  - supports SSL with OpenSSL/1.0.2g
LogInit:  - supports HTTP deflate (compression) using libz 1.2.8
LogInit:  - other features:
LogInit:      CURL_VERSION_SSL
LogInit:      CURL_VERSION_LIBZ
LogInit:      CURL_VERSION_IPV6
LogInit:      CURL_VERSION_ASYNCHDNS
LogInit:      CURL_VERSION_LARGEFILE
LogInit:      CURL_VERSION_IDN
LogInit:  CurlRequestOptions (configurable via config and command line):
LogInit:  - bVerifyPeer = false  - Libcurl will NOT verify peer certificate
LogInit:  - bUseHttpProxy = false  - Libcurl will NOT use HTTP proxy
LogInit:  - bDontReuseConnections = false  - Libcurl will reuse connections
LogInit:  - CertBundlePath = nullptr  - Libcurl will use whatever was configured at build time.
LogInit:  - MaxHostConnections = 16  - Libcurl will limit the number of connections to a host
LogInit:  - LocalHostAddr = Default
LogInit: WinSock: version 1.1 (2.2), MaxSocks=32767, MaxUdp=65467
LogInit: WinSock: I am DESKTOP-7F2F2D9 (192.168.35.130:0)
LogInit: Build: ++UE4+Release-4.19-CL-4033788
LogInit: Engine Version: 4.19.2-4033788+++UE4+Release-4.19
LogInit: Compatible Engine Version: 4.19.0-3944462+++UE4+Release-4.19
LogInit: Net CL: 3944462
LogDevObjectVersion: Number of dev versions registered: 18
LogDevObjectVersion:   Dev-Blueprints (B0D832E4-1F89-4F0D-ACCF-7EB736FD4AA2): 10
LogDevObjectVersion:   Dev-Build (E1C64328-A22C-4D53-A36C-8E866417BD8C): 0
LogDevObjectVersion:   Dev-Core (375EC13C-06E4-48FB-B500-84F0262A717E): 2
LogDevObjectVersion:   Dev-Editor (E4B068ED-F494-42E9-A231-DA0B2E46BB41): 23
LogDevObjectVersion:   Dev-Framework (CFFC743F-43B0-4480-9391-14DF171D2073): 33
LogDevObjectVersion:   Dev-Mobile (B02B49B5-BB20-44E9-A304-32B752E40360): 2
LogDevObjectVersion:   Dev-Networking (A4E4105C-59A1-49B5-A7C5-40C4547EDFEE): 0
LogDevObjectVersion:   Dev-Online (39C831C9-5AE6-47DC-9A44-9C173E1C8E7C): 0
LogDevObjectVersion:   Dev-Physics (78F01B33-EBEA-4F98-B9B4-84EACCB95AA2): 0
LogDevObjectVersion:   Dev-Platform (6631380F-2D4D-43E0-8009-CF276956A95A): 0
LogDevObjectVersion:   Dev-Rendering (12F88B9F-8875-4AFC-A67C-D90C383ABD29): 25
LogDevObjectVersion:   Dev-Sequencer (7B5AE74C-D270-4C10-A958-57980B212A5A): 6
LogDevObjectVersion:   Dev-VR (D7296918-1DD6-4BDD-9DE2-64A83CC13884): 1
LogDevObjectVersion:   Dev-LoadTimes (C2A15278-BFE7-4AFE-6C17-90FF531DF755): 1
LogDevObjectVersion:   Private-Geometry (6EACA3D4-40EC-4CC1-B786-8BED09428FC5): 2
LogDevObjectVersion:   Dev-AnimPhys (29E575DD-E0A3-4627-9D10-D276232CDCEA): 16
LogDevObjectVersion:   Dev-ReflectionCapture (6B266CEC-1EC7-4B8F-A30B-E4D90942FC07): 1
LogDevObjectVersion:   Dev-Automation (0DF73D61-A23F-47EA-B727-89E90C41499A): 1
LogInit: Compiled (64-bit): Apr 27 2018 02:06:57
LogInit: Compiled with Visual C++: 19.00.24215.01
LogInit: Build Configuration: Development
LogInit: Branch Name: ++UE4+Release-4.19
LogInit: Command Line: 
LogInit: Base Directory: D:/UE_4.19/Engine/Binaries/Win64/
LogInit: Installed Engine Build: 1
LogStreaming: Display: Took  0.000s to delete old logs.
LogInit: Presizing for max 8388607 objects, including 0 objects not considered by GC, pre-allocating 0 bytes for permanent pool.
LogInit: Object subsystem initialized
[2022.02.19-14.47.45:940][  0]LogInit: Selected Device Profile: [Windows]
[2022.02.19-14.47.45:940][  0]LogInit: Applying CVar settings loaded from the selected device profile: [Windows]
[2022.02.19-14.47.45:947][  0]LogInit: Computer: DESKTOP-7F2F2D9
[2022.02.19-14.47.45:947][  0]LogInit: User: guldd
[2022.02.19-14.47.45:947][  0]LogInit: CPU Page size=4096, Cores=6
[2022.02.19-14.47.45:947][  0]LogInit: High frequency timer resolution =10.000000 MHz
[2022.02.19-14.47.45:947][  0]LogMemory: Memory total: Physical=15.9GB (16GB approx)
[2022.02.19-14.47.45:947][  0]LogMemory: Platform Memory Stats for Windows
[2022.02.19-14.47.45:947][  0]LogMemory: Process Physical Memory: 276.66 MB used, 276.66 MB peak
[2022.02.19-14.47.45:947][  0]LogMemory: Process Virtual Memory: 271.70 MB used, 271.70 MB peak
[2022.02.19-14.47.45:947][  0]LogMemory: Physical Memory: 5438.10 MB used,  10871.18 MB free, 16309.28 MB total
[2022.02.19-14.47.45:947][  0]LogMemory: Virtual Memory: 4800.46 MB used,  10871.18 MB free, 134217728.00 MB total
[2022.02.19-14.47.45:972][  0]LogInit: Using OS detected language (ko-KR).
[2022.02.19-14.47.45:972][  0]LogInit: Using OS detected locale (ko-KR).
[2022.02.19-14.47.45:976][  0]LogTextLocalizationManager: No specific localization for 'ko-KR' exists, so the 'ko' localization will be used.
[2022.02.19-14.47.46:289][  0]LogStreaming: Display: Took  0.317s to EndInitTextLocalization.
[2022.02.19-14.47.46:289][  0]LogInit: Setting process to per monitor DPI aware
[2022.02.19-14.47.46:337][  0]LogSlate: New Slate User Created.  User Index 0, Is Virtual User: 0
[2022.02.19-14.47.46:337][  0]LogSlate: Slate User Registered.  User Index 0, Is Virtual User: 0
[2022.02.19-14.47.46:580][  0]LogD3D11RHI: D3D11 adapters:
[2022.02.19-14.47.46:690][  0]LogD3D11RHI:    0. 'NVIDIA GeForce RTX 3060 Ti' (Feature Level 11_0)
[2022.02.19-14.47.46:690][  0]LogD3D11RHI:       8050/0/8154 MB DedicatedVideo/DedicatedSystem/SharedSystem, Outputs:1, VendorId:0x10de
[2022.02.19-14.47.46:693][  0]LogD3D11RHI:    1. 'Microsoft Basic Render Driver' (Feature Level 11_0)
[2022.02.19-14.47.46:693][  0]LogD3D11RHI:       0/0/8154 MB DedicatedVideo/DedicatedSystem/SharedSystem, Outputs:0, VendorId:0x1414
[2022.02.19-14.47.46:693][  0]LogD3D11RHI: Chosen D3D11 Adapter: 0
[2022.02.19-14.47.46:698][  0]LogD3D11RHI: Creating new Direct3DDevice
[2022.02.19-14.47.46:698][  0]LogD3D11RHI:     GPU DeviceId: 0x2486 (for the marketing name, search the web for "GPU Device Id")
[2022.02.19-14.47.46:698][  0]LogWindows: EnumDisplayDevices:
[2022.02.19-14.47.46:698][  0]LogWindows:    0. 'NVIDIA GeForce RTX 3060 Ti' (P:1 D:1)
[2022.02.19-14.47.46:699][  0]LogWindows:    1. 'NVIDIA GeForce RTX 3060 Ti' (P:0 D:0)
[2022.02.19-14.47.46:699][  0]LogWindows:    2. 'NVIDIA GeForce RTX 3060 Ti' (P:0 D:0)
[2022.02.19-14.47.46:700][  0]LogWindows:    3. 'NVIDIA GeForce RTX 3060 Ti' (P:0 D:0)
[2022.02.19-14.47.46:700][  0]LogWindows: DebugString: GetVideoDriverDetailsInvalid PrimaryIsNotTheChoosenAdapter GetVideoDriverDetailsInvalid PrimaryIsNotTheChoosenAdapter GetVideoDriverDetailsInvalid PrimaryIsNotTheChoosenAdapter GetVideoDriverDetailsInvalid PrimaryIsNotTheChoosenAdapter FoundDriverCount:0 
[2022.02.19-14.47.46:700][  0]LogD3D11RHI:     Adapter Name: NVIDIA GeForce RTX 3060 Ti
[2022.02.19-14.47.46:700][  0]LogD3D11RHI:   Driver Version: Unknown (internal:Unknown, unified:Unknown)
[2022.02.19-14.47.46:700][  0]LogD3D11RHI:      Driver Date: Unknown
[2022.02.19-14.47.46:700][  0]LogRHI: Texture pool is 5635 MB (70% of 8050 MB)
[2022.02.19-14.47.46:780][  0]LogD3D11RHI: [Aftermath] Aftermath enabled and primed
[2022.02.19-14.47.46:780][  0]LogD3D11RHI: [Aftermath] Aftermath enabled and primed
[2022.02.19-14.47.46:780][  0]LogD3D11RHI: Async texture creation enabled
[2022.02.19-14.47.46:796][  0]LogD3D11RHI: GPU Timing Frequency: 1000.000000 (Debug: 2 1)
[2022.02.19-14.47.46:799][  0]LogShaderCompilers: Guid format shader working directory is 16 characters bigger than the processId version (../../../../UE4CPP/ArenaBattle/Intermediate/Shaders/WorkingDirectory/7104/).
[2022.02.19-14.47.46:799][  0]LogShaderCompilers: Cleaned the shader compiler working directory 'C:/Users/guldd/AppData/Local/Temp/UnrealShaderWorkingDir/E5FF533C4B2D16846694F89AD035ADD3/'.
[2022.02.19-14.47.47:006][  0]LogTemp: Display: Loaded TP AllDesktopTargetPlatform
[2022.02.19-14.47.47:016][  0]LogTemp: Display: Loaded TP MacClientTargetPlatform
[2022.02.19-14.47.47:028][  0]LogTemp: Display: Loaded TP MacNoEditorTargetPlatform
[2022.02.19-14.47.47:039][  0]LogTemp: Display: Loaded TP MacServerTargetPlatform
[2022.02.19-14.47.47:049][  0]LogTemp: Display: Loaded TP MacTargetPlatform
[2022.02.19-14.47.47:060][  0]LogTemp: Display: Loaded TP WindowsClientTargetPlatform
[2022.02.19-14.47.47:070][  0]LogTemp: Display: Loaded TP WindowsNoEditorTargetPlatform
[2022.02.19-14.47.47:080][  0]LogTemp: Display: Loaded TP WindowsServerTargetPlatform
[2022.02.19-14.47.47:085][  0]LogTemp: Display: Loaded TP WindowsTargetPlatform
[2022.02.19-14.47.47:096][  0]LogTemp: Display: Loaded TP Android_ASTCTargetPlatform
[2022.02.19-14.47.47:105][  0]LogTemp: Display: Loaded TP Android_ATCTargetPlatform
[2022.02.19-14.47.47:115][  0]LogTemp: Display: Loaded TP Android_DXTTargetPlatform
[2022.02.19-14.47.47:125][  0]LogTemp: Display: Loaded TP Android_ETC1aTargetPlatform
[2022.02.19-14.47.47:135][  0]LogTemp: Display: Loaded TP Android_ETC1TargetPlatform
[2022.02.19-14.47.47:145][  0]LogTemp: Display: Loaded TP Android_ETC2TargetPlatform
[2022.02.19-14.47.47:165][  0]LogTemp: Display: Loaded TP Android_MultiTargetPlatform
[2022.02.19-14.47.47:165][  0]LogTemp: Display: Loaded TP Android_PVRTCTargetPlatform
[2022.02.19-14.47.47:175][  0]LogTemp: Display: Loaded TP AndroidTargetPlatform
[2022.02.19-14.47.47:176][  0]LogTemp: Display: Loaded TP HTML5TargetPlatform
[2022.02.19-14.47.47:211][  0]LogTemp: Display: Loaded TP IOSTargetPlatform
[2022.02.19-14.47.47:221][  0]LogTemp: Display: Loaded TP TVOSTargetPlatform
[2022.02.19-14.47.47:232][  0]LogTemp: Display: Loaded TP LinuxClientTargetPlatform
[2022.02.19-14.47.47:242][  0]LogTemp: Display: Loaded TP LinuxNoEditorTargetPlatform
[2022.02.19-14.47.47:253][  0]LogTemp: Display: Loaded TP LinuxServerTargetPlatform
[2022.02.19-14.47.47:265][  0]LogTemp: Display: Loaded TP LinuxTargetPlatform
[2022.02.19-14.47.47:265][  0]LogTargetPlatformManager: Display: Building Assets For Windows
[2022.02.19-14.47.47:358][  0]LogXGEController: Cannot use XGE Controller as Incredibuild is not installed on this machine.
[2022.02.19-14.47.47:358][  0]LogShaderCompilers: Cannot use XGE Shader Compiler as Incredibuild is not installed on this machine.
[2022.02.19-14.47.47:358][  0]LogShaderCompilers: Display: Using Local Shader Compiler.
[2022.02.19-14.47.47:928][  0]LogDerivedDataCache: Display: Max Cache Size: 512 MB
[2022.02.19-14.47.47:989][  0]LogDerivedDataCache: Loaded boot cache 0.06s 74MB C:/Users/guldd/AppData/Local/UnrealEngine/4.19/DerivedDataCache/Boot.ddc.
[2022.02.19-14.47.47:989][  0]LogDerivedDataCache: Display: Loaded Boot cache: C:/Users/guldd/AppData/Local/UnrealEngine/4.19/DerivedDataCache/Boot.ddc
[2022.02.19-14.47.47:989][  0]LogDerivedDataCache: FDerivedDataBackendGraph:  Pak pak cache file ../../../../UE4CPP/ArenaBattle/DerivedDataCache/DDC.ddp not found, will not use a pak cache.
[2022.02.19-14.47.47:989][  0]LogDerivedDataCache: Unable to find inner node Pak for hierarchical cache Hierarchy.
[2022.02.19-14.47.47:989][  0]LogDerivedDataCache: FDerivedDataBackendGraph:  CompressedPak pak cache file ../../../../UE4CPP/ArenaBattle/DerivedDataCache/Compressed.ddp not found, will not use a pak cache.
[2022.02.19-14.47.47:989][  0]LogDerivedDataCache: Unable to find inner node CompressedPak for hierarchical cache Hierarchy.
[2022.02.19-14.47.48:002][  0]LogDerivedDataCache: Display: Pak cache opened for reading ../../../Engine/DerivedDataCache/Compressed.ddp.
[2022.02.19-14.47.48:014][  0]LogDerivedDataCache: Using Local data cache path C:/Users/guldd/AppData/Local/UnrealEngine/Common/DerivedDataCache: Writable
[2022.02.19-14.47.48:014][  0]LogDerivedDataCache: Shared data cache path not found in *engine.ini, will not use an Shared cache.
[2022.02.19-14.47.48:014][  0]LogDerivedDataCache: Unable to find inner node Shared for hierarchical cache Hierarchy.
[2022.02.19-14.47.48:023][  0]LogMaterial: Verifying Global Shaders for PCD3D_SM5
[2022.02.19-14.47.48:023][  0]LogSlate: Using Freetype 2.6.0
[2022.02.19-14.47.48:024][  0]LogSlate: SlateFontCache - WITH_FREETYPE: 1, WITH_HARFBUZZ: 1
[2022.02.19-14.47.48:024][  0]LogSlate: SlateFontCache - WITH_FREETYPE: 1, WITH_HARFBUZZ: 1
[2022.02.19-14.47.48:145][  0]LogAssetRegistry: FAssetRegistry took 0.0252 seconds to start up
[2022.02.19-14.47.48:395][  0]LogInit: Selected Device Profile: [Windows]
[2022.02.19-14.47.48:513][  0]LogSimplygon: Simplygon DLL not present - disabling.
[2022.02.19-14.47.48:515][  0]LogMeshReduction: Using SimplygonSwarm for distributed automatic mesh merging
[2022.02.19-14.47.48:515][  0]LogMeshReduction: Using QuadricMeshReduction for automatic static mesh reduction
[2022.02.19-14.47.48:515][  0]LogMeshReduction: No automatic skeletal mesh reduction module available
[2022.02.19-14.47.48:515][  0]LogMeshReduction: No automatic mesh merging module available
[2022.02.19-14.47.48:515][  0]LogMeshMerging: No automatic mesh merging module available
[2022.02.19-14.47.48:543][  0]LogNetVersion: ArenaBattle , NetCL: 3944462, EngineNetVer: 2, GameNetVer: 0 (Checksum: 3555152549)
[2022.02.19-14.47.48:886][  0]LogPackageLocalizationCache: Processed 9 localized package path(s) for 2 prioritized culture(s) in 0.052524 seconds
[2022.02.19-14.47.48:891][  0]LogUObjectArray: 36728 objects as part of root set at end of initial load.
[2022.02.19-14.47.48:891][  0]LogUObjectAllocator: 7314304 out of 0 bytes used by permanent object pool.
[2022.02.19-14.47.48:891][  0]LogUObjectArray: CloseDisregardForGC: 0/0 objects in disregard for GC pool
[2022.02.19-14.47.50:304][  0]LogTcpMessaging: Initializing TcpMessaging bridge
[2022.02.19-14.47.50:333][  0]LogUdpMessaging: Initializing bridge on interface 0.0.0.0:0 to multicast group 230.0.0.1:6666.
[2022.02.19-14.47.50:708][  0]SourceControl: 소스 콘트롤이 꺼졌습니다.
[2022.02.19-14.47.50:708][  0]SourceControl: 소스 콘트롤이 꺼졌습니다.
[2022.02.19-14.47.50:725][  0]SourceControl: 소스 콘트롤이 꺼졌습니다.
[2022.02.19-14.47.50:742][  0]SourceControl: 소스 콘트롤이 꺼졌습니다.
[2022.02.19-14.47.51:199][  0]LogAndroidPermission: UAndroidPermissionCallbackProxy::GetInstance
[2022.02.19-14.47.51:460][  0]LogOcInput: OculusInput pre-init called
[2022.02.19-14.47.51:558][  0]LogEngine: Initializing Engine...
[2022.02.19-14.47.51:560][  0]LogHMD: Failed to initialize OpenVR with code 110
[2022.02.19-14.47.51:561][  0]LogStats: UGameplayTagsManager::ConstructGameplayTagTree: Construct from data asset -  0.000 s
[2022.02.19-14.47.51:561][  0]LogStats: UGameplayTagsManager::ConstructGameplayTagTree: GameplayTagTreeChangedEvent.Broadcast -  0.000 s
[2022.02.19-14.47.51:743][  0]LogAIModule: Creating AISystem for world Untitled
[2022.02.19-14.47.51:824][  0]LogInit: XAudio2 using '스피커(High Definition Audio Device)' : 2 channels at 48 kHz using 16 bits per sample (channel mask 0x3)
[2022.02.19-14.47.51:872][  0]LogInit: FAudioDevice initialized.
[2022.02.19-14.47.51:920][  0]LogDerivedDataCache: Saved boot cache 0.05s 74MB C:/Users/guldd/AppData/Local/UnrealEngine/4.19/DerivedDataCache/Boot.ddc.
[2022.02.19-14.47.51:931][  0]LogInit: Texture streaming: Enabled
[2022.02.19-14.47.51:944][  0]LogEngineSessionManager: EngineSessionManager initialized
[2022.02.19-14.47.51:954][  0]LogInit: Transaction tracking system initialized
[2022.02.19-14.47.51:969][  0]BlueprintLog: New page: 에디터 로드
[2022.02.19-14.47.52:019][  0]LocalizationService: 현지화 서비스가 비활성화되었습니다.
[2022.02.19-14.47.52:100][  0]LogConsoleResponse: Display: 
[2022.02.19-14.47.52:221][  0]LogCook: Display: Max memory allowance for cook 16384mb min free memory 0mb
[2022.02.19-14.47.52:221][  0]LogCook: Display: Mobile HDR setting 1
[2022.02.19-14.47.52:221][  0]LogGameplayTags: Display: UGameplayTagsManager::DoneAddingNativeTags. DelegateIsBound: 0
[2022.02.19-14.47.52:221][  0]LogStats: UGameplayTagsManager::ConstructGameplayTagTree: Construct from data asset -  0.000 s
[2022.02.19-14.47.52:221][  0]LogStats: UGameplayTagsManager::ConstructGameplayTagTree: GameplayTagTreeChangedEvent.Broadcast -  0.000 s
[2022.02.19-14.47.52:552][  0]LogFileCache: Scanning file cache for directory 'D:/UE4CPP/ArenaBattle/Content/' took 0.02s
[2022.02.19-14.47.52:552][  0]SourceControl: 소스 콘트롤이 꺼졌습니다.
[2022.02.19-14.47.52:552][  0]Cmd: MAP LOAD FILE="../../../../UE4CPP/ArenaBattle/Content/Book/Maps/Step1.umap" TEMPLATE=0 SHOWPROGRESS=1 FEATURELEVEL=3
[2022.02.19-14.47.52:553][  0]LightingResults: New page: 라이팅 빌드
[2022.02.19-14.47.52:554][  0]MapCheck: New page: 맵 체크
[2022.02.19-14.47.52:554][  0]LightingResults: New page: 라이팅 빌드
[2022.02.19-14.47.52:752][  0]LogAIModule: Creating AISystem for world Step1
[2022.02.19-14.47.52:756][  0]LogEditorServer: Finished looking for orphan Actors (0.000 secs)
[2022.02.19-14.47.52:766][  0]Cmd: MAP CHECKDEP NOCLEARLOG
[2022.02.19-14.47.52:816][  0]MapCheck: 맵 체크 완료: 오류 0 회, 경고 0 회, 소요 시간 49.599ms.
[2022.02.19-14.47.52:816][  0]LogFileHelpers: Loading map 'Step1' took 0.263
[2022.02.19-14.47.52:939][  0]LogCollectionManager: Loaded 0 collections in 0.000853 seconds
[2022.02.19-14.47.52:979][  0]LogFileCache: Scanning file cache for directory 'D:/UE4CPP/ArenaBattle/Saved/Collections/' took 0.01s
[2022.02.19-14.47.52:979][  0]LogFileCache: Scanning file cache for directory 'D:/UE4CPP/ArenaBattle/Content/Developers/guldd/Collections/' took 0.01s
[2022.02.19-14.47.52:979][  0]LogFileCache: Scanning file cache for directory 'D:/UE4CPP/ArenaBattle/Content/Collections/' took 0.01s
[2022.02.19-14.47.52:979][  0]LogCollectionManager: Rebuilt the GUID cache for 0 collections in 0.000000 seconds
[2022.02.19-14.47.52:987][  0]LogContentBrowser: Native class hierarchy populated in 0.0080 seconds. Added 2453 classes and 560 folders.
[2022.02.19-14.47.52:992][  0]LogContentBrowser: Native class hierarchy updated for 'WidgetCarousel' in 0.0006 seconds. Added 0 classes and 0 folders.
[2022.02.19-14.47.53:034][  0]LogContentBrowser: Native class hierarchy updated for 'AddContentDialog' in 0.0006 seconds. Added 0 classes and 0 folders.
[2022.02.19-14.47.53:038][  0]LogContentBrowser: Native class hierarchy updated for 'SceneOutliner' in 0.0006 seconds. Added 1 classes and 2 folders.
[2022.02.19-14.47.53:059][  0]LogSlate: Took 0.000245 seconds to synchronously load lazily loaded font '../../../Engine/Content/Slate/Fonts/Roboto-Regular.ttf' (155K)
[2022.02.19-14.47.53:063][  0]LogSlate: Took 0.002820 seconds to synchronously load lazily loaded font '../../../Engine/Content/Editor/Slate/Fonts/NanumGothic.ttf' (4243K)
[2022.02.19-14.47.53:066][  0]LogSlate: Took 0.002417 seconds to synchronously load lazily loaded font '../../../Engine/Content/Editor/Slate/Fonts/NanumGothicBold.ttf' (4188K)
[2022.02.19-14.47.53:066][  0]LogSlate: Took 0.000259 seconds to synchronously load lazily loaded font '../../../Engine/Content/Slate/Fonts/Roboto-Bold.ttf' (160K)
[2022.02.19-14.47.53:071][  0]LogSlate: Took 0.000299 seconds to synchronously load lazily loaded font '../../../Engine/Content/Editor/Slate/Fonts/FontAwesome.ttf' (139K)
[2022.02.19-14.47.53:147][  0]LogRenderer: Reallocating scene render targets to support 1616x808 Format 10 NumSamples 1 (Frame:1).
[2022.02.19-14.47.53:400][  0]LogContentBrowser: Native class hierarchy updated for 'HierarchicalLODOutliner' in 0.0006 seconds. Added 0 classes and 0 folders.
[2022.02.19-14.47.53:400][  0]LogLoad: (Engine Initialization) Total time: 10.59 seconds
[2022.02.19-14.47.53:400][  0]LogLoad: (Engine Initialization) Total Blueprint compile time: 0.00 seconds
[2022.02.19-14.47.53:431][  0]LogContentStreaming: Texture pool size now 1000 MB
[2022.02.19-14.47.53:485][  1]LogAssetRegistry: Asset discovery search completed in 5.3617 seconds
[2022.02.19-14.47.53:487][  1]LogCollectionManager: Rebuilt the object cache for 0 collections in 0.000000 seconds (found 0 objects)
[2022.02.19-14.47.53:487][  1]LogCollectionManager: Fixed up redirectors for 0 collections in 0.000047 seconds (updated 0 objects)
[2022.02.19-14.53.02:223][305]LogSlate: FSceneViewport::OnFocusLost() reason 2
[2022.02.19-14.53.34:900][210]LogSlate: FSceneViewport::OnFocusLost() reason 0
[2022.02.19-14.54.31:247][930]LogSlate: FSceneViewport::OnFocusLost() reason 0
[2022.02.19-14.57.03:914][229]LogSlate: Took 0.000340 seconds to synchronously load lazily loaded font '../../../Engine/Content/Slate/Fonts/Roboto-Italic.ttf' (157K)
[2022.02.19-15.19.39:171][124]LogSlate: Took 0.000408 seconds to synchronously load lazily loaded font '../../../Engine/Content/Slate/Fonts/Roboto-Light.ttf' (167K)
[2022.02.19-15.56.30:972][928]LogHotReload: New module detected: UE4Editor-ArenaBattle-2328.dll
[2022.02.19-15.56.32:320][933]LogHotReload: Starting Hot-Reload from IDE
[2022.02.19-15.56.32:384][933]LogClass: Could not find existing class Fountain in package /Script/ArenaBattle for HotReload, assuming new class
[2022.02.19-15.56.32:387][933]LogHotReload: Re-instancing Fountain after hot-reload.
[2022.02.19-15.56.32:625][933]LogContentBrowser: Native class hierarchy updated for 'ArenaBattle' in 0.0008 seconds. Added 1 classes and 2 folders.
[2022.02.19-15.56.32:625][933]Display: HotReload successful (0 functions remapped  0 scriptstructs remapped)
[2022.02.19-15.56.32:652][933]LogContentBrowser: Native class hierarchy populated in 0.0111 seconds. Added 2454 classes and 562 folders.
[2022.02.19-15.56.32:719][933]Display: HotReload took  0.4s.
[2022.02.19-15.56.50:247][584]LogEditor: Attempting to add actor of class 'Fountain' to level at 380.00,230.00,0.00
[2022.02.19-15.56.56:218][282]LogEditor: Attempting to add actor of class 'Fountain' to level at 40.00,70.00,0.00
[2022.02.19-15.57.40:905][622]LogSlate: FSceneViewport::OnFocusLost() reason 0
[2022.02.19-15.57.44:063][991]Cmd: OBJ SAVEPACKAGE PACKAGE="/Game/Book/Maps/Step1" FILE="../../../../UE4CPP/ArenaBattle/Saved/Autosaves/Game/Book/Maps/Step1_Auto1.umap" SILENT=true AUTOSAVING=true KEEPDIRTY=false
[2022.02.19-15.57.44:101][991]LogSavePackage: Save=23.50ms
[2022.02.19-15.57.44:101][991]LogSavePackage: Moving '../../../../UE4CPP/ArenaBattle/Saved/Step1_Auto1F1ADB7264702D40A501B179E27E4B200.tmp' to '../../../../UE4CPP/ArenaBattle/Saved/Autosaves/Game/Book/Maps/Step1_Auto1.umap'
[2022.02.19-15.57.44:102][991]LogSavePackage: Display: Finished SavePackage ../../../../UE4CPP/ArenaBattle/Saved/Autosaves/Game/Book/Maps/Step1_Auto1.umap
[2022.02.19-15.57.44:103][991]LogFileHelpers: Editor autosave (incl. sublevels) for '/Game/Book/Maps/Step1' took 0.094
[2022.02.19-15.57.44:103][991]LogFileHelpers: Editor autosave (incl. sublevels) for all levels took 0.094
[2022.02.19-16.00.32:150][373]LogHotReload: New module detected: UE4Editor-ArenaBattle-5850.dll
[2022.02.19-16.00.33:168][377]LogHotReload: Starting Hot-Reload from IDE
[2022.02.19-16.00.33:574][377]LogClass: Could not find existing class Fountain in package /Script/ArenaBattle for HotReload, assuming new class
[2022.02.19-16.00.33:576][377]LogHotReload: Re-instancing Fountain after hot-reload.
[2022.02.19-16.00.33:687][377]LogContentBrowser: Native class hierarchy updated for 'ArenaBattle' in 0.0009 seconds. Added 1 classes and 2 folders.
[2022.02.19-16.00.33:689][377]Display: HotReload successful (0 functions remapped  0 scriptstructs remapped)
[2022.02.19-16.00.33:709][377]LogContentBrowser: Native class hierarchy populated in 0.0099 seconds. Added 2454 classes and 562 folders.
[2022.02.19-16.00.33:713][377]Display: HotReload took  0.5s.
[2022.02.19-16.02.27:970][643]LogStaticMesh: SM_Plains_Castle_Fountain_02 스태틱 메시 빌드중...
[2022.02.19-16.02.28:021][643]LogStaticMesh: Built static mesh [0.06s] /Game/InfinityBladeGrassLands/Environments/Plains/Env_Plains_Ruins/StaticMesh/SM_Plains_Castle_Fountain_02.SM_Plains_Castle_Fountain_02
[2022.02.19-16.03.09:005][506]LogSlate: FSceneViewport::OnFocusLost() reason 2
[2022.02.19-16.03.36:253][639]LogSlate: FSceneViewport::OnFocusLost() reason 0
[2022.02.19-16.04.08:448][409]LogTemp: Repeating last play command: 선택된 뷰포트
[2022.02.19-16.04.08:457][409]LogPlayLevel: PlayLevel: No blueprints needed recompiling
[2022.02.19-16.04.08:458][409]PIE: New page: PIE 세션: Step1 (2022. 2. 20. 오전 10:04:08)
[2022.02.19-16.04.08:458][409]LogPlayLevel: Creating play world package: /Game/Book/Maps/UEDPIE_0_Step1
[2022.02.19-16.04.08:461][409]LogPlayLevel: PIE: StaticDuplicateObject took: (0.002608s)
[2022.02.19-16.04.08:462][409]LogAIModule: Creating AISystem for world Step1
[2022.02.19-16.04.08:462][409]LogPlayLevel: PIE: World Init took: (0.001126s)
[2022.02.19-16.04.08:462][409]LogPlayLevel: PIE: Created PIE world by copying editor world from /Game/Book/Maps/Step1.Step1 to /Game/Book/Maps/UEDPIE_0_Step1.Step1 (0.003875s)
[2022.02.19-16.04.08:539][409]LogInit: XAudio2 using '스피커(High Definition Audio Device)' : 2 channels at 48 kHz using 16 bits per sample (channel mask 0x3)
[2022.02.19-16.04.08:560][409]LogInit: FAudioDevice initialized.
[2022.02.19-16.04.08:622][409]LogUObjectGlobals: Created PersistentFrame Addr=0x000001453209adc0, Size=64, Default__ThirdPerson_AnimBP_C Function /Game/Mannequin/Animations/ThirdPerson_AnimBP.ThirdPerson_AnimBP_C:ExecuteUbergraph_ThirdPerson_AnimBP
[2022.02.19-16.04.08:636][409]LogUObjectGlobals: Destroyed PersistentFrame Addr=0x000001453209adc0, Size=64
[2022.02.19-16.04.08:636][409]LogUObjectGlobals: Created PersistentFrame Addr=0x000001457b385f80, Size=64, Default__ThirdPerson_AnimBP_C Function /Engine/Transient.REINST_ThirdPerson_AnimBP_C_0:ExecuteUbergraph_ThirdPerson_AnimBP
[2022.02.19-16.04.08:647][409]LogUObjectGlobals: Created PersistentFrame Addr=0x00000145330913f0, Size=72, Default__ThirdPerson_AnimBP_C Function /Game/Mannequin/Animations/ThirdPerson_AnimBP.ThirdPerson_AnimBP_C:ExecuteUbergraph_ThirdPerson_AnimBP
[2022.02.19-16.04.08:677][409]LogUObjectGlobals: Created PersistentFrame Addr=0x000001456b173240, Size=296, Default__ThirdPersonCharacter_C Function /Game/ThirdPersonBP/Blueprints/ThirdPersonCharacter.ThirdPersonCharacter_C:ExecuteUbergraph_ThirdPersonCharacter
[2022.02.19-16.04.08:682][409]LogUObjectGlobals: Destroyed PersistentFrame Addr=0x000001456b173240, Size=296
[2022.02.19-16.04.08:682][409]LogUObjectGlobals: Created PersistentFrame Addr=0x00000145615925c0, Size=296, Default__ThirdPersonCharacter_C Function /Engine/Transient.REINST_ThirdPersonCharacter_C_6:ExecuteUbergraph_ThirdPersonCharacter
[2022.02.19-16.04.08:687][409]LogUObjectGlobals: Created PersistentFrame Addr=0x0000014561593b00, Size=296, Default__ThirdPersonCharacter_C Function /Game/ThirdPersonBP/Blueprints/ThirdPersonCharacter.ThirdPersonCharacter_C:ExecuteUbergraph_ThirdPersonCharacter
[2022.02.19-16.04.08:738][409]LogSkeletalMesh: Skeletal Mesh found in DDC [9.639500ms] /Game/Mannequin/Character/Mesh/SK_Mannequin.SK_Mannequin
[2022.02.19-16.04.08:765][409]LogLoad: Game class is 'ThirdPersonGameMode_C'
[2022.02.19-16.04.08:797][409]LogWorld: Bringing World /Game/Book/Maps/UEDPIE_0_Step1.Step1 up for play (max tick rate 0) at 2022.02.20-01.04.08
[2022.02.19-16.04.08:815][409]LogWorld: Bringing up level for play took: 0.049770
[2022.02.19-16.04.08:821][409]LogGameMode: FindPlayerStart: PATHS NOT DEFINED or NO PLAYERSTART with positive rating
[2022.02.19-16.04.08:843][409]LogContentBrowser: Native class hierarchy updated for 'MovieSceneCapture' in 0.0007 seconds. Added 11 classes and 0 folders.
[2022.02.19-16.04.08:845][409]LogSpawn: Warning: SpawnActor failed because of collision at the spawn location [X=-23.072 Y=-64.948 Z=0.000] for [ThirdPersonCharacter_C]
[2022.02.19-16.04.08:845][409]LogGameMode: Warning: SpawnDefaultPawnAtTransform: Couldn't spawn Pawn of type ThirdPersonCharacter_C at Rotation: Pitch 0.000000 Yaw 0.000000 Roll 0.000000
Translation: 0.000000 0.000000 0.000000
Scale3D: 1.000000 1.000000 1.000000

[2022.02.19-16.04.08:849][409]PIE: /Game/Book/Maps/UEDPIE_0_Step1 에 대한 에디터에서 플레이 시작 시간: -0.565
[2022.02.19-16.04.13:806][993]LogUObjectGlobals: Destroyed PersistentFrame Addr=0x00000145615925c0, Size=296
[2022.02.19-16.04.13:806][993]LogUObjectGlobals: Destroyed PersistentFrame Addr=0x000001457b385f80, Size=64
[2022.02.19-16.04.22:337][  6]LogEditorViewport: Clicking on Actor (LMB): SphereReflectionCapture (SphereReflectionCapture)
[2022.02.19-16.04.23:656][153]LogEditorViewport: Clicking on Actor (LMB): StaticMeshActor (SM_SQUARE)
[2022.02.19-16.04.40:391][127]LogEditorViewport: Clicking on Actor (LMB): Fountain (Fountain1)
[2022.02.19-16.04.49:126][150]LogSlate: FSceneViewport::OnFocusLost() reason 2
[2022.02.19-16.04.55:778][914]LogStaticMesh: SM_Plains_Fountain_02 스태틱 메시 빌드중...
[2022.02.19-16.04.55:785][914]LogSlate: FSceneViewport::OnFocusLost() reason 2
[2022.02.19-16.04.55:798][914]LogStaticMesh: Built static mesh [0.02s] /Game/InfinityBladeGrassLands/Effects/FX_Meshes/Env/SM_Plains_Fountain_02.SM_Plains_Fountain_02
[2022.02.19-16.04.55:923][914]LogTexture: Display: 텍스처 빌드: T_Plains_Fountain_Water_01 (AutoDXT, 256X1024)
[2022.02.19-16.04.55:923][914]LogMaterial: Missing cached shader map for material M_Water_fountain_01, compiling. 
[2022.02.19-16.04.56:035][915]LogShaderCompilers: Display: Shaders left to compile 45
[2022.02.19-16.04.56:035][915]LogShaderCompilers: Display: Shaders left to compile 35
[2022.02.19-16.04.56:035][915]LogShaderCompilers: Display: Shaders left to compile 25
[2022.02.19-16.04.56:035][915]LogShaderCompilers: Display: Shaders left to compile 15
[2022.02.19-16.04.56:035][915]LogShaderCompilers: Display: Shaders left to compile 5
[2022.02.19-16.05.00:118][220]Cmd: TRANSACTION UNDO
[2022.02.19-16.05.00:119][220]LogEditorTransaction: Undo 액터 이동
[2022.02.19-16.05.03:729][432]LogSlate: FSceneViewport::OnFocusLost() reason 0
[2022.02.19-16.05.14:262][249]Cmd: TRANSACTION UNDO
[2022.02.19-16.05.14:262][249]LogEditorTransaction: Undo 위치 설정
[2022.02.19-16.05.15:134][316]Cmd: TRANSACTION UNDO
[2022.02.19-16.05.15:134][316]LogEditorTransaction: Undo 컴포넌트에 클릭 (트리 뷰)
[2022.02.19-16.05.15:786][379]Cmd: TRANSACTION UNDO
[2022.02.19-16.05.15:786][379]LogEditorTransaction: Undo Static Mesh 편집
[2022.02.19-16.05.44:501][751]LogSlate: FSceneViewport::OnFocusLost() reason 0
[2022.02.19-16.07.37:067][712]LogEditorViewport: Clicking on Actor (double click): BP_Sky_Sphere_C (Sky Sphere)
[2022.02.19-16.07.38:361][863]LogEditorViewport: Clicking on Actor (LMB): StaticMeshActor (SM_SQUARE)
[2022.02.19-16.07.38:839][912]LogEditorViewport: Clicking on Actor (LMB): StaticMeshActor (SM_SQUARE)
[2022.02.19-16.07.39:329][968]LogEditorViewport: Clicking on Actor (LMB): StaticMeshActor (SM_SQUARE)
[2022.02.19-16.07.42:815][375]LogEditorViewport: Clicking on Actor (LMB): Fountain (Fountain1)
[2022.02.19-16.07.43:887][493]LogSlate: FSceneViewport::OnFocusLost() reason 0
[2022.02.19-16.08.26:988][540]Cmd: OBJ SAVEPACKAGE PACKAGE="/Game/Book/Maps/Step1" FILE="../../../../UE4CPP/ArenaBattle/Saved/Autosaves/Game/Book/Maps/Step1_Auto2.umap" SILENT=true AUTOSAVING=true KEEPDIRTY=false
[2022.02.19-16.08.27:008][540]LogSavePackage: Save=17.90ms
[2022.02.19-16.08.27:008][540]LogSavePackage: Moving '../../../../UE4CPP/ArenaBattle/Saved/Step1_Auto2E14D68FC46FD29E365F30EA8845FC2E1.tmp' to '../../../../UE4CPP/ArenaBattle/Saved/Autosaves/Game/Book/Maps/Step1_Auto2.umap'
[2022.02.19-16.08.27:008][540]LogSavePackage: Display: Finished SavePackage ../../../../UE4CPP/ArenaBattle/Saved/Autosaves/Game/Book/Maps/Step1_Auto2.umap
[2022.02.19-16.08.27:010][540]LogFileHelpers: Editor autosave (incl. sublevels) for '/Game/Book/Maps/Step1' took 0.031
[2022.02.19-16.08.27:010][540]LogFileHelpers: Editor autosave (incl. sublevels) for all levels took 0.031
[2022.02.19-16.08.56:949][ 58]LogEditorViewport: Clicking on Actor (LMB): BP_Sky_Sphere_C (Sky Sphere)
[2022.02.19-16.09.08:004][372]LogSlate: FSceneViewport::OnFocusLost() reason 0
[2022.02.19-16.09.45:427][812]LogEditorViewport: Clicking on Component (LMB): StaticMeshComponent (BODY)
[2022.02.19-16.13.34:648][448]LogHotReload: New module detected: UE4Editor-ArenaBattle-8254.dll
[2022.02.19-16.13.35:664][452]LogHotReload: Starting Hot-Reload from IDE
[2022.02.19-16.13.36:054][452]LogHotReload: Re-instancing Fountain after hot-reload.
[2022.02.19-16.13.36:147][452]LogContentBrowser: Native class hierarchy updated for 'ArenaBattle' in 0.0007 seconds. Added 1 classes and 2 folders.
[2022.02.19-16.13.36:148][452]Display: HotReload successful (0 functions remapped  0 scriptstructs remapped)
[2022.02.19-16.13.36:292][452]LogContentBrowser: Native class hierarchy populated in 0.0079 seconds. Added 2454 classes and 562 folders.
[2022.02.19-16.13.36:297][452]Display: HotReload took  0.6s.
[2022.02.19-16.13.39:819][604]LogEditorViewport: Clicking on Actor (LMB): BP_Sky_Sphere_C (Sky Sphere)
[2022.02.19-16.13.52:140][ 69]LogEditorViewport: Clicking on Actor (LMB): Fountain (Fountain1)
[2022.02.19-16.13.53:425][213]LogSlate: FSceneViewport::OnFocusLost() reason 0
[2022.02.19-16.18.28:186][384]Cmd: OBJ SAVEPACKAGE PACKAGE="/Game/Book/Maps/Step1" FILE="../../../../UE4CPP/ArenaBattle/Saved/Autosaves/Game/Book/Maps/Step1_Auto3.umap" SILENT=true AUTOSAVING=true KEEPDIRTY=false
[2022.02.19-16.18.28:209][384]LogSavePackage: Save=20.18ms
[2022.02.19-16.18.28:209][384]LogSavePackage: Moving '../../../../UE4CPP/ArenaBattle/Saved/Step1_Auto3796492854FABA91E106DEB914A949008.tmp' to '../../../../UE4CPP/ArenaBattle/Saved/Autosaves/Game/Book/Maps/Step1_Auto3.umap'
[2022.02.19-16.18.28:210][384]LogSavePackage: Display: Finished SavePackage ../../../../UE4CPP/ArenaBattle/Saved/Autosaves/Game/Book/Maps/Step1_Auto3.umap
[2022.02.19-16.18.28:211][384]LogFileHelpers: Editor autosave (incl. sublevels) for '/Game/Book/Maps/Step1' took 0.033
[2022.02.19-16.18.28:211][384]LogFileHelpers: Editor autosave (incl. sublevels) for all levels took 0.033
[2022.02.19-16.23.33:161][299]LogHotReload: New module detected: UE4Editor-ArenaBattle-7001.dll
[2022.02.19-16.23.33:849][302]LogHotReload: Starting Hot-Reload from IDE
[2022.02.19-16.23.34:179][302]LogClass: Could not find existing class Fountain in package /Script/ArenaBattle for HotReload, assuming new class
[2022.02.19-16.23.34:183][302]LogHotReload: Re-instancing Fountain after hot-reload.
[2022.02.19-16.23.34:285][302]LogContentBrowser: Native class hierarchy updated for 'ArenaBattle' in 0.0007 seconds. Added 1 classes and 2 folders.
[2022.02.19-16.23.34:287][302]Display: HotReload successful (0 functions remapped  0 scriptstructs remapped)
[2022.02.19-16.23.34:305][302]LogContentBrowser: Native class hierarchy populated in 0.0079 seconds. Added 2454 classes and 562 folders.
[2022.02.19-16.23.34:309][302]Display: HotReload took  0.5s.
[2022.02.19-16.23.56:222][611]LogEditorViewport: Clicking on Actor (LMB): StaticMeshActor (SM_SQUARE)
[2022.02.19-16.23.59:666][ 11]LogSlate: FSceneViewport::OnFocusLost() reason 0
[2022.02.19-16.24.29:578][871]LogHotReload: New module detected: UE4Editor-ArenaBattle-7143.dll
[2022.02.19-16.24.30:264][874]LogHotReload: Starting Hot-Reload from IDE
[2022.02.19-16.24.30:671][874]LogHotReload: Re-instancing Fountain after hot-reload.
[2022.02.19-16.24.30:757][874]LogContentBrowser: Native class hierarchy updated for 'ArenaBattle' in 0.0006 seconds. Added 1 classes and 2 folders.
[2022.02.19-16.24.30:759][874]Display: HotReload successful (0 functions remapped  0 scriptstructs remapped)
[2022.02.19-16.24.30:788][874]LogContentBrowser: Native class hierarchy populated in 0.0090 seconds. Added 2454 classes and 562 folders.
[2022.02.19-16.24.30:792][874]Display: HotReload took  0.5s.
[2022.02.19-16.24.41:695][361]LogEditorViewport: Clicking on Actor (LMB): StaticMeshActor (SM_SQUARE)
[2022.02.19-16.24.43:498][564]LogEditorViewport: Clicking on Actor (LMB): Fountain (Fountain1)
[2022.02.19-16.24.45:180][751]LogSlate: FSceneViewport::OnFocusLost() reason 0
[2022.02.19-16.25.54:013][524]LogTexture: Display: 텍스처 빌드: T_Black_32 (AutoDXT, 32X32)
[2022.02.19-16.25.54:013][524]LogMaterial: Missing cached shader map for material M_Trans_Sprite_Master_DepthFade, compiling. 
[2022.02.19-16.25.54:181][524]LogTexture: Display: 텍스처 빌드: ThumbnailTexture (DXT1, 512X512)
[2022.02.19-16.25.54:181][524]LogTexture: Display: 텍스처 빌드: T_bloodTest_4X6 (AutoDXT, 1024X1024)
[2022.02.19-16.25.54:181][524]LogShaderCompilers: Display: Shaders left to compile 27
[2022.02.19-16.25.54:181][524]LogShaderCompilers: Display: Shaders left to compile 17
[2022.02.19-16.25.54:182][524]LogShaderCompilers: Display: Shaders left to compile 7
[2022.02.19-16.26.28:777][547]LogSlate: FSceneViewport::OnFocusLost() reason 0
[2022.02.19-16.26.38:068][647]LogEditorViewport: Clicking on Actor (LMB): BP_Sky_Sphere_C (Sky Sphere)
[2022.02.19-16.27.25:091][305]LogSlate: FSceneViewport::OnFocusLost() reason 0
[2022.02.19-16.28.30:097][312]Cmd: OBJ SAVEPACKAGE PACKAGE="/Game/Book/Maps/Step1" FILE="../../../../UE4CPP/ArenaBattle/Saved/Autosaves/Game/Book/Maps/Step1_Auto4.umap" SILENT=true AUTOSAVING=true KEEPDIRTY=false
[2022.02.19-16.28.30:121][312]LogSavePackage: Save=20.37ms
[2022.02.19-16.28.30:121][312]LogSavePackage: Moving '../../../../UE4CPP/ArenaBattle/Saved/Step1_Auto4F4DCD828445DFC087D601D8BAA72CFE5.tmp' to '../../../../UE4CPP/ArenaBattle/Saved/Autosaves/Game/Book/Maps/Step1_Auto4.umap'
[2022.02.19-16.28.30:122][312]LogSavePackage: Display: Finished SavePackage ../../../../UE4CPP/ArenaBattle/Saved/Autosaves/Game/Book/Maps/Step1_Auto4.umap
[2022.02.19-16.28.30:124][312]LogFileHelpers: Editor autosave (incl. sublevels) for '/Game/Book/Maps/Step1' took 0.036
[2022.02.19-16.28.30:124][312]LogFileHelpers: Editor autosave (incl. sublevels) for all levels took 0.036
[2022.02.19-16.28.31:070][315]LogHotReload: New module detected: UE4Editor-ArenaBattle-6240.dll
[2022.02.19-16.28.31:087][316]LogHotReload: Starting Hot-Reload from IDE
[2022.02.19-16.28.34:116][316]LogHotReload: Re-instancing Fountain after hot-reload.
[2022.02.19-16.28.34:196][316]LogContentBrowser: Native class hierarchy updated for 'ArenaBattle' in 0.0007 seconds. Added 1 classes and 2 folders.
[2022.02.19-16.28.34:197][316]Display: HotReload successful (0 functions remapped  0 scriptstructs remapped)
[2022.02.19-16.28.34:228][316]LogContentBrowser: Native class hierarchy populated in 0.0084 seconds. Added 2454 classes and 562 folders.
[2022.02.19-16.28.34:233][316]Display: HotReload took  3.1s.
[2022.02.19-16.29.56:969][  8]LogEditorViewport: Clicking on Actor (LMB): BP_Sky_Sphere_C (Sky Sphere)
[2022.02.19-16.30.53:836][313]LogHotReload: New module detected: UE4Editor-ArenaBattle-3512.dll
[2022.02.19-16.30.54:520][316]LogHotReload: Starting Hot-Reload from IDE
[2022.02.19-16.30.54:914][316]LogHotReload: Re-instancing Fountain after hot-reload.
[2022.02.19-16.30.54:988][316]LogContentBrowser: Native class hierarchy updated for 'ArenaBattle' in 0.0007 seconds. Added 1 classes and 2 folders.
[2022.02.19-16.30.54:989][316]Display: HotReload successful (0 functions remapped  0 scriptstructs remapped)
[2022.02.19-16.30.55:020][316]LogContentBrowser: Native class hierarchy populated in 0.0084 seconds. Added 2454 classes and 562 folders.
[2022.02.19-16.30.55:024][316]Display: HotReload took  0.5s.
[2022.02.19-16.31.28:028][415]LogSlate: FSceneViewport::OnFocusLost() reason 2
[2022.02.19-16.31.45:044][381]LogSlate: FSceneViewport::OnFocusLost() reason 0
[2022.02.19-16.32.52:248][654]Cmd: OBJ SAVEPACKAGE PACKAGE="/Game/Book/Maps/Step1" FILE="../../../../UE4CPP/ArenaBattle/Content/Book/Maps/Step1.umap" SILENT=true AUTOSAVING=false KEEPDIRTY=false
[2022.02.19-16.32.52:279][654]LogSavePackage: Save=20.24ms
[2022.02.19-16.32.52:279][654]LogSavePackage: Moving '../../../../UE4CPP/ArenaBattle/Saved/Step174AF3DD1466952EAC6766A94AE267A87.tmp' to '../../../../UE4CPP/ArenaBattle/Content/Book/Maps/Step1.umap'
[2022.02.19-16.32.52:280][654]LogSavePackage: Display: Finished SavePackage ../../../../UE4CPP/ArenaBattle/Content/Book/Maps/Step1.umap
[2022.02.19-16.32.52:294][654]Cmd: OBJ SAVEPACKAGE PACKAGE="/Game/Book/Maps/Step1_BuiltData" FILE="../../../../UE4CPP/ArenaBattle/Content/Book/Maps/Step1_BuiltData.uasset" SILENT=true
[2022.02.19-16.32.52:307][654]LogSavePackage: Save=10.14ms
[2022.02.19-16.32.52:307][654]LogSavePackage: Moving '../../../../UE4CPP/ArenaBattle/Saved/Step1_BuiltData410A463B4AB90ADA90DE5E8C54284667.tmp' to '../../../../UE4CPP/ArenaBattle/Content/Book/Maps/Step1_BuiltData.uasset'
[2022.02.19-16.32.52:308][654]LogSavePackage: Display: Finished SavePackage ../../../../UE4CPP/ArenaBattle/Content/Book/Maps/Step1_BuiltData.uasset
[2022.02.19-16.32.58:261][355]LogSlate: FSceneViewport::OnFocusLost() reason 0
[2022.02.19-16.35.23:506][747]Cmd: OBJ SAVEPACKAGE PACKAGE="/Game/Book/Maps/Step1" FILE="../../../../UE4CPP/ArenaBattle/Content/Book/Maps/Step1.umap" SILENT=true AUTOSAVING=false KEEPDIRTY=false
[2022.02.19-16.35.23:535][747]LogSavePackage: Save=19.30ms
[2022.02.19-16.35.23:535][747]LogSavePackage: Moving '../../../../UE4CPP/ArenaBattle/Saved/Step1C6E1A02748FDA2D7697A3F8A49FEA663.tmp' to '../../../../UE4CPP/ArenaBattle/Content/Book/Maps/Step1.umap'
[2022.02.19-16.35.23:536][747]LogSavePackage: Display: Finished SavePackage ../../../../UE4CPP/ArenaBattle/Content/Book/Maps/Step1.umap
[2022.02.19-16.35.23:548][747]Cmd: OBJ SAVEPACKAGE PACKAGE="/Game/Book/Maps/Step1_BuiltData" FILE="../../../../UE4CPP/ArenaBattle/Content/Book/Maps/Step1_BuiltData.uasset" SILENT=true
[2022.02.19-16.35.23:557][747]LogSavePackage: Save=7.18ms
[2022.02.19-16.35.23:557][747]LogSavePackage: Moving '../../../../UE4CPP/ArenaBattle/Saved/Step1_BuiltData99A7A7C34A062D93199AE788A03D3504.tmp' to '../../../../UE4CPP/ArenaBattle/Content/Book/Maps/Step1_BuiltData.uasset'
[2022.02.19-16.35.23:558][747]LogSavePackage: Display: Finished SavePackage ../../../../UE4CPP/ArenaBattle/Content/Book/Maps/Step1_BuiltData.uasset
[2022.02.19-16.35.24:768][886]LogSlate: Window 'ArenaBattle - 언리얼 에디터' being destroyed
[2022.02.19-16.35.24:772][886]LogWindowsTextInputMethodSystem: Display: IME system now activated using TSF (Microsoft 입력기).
[2022.02.19-16.35.24:984][887]Cmd: QUIT_EDITOR
[2022.02.19-16.35.25:852][887]LogSlate: Slate User Destroyed.  User Index 0, Is Virtual User: 0
[2022.02.19-16.35.25:852][887]LogExit: Preparing to exit.
[2022.02.19-16.35.26:593][887]LogDirectoryWatcher: A directory notification for 'D:/UE4CPP/ArenaBattle/Content/' was aborted.
[2022.02.19-16.35.26:635][887]LogExit: Editor shut down
[2022.02.19-16.35.26:658][887]LogExit: Transaction tracking system shut down
[2022.02.19-16.35.26:659][887]LogUObjectGlobals: Destroyed PersistentFrame Addr=0x00000145330913f0, Size=72
[2022.02.19-16.35.26:661][887]LogUObjectGlobals: Destroyed PersistentFrame Addr=0x0000014561593b00, Size=296
[2022.02.19-16.35.26:730][887]LogDirectoryWatcher: A directory notification for '../../../Engine/Content/' was aborted.
[2022.02.19-16.35.26:730][887]LogDirectoryWatcher: A directory notification for '../../../../UE4CPP/ArenaBattle/Content/' was aborted.
[2022.02.19-16.35.26:730][887]LogDirectoryWatcher: A directory notification for '../../Plugins/2D/Paper2D/Content/' was aborted.
[2022.02.19-16.35.26:730][887]LogDirectoryWatcher: A directory notification for '../../Plugins/Enterprise/DatasmithContent/Content/' was aborted.
[2022.02.19-16.35.26:730][887]LogDirectoryWatcher: A directory notification for '../../Plugins/Media/MediaCompositing/Content/' was aborted.
[2022.02.19-16.35.26:730][887]LogDirectoryWatcher: A directory notification for '../../Plugins/Runtime/AppleARKit/Content/' was aborted.
[2022.02.19-16.35.26:730][887]LogDirectoryWatcher: A directory notification for '../../Plugins/Runtime/Oculus/OculusVR/Content/' was aborted.
[2022.02.19-16.35.26:730][887]LogDirectoryWatcher: A directory notification for '../../Plugins/Runtime/Steam/SteamVR/Content/' was aborted.
[2022.02.19-16.35.26:816][887]LogExit: Object subsystem successfully closed.
[2022.02.19-16.35.26:841][887]LogShaderCompilers: Display: Shaders left to compile 0
[2022.02.19-16.35.26:846][887]LogD3D11RHI: Shutdown
[2022.02.19-16.35.26:846][887]LogD3D11RHI: CleanupD3DDevice
[2022.02.19-16.35.26:851][887]LogD3D11RHI: ~FD3D11DynamicRHI
[2022.02.19-16.35.26:859][887]LogModuleManager: Shutting down and abandoning module ArenaBattle (587)
[2022.02.19-16.35.26:859][887]LogModuleManager: Shutting down and abandoning module MovieSceneCapture (582)
[2022.02.19-16.35.26:859][887]LogModuleManager: Shutting down and abandoning module HierarchicalLODUtilities (580)
[2022.02.19-16.35.26:859][887]LogModuleManager: Shutting down and abandoning module HierarchicalLODOutliner (576)
[2022.02.19-16.35.26:859][887]LogModuleManager: Shutting down and abandoning module DesktopPlatform (574)
[2022.02.19-16.35.26:859][887]LogModuleManager: Shutting down and abandoning module SceneOutliner (572)
[2022.02.19-16.35.26:859][887]LogModuleManager: Shutting down and abandoning module AddContentDialog (570)
[2022.02.19-16.35.26:859][887]LogDirectoryWatcher: A directory notification for 'D:/UE_4.19/FeaturePacks/' was aborted.
[2022.02.19-16.35.26:863][887]LogModuleManager: Shutting down and abandoning module WidgetCarousel (569)
[2022.02.19-16.35.26:863][887]LogModuleManager: Shutting down and abandoning module EditorWidgets (566)
[2022.02.19-16.35.26:863][887]LogModuleManager: Shutting down and abandoning module CollectionManager (564)
[2022.02.19-16.35.26:863][887]LogDirectoryWatcher: A directory notification for 'D:/UE4CPP/ArenaBattle/Content/Collections/' was aborted.
[2022.02.19-16.35.26:863][887]LogDirectoryWatcher: A directory notification for 'D:/UE4CPP/ArenaBattle/Content/Developers/guldd/Collections/' was aborted.
[2022.02.19-16.35.26:863][887]LogDirectoryWatcher: A directory notification for 'D:/UE4CPP/ArenaBattle/Saved/Collections/' was aborted.
[2022.02.19-16.35.26:864][887]LogModuleManager: Shutting down and abandoning module StatsViewer (562)
[2022.02.19-16.35.26:864][887]LogModuleManager: Shutting down and abandoning module FoliageEdit (560)
[2022.02.19-16.35.26:864][887]LogModuleManager: Shutting down and abandoning module LandscapeEditor (558)
[2022.02.19-16.35.26:864][887]LogModuleManager: Shutting down and abandoning module MeshPaintMode (556)
[2022.02.19-16.35.26:864][887]LogModuleManager: Shutting down and abandoning module SceneDepthPickerMode (554)
[2022.02.19-16.35.26:864][887]LogModuleManager: Shutting down and abandoning module ActorPickerMode (552)
[2022.02.19-16.35.26:864][887]LogModuleManager: Shutting down and abandoning module GeometryMode (550)
[2022.02.19-16.35.26:864][887]LogModuleManager: Shutting down and abandoning module TextureAlignMode (548)
[2022.02.19-16.35.26:864][887]LogModuleManager: Shutting down and abandoning module BspMode (546)
[2022.02.19-16.35.26:864][887]LogModuleManager: Shutting down and abandoning module PIEPreviewDeviceProfileSelector (544)
[2022.02.19-16.35.26:864][887]LogModuleManager: Shutting down and abandoning module HardwareSurvey (542)
[2022.02.19-16.35.26:864][887]LogModuleManager: Shutting down and abandoning module SequenceRecorderSections (540)
[2022.02.19-16.35.26:864][887]LogModuleManager: Shutting down and abandoning module AutomationWorker (538)
[2022.02.19-16.35.26:864][887]LogModuleManager: Shutting down and abandoning module AudioCaptureEditor (536)
[2022.02.19-16.35.26:864][887]LogModuleManager: Shutting down and abandoning module SequenceRecorder (535)
[2022.02.19-16.35.26:864][887]LogModuleManager: Shutting down and abandoning module MatineeToLevelSequence (532)
[2022.02.19-16.35.26:864][887]LogModuleManager: Shutting down and abandoning module LevelSequenceEditor (530)
[2022.02.19-16.35.26:864][887]LogModuleManager: Shutting down and abandoning module PlacementMode (529)
[2022.02.19-16.35.26:864][887]LogModuleManager: Shutting down and abandoning module MaterialEditor (528)
[2022.02.19-16.35.26:864][887]LogModuleManager: Shutting down and abandoning module WmfMediaFactory (524)
[2022.02.19-16.35.26:864][887]LogModuleManager: Shutting down and abandoning module WmfMediaEditor (522)
[2022.02.19-16.35.26:864][887]LogModuleManager: Shutting down and abandoning module MediaPlayerEditor (520)
[2022.02.19-16.35.26:864][887]LogModuleManager: Shutting down and abandoning module OpenExrWrapper (518)
[2022.02.19-16.35.26:864][887]LogModuleManager: Shutting down and abandoning module ImgMediaFactory (516)
[2022.02.19-16.35.26:864][887]LogModuleManager: Shutting down and abandoning module ImgMediaEditor (514)
[2022.02.19-16.35.26:864][887]LogModuleManager: Shutting down and abandoning module AvfMediaFactory (512)
[2022.02.19-16.35.26:864][887]LogModuleManager: Shutting down and abandoning module AvfMediaEditor (510)
[2022.02.19-16.35.26:864][887]LogModuleManager: Shutting down and abandoning module AndroidMediaFactory (508)
[2022.02.19-16.35.26:864][887]LogModuleManager: Shutting down and abandoning module AndroidMediaEditor (506)
[2022.02.19-16.35.26:864][887]LogModuleManager: Shutting down and abandoning module CharacterAI (504)
[2022.02.19-16.35.26:864][887]LogModuleManager: Shutting down and abandoning module SmartSnapping (502)
[2022.02.19-16.35.26:864][887]LogModuleManager: Shutting down and abandoning module SessionServices (500)
[2022.02.19-16.35.26:864][887]LogModuleManager: Shutting down and abandoning module ViewportSnapping (498)
[2022.02.19-16.35.26:864][887]LogModuleManager: Shutting down and abandoning module ViewportInteraction (496)
[2022.02.19-16.35.26:864][887]LogModuleManager: Shutting down and abandoning module ClothPainter (494)
[2022.02.19-16.35.26:865][887]LogModuleManager: Shutting down and abandoning module SkeletalMeshEditor (493)
[2022.02.19-16.35.26:865][887]LogModuleManager: Shutting down and abandoning module LogVisualizer (490)
[2022.02.19-16.35.26:865][887]LogModuleManager: Shutting down and abandoning module IntroTutorials (488)
[2022.02.19-16.35.26:865][887]LogModuleManager: Shutting down and abandoning module GameProjectGeneration (487)
[2022.02.19-16.35.26:865][887]LogModuleManager: Shutting down and abandoning module IOSPlatformEditor (484)
[2022.02.19-16.35.26:865][887]LogModuleManager: Shutting down and abandoning module HTML5PlatformEditor (482)
[2022.02.19-16.35.26:865][887]LogModuleManager: Shutting down and abandoning module AndroidPlatformEditor (480)
[2022.02.19-16.35.26:865][887]LogModuleManager: Shutting down and abandoning module AndroidDeviceDetection (479)
[2022.02.19-16.35.27:503][887]LogModuleManager: Shutting down and abandoning module WindowsPlatformEditor (476)
[2022.02.19-16.35.27:503][887]LogModuleManager: Shutting down and abandoning module IOSRuntimeSettings (474)
[2022.02.19-16.35.27:503][887]LogModuleManager: Shutting down and abandoning module AndroidRuntimeSettings (472)
[2022.02.19-16.35.27:503][887]LogModuleManager: Shutting down and abandoning module InputBindingEditor (470)
[2022.02.19-16.35.27:503][887]LogModuleManager: Shutting down and abandoning module MergeActors (468)
[2022.02.19-16.35.27:503][887]LogModuleManager: Shutting down and abandoning module LocalizationDashboard (466)
[2022.02.19-16.35.27:503][887]LogModuleManager: Shutting down and abandoning module LocalizationService (465)
[2022.02.19-16.35.27:503][887]LogModuleManager: Shutting down and abandoning module HardwareTargeting (462)
[2022.02.19-16.35.27:503][887]LogModuleManager: Shutting down and abandoning module DeviceProfileEditor (460)
[2022.02.19-16.35.27:504][887]LogModuleManager: Shutting down and abandoning module UndoHistory (458)
[2022.02.19-16.35.27:504][887]LogModuleManager: Shutting down and abandoning module XmlParser (456)
[2022.02.19-16.35.27:504][887]LogModuleManager: Shutting down and abandoning module Blutility (454)
[2022.02.19-16.35.27:504][887]LogModuleManager: Shutting down and abandoning module ProjectSettingsViewer (452)
[2022.02.19-16.35.27:504][887]LogModuleManager: Shutting down and abandoning module ProjectTargetPlatformEditor (451)
[2022.02.19-16.35.27:504][887]LogModuleManager: Shutting down and abandoning module EditorSettingsViewer (448)
[2022.02.19-16.35.27:504][887]LogModuleManager: Shutting down and abandoning module SettingsEditor (446)
[2022.02.19-16.35.27:504][887]LogModuleManager: Shutting down and abandoning module ProjectLauncher (444)
[2022.02.19-16.35.27:504][887]LogModuleManager: Shutting down and abandoning module SessionFrontend (442)
[2022.02.19-16.35.27:504][887]LogModuleManager: Shutting down and abandoning module ProfilerClient (440)
[2022.02.19-16.35.27:504][887]LogModuleManager: Shutting down and abandoning module DeviceManager (438)
[2022.02.19-16.35.27:504][887]LogModuleManager: Shutting down and abandoning module TargetDeviceServices (437)
[2022.02.19-16.35.27:548][887]LogModuleManager: Shutting down and abandoning module AutomationController (434)
[2022.02.19-16.35.27:548][887]LogModuleManager: Shutting down and abandoning module AutomationWindow (432)
[2022.02.19-16.35.27:548][887]LogModuleManager: Shutting down and abandoning module Layers (430)
[2022.02.19-16.35.27:548][887]LogModuleManager: Shutting down and abandoning module ComponentVisualizers (428)
[2022.02.19-16.35.27:548][887]LogModuleManager: Shutting down and abandoning module DetailCustomizations (426)
[2022.02.19-16.35.27:548][887]LogModuleManager: Shutting down and abandoning module PackagesDialog (424)
[2022.02.19-16.35.27:548][887]LogModuleManager: Shutting down and abandoning module Persona (422)
[2022.02.19-16.35.27:548][887]LogModuleManager: Shutting down and abandoning module AdvancedPreviewScene (421)
[2022.02.19-16.35.27:548][887]LogModuleManager: Shutting down and abandoning module AnimGraph (419)
[2022.02.19-16.35.27:548][887]LogModuleManager: Shutting down and abandoning module Kismet (416)
[2022.02.19-16.35.27:548][887]LogModuleManager: Shutting down and abandoning module GraphEditor (414)
[2022.02.19-16.35.27:549][887]LogModuleManager: Shutting down and abandoning module ClassViewer (412)
[2022.02.19-16.35.27:549][887]LogModuleManager: Shutting down and abandoning module Toolbox (410)
[2022.02.19-16.35.27:549][887]LogModuleManager: Shutting down and abandoning module ModuleUI (408)
[2022.02.19-16.35.27:549][887]LogModuleManager: Shutting down and abandoning module MovieSceneTools (406)
[2022.02.19-16.35.27:549][887]LogModuleManager: Shutting down and abandoning module OutputLog (404)
[2022.02.19-16.35.27:549][887]LogModuleManager: Shutting down and abandoning module GammaUI (402)
[2022.02.19-16.35.27:549][887]LogModuleManager: Shutting down and abandoning module Documentation (400)
[2022.02.19-16.35.27:549][887]LogModuleManager: Shutting down and abandoning module MovieSceneTracks (398)
[2022.02.19-16.35.27:549][887]LogModuleManager: Shutting down and abandoning module MovieScene (396)
[2022.02.19-16.35.27:549][887]LogModuleManager: Shutting down and abandoning module StreamingPauseRendering (394)
[2022.02.19-16.35.27:549][887]LogModuleManager: Shutting down and abandoning module LauncherPlatform (392)
[2022.02.19-16.35.27:549][887]LogModuleManager: Shutting down and abandoning module AnalyticsET (390)
[2022.02.19-16.35.27:549][887]LogModuleManager: Shutting down and abandoning module PortalServices (388)
[2022.02.19-16.35.27:549][887]LogModuleManager: Shutting down and abandoning module PortalRpc (386)
[2022.02.19-16.35.27:549][887]LogModuleManager: Shutting down and abandoning module MessagingRpc (384)
[2022.02.19-16.35.27:549][887]LogModuleManager: Shutting down and abandoning module AIModule (382)
[2022.02.19-16.35.27:549][887]LogModuleManager: Shutting down and abandoning module GameplayDebugger (381)
[2022.02.19-16.35.27:549][887]LogModuleManager: Shutting down and abandoning module AITestSuite (379)
[2022.02.19-16.35.27:549][887]LogModuleManager: Shutting down and abandoning module ProfilerService (376)
[2022.02.19-16.35.27:794][887]LogModuleManager: Shutting down and abandoning module TaskGraph (374)
[2022.02.19-16.35.27:794][887]LogModuleManager: Shutting down and abandoning module SteamVRController (372)
[2022.02.19-16.35.27:794][887]LogModuleManager: Shutting down and abandoning module ProceduralMeshComponentEditor (370)
[2022.02.19-16.35.27:794][887]LogModuleManager: Shutting down and abandoning module ProceduralMeshComponent (368)
[2022.02.19-16.35.27:794][887]LogModuleManager: Shutting down and abandoning module OculusInput (366)
[2022.02.19-16.35.27:794][887]LogModuleManager: Shutting down and abandoning module MobilePatchingUtils (364)
[2022.02.19-16.35.27:794][887]LogModuleManager: Shutting down and abandoning module CustomMeshComponent (362)
[2022.02.19-16.35.27:794][887]LogModuleManager: Shutting down and abandoning module CableComponent (360)
[2022.02.19-16.35.27:794][887]LogModuleManager: Shutting down and abandoning module AudioCapture (358)
[2022.02.19-16.35.27:794][887]LogModuleManager: Shutting down and abandoning module ArchVisCharacter (356)
[2022.02.19-16.35.27:794][887]LogModuleManager: Shutting down and abandoning module AndroidPermission (354)
[2022.02.19-16.35.27:794][887]LogModuleManager: Shutting down and abandoning module NUTUnrealEngine4 (350)
[2022.02.19-16.35.27:794][887]LogModuleManager: Shutting down and abandoning module NetcodeUnitTest (348)
[2022.02.19-16.35.27:794][887]LogModuleManager: Shutting down and abandoning module MediaCompositingEditor (346)
[2022.02.19-16.35.27:794][887]LogModuleManager: Shutting down and abandoning module MediaCompositing (344)
[2022.02.19-16.35.27:794][887]LogModuleManager: Shutting down and abandoning module LinearTimecode (342)
[2022.02.19-16.35.27:794][887]LogModuleManager: Shutting down and abandoning module ImgMedia (340)
[2022.02.19-16.35.27:797][887]LogModuleManager: Shutting down and abandoning module HTML5Networking (338)
[2022.02.19-16.35.27:797][887]LogModuleManager: Shutting down and abandoning module AlembicImporter (336)
[2022.02.19-16.35.27:797][887]LogModuleManager: Shutting down and abandoning module AlembicLibrary (335)
[2022.02.19-16.35.27:797][887]LogModuleManager: Shutting down and abandoning module GeometryCache (334)
[2022.02.19-16.35.27:797][887]LogModuleManager: Shutting down and abandoning module GeometryCacheEd (333)
[2022.02.19-16.35.27:797][887]LogModuleManager: Shutting down and abandoning module DatasmithContent (328)
[2022.02.19-16.35.27:797][887]LogModuleManager: Shutting down and abandoning module SpeedTreeImporter (326)
[2022.02.19-16.35.27:797][887]LogModuleManager: Shutting down and abandoning module PluginBrowser (324)
[2022.02.19-16.35.27:798][887]LogModuleManager: Shutting down and abandoning module MobileLauncherProfileWizard (322)
[2022.02.19-16.35.27:798][887]LogModuleManager: Shutting down and abandoning module CryptoKeysOpenSSL (320)
[2022.02.19-16.35.27:798][887]LogModuleManager: Shutting down and abandoning module CryptoKeys (318)
[2022.02.19-16.35.27:798][887]LogModuleManager: Shutting down and abandoning module VisualStudioSourceCodeAccess (316)
[2022.02.19-16.35.27:798][887]LogModuleManager: Shutting down and abandoning module VisualStudioCodeSourceCodeAccess (314)
[2022.02.19-16.35.27:798][887]LogModuleManager: Shutting down and abandoning module UObjectPlugin (312)
[2022.02.19-16.35.27:798][887]LogModuleManager: Shutting down and abandoning module SubversionSourceControl (310)
[2022.02.19-16.35.27:798][887]LogModuleManager: Shutting down and abandoning module PerforceSourceControl (308)
[2022.02.19-16.35.27:798][887]LogModuleManager: Shutting down and abandoning module GitSourceControl (306)
[2022.02.19-16.35.27:798][887]LogModuleManager: Shutting down and abandoning module SourceControl (305)
[2022.02.19-16.35.27:798][887]LogModuleManager: Shutting down and abandoning module CLionSourceCodeAccess (302)
[2022.02.19-16.35.27:798][887]LogModuleManager: Shutting down and abandoning module LightPropagationVolumeEditor (300)
[2022.02.19-16.35.27:798][887]LogModuleManager: Shutting down and abandoning module PaperTiledImporter (298)
[2022.02.19-16.35.27:798][887]LogModuleManager: Shutting down and abandoning module PaperSpriteSheetImporter (296)
[2022.02.19-16.35.27:798][887]LogModuleManager: Shutting down and abandoning module Paper2DEditor (294)
[2022.02.19-16.35.27:798][887]LogModuleManager: Shutting down and abandoning module MeshPaint (293)
[2022.02.19-16.35.27:798][887]LogModuleManager: Shutting down and abandoning module RuntimePhysXCooking (288)
[2022.02.19-16.35.27:798][887]LogModuleManager: Shutting down and abandoning module PhysXVehiclesEditor (286)
[2022.02.19-16.35.27:798][887]LogModuleManager: Shutting down and abandoning module PhysXVehicles (284)
[2022.02.19-16.35.27:798][887]LogModuleManager: Shutting down and abandoning module OculusEditor (282)
[2022.02.19-16.35.27:798][887]LogModuleManager: Shutting down and abandoning module LocationServicesBPLibrary (280)
[2022.02.19-16.35.27:798][887]LogModuleManager: Shutting down and abandoning module ImmediatePhysicsEditor (278)
[2022.02.19-16.35.27:798][887]LogModuleManager: Shutting down and abandoning module ImmediatePhysics (276)
[2022.02.19-16.35.27:798][887]LogModuleManager: Shutting down and abandoning module ActorSequence (274)
[2022.02.19-16.35.27:798][887]LogModuleManager: Shutting down and abandoning module UdpMessaging (272)
[2022.02.19-16.35.27:900][887]LogModuleManager: Shutting down and abandoning module TcpMessaging (270)
[2022.02.19-16.35.28:001][887]LogModuleManager: Shutting down and abandoning module GameplayTagsEditor (268)
[2022.02.19-16.35.28:001][887]LogModuleManager: Shutting down and abandoning module FacialAnimationEditor (266)
[2022.02.19-16.35.28:001][887]LogModuleManager: Shutting down and abandoning module FacialAnimation (264)
[2022.02.19-16.35.28:001][887]LogModuleManager: Shutting down and abandoning module DataValidation (262)
[2022.02.19-16.35.28:001][887]LogModuleManager: Shutting down and abandoning module AssetManagerEditor (260)
[2022.02.19-16.35.28:001][887]LogModuleManager: Shutting down and abandoning module LevelEditor (259)
[2022.02.19-16.35.28:002][887]LogModuleManager: Shutting down and abandoning module PixelInspectorModule (258)
[2022.02.19-16.35.28:002][887]LogModuleManager: Shutting down and abandoning module CommonMenuExtensions (256)
[2022.02.19-16.35.28:002][887]LogModuleManager: Shutting down and abandoning module MainFrame (254)
[2022.02.19-16.35.28:002][887]LogModuleManager: Shutting down and abandoning module HotReload (253)
[2022.02.19-16.35.28:003][887]LogDirectoryWatcher: A directory notification for 'D:/UE4CPP/ArenaBattle/Binaries/Win64' was aborted.
[2022.02.19-16.35.28:003][887]LogModuleManager: Shutting down and abandoning module ContentBrowser (249)
[2022.02.19-16.35.28:004][887]LogModuleManager: Shutting down and abandoning module TreeMap (247)
[2022.02.19-16.35.28:004][887]LogModuleManager: Shutting down and abandoning module LightPropagationVolumeRuntime (244)
[2022.02.19-16.35.28:004][887]LogModuleManager: Shutting down and abandoning module LiveLinkEditor (242)
[2022.02.19-16.35.28:004][887]LogModuleManager: Shutting down and abandoning module LiveLink (240)
[2022.02.19-16.35.28:535][887]LogModuleManager: Shutting down and abandoning module Paper2D (238)
[2022.02.19-16.35.28:535][887]LogModuleManager: Shutting down and abandoning module WindowsMoviePlayer (236)
[2022.02.19-16.35.28:536][887]LogModuleManager: Shutting down and abandoning module WmfMedia (234)
[2022.02.19-16.35.28:536][887]LogModuleManager: Shutting down and abandoning module Media (233)
[2022.02.19-16.35.28:543][887]LogModuleManager: Shutting down and abandoning module PacketHandler (230)
[2022.02.19-16.35.28:543][887]LogModuleManager: Shutting down and abandoning module ClothingSystemEditor (228)
[2022.02.19-16.35.28:543][887]LogModuleManager: Shutting down and abandoning module ClothingSystemRuntime (226)
[2022.02.19-16.35.28:544][887]LogModuleManager: Shutting down and abandoning module MediaAssets (224)
[2022.02.19-16.35.28:544][887]LogModuleManager: Shutting down and abandoning module Overlay (222)
[2022.02.19-16.35.28:544][887]LogModuleManager: Shutting down and abandoning module OverlayEditor (221)
[2022.02.19-16.35.28:544][887]LogModuleManager: Shutting down and abandoning module VREditor (218)
[2022.02.19-16.35.28:544][887]LogModuleManager: Shutting down and abandoning module StringTableEditor (216)
[2022.02.19-16.35.28:544][887]LogModuleManager: Shutting down and abandoning module GameplayTasksEditor (214)
[2022.02.19-16.35.28:544][887]LogModuleManager: Shutting down and abandoning module BehaviorTreeEditor (212)
[2022.02.19-16.35.28:544][887]LogModuleManager: Shutting down and abandoning module FunctionalTesting (210)
[2022.02.19-16.35.28:544][887]LogModuleManager: Shutting down and abandoning module CollisionAnalyzer (208)
[2022.02.19-16.35.28:544][887]LogModuleManager: Shutting down and abandoning module WorkspaceMenuStructure (207)
[2022.02.19-16.35.28:544][887]LogModuleManager: Shutting down and abandoning module UMG (204)
[2022.02.19-16.35.28:544][887]LogModuleManager: Shutting down and abandoning module UMGEditor (203)
[2022.02.19-16.35.28:544][887]LogModuleManager: Shutting down and abandoning module Sequencer (202)
[2022.02.19-16.35.28:544][887]LogModuleManager: Shutting down and abandoning module MessageLog (199)
[2022.02.19-16.35.28:544][887]LogModuleManager: Shutting down and abandoning module SlateReflector (194)
[2022.02.19-16.35.28:544][887]LogModuleManager: Shutting down and abandoning module Slate (192)
[2022.02.19-16.35.28:544][887]LogModuleManager: Shutting down and abandoning module EditorStyle (190)
[2022.02.19-16.35.28:546][887]LogModuleManager: Shutting down and abandoning module MRMesh (188)
[2022.02.19-16.35.28:546][887]LogModuleManager: Shutting down and abandoning module SourceCodeAccess (186)
[2022.02.19-16.35.28:546][887]LogModuleManager: Shutting down and abandoning module HeadMountedDisplay (184)
[2022.02.19-16.35.28:546][887]LogModuleManager: Shutting down and abandoning module XAudio2 (182)
[2022.02.19-16.35.28:546][887]LogModuleManager: Shutting down and abandoning module Networking (180)
[2022.02.19-16.35.28:546][887]LogModuleManager: Shutting down and abandoning module Core (178)
[2022.02.19-16.35.28:546][887]LogModuleManager: Shutting down and abandoning module LevelSequence (176)
[2022.02.19-16.35.28:546][887]LogModuleManager: Shutting down and abandoning module KismetCompiler (174)
[2022.02.19-16.35.28:546][887]LogModuleManager: Shutting down and abandoning module MeshUtilities (172)
[2022.02.19-16.35.28:546][887]LogModuleManager: Shutting down and abandoning module MeshMergeUtilities (171)
[2022.02.19-16.35.28:546][887]LogModuleManager: Shutting down and abandoning module MeshReductionInterface (170)
[2022.02.19-16.35.28:546][887]LogModuleManager: Shutting down and abandoning module SimplygonSwarm (169)
[2022.02.19-16.35.28:546][887]LogModuleManager: Shutting down and abandoning module SimplygonMeshReduction (167)
[2022.02.19-16.35.28:546][887]LogModuleManager: Shutting down and abandoning module QuadricMeshReduction (165)
[2022.02.19-16.35.28:546][887]LogModuleManager: Shutting down and abandoning module MaterialBaking (161)
[2022.02.19-16.35.28:546][887]LogModuleManager: Shutting down and abandoning module DirectoryWatcher (157)
[2022.02.19-16.35.28:548][887]LogModuleManager: Shutting down and abandoning module DerivedDataCache (154)
[2022.02.19-16.35.28:588][887]LogDerivedDataCache: Shutdown
[2022.02.19-16.35.28:588][887]LogModuleManager: Shutting down and abandoning module XGEController (152)
[2022.02.19-16.35.28:588][887]LogModuleManager: Shutting down and abandoning module TargetPlatform (150)
[2022.02.19-16.35.28:589][887]LogModuleManager: Shutting down and abandoning module VulkanShaderFormat (149)
[2022.02.19-16.35.28:589][887]LogModuleManager: Shutting down and abandoning module ShaderFormatVectorVM (147)
[2022.02.19-16.35.28:589][887]LogModuleManager: Shutting down and abandoning module ShaderFormatOpenGL (145)
[2022.02.19-16.35.28:589][887]LogModuleManager: Shutting down and abandoning module ShaderFormatD3D (143)
[2022.02.19-16.35.28:589][887]LogModuleManager: Shutting down and abandoning module MetalShaderFormat (141)
[2022.02.19-16.35.28:589][887]LogModuleManager: Shutting down and abandoning module TextureFormatUncompressed (139)
[2022.02.19-16.35.28:589][887]LogModuleManager: Shutting down and abandoning module TextureFormatPVR (137)
[2022.02.19-16.35.28:589][887]LogModuleManager: Shutting down and abandoning module TextureFormatDXT (135)
[2022.02.19-16.35.28:589][887]LogModuleManager: Shutting down and abandoning module TextureFormatIntelISPCTexComp (133)
[2022.02.19-16.35.28:589][887]LogModuleManager: Shutting down and abandoning module TextureFormatASTC (131)
[2022.02.19-16.35.28:589][887]LogModuleManager: Shutting down and abandoning module ImageWrapper (130)
[2022.02.19-16.35.28:589][887]LogModuleManager: Shutting down and abandoning module TextureFormatAndroid (127)
[2022.02.19-16.35.28:589][887]LogModuleManager: Shutting down and abandoning module AudioFormatOpus (125)
[2022.02.19-16.35.28:589][887]LogModuleManager: Shutting down and abandoning module AudioFormatOgg (123)
[2022.02.19-16.35.28:589][887]LogModuleManager: Shutting down and abandoning module AudioFormatADPCM (121)
[2022.02.19-16.35.28:589][887]LogModuleManager: Shutting down and abandoning module LinuxTargetPlatform (119)
[2022.02.19-16.35.28:589][887]LogModuleManager: Shutting down and abandoning module LinuxServerTargetPlatform (117)
[2022.02.19-16.35.28:589][887]LogModuleManager: Shutting down and abandoning module LinuxNoEditorTargetPlatform (115)
[2022.02.19-16.35.28:589][887]LogModuleManager: Shutting down and abandoning module LinuxClientTargetPlatform (113)
[2022.02.19-16.35.28:589][887]LogModuleManager: Shutting down and abandoning module TVOSTargetPlatform (111)
[2022.02.19-16.35.28:589][887]LogModuleManager: Shutting down and abandoning module Messaging (109)
[2022.02.19-16.35.28:589][887]LogModuleManager: Shutting down and abandoning module IOSTargetPlatform (107)
[2022.02.19-16.35.28:589][887]LogModuleManager: Shutting down and abandoning module HTML5TargetPlatform (105)
[2022.02.19-16.35.28:589][887]LogModuleManager: Shutting down and abandoning module AndroidTargetPlatform (103)
[2022.02.19-16.35.28:589][887]LogModuleManager: Shutting down and abandoning module Android_PVRTCTargetPlatform (101)
[2022.02.19-16.35.28:589][887]LogModuleManager: Shutting down and abandoning module Android_MultiTargetPlatform (99)
[2022.02.19-16.35.28:589][887]LogModuleManager: Shutting down and abandoning module Android_ETC2TargetPlatform (97)
[2022.02.19-16.35.28:589][887]LogModuleManager: Shutting down and abandoning module Android_ETC1TargetPlatform (95)
[2022.02.19-16.35.28:589][887]LogModuleManager: Shutting down and abandoning module Android_ETC1aTargetPlatform (93)
[2022.02.19-16.35.28:589][887]LogModuleManager: Shutting down and abandoning module Android_DXTTargetPlatform (91)
[2022.02.19-16.35.28:589][887]LogModuleManager: Shutting down and abandoning module Android_ATCTargetPlatform (89)
[2022.02.19-16.35.28:589][887]LogModuleManager: Shutting down and abandoning module Android_ASTCTargetPlatform (87)
[2022.02.19-16.35.28:589][887]LogModuleManager: Shutting down and abandoning module WindowsTargetPlatform (85)
[2022.02.19-16.35.28:589][887]LogModuleManager: Shutting down and abandoning module WindowsServerTargetPlatform (83)
[2022.02.19-16.35.28:589][887]LogModuleManager: Shutting down and abandoning module WindowsNoEditorTargetPlatform (81)
[2022.02.19-16.35.28:589][887]LogModuleManager: Shutting down and abandoning module WindowsClientTargetPlatform (79)
[2022.02.19-16.35.28:589][887]LogModuleManager: Shutting down and abandoning module MacTargetPlatform (77)
[2022.02.19-16.35.28:590][887]LogModuleManager: Shutting down and abandoning module MacServerTargetPlatform (75)
[2022.02.19-16.35.28:590][887]LogModuleManager: Shutting down and abandoning module MacNoEditorTargetPlatform (73)
[2022.02.19-16.35.28:590][887]LogModuleManager: Shutting down and abandoning module MacClientTargetPlatform (71)
[2022.02.19-16.35.28:590][887]LogModuleManager: Shutting down and abandoning module AllDesktopTargetPlatform (69)
[2022.02.19-16.35.28:590][887]LogModuleManager: Shutting down and abandoning module InputCore (66)
[2022.02.19-16.35.28:590][887]LogModuleManager: Shutting down and abandoning module Settings (64)
[2022.02.19-16.35.28:590][887]LogModuleManager: Shutting down and abandoning module PhysXCooking (62)
[2022.02.19-16.35.28:590][887]LogModuleManager: Shutting down and abandoning module SteamVR (60)
[2022.02.19-16.35.28:590][887]LogModuleManager: Shutting down and abandoning module OculusHMD (58)
[2022.02.19-16.35.28:590][887]LogModuleManager: Shutting down and abandoning module ExampleDeviceProfileSelector (56)
[2022.02.19-16.35.28:590][887]LogModuleManager: Shutting down and abandoning module AppleARKit (54)
[2022.02.19-16.35.28:590][887]LogModuleManager: Shutting down and abandoning module AugmentedReality (51)
[2022.02.19-16.35.28:590][887]LogModuleManager: Shutting down and abandoning module OnlineBlueprintSupport (48)
[2022.02.19-16.35.28:590][887]LogModuleManager: Shutting down and abandoning module OnlineSubsystem (44)
[2022.02.19-16.35.28:590][887]LogModuleManager: Shutting down and abandoning module XMPP (43)
[2022.02.19-16.35.28:590][887]LogModuleManager: Shutting down and abandoning module HTTP (41)
[2022.02.19-16.35.28:590][887]LogHttp: Display: Http module shutting down, but needs to wait on 1 outstanding Http requests:
[2022.02.19-16.35.28:590][887]LogHttp: Display: 	verb=[POST] url=[https://datarouter.ol.epicgames.com/datarouter/api/v1/public/data?SessionID=%7BB104961E-4DF7-C655-9A39-13ADC987CC6D%7D&AppID=UEEditor.Rocket.Release&AppVersion=4.19.2-4033788%2B%2B%2BUE4%2BRelease-4.19&UserID=e79f5cc5407acae592eeb0a476ccd7a2%7C08905224029e428f9f07defacfcb4ba1%7C77501964-0de5-4002-8f6f-3f941ea6e768&AppEnvironment=datacollector-binary&UploadType=eteventstream] status=Processing
[2022.02.19-16.35.28:610][887]LogModuleManager: Shutting down and abandoning module SSL (40)
[2022.02.19-16.35.28:611][887]LogModuleManager: Shutting down and abandoning module AnimationModifiers (36)
[2022.02.19-16.35.28:611][887]LogModuleManager: Shutting down and abandoning module PropertyEditor (35)
[2022.02.19-16.35.28:611][887]LogModuleManager: Shutting down and abandoning module AudioEditor (32)
[2022.02.19-16.35.28:611][887]LogModuleManager: Shutting down and abandoning module TextureCompressor (30)
[2022.02.19-16.35.28:612][887]LogModuleManager: Shutting down and abandoning module ShaderCore (28)
[2022.02.19-16.35.28:612][887]LogModuleManager: Shutting down and abandoning module Landscape (26)
[2022.02.19-16.35.28:612][887]LogModuleManager: Shutting down and abandoning module SlateRHIRenderer (24)
[2022.02.19-16.35.28:626][887]LogModuleManager: Shutting down and abandoning module OpenGLDrv (22)
[2022.02.19-16.35.28:626][887]LogModuleManager: Shutting down and abandoning module D3D11RHI (20)
[2022.02.19-16.35.28:626][887]LogModuleManager: Shutting down and abandoning module AnimGraphRuntime (18)
[2022.02.19-16.35.28:626][887]LogModuleManager: Shutting down and abandoning module Renderer (16)
[2022.02.19-16.35.28:626][887]LogModuleManager: Shutting down and abandoning module Engine (14)
[2022.02.19-16.35.28:626][887]LogModuleManager: Shutting down and abandoning module CoreUObject (12)
[2022.02.19-16.35.28:626][887]LogModuleManager: Shutting down and abandoning module NetworkFile (10)
[2022.02.19-16.35.28:626][887]LogModuleManager: Shutting down and abandoning module CookedIterativeFile (8)
[2022.02.19-16.35.28:626][887]LogModuleManager: Shutting down and abandoning module StreamingFile (6)
[2022.02.19-16.35.28:626][887]LogModuleManager: Shutting down and abandoning module SandboxFile (4)
[2022.02.19-16.35.28:626][887]LogModuleManager: Shutting down and abandoning module PakFile (2)
[2022.02.19-16.35.28:635][887]LogExit: Exiting.
[2022.02.19-16.35.28:644][887]Log file closed, 02/20/22 01:35:28
