Log file open, 08/04/22 22:57:19
LogWindows: Failed to load 'aqProf.dll' (GetLastError=126)
LogWindows: File 'aqProf.dll' does not exist
LogWindows: Failed to load 'VtuneApi.dll' (GetLastError=126)
LogWindows: File 'VtuneApi.dll' does not exist
LogWindows: Failed to load 'VtuneApi32e.dll' (GetLastError=126)
LogWindows: File 'VtuneApi32e.dll' does not exist
LogInit: Display: Running engine for game: ArenaBattle
LogPlatformFile: Not using cached read wrapper
LogInit: Display: RandInit(-10080109) SRandInit(-10080109).
LogInit: Read version file with build ID '3944462'
LogInit: Overriding engine version to CL 4033788, compatible CL 3944462
LogInit: Registered custom module enumerator with build ID '3944462'
LogTaskGraph: Started task graph with 5 named threads and 35 total threads with 3 sets of task threads.
LogStats: Stats thread started at 0.522225
LogD3D11RHI: Aftermath initialized
LogICUInternationalization: Display: ICU TimeZone Detection - Raw Offset: +9:00, Platform Override: ''
LogPluginManager: Mounting plugin Paper2D
LogPluginManager: Mounting plugin LiveLink
LogPluginManager: Mounting plugin LightPropagationVolume
LogPluginManager: Mounting plugin CLionSourceCodeAccess
LogPluginManager: Mounting plugin CodeLiteSourceCodeAccess
LogPluginManager: Mounting plugin GitSourceControl
LogPluginManager: Mounting plugin KDevelopSourceCodeAccess
LogPluginManager: Mounting plugin NullSourceCodeAccess
LogPluginManager: Mounting plugin PerforceSourceControl
LogPluginManager: Mounting plugin SubversionSourceControl
LogPluginManager: Mounting plugin UObjectPlugin
LogPluginManager: Mounting plugin VisualStudioCodeSourceCodeAccess
LogPluginManager: Mounting plugin VisualStudioSourceCodeAccess
LogPluginManager: Mounting plugin XCodeSourceCodeAccess
LogPluginManager: Mounting plugin AssetManagerEditor
LogPluginManager: Mounting plugin CryptoKeys
LogPluginManager: Mounting plugin DataValidation
LogPluginManager: Mounting plugin FacialAnimation
LogPluginManager: Mounting plugin GameplayTagsEditor
LogPluginManager: Mounting plugin MobileLauncherProfileWizard
LogPluginManager: Mounting plugin PluginBrowser
LogPluginManager: Mounting plugin SpeedTreeImporter
LogPluginManager: Mounting plugin DatasmithContent
LogPluginManager: Mounting plugin AlembicImporter
LogPluginManager: Mounting plugin CharacterAI
LogPluginManager: Mounting plugin HTML5Networking
LogPluginManager: Mounting plugin AndroidMedia
LogPluginManager: Mounting plugin AvfMedia
LogPluginManager: Mounting plugin ImgMedia
LogPluginManager: Mounting plugin LinearTimecode
LogPluginManager: Mounting plugin MediaCompositing
LogPluginManager: Mounting plugin MediaPlayerEditor
LogPluginManager: Mounting plugin WmfMedia
LogPluginManager: Mounting plugin TcpMessaging
LogPluginManager: Mounting plugin UdpMessaging
LogPluginManager: Mounting plugin ActorSequence
LogPluginManager: Mounting plugin LevelSequenceEditor
LogPluginManager: Mounting plugin MatineeToLevelSequence
LogPluginManager: Mounting plugin NetcodeUnitTest
LogPluginManager: Mounting plugin NUTUnrealEngine4
LogPluginManager: Mounting plugin OnlineSubsystemGooglePlay
LogPluginManager: Mounting plugin OnlineSubsystemIOS
LogPluginManager: Mounting plugin OnlineSubsystem
LogPluginManager: Mounting plugin OnlineSubsystemNull
LogPluginManager: Mounting plugin OnlineSubsystemUtils
LogPluginManager: Mounting plugin AndroidDeviceProfileSelector
LogPluginManager: Mounting plugin AndroidMoviePlayer
LogPluginManager: Mounting plugin AndroidPermission
LogPluginManager: Mounting plugin AppleARKit
LogPluginManager: Mounting plugin AppleMoviePlayer
LogPluginManager: Mounting plugin ArchVisCharacter
LogPluginManager: Mounting plugin AudioCapture
LogPluginManager: Mounting plugin CableComponent
LogPluginManager: Mounting plugin CustomMeshComponent
LogPluginManager: Mounting plugin ExampleDeviceProfileSelector
LogPluginManager: Mounting plugin GoogleCloudMessaging
LogPluginManager: Mounting plugin ImmediatePhysics
LogPluginManager: Mounting plugin IOSDeviceProfileSelector
LogPluginManager: Mounting plugin LinuxDeviceProfileSelector
LogPluginManager: Mounting plugin LocationServicesBPLibrary
LogPluginManager: Mounting plugin MobilePatchingUtils
LogPluginManager: Mounting plugin OculusVR
LogPluginManager: Plugin shader directory ../../../Engine/Plugins/Runtime/Oculus/OculusVR/Shaders found
LogPluginManager: Mapping shader source directory ../../../Engine/Plugins/Runtime/Oculus/OculusVR/Shaders to virtual directory /Plugin/OculusVR
LogPluginManager: Mounting plugin PhysXVehicles
LogPluginManager: Mounting plugin ProceduralMeshComponent
LogPluginManager: Mounting plugin RuntimePhysXCooking
LogPluginManager: Mounting plugin SteamVR
LogPluginManager: Mounting plugin WindowsMoviePlayer
LogStreaming: Display: Took  0.128s to configure plugins.
LogModuleManager: Display: Found up-to-date module file ../../../../UE4CPP/ArenaBattle/Binaries/Win64/UE4Editor-ArenaBattleSetting.dll (API version 3944462).
LogModuleManager: Display: Found up-to-date module file ../../../../UE4CPP/ArenaBattle/Binaries/Win64/UE4Editor-ArenaBattle.dll (API version 3944462).
LogModuleManager: Display: Found up-to-date module file ../../../Engine/Plugins/2D/Paper2D/Binaries/Win64/UE4Editor-Paper2D.dll (API version 3944462).
LogModuleManager: Display: Found up-to-date module file ../../../Engine/Plugins/2D/Paper2D/Binaries/Win64/UE4Editor-Paper2DEditor.dll (API version 3944462).
LogModuleManager: Display: Found up-to-date module file ../../../Engine/Plugins/2D/Paper2D/Binaries/Win64/UE4Editor-PaperSpriteSheetImporter.dll (API version 3944462).
LogModuleManager: Display: Found up-to-date module file ../../../Engine/Plugins/2D/Paper2D/Binaries/Win64/UE4Editor-PaperTiledImporter.dll (API version 3944462).
LogModuleManager: Display: Found up-to-date module file ../../../Engine/Plugins/2D/Paper2D/Binaries/Win64/UE4Editor-SmartSnapping.dll (API version 3944462).
LogModuleManager: Display: Found up-to-date module file ../../../Engine/Plugins/Animation/LiveLink/Binaries/Win64/UE4Editor-LiveLink.dll (API version 3944462).
LogModuleManager: Display: Found up-to-date module file ../../../Engine/Plugins/Animation/LiveLink/Binaries/Win64/UE4Editor-LiveLinkEditor.dll (API version 3944462).
LogModuleManager: Display: Found up-to-date module file ../../../Engine/Plugins/Blendables/LightPropagationVolume/Binaries/Win64/UE4Editor-LightPropagationVolumeRuntime.dll (API version 3944462).
LogModuleManager: Display: Found up-to-date module file ../../../Engine/Plugins/Blendables/LightPropagationVolume/Binaries/Win64/UE4Editor-LightPropagationVolumeEditor.dll (API version 3944462).
LogModuleManager: Display: Found up-to-date module file ../../../Engine/Plugins/Developer/CLionSourceCodeAccess/Binaries/Win64/UE4Editor-CLionSourceCodeAccess.dll (API version 3944462).
LogModuleManager: Display: Found up-to-date module file ../../../Engine/Plugins/Developer/GitSourceControl/Binaries/Win64/UE4Editor-GitSourceControl.dll (API version 3944462).
LogModuleManager: Display: Found up-to-date module file ../../../Engine/Plugins/Developer/PerforceSourceControl/Binaries/Win64/UE4Editor-PerforceSourceControl.dll (API version 3944462).
LogModuleManager: Display: Found up-to-date module file ../../../Engine/Plugins/Developer/SubversionSourceControl/Binaries/Win64/UE4Editor-SubversionSourceControl.dll (API version 3944462).
LogModuleManager: Display: Found up-to-date module file ../../../Engine/Plugins/Developer/UObjectPlugin/Binaries/Win64/UE4Editor-UObjectPlugin.dll (API version 3944462).
LogModuleManager: Display: Found up-to-date module file ../../../Engine/Plugins/Developer/VisualStudioCodeSourceCodeAccess/Binaries/Win64/UE4Editor-VisualStudioCodeSourceCodeAccess.dll (API version 3944462).
LogModuleManager: Display: Found up-to-date module file ../../../Engine/Plugins/Developer/VisualStudioSourceCodeAccess/Binaries/Win64/UE4Editor-VisualStudioSourceCodeAccess.dll (API version 3944462).
LogModuleManager: Display: Found up-to-date module file ../../../Engine/Plugins/Editor/AssetManagerEditor/Binaries/Win64/UE4Editor-AssetManagerEditor.dll (API version 3944462).
LogModuleManager: Display: Found up-to-date module file ../../../Engine/Plugins/Editor/CryptoKeys/Binaries/Win64/UE4Editor-CryptoKeys.dll (API version 3944462).
LogModuleManager: Display: Found up-to-date module file ../../../Engine/Plugins/Editor/CryptoKeys/Binaries/Win64/UE4Editor-CryptoKeysOpenSSL.dll (API version 3944462).
LogModuleManager: Display: Found up-to-date module file ../../../Engine/Plugins/Editor/DataValidation/Binaries/Win64/UE4Editor-DataValidation.dll (API version 3944462).
LogModuleManager: Display: Found up-to-date module file ../../../Engine/Plugins/Editor/FacialAnimation/Binaries/Win64/UE4Editor-FacialAnimation.dll (API version 3944462).
LogModuleManager: Display: Found up-to-date module file ../../../Engine/Plugins/Editor/FacialAnimation/Binaries/Win64/UE4Editor-FacialAnimationEditor.dll (API version 3944462).
LogModuleManager: Display: Found up-to-date module file ../../../Engine/Plugins/Editor/GameplayTagsEditor/Binaries/Win64/UE4Editor-GameplayTagsEditor.dll (API version 3944462).
LogModuleManager: Display: Found up-to-date module file ../../../Engine/Plugins/Editor/MobileLauncherProfileWizard/Binaries/Win64/UE4Editor-MobileLauncherProfileWizard.dll (API version 3944462).
LogModuleManager: Display: Found up-to-date module file ../../../Engine/Plugins/Editor/PluginBrowser/Binaries/Win64/UE4Editor-PluginBrowser.dll (API version 3944462).
LogModuleManager: Display: Found up-to-date module file ../../../Engine/Plugins/Editor/SpeedTreeImporter/Binaries/Win64/UE4Editor-SpeedTreeImporter.dll (API version 3944462).
LogModuleManager: Display: Found up-to-date module file ../../../Engine/Plugins/Enterprise/DatasmithContent/Binaries/Win64/UE4Editor-DatasmithContent.dll (API version 3944462).
LogModuleManager: Display: Found up-to-date module file ../../../Engine/Plugins/Experimental/AlembicImporter/Binaries/Win64/UE4Editor-AlembicImporter.dll (API version 3944462).
LogModuleManager: Display: Found up-to-date module file ../../../Engine/Plugins/Experimental/AlembicImporter/Binaries/Win64/UE4Editor-AlembicLibrary.dll (API version 3944462).
LogModuleManager: Display: Found up-to-date module file ../../../Engine/Plugins/Experimental/CharacterAI/Binaries/Win64/UE4Editor-CharacterAI.dll (API version 3944462).
LogModuleManager: Display: Found up-to-date module file ../../../Engine/Plugins/Experimental/HTML5Networking/Binaries/Win64/UE4Editor-HTML5Networking.dll (API version 3944462).
LogModuleManager: Display: Found up-to-date module file ../../../Engine/Plugins/Media/AndroidMedia/Binaries/Win64/UE4Editor-AndroidMediaEditor.dll (API version 3944462).
LogModuleManager: Display: Found up-to-date module file ../../../Engine/Plugins/Media/AndroidMedia/Binaries/Win64/UE4Editor-AndroidMediaFactory.dll (API version 3944462).
LogModuleManager: Display: Found up-to-date module file ../../../Engine/Plugins/Media/AvfMedia/Binaries/Win64/UE4Editor-AvfMediaEditor.dll (API version 3944462).
LogModuleManager: Display: Found up-to-date module file ../../../Engine/Plugins/Media/AvfMedia/Binaries/Win64/UE4Editor-AvfMediaFactory.dll (API version 3944462).
LogModuleManager: Display: Found up-to-date module file ../../../Engine/Plugins/Media/AvfMedia/Binaries/Win64/UE4Editor-AvfMediaFactory.dll (API version 3944462).
LogModuleManager: Display: Found up-to-date module file ../../../Engine/Plugins/Media/ImgMedia/Binaries/Win64/UE4Editor-ImgMedia.dll (API version 3944462).
LogModuleManager: Display: Found up-to-date module file ../../../Engine/Plugins/Media/ImgMedia/Binaries/Win64/UE4Editor-ImgMediaEditor.dll (API version 3944462).
LogModuleManager: Display: Found up-to-date module file ../../../Engine/Plugins/Media/ImgMedia/Binaries/Win64/UE4Editor-ImgMediaFactory.dll (API version 3944462).
LogModuleManager: Display: Found up-to-date module file ../../../Engine/Plugins/Media/ImgMedia/Binaries/Win64/UE4Editor-ImgMediaFactory.dll (API version 3944462).
LogModuleManager: Display: Found up-to-date module file ../../../Engine/Plugins/Media/ImgMedia/Binaries/Win64/UE4Editor-OpenExrWrapper.dll (API version 3944462).
LogModuleManager: Display: Found up-to-date module file ../../../Engine/Plugins/Media/LinearTimecode/Binaries/Win64/UE4Editor-LinearTimecode.dll (API version 3944462).
LogModuleManager: Display: Found up-to-date module file ../../../Engine/Plugins/Media/MediaCompositing/Binaries/Win64/UE4Editor-MediaCompositing.dll (API version 3944462).
LogModuleManager: Display: Found up-to-date module file ../../../Engine/Plugins/Media/MediaCompositing/Binaries/Win64/UE4Editor-MediaCompositingEditor.dll (API version 3944462).
LogModuleManager: Display: Found up-to-date module file ../../../Engine/Plugins/Media/MediaPlayerEditor/Binaries/Win64/UE4Editor-MediaPlayerEditor.dll (API version 3944462).
LogModuleManager: Display: Found up-to-date module file ../../../Engine/Plugins/Media/WmfMedia/Binaries/Win64/UE4Editor-WmfMedia.dll (API version 3944462).
LogModuleManager: Display: Found up-to-date module file ../../../Engine/Plugins/Media/WmfMedia/Binaries/Win64/UE4Editor-WmfMediaEditor.dll (API version 3944462).
LogModuleManager: Display: Found up-to-date module file ../../../Engine/Plugins/Media/WmfMedia/Binaries/Win64/UE4Editor-WmfMediaFactory.dll (API version 3944462).
LogModuleManager: Display: Found up-to-date module file ../../../Engine/Plugins/Media/WmfMedia/Binaries/Win64/UE4Editor-WmfMediaFactory.dll (API version 3944462).
LogModuleManager: Display: Found up-to-date module file ../../../Engine/Plugins/Messaging/TcpMessaging/Binaries/Win64/UE4Editor-TcpMessaging.dll (API version 3944462).
LogModuleManager: Display: Found up-to-date module file ../../../Engine/Plugins/Messaging/UdpMessaging/Binaries/Win64/UE4Editor-UdpMessaging.dll (API version 3944462).
LogModuleManager: Display: Found up-to-date module file ../../../Engine/Plugins/MovieScene/ActorSequence/Binaries/Win64/UE4Editor-ActorSequence.dll (API version 3944462).
LogModuleManager: Display: Found up-to-date module file ../../../Engine/Plugins/MovieScene/LevelSequenceEditor/Binaries/Win64/UE4Editor-LevelSequenceEditor.dll (API version 3944462).
LogModuleManager: Display: Found up-to-date module file ../../../Engine/Plugins/MovieScene/MatineeToLevelSequence/Binaries/Win64/UE4Editor-MatineeToLevelSequence.dll (API version 3944462).
LogModuleManager: Display: Found up-to-date module file ../../../Engine/Plugins/NetcodeUnitTest/NetcodeUnitTest/Binaries/Win64/UE4Editor-NetcodeUnitTest.dll (API version 3944462).
LogModuleManager: Display: Found up-to-date module file ../../../Engine/Plugins/NetcodeUnitTest/NUTUnrealEngine4/Binaries/Win64/UE4Editor-NUTUnrealEngine4.dll (API version 3944462).
LogModuleManager: Display: Found up-to-date module file ../../../Engine/Plugins/Online/OnlineSubsystem/Binaries/Win64/UE4Editor-OnlineSubsystem.dll (API version 3944462).
LogModuleManager: Display: Found up-to-date module file ../../../Engine/Plugins/Online/OnlineSubsystemNull/Binaries/Win64/UE4Editor-OnlineSubsystemNull.dll (API version 3944462).
LogModuleManager: Display: Found up-to-date module file ../../../Engine/Plugins/Online/OnlineSubsystemUtils/Binaries/Win64/UE4Editor-OnlineSubsystemUtils.dll (API version 3944462).
LogModuleManager: Display: Found up-to-date module file ../../../Engine/Plugins/Online/OnlineSubsystemUtils/Binaries/Win64/UE4Editor-OnlineBlueprintSupport.dll (API version 3944462).
LogModuleManager: Display: Found up-to-date module file ../../../Engine/Plugins/Runtime/AndroidDeviceProfileSelector/Binaries/Win64/UE4Editor-AndroidDeviceProfileSelector.dll (API version 3944462).
LogModuleManager: Display: Found up-to-date module file ../../../Engine/Plugins/Runtime/AndroidPermission/Binaries/Win64/UE4Editor-AndroidPermission.dll (API version 3944462).
LogModuleManager: Display: Found up-to-date module file ../../../Engine/Plugins/Runtime/AppleARKit/Binaries/Win64/UE4Editor-AppleARKit.dll (API version 3944462).
LogModuleManager: Display: Found up-to-date module file ../../../Engine/Plugins/Runtime/ArchVisCharacter/Binaries/Win64/UE4Editor-ArchVisCharacter.dll (API version 3944462).
LogModuleManager: Display: Found up-to-date module file ../../../Engine/Plugins/Runtime/AudioCapture/Binaries/Win64/UE4Editor-AudioCapture.dll (API version 3944462).
LogModuleManager: Display: Found up-to-date module file ../../../Engine/Plugins/Runtime/AudioCapture/Binaries/Win64/UE4Editor-AudioCaptureEditor.dll (API version 3944462).
LogModuleManager: Display: Found up-to-date module file ../../../Engine/Plugins/Runtime/CableComponent/Binaries/Win64/UE4Editor-CableComponent.dll (API version 3944462).
LogModuleManager: Display: Found up-to-date module file ../../../Engine/Plugins/Runtime/CustomMeshComponent/Binaries/Win64/UE4Editor-CustomMeshComponent.dll (API version 3944462).
LogModuleManager: Display: Found up-to-date module file ../../../Engine/Plugins/Runtime/ExampleDeviceProfileSelector/Binaries/Win64/UE4Editor-ExampleDeviceProfileSelector.dll (API version 3944462).
LogModuleManager: Display: Found up-to-date module file ../../../Engine/Plugins/Runtime/ImmediatePhysics/Binaries/Win64/UE4Editor-ImmediatePhysics.dll (API version 3944462).
LogModuleManager: Display: Found up-to-date module file ../../../Engine/Plugins/Runtime/ImmediatePhysics/Binaries/Win64/UE4Editor-ImmediatePhysicsEditor.dll (API version 3944462).
LogModuleManager: Display: Found up-to-date module file ../../../Engine/Plugins/Runtime/LocationServicesBPLibrary/Binaries/Win64/UE4Editor-LocationServicesBPLibrary.dll (API version 3944462).
LogModuleManager: Display: Found up-to-date module file ../../../Engine/Plugins/Runtime/MobilePatchingUtils/Binaries/Win64/UE4Editor-MobilePatchingUtils.dll (API version 3944462).
LogModuleManager: Display: Found up-to-date module file ../../../Engine/Plugins/Runtime/Oculus/OculusVR/Binaries/Win64/UE4Editor-OculusHMD.dll (API version 3944462).
LogModuleManager: Display: Found up-to-date module file ../../../Engine/Plugins/Runtime/Oculus/OculusVR/Binaries/Win64/UE4Editor-OculusInput.dll (API version 3944462).
LogModuleManager: Display: Found up-to-date module file ../../../Engine/Plugins/Runtime/Oculus/OculusVR/Binaries/Win64/UE4Editor-OculusEditor.dll (API version 3944462).
LogModuleManager: Display: Found up-to-date module file ../../../Engine/Plugins/Runtime/PhysXVehicles/Binaries/Win64/UE4Editor-PhysXVehicles.dll (API version 3944462).
LogModuleManager: Display: Found up-to-date module file ../../../Engine/Plugins/Runtime/PhysXVehicles/Binaries/Win64/UE4Editor-PhysXVehiclesEditor.dll (API version 3944462).
LogModuleManager: Display: Found up-to-date module file ../../../Engine/Plugins/Runtime/ProceduralMeshComponent/Binaries/Win64/UE4Editor-ProceduralMeshComponent.dll (API version 3944462).
LogModuleManager: Display: Found up-to-date module file ../../../Engine/Plugins/Runtime/ProceduralMeshComponent/Binaries/Win64/UE4Editor-ProceduralMeshComponentEditor.dll (API version 3944462).
LogModuleManager: Display: Found up-to-date module file ../../../Engine/Plugins/Runtime/RuntimePhysXCooking/Binaries/Win64/UE4Editor-RuntimePhysXCooking.dll (API version 3944462).
LogModuleManager: Display: Found up-to-date module file ../../../Engine/Plugins/Runtime/Steam/SteamVR/Binaries/Win64/UE4Editor-SteamVR.dll (API version 3944462).
LogModuleManager: Display: Found up-to-date module file ../../../Engine/Plugins/Runtime/Steam/SteamVR/Binaries/Win64/UE4Editor-SteamVRController.dll (API version 3944462).
LogModuleManager: Display: Found up-to-date module file ../../../Engine/Plugins/Runtime/WindowsMoviePlayer/Binaries/Win64/UE4Editor-WindowsMoviePlayer.dll (API version 3944462).
LogInit: Using libcurl 7.47.1
LogInit:  - built for x86_64-pc-win32
LogInit:  - supports SSL with OpenSSL/1.0.2g
LogInit:  - supports HTTP deflate (compression) using libz 1.2.8
LogInit:  - other features:
LogInit:      CURL_VERSION_SSL
LogInit:      CURL_VERSION_LIBZ
LogInit:      CURL_VERSION_IPV6
LogInit:      CURL_VERSION_ASYNCHDNS
LogInit:      CURL_VERSION_LARGEFILE
LogInit:      CURL_VERSION_IDN
LogInit:  CurlRequestOptions (configurable via config and command line):
LogInit:  - bVerifyPeer = false  - Libcurl will NOT verify peer certificate
LogInit:  - bUseHttpProxy = false  - Libcurl will NOT use HTTP proxy
LogInit:  - bDontReuseConnections = false  - Libcurl will reuse connections
LogInit:  - CertBundlePath = nullptr  - Libcurl will use whatever was configured at build time.
LogInit:  - MaxHostConnections = 16  - Libcurl will limit the number of connections to a host
LogInit:  - LocalHostAddr = Default
LogInit: WinSock: version 1.1 (2.2), MaxSocks=32767, MaxUdp=65467
LogInit: WinSock: I am DESKTOP-7F2F2D9 (211.57.218.160:0)
LogInit: Build: ++UE4+Release-4.19-CL-4033788
LogInit: Engine Version: 4.19.2-4033788+++UE4+Release-4.19
LogInit: Compatible Engine Version: 4.19.0-3944462+++UE4+Release-4.19
LogInit: Net CL: 3944462
LogDevObjectVersion: Number of dev versions registered: 18
LogDevObjectVersion:   Dev-Blueprints (B0D832E4-1F89-4F0D-ACCF-7EB736FD4AA2): 10
LogDevObjectVersion:   Dev-Build (E1C64328-A22C-4D53-A36C-8E866417BD8C): 0
LogDevObjectVersion:   Dev-Core (375EC13C-06E4-48FB-B500-84F0262A717E): 2
LogDevObjectVersion:   Dev-Editor (E4B068ED-F494-42E9-A231-DA0B2E46BB41): 23
LogDevObjectVersion:   Dev-Framework (CFFC743F-43B0-4480-9391-14DF171D2073): 33
LogDevObjectVersion:   Dev-Mobile (B02B49B5-BB20-44E9-A304-32B752E40360): 2
LogDevObjectVersion:   Dev-Networking (A4E4105C-59A1-49B5-A7C5-40C4547EDFEE): 0
LogDevObjectVersion:   Dev-Online (39C831C9-5AE6-47DC-9A44-9C173E1C8E7C): 0
LogDevObjectVersion:   Dev-Physics (78F01B33-EBEA-4F98-B9B4-84EACCB95AA2): 0
LogDevObjectVersion:   Dev-Platform (6631380F-2D4D-43E0-8009-CF276956A95A): 0
LogDevObjectVersion:   Dev-Rendering (12F88B9F-8875-4AFC-A67C-D90C383ABD29): 25
LogDevObjectVersion:   Dev-Sequencer (7B5AE74C-D270-4C10-A958-57980B212A5A): 6
LogDevObjectVersion:   Dev-VR (D7296918-1DD6-4BDD-9DE2-64A83CC13884): 1
LogDevObjectVersion:   Dev-LoadTimes (C2A15278-BFE7-4AFE-6C17-90FF531DF755): 1
LogDevObjectVersion:   Private-Geometry (6EACA3D4-40EC-4CC1-B786-8BED09428FC5): 2
LogDevObjectVersion:   Dev-AnimPhys (29E575DD-E0A3-4627-9D10-D276232CDCEA): 16
LogDevObjectVersion:   Dev-ReflectionCapture (6B266CEC-1EC7-4B8F-A30B-E4D90942FC07): 1
LogDevObjectVersion:   Dev-Automation (0DF73D61-A23F-47EA-B727-89E90C41499A): 1
LogInit: Compiled (64-bit): Apr 27 2018 02:06:57
LogInit: Compiled with Visual C++: 19.00.24215.01
LogInit: Build Configuration: Development
LogInit: Branch Name: ++UE4+Release-4.19
LogInit: Command Line:  
LogInit: Base Directory: D:/UE_4.19/Engine/Binaries/Win64/
LogInit: Installed Engine Build: 1
LogStreaming: Display: Took  0.046s to delete old logs.
LogInit: Presizing for max 8388607 objects, including 0 objects not considered by GC, pre-allocating 0 bytes for permanent pool.
LogInit: Object subsystem initialized
[2022.08.04-13.57.21:827][  0]LogInit: Selected Device Profile: [Windows]
[2022.08.04-13.57.21:827][  0]LogInit: Applying CVar settings loaded from the selected device profile: [Windows]
[2022.08.04-13.57.21:856][  0]LogInit: Computer: DESKTOP-7F2F2D9
[2022.08.04-13.57.21:856][  0]LogInit: User: guldd
[2022.08.04-13.57.21:856][  0]LogInit: CPU Page size=4096, Cores=6
[2022.08.04-13.57.21:856][  0]LogInit: High frequency timer resolution =10.000000 MHz
[2022.08.04-13.57.21:856][  0]LogMemory: Memory total: Physical=15.9GB (16GB approx)
[2022.08.04-13.57.21:856][  0]LogMemory: Platform Memory Stats for Windows
[2022.08.04-13.57.21:856][  0]LogMemory: Process Physical Memory: 277.10 MB used, 277.10 MB peak
[2022.08.04-13.57.21:856][  0]LogMemory: Process Virtual Memory: 271.60 MB used, 271.60 MB peak
[2022.08.04-13.57.21:856][  0]LogMemory: Physical Memory: 7903.69 MB used,  8405.59 MB free, 16309.28 MB total
[2022.08.04-13.57.21:856][  0]LogMemory: Virtual Memory: 4800.46 MB used,  8405.59 MB free, 134217728.00 MB total
[2022.08.04-13.57.22:156][  0]LogInit: Using OS detected language (ko-KR).
[2022.08.04-13.57.22:156][  0]LogInit: Using OS detected locale (ko-KR).
[2022.08.04-13.57.22:254][  0]LogTextLocalizationManager: No specific localization for 'ko-KR' exists, so the 'ko' localization will be used.
[2022.08.04-13.57.22:680][  0]LogStreaming: Display: Took  0.523s to EndInitTextLocalization.
[2022.08.04-13.57.22:680][  0]LogInit: Setting process to per monitor DPI aware
[2022.08.04-13.57.22:782][  0]LogSlate: New Slate User Created.  User Index 0, Is Virtual User: 0
[2022.08.04-13.57.22:782][  0]LogSlate: Slate User Registered.  User Index 0, Is Virtual User: 0
[2022.08.04-13.57.27:952][  0]LogD3D11RHI: D3D11 adapters:
[2022.08.04-13.57.28:060][  0]LogD3D11RHI:    0. 'NVIDIA GeForce RTX 3060 Ti' (Feature Level 11_0)
[2022.08.04-13.57.28:060][  0]LogD3D11RHI:       8050/0/8154 MB DedicatedVideo/DedicatedSystem/SharedSystem, Outputs:1, VendorId:0x10de
[2022.08.04-13.57.28:062][  0]LogD3D11RHI:    1. 'Microsoft Basic Render Driver' (Feature Level 11_0)
[2022.08.04-13.57.28:062][  0]LogD3D11RHI:       0/0/8154 MB DedicatedVideo/DedicatedSystem/SharedSystem, Outputs:0, VendorId:0x1414
[2022.08.04-13.57.28:062][  0]LogD3D11RHI: Chosen D3D11 Adapter: 0
[2022.08.04-13.57.28:068][  0]LogD3D11RHI: Creating new Direct3DDevice
[2022.08.04-13.57.28:068][  0]LogD3D11RHI:     GPU DeviceId: 0x2486 (for the marketing name, search the web for "GPU Device Id")
[2022.08.04-13.57.28:068][  0]LogWindows: EnumDisplayDevices:
[2022.08.04-13.57.28:068][  0]LogWindows:    0. 'NVIDIA GeForce RTX 3060 Ti' (P:1 D:1)
[2022.08.04-13.57.28:069][  0]LogWindows:    1. 'NVIDIA GeForce RTX 3060 Ti' (P:0 D:0)
[2022.08.04-13.57.28:070][  0]LogWindows:    2. 'NVIDIA GeForce RTX 3060 Ti' (P:0 D:0)
[2022.08.04-13.57.28:070][  0]LogWindows:    3. 'NVIDIA GeForce RTX 3060 Ti' (P:0 D:0)
[2022.08.04-13.57.28:070][  0]LogWindows: DebugString: GetVideoDriverDetailsInvalid PrimaryIsNotTheChoosenAdapter GetVideoDriverDetailsInvalid PrimaryIsNotTheChoosenAdapter GetVideoDriverDetailsInvalid PrimaryIsNotTheChoosenAdapter GetVideoDriverDetailsInvalid PrimaryIsNotTheChoosenAdapter FoundDriverCount:0 
[2022.08.04-13.57.28:071][  0]LogD3D11RHI:     Adapter Name: NVIDIA GeForce RTX 3060 Ti
[2022.08.04-13.57.28:071][  0]LogD3D11RHI:   Driver Version: Unknown (internal:Unknown, unified:Unknown)
[2022.08.04-13.57.28:071][  0]LogD3D11RHI:      Driver Date: Unknown
[2022.08.04-13.57.28:071][  0]LogRHI: Texture pool is 5635 MB (70% of 8050 MB)
[2022.08.04-13.57.28:147][  0]LogD3D11RHI: [Aftermath] Aftermath enabled and primed
[2022.08.04-13.57.28:147][  0]LogD3D11RHI: [Aftermath] Aftermath enabled and primed
[2022.08.04-13.57.28:147][  0]LogD3D11RHI: Async texture creation enabled
[2022.08.04-13.57.28:170][  0]LogD3D11RHI: GPU Timing Frequency: 1000.000000 (Debug: 2 2)
[2022.08.04-13.57.28:173][  0]LogShaderCompilers: Guid format shader working directory is 15 characters bigger than the processId version (../../../../UE4CPP/ArenaBattle/Intermediate/Shaders/WorkingDirectory/23484/).
[2022.08.04-13.57.28:173][  0]LogShaderCompilers: Cleaned the shader compiler working directory 'C:/Users/guldd/AppData/Local/Temp/UnrealShaderWorkingDir/7EBF1A3E45FCD84EA8B18FA834C1D292/'.
[2022.08.04-13.57.28:744][  0]LogTemp: Display: Loaded TP AllDesktopTargetPlatform
[2022.08.04-13.57.28:756][  0]LogTemp: Display: Loaded TP MacClientTargetPlatform
[2022.08.04-13.57.28:768][  0]LogTemp: Display: Loaded TP MacNoEditorTargetPlatform
[2022.08.04-13.57.28:780][  0]LogTemp: Display: Loaded TP MacServerTargetPlatform
[2022.08.04-13.57.28:810][  0]LogTemp: Display: Loaded TP MacTargetPlatform
[2022.08.04-13.57.28:822][  0]LogTemp: Display: Loaded TP WindowsClientTargetPlatform
[2022.08.04-13.57.28:867][  0]LogTemp: Display: Loaded TP WindowsNoEditorTargetPlatform
[2022.08.04-13.57.28:879][  0]LogTemp: Display: Loaded TP WindowsServerTargetPlatform
[2022.08.04-13.57.28:885][  0]LogTemp: Display: Loaded TP WindowsTargetPlatform
[2022.08.04-13.57.28:896][  0]LogTemp: Display: Loaded TP Android_ASTCTargetPlatform
[2022.08.04-13.57.28:906][  0]LogTemp: Display: Loaded TP Android_ATCTargetPlatform
[2022.08.04-13.57.28:917][  0]LogTemp: Display: Loaded TP Android_DXTTargetPlatform
[2022.08.04-13.57.28:928][  0]LogTemp: Display: Loaded TP Android_ETC1aTargetPlatform
[2022.08.04-13.57.28:939][  0]LogTemp: Display: Loaded TP Android_ETC1TargetPlatform
[2022.08.04-13.57.28:950][  0]LogTemp: Display: Loaded TP Android_ETC2TargetPlatform
[2022.08.04-13.57.28:973][  0]LogTemp: Display: Loaded TP Android_MultiTargetPlatform
[2022.08.04-13.57.28:973][  0]LogTemp: Display: Loaded TP Android_PVRTCTargetPlatform
[2022.08.04-13.57.28:993][  0]LogTemp: Display: Loaded TP AndroidTargetPlatform
[2022.08.04-13.57.28:995][  0]LogTemp: Display: Loaded TP HTML5TargetPlatform
[2022.08.04-13.57.29:087][  0]LogTemp: Display: Loaded TP IOSTargetPlatform
[2022.08.04-13.57.29:097][  0]LogTemp: Display: Loaded TP TVOSTargetPlatform
[2022.08.04-13.57.29:108][  0]LogTemp: Display: Loaded TP LinuxClientTargetPlatform
[2022.08.04-13.57.29:118][  0]LogTemp: Display: Loaded TP LinuxNoEditorTargetPlatform
[2022.08.04-13.57.29:129][  0]LogTemp: Display: Loaded TP LinuxServerTargetPlatform
[2022.08.04-13.57.29:141][  0]LogTemp: Display: Loaded TP LinuxTargetPlatform
[2022.08.04-13.57.29:141][  0]LogTargetPlatformManager: Display: Building Assets For Windows
[2022.08.04-13.57.29:697][  0]LogXGEController: Cleaning working directory: C:/Users/guldd/AppData/Local/Temp/UnrealXGEWorkingDir/
[2022.08.04-13.57.29:698][  0]LogXGEController: Cannot use XGE Controller as Incredibuild is not installed on this machine.
[2022.08.04-13.57.29:698][  0]LogShaderCompilers: Cannot use XGE Shader Compiler as Incredibuild is not installed on this machine.
[2022.08.04-13.57.29:698][  0]LogShaderCompilers: Display: Using Local Shader Compiler.
[2022.08.04-13.57.32:109][  0]LogDerivedDataCache: Display: Max Cache Size: 512 MB
[2022.08.04-13.57.32:208][  0]LogDerivedDataCache: Loaded boot cache 0.10s 86MB C:/Users/guldd/AppData/Local/UnrealEngine/4.19/DerivedDataCache/Boot.ddc.
[2022.08.04-13.57.32:208][  0]LogDerivedDataCache: Display: Loaded Boot cache: C:/Users/guldd/AppData/Local/UnrealEngine/4.19/DerivedDataCache/Boot.ddc
[2022.08.04-13.57.32:208][  0]LogDerivedDataCache: FDerivedDataBackendGraph:  Pak pak cache file ../../../../UE4CPP/ArenaBattle/DerivedDataCache/DDC.ddp not found, will not use a pak cache.
[2022.08.04-13.57.32:208][  0]LogDerivedDataCache: Unable to find inner node Pak for hierarchical cache Hierarchy.
[2022.08.04-13.57.32:208][  0]LogDerivedDataCache: FDerivedDataBackendGraph:  CompressedPak pak cache file ../../../../UE4CPP/ArenaBattle/DerivedDataCache/Compressed.ddp not found, will not use a pak cache.
[2022.08.04-13.57.32:208][  0]LogDerivedDataCache: Unable to find inner node CompressedPak for hierarchical cache Hierarchy.
[2022.08.04-13.57.32:242][  0]LogDerivedDataCache: Display: Pak cache opened for reading ../../../Engine/DerivedDataCache/Compressed.ddp.
[2022.08.04-13.57.32:254][  0]LogDerivedDataCache: Using Local data cache path C:/Users/guldd/AppData/Local/UnrealEngine/Common/DerivedDataCache: Writable
[2022.08.04-13.57.32:254][  0]LogDerivedDataCache: Shared data cache path not found in *engine.ini, will not use an Shared cache.
[2022.08.04-13.57.32:254][  0]LogDerivedDataCache: Unable to find inner node Shared for hierarchical cache Hierarchy.
[2022.08.04-13.57.32:264][  0]LogMaterial: Verifying Global Shaders for PCD3D_SM5
[2022.08.04-13.57.32:264][  0]LogSlate: Using Freetype 2.6.0
[2022.08.04-13.57.32:265][  0]LogSlate: SlateFontCache - WITH_FREETYPE: 1, WITH_HARFBUZZ: 1
[2022.08.04-13.57.32:265][  0]LogSlate: SlateFontCache - WITH_FREETYPE: 1, WITH_HARFBUZZ: 1
[2022.08.04-13.57.35:180][  0]LogAssetRegistry: FAssetRegistry took 0.0250 seconds to start up
[2022.08.04-13.57.36:296][  0]LogInit: Selected Device Profile: [Windows]
[2022.08.04-13.57.36:995][  0]LogSimplygon: Simplygon DLL not present - disabling.
[2022.08.04-13.57.37:020][  0]LogMeshReduction: Using SimplygonSwarm for distributed automatic mesh merging
[2022.08.04-13.57.37:020][  0]LogMeshReduction: Using QuadricMeshReduction for automatic static mesh reduction
[2022.08.04-13.57.37:020][  0]LogMeshReduction: No automatic skeletal mesh reduction module available
[2022.08.04-13.57.37:020][  0]LogMeshReduction: No automatic mesh merging module available
[2022.08.04-13.57.37:020][  0]LogMeshMerging: No automatic mesh merging module available
[2022.08.04-13.57.37:050][  0]LogNetVersion: ArenaBattle , NetCL: 3944462, EngineNetVer: 2, GameNetVer: 0 (Checksum: 3555152549)
[2022.08.04-13.57.37:442][  0]LogPackageLocalizationCache: Processed 9 localized package path(s) for 2 prioritized culture(s) in 0.058504 seconds
[2022.08.04-13.57.37:449][  0]LogUObjectArray: 36728 objects as part of root set at end of initial load.
[2022.08.04-13.57.37:449][  0]LogUObjectAllocator: 7314312 out of 0 bytes used by permanent object pool.
[2022.08.04-13.57.37:449][  0]LogUObjectArray: CloseDisregardForGC: 0/0 objects in disregard for GC pool
[2022.08.04-13.58.05:445][  0]LogTcpMessaging: Initializing TcpMessaging bridge
[2022.08.04-13.58.05:494][  0]LogUdpMessaging: Initializing bridge on interface 0.0.0.0:0 to multicast group 230.0.0.1:6666.
[2022.08.04-13.58.06:395][  0]LogSkeletalMesh: Skeletal Mesh found in DDC [0.192200ms] /Game/InfinityBladeWarriors/Character/CompleteCharacters/SK_CharM_Cardboard.SK_CharM_Cardboard
[2022.08.04-13.58.06:407][  0]LogUObjectGlobals: Created PersistentFrame Addr=0x000002a484a8c478, Size=20, Default__WarriorAnimBlueprint_C Function /Game/Animations/WarriorAnimBlueprint.WarriorAnimBlueprint_C:ExecuteUbergraph_WarriorAnimBlueprint
[2022.08.04-13.58.06:413][  0]LogUObjectGlobals: Destroyed PersistentFrame Addr=0x000002a484a8c478, Size=20
[2022.08.04-13.58.06:413][  0]LogUObjectGlobals: Created PersistentFrame Addr=0x000002a48463b070, Size=20, Default__WarriorAnimBlueprint_C Function /Engine/Transient.REINST_WarriorAnimBlueprint_C_0:ExecuteUbergraph_WarriorAnimBlueprint
[2022.08.04-13.58.06:420][  0]LogUObjectGlobals: Created PersistentFrame Addr=0x000002a484639450, Size=20, Default__WarriorAnimBlueprint_C Function /Game/Animations/WarriorAnimBlueprint.WarriorAnimBlueprint_C:ExecuteUbergraph_WarriorAnimBlueprint
[2022.08.04-13.58.06:439][  0]LogSkeletalMesh: Skeletal Mesh found in DDC [0.053600ms] /Game/InfinityBladeWeapons/Weapons/Blade/Swords/Blade_BlackKnight/SK_Blade_BlackKnight.SK_Blade_BlackKnight
[2022.08.04-13.58.08:033][  0]SourceControl: 소스 콘트롤이 꺼졌습니다.
[2022.08.04-13.58.08:033][  0]SourceControl: 소스 콘트롤이 꺼졌습니다.
[2022.08.04-13.58.08:093][  0]SourceControl: 소스 콘트롤이 꺼졌습니다.
[2022.08.04-13.58.08:125][  0]SourceControl: 소스 콘트롤이 꺼졌습니다.
[2022.08.04-13.58.08:882][  0]LogPackageName: Warning: String asset reference "S_ClothTarps_03.SM.Mesh.S_ClothTarps_03" is in short form, which is unsupported and -- even if valid -- resolving it will be really slow.
[2022.08.04-13.58.08:882][  0]LogPackageName: Warning: Please consider resaving package in order to speed-up loading.
[2022.08.04-13.58.08:882][  0]LogPackageName: SearchForPackageOnDisk took   0.165s, but failed to resolve S_ClothTarps_03.
[2022.08.04-13.58.08:882][  0]LogPackageName: Warning: String asset reference "S_ClothTarps_03.SM.Mesh.S_ClothTarps_03" could not be resolved.
[2022.08.04-13.58.09:169][  0]LogAndroidPermission: UAndroidPermissionCallbackProxy::GetInstance
[2022.08.04-13.58.09:493][  0]LogOcInput: OculusInput pre-init called
[2022.08.04-13.58.09:749][  0]LogEngine: Initializing Engine...
[2022.08.04-13.58.09:751][  0]LogHMD: Failed to initialize OpenVR with code 110
[2022.08.04-13.58.09:753][  0]LogStats: UGameplayTagsManager::ConstructGameplayTagTree: Construct from data asset -  0.000 s
[2022.08.04-13.58.09:753][  0]LogStats: UGameplayTagsManager::ConstructGameplayTagTree: GameplayTagTreeChangedEvent.Broadcast -  0.000 s
[2022.08.04-13.58.10:006][  0]LogAIModule: Creating AISystem for world Untitled
[2022.08.04-13.58.10:067][  0]LogInit: XAudio2 using '스피커(High Definition Audio Device)' : 2 channels at 48 kHz using 16 bits per sample (channel mask 0x3)
[2022.08.04-13.58.10:093][  0]LogInit: FAudioDevice initialized.
[2022.08.04-13.58.10:144][  0]LogDerivedDataCache: Saved boot cache 0.05s 86MB C:/Users/guldd/AppData/Local/UnrealEngine/4.19/DerivedDataCache/Boot.ddc.
[2022.08.04-13.58.10:157][  0]LogInit: Texture streaming: Enabled
[2022.08.04-13.58.10:197][  0]LogEngineSessionManager: EngineSessionManager initialized
[2022.08.04-13.58.10:197][  0]LogEngineSessionManager: EngineSessionManager sent abnormal shutdown report. Type=Crashed, SessionId={297729EC-4C78-74A8-BD32-678A5CCB82DC}
[2022.08.04-13.58.10:336][  0]LogInit: Transaction tracking system initialized
[2022.08.04-13.58.10:537][  0]BlueprintLog: New page: 에디터 로드
[2022.08.04-13.58.11:109][  0]LocalizationService: 현지화 서비스가 비활성화되었습니다.
[2022.08.04-13.58.11:610][  0]LogConsoleResponse: Display: 
[2022.08.04-13.58.12:120][  0]LogCook: Display: Max memory allowance for cook 16384mb min free memory 0mb
[2022.08.04-13.58.12:120][  0]LogCook: Display: Mobile HDR setting 1
[2022.08.04-13.58.12:120][  0]LogGameplayTags: Display: UGameplayTagsManager::DoneAddingNativeTags. DelegateIsBound: 0
[2022.08.04-13.58.12:120][  0]LogStats: UGameplayTagsManager::ConstructGameplayTagTree: Construct from data asset -  0.000 s
[2022.08.04-13.58.12:120][  0]LogStats: UGameplayTagsManager::ConstructGameplayTagTree: GameplayTagTreeChangedEvent.Broadcast -  0.000 s
[2022.08.04-13.58.12:318][  0]LogFileCache: Scanning file cache for directory 'D:/UE4CPP/ArenaBattle/Content/' took 0.03s
[2022.08.04-13.58.13:822][  0]SourceControl: 소스 콘트롤이 꺼졌습니다.
[2022.08.04-13.58.13:822][  0]Cmd: MAP LOAD FILE="../../../../UE4CPP/ArenaBattle/Content/Maps/Title.umap" TEMPLATE=0 SHOWPROGRESS=1 FEATURELEVEL=3
[2022.08.04-13.58.13:822][  0]LightingResults: New page: 라이팅 빌드
[2022.08.04-13.58.13:837][  0]MapCheck: New page: 맵 체크
[2022.08.04-13.58.13:837][  0]LightingResults: New page: 라이팅 빌드
[2022.08.04-13.58.13:846][  0]LogUObjectGlobals: Destroyed PersistentFrame Addr=0x000002a48463b070, Size=20
[2022.08.04-13.58.13:862][  0]LogAIModule: Creating AISystem for world Title
[2022.08.04-13.58.13:863][  0]LogEditorServer: Finished looking for orphan Actors (0.000 secs)
[2022.08.04-13.58.14:035][  0]Cmd: MAP CHECKDEP NOCLEARLOG
[2022.08.04-13.58.14:271][  0]MapCheck: 맵 체크 완료: 오류 0 회, 경고 0 회, 소요 시간 220.231ms.
[2022.08.04-13.58.14:281][  0]LogFileHelpers: Loading map 'Title' took 0.460
[2022.08.04-13.58.17:590][  0]LogCollectionManager: Loaded 0 collections in 0.001346 seconds
[2022.08.04-13.58.17:904][  0]LogFileCache: Scanning file cache for directory 'D:/UE4CPP/ArenaBattle/Saved/Collections/' took 0.01s
[2022.08.04-13.58.17:904][  0]LogFileCache: Scanning file cache for directory 'D:/UE4CPP/ArenaBattle/Content/Developers/guldd/Collections/' took 0.01s
[2022.08.04-13.58.17:904][  0]LogFileCache: Scanning file cache for directory 'D:/UE4CPP/ArenaBattle/Content/Collections/' took 0.01s
[2022.08.04-13.58.17:904][  0]LogCollectionManager: Rebuilt the GUID cache for 0 collections in 0.000000 seconds
[2022.08.04-13.58.17:934][  0]LogContentBrowser: Native class hierarchy populated in 0.0224 seconds. Added 2477 classes and 563 folders.
[2022.08.04-13.58.18:149][  0]LogContentBrowser: Native class hierarchy updated for 'WidgetCarousel' in 0.0023 seconds. Added 0 classes and 0 folders.
[2022.08.04-13.58.21:716][  0]LogContentBrowser: Native class hierarchy updated for 'AddContentDialog' in 0.0024 seconds. Added 0 classes and 0 folders.
[2022.08.04-13.58.22:037][  0]LogContentBrowser: Native class hierarchy updated for 'SceneOutliner' in 0.0025 seconds. Added 1 classes and 2 folders.
[2022.08.04-13.58.23:465][  0]LogContentBrowser: Native class hierarchy updated for 'HierarchicalLODOutliner' in 0.0024 seconds. Added 0 classes and 0 folders.
[2022.08.04-13.58.23:465][  0]LogLoad: (Engine Initialization) Total time: 65.88 seconds
[2022.08.04-13.58.23:465][  0]LogLoad: (Engine Initialization) Total Blueprint compile time: 0.00 seconds
[2022.08.04-13.58.24:351][  0]LogContentStreaming: Texture pool size now 1000 MB
[2022.08.04-13.58.24:810][  0]LogSlate: Took 0.119731 seconds to synchronously load lazily loaded font '../../../Engine/Content/Slate/Fonts/Roboto-Regular.ttf' (155K)
[2022.08.04-13.58.25:074][  0]LogSlate: Took 0.262948 seconds to synchronously load lazily loaded font '../../../Engine/Content/Editor/Slate/Fonts/NanumGothic.ttf' (4243K)
[2022.08.04-13.58.25:422][  0]LogSlate: Took 0.235728 seconds to synchronously load lazily loaded font '../../../Engine/Content/Editor/Slate/Fonts/NanumGothicBold.ttf' (4188K)
[2022.08.04-13.58.25:422][  0]LogSlate: Took 0.000237 seconds to synchronously load lazily loaded font '../../../Engine/Content/Slate/Fonts/Roboto-Bold.ttf' (160K)
[2022.08.04-13.58.25:493][  0]LogSlate: Took 0.031903 seconds to synchronously load lazily loaded font '../../../Engine/Content/Editor/Slate/Fonts/FontAwesome.ttf' (139K)
[2022.08.04-13.58.26:771][  1]LogRenderer: Reallocating scene render targets to support 976x492 Format 10 NumSamples 1 (Frame:1).
[2022.08.04-13.58.27:467][  4]ArenaBattle: Warning: AFountain::PostInitializeComponents(78)
[2022.08.04-13.58.27:735][  5]ArenaBattle: Warning: AABPawn::PostInitializeComponents(66)
[2022.08.04-13.58.27:771][  6]ArenaBattle: Error: UABCharacterStatComponent::SetNewLevel(36) ASSERTION : 'nullptr != ABGameInstance'
[2022.08.04-13.58.31:691][342]LogRenderer: Reallocating scene render targets to support 976x772 Format 10 NumSamples 1 (Frame:343).
[2022.08.04-13.58.33:209][396]LogCollectionManager: Rebuilt the object cache for 0 collections in 0.000000 seconds (found 0 objects)
[2022.08.04-13.58.35:111][610]LogSlate: FSceneViewport::OnFocusLost() reason 0
[2022.08.04-13.58.45:435][845]LogAssetRegistry: Asset discovery search completed in 70.2774 seconds
[2022.08.04-13.58.45:496][845]LogCollectionManager: Fixed up redirectors for 0 collections in 0.000012 seconds (updated 0 objects)
[2022.08.04-13.58.48:969][231]LogSlate: Took 0.096824 seconds to synchronously load lazily loaded font '../../../Engine/Content/Slate/Fonts/Roboto-Light.ttf' (167K)
[2022.08.04-13.58.49:038][231]LogSlate: Took 0.008886 seconds to synchronously load lazily loaded font '../../../Engine/Content/Slate/Fonts/Roboto-BoldCondensed.ttf' (158K)
[2022.08.04-13.59.47:194][ 38]Running D:/UE_4.19/Engine/Binaries/DotNET/UnrealBuildTool.exe  -projectfiles -project="D:/UE4CPP/ArenaBattle/ArenaBattle.uproject" -game -rocket -progress
[2022.08.04-13.59.47:408][ 38]Discovering modules, targets and source code for project...
[2022.08.04-13.59.52:479][ 38]LogVSAccessor: Warning: Couldn't access Visual Studio
[2022.08.04-13.59.52:520][ 38]Candidate modules for hot reload:
[2022.08.04-13.59.52:520][ 38]  ArenaBattle
[2022.08.04-13.59.52:520][ 38]Launching UnrealBuildTool... [D:/UE_4.19/Engine/Binaries/DotNET/UnrealBuildTool.exe ArenaBattle -ModuleWithSuffix=ArenaBattle,8686 Win64 Development -editorrecompile -canskiplink "D:/UE4CPP/ArenaBattle/ArenaBattle.uproject" ]
[2022.08.04-14.00.08:074][ 38]CompilerResultsLog: New page: 컴파일 - 2022. 8. 5. 오전 8:00:08
[2022.08.04-14.00.08:075][ 38]CompilerResultsLog: Creating makefile for hot reloading ArenaBattle (no existing makefile)
[2022.08.04-14.00.08:075][ 38]CompilerResultsLog: Compiling game modules for hot reload
[2022.08.04-14.00.08:075][ 38]CompilerResultsLog: Parsing headers for ArenaBattleEditor
[2022.08.04-14.00.08:075][ 38]CompilerResultsLog:   Running UnrealHeaderTool "D:\UE4CPP\ArenaBattle\ArenaBattle.uproject" "D:\UE4CPP\ArenaBattle\Intermediate\Build\Win64\ArenaBattleEditor\Development\ArenaBattleEditor.uhtmanifest" -LogCmds="loginit warning, logexit warning, logdatabase error" -Unattended -WarningsAsErrors -installed
[2022.08.04-14.00.08:075][ 38]CompilerResultsLog: Reflection code generated for ArenaBattleEditor in 7.8950959 seconds
[2022.08.04-14.00.08:075][ 38]CompilerResultsLog: Performing 5 actions (9 in parallel)
[2022.08.04-14.00.08:075][ 38]CompilerResultsLog: ABGameplayWidget.cpp
[2022.08.04-14.00.08:075][ 38]CompilerResultsLog: ArenaBattle.init.gen.cpp
[2022.08.04-14.00.08:075][ 38]CompilerResultsLog: ABGameplayWidget.gen.cpp
[2022.08.04-14.00.08:075][ 38]CompilerResultsLog: [4/5] Link UE4Editor-ArenaBattle-8686.dll
[2022.08.04-14.00.08:075][ 38]CompilerResultsLog: [5/5] Link UE4Editor-ArenaBattle-8686.lib
[2022.08.04-14.00.08:075][ 38]CompilerResultsLog:    D:\UE4CPP\ArenaBattle\Intermediate\Build\Win64\UE4Editor\Development\UE4Editor-ArenaBattle-8686.lib ???̺귯?? ?? D:\UE4CPP\ArenaBattle\Intermediate\Build\Win64\UE4Editor\Development\UE4Editor-ArenaBattle-8686.exp ??ü?? ?????ϰ? ?ֽ??ϴ?.
[2022.08.04-14.00.08:075][ 38]CompilerResultsLog:    D:\UE4CPP\ArenaBattle\Intermediate\Build\Win64\UE4Editor\Development\UE4Editor-ArenaBattle-8686.suppressed.lib ???̺귯?? ?? D:\UE4CPP\ArenaBattle\Intermediate\Build\Win64\UE4Editor\Development\UE4Editor-ArenaBattle-8686.suppressed.exp ??ü?? ?????ϰ? ?ֽ??ϴ?.
[2022.08.04-14.00.08:075][ 38]CompilerResultsLog: Total build time: 15.28 seconds (Local executor: 2.84 seconds)
[2022.08.04-14.00.08:081][ 38]LogMainFrame: MainFrame: Module compiling took 15.603 seconds
[2022.08.04-14.00.08:516][ 38]LogClass: Could not find existing class ABGameplayWidget in package /Script/ArenaBattle for HotReload, assuming new class
[2022.08.04-14.00.08:521][ 38]LogClass: ECharacterState HotReload.
[2022.08.04-14.00.08:521][ 38]LogClass: ABCharacterData HotReload.
[2022.08.04-14.00.08:526][ 38]LogHotReload: Re-instancing ABItemBox after hot-reload.
[2022.08.04-14.00.08:833][ 38]LogHotReload: Re-instancing ABPawn after hot-reload.
[2022.08.04-14.00.08:956][ 38]LogHotReload: Re-instancing ABSection after hot-reload.
[2022.08.04-14.00.09:027][ 38]LogContentBrowser: Native class hierarchy updated for 'ArenaBattle' in 0.0024 seconds. Added 25 classes and 2 folders.
[2022.08.04-14.00.09:029][ 38]Display: HotReload successful (12 functions remapped  1 scriptstructs remapped)
[2022.08.04-14.00.09:214][ 38]LogContentBrowser: Native class hierarchy populated in 0.0103 seconds. Added 2479 classes and 565 folders.
[2022.08.04-14.00.09:225][ 38]Display: HotReload took 16.8s.
[2022.08.04-14.00.09:227][ 38]Warning: HotReload operation took 16.8s.
[2022.08.04-14.00.09:276][ 38]LogSlate: Window 'C++ 클래스 추가' being destroyed
[2022.08.04-14.00.09:322][ 38]LogHotReload: New module detected: UE4Editor-ArenaBattle-8686.dll
[2022.08.04-14.00.09:501][ 39]LogHotReload: Starting Hot-Reload from IDE
[2022.08.04-14.00.09:571][ 39]LogContentBrowser: Native class hierarchy updated for 'ArenaBattle' in 0.0027 seconds. Added 25 classes and 2 folders.
[2022.08.04-14.00.09:573][ 39]Display: HotReload successful (0 functions remapped  1 scriptstructs remapped)
[2022.08.04-14.00.09:595][ 39]LogContentBrowser: Native class hierarchy populated in 0.0102 seconds. Added 2479 classes and 565 folders.
[2022.08.04-14.00.09:600][ 39]Display: HotReload took  0.1s.
[2022.08.04-14.00.11:477][112]LogVSAccessor: Warning: Visual Studio is open but could not be queried - it may be blocked by a modal operation
[2022.08.04-14.08.39:488][589]LogHotReload: New module detected: UE4Editor-ArenaBattle-225.dll
[2022.08.04-14.08.41:180][595]LogHotReload: Starting Hot-Reload from IDE
[2022.08.04-14.08.41:964][595]LogClass: Could not find existing class ABGameplayWidget in package /Script/ArenaBattle for HotReload, assuming new class
[2022.08.04-14.08.41:965][595]LogClass: Function OnResumeClicked is new.
[2022.08.04-14.08.41:965][595]LogClass: Function OnRetryGameClicked is new.
[2022.08.04-14.08.41:965][595]LogClass: Function OnReturnToTitleClicked is new.
[2022.08.04-14.08.41:967][595]LogClass: Could not find existing class ABPlayerController in package /Script/ArenaBattle for HotReload, assuming new class
[2022.08.04-14.08.41:970][595]LogClass: ECharacterState HotReload.
[2022.08.04-14.08.41:970][595]LogClass: ABCharacterData HotReload.
[2022.08.04-14.08.42:093][595]LogHotReload: Re-instancing ABGameMode after hot-reload.
[2022.08.04-14.08.42:128][595]LogHotReload: Re-instancing ABGameplayWidget after hot-reload.
[2022.08.04-14.08.42:181][595]LogHotReload: Re-instancing ABItemBox after hot-reload.
[2022.08.04-14.08.42:250][595]LogHotReload: Re-instancing ABPawn after hot-reload.
[2022.08.04-14.08.42:320][595]LogHotReload: Re-instancing ABPlayerController after hot-reload.
[2022.08.04-14.08.42:357][595]LogHotReload: Re-instancing ABSection after hot-reload.
[2022.08.04-14.08.42:431][595]LogContentBrowser: Native class hierarchy updated for 'ArenaBattle' in 0.0034 seconds. Added 25 classes and 2 folders.
[2022.08.04-14.08.42:433][595]Display: HotReload successful (12 functions remapped  1 scriptstructs remapped)
[2022.08.04-14.08.42:467][595]LogContentBrowser: Native class hierarchy populated in 0.0106 seconds. Added 2479 classes and 565 folders.
[2022.08.04-14.08.42:470][595]Display: HotReload took  1.3s.
[2022.08.04-14.08.47:034][635]ArenaBattle: Warning: AABPawn::PostInitializeComponents(66)
[2022.08.04-14.08.49:519][930]LogTemp: Repeating last play command: 선택된 뷰포트
[2022.08.04-14.08.49:658][930]LogPlayLevel: PlayLevel: No blueprints needed recompiling
[2022.08.04-14.08.49:712][930]PIE: New page: PIE 세션: Title (2022. 8. 5. 오전 8:08:49)
[2022.08.04-14.08.49:738][930]LogPlayLevel: Creating play world package: /Game/Maps/UEDPIE_0_Title
[2022.08.04-14.08.49:807][930]LogPlayLevel: PIE: StaticDuplicateObject took: (0.068725s)
[2022.08.04-14.08.49:808][930]LogAIModule: Creating AISystem for world Title
[2022.08.04-14.08.49:829][930]LogPlayLevel: PIE: World Init took: (0.021939s)
[2022.08.04-14.08.49:829][930]LogPlayLevel: PIE: Created PIE world by copying editor world from /Game/Maps/Title.Title to /Game/Maps/UEDPIE_0_Title.Title (0.090924s)
[2022.08.04-14.08.49:952][930]LogInit: XAudio2 using '스피커(High Definition Audio Device)' : 2 channels at 48 kHz using 16 bits per sample (channel mask 0x3)
[2022.08.04-14.08.49:972][930]LogInit: FAudioDevice initialized.
[2022.08.04-14.08.50:097][930]LogLoad: Game class is 'BP_SelectGameMode_C'
[2022.08.04-14.08.50:272][930]LogWorld: Bringing World /Game/Maps/UEDPIE_0_Title.Title up for play (max tick rate 0) at 2022.08.04-23.08.50
[2022.08.04-14.08.50:302][930]LogWorld: Bringing up level for play took: 0.030413
[2022.08.04-14.08.50:613][930]LogContentBrowser: Native class hierarchy updated for 'MovieSceneCapture' in 0.0027 seconds. Added 11 classes and 0 folders.
[2022.08.04-14.08.50:698][930]PIE: /Game/Maps/UEDPIE_0_Title 에 대한 에디터에서 플레이 시작 시간: 1.423
[2022.08.04-14.08.50:845][930]LogSlate: Took 0.043867 seconds to synchronously load lazily loaded font '../../../Engine/Content/Slate/Fonts/../../Editor/Slate/Fonts/NanumGothic.ttf' (4243K)
[2022.08.04-14.08.52:619][130]LogSlate: FSceneViewport::OnFocusLost() reason 0
[2022.08.04-14.08.52:718][142]ArenaBattle: Error: UABCharacterSelectWidget::NextCharacter(25) ASSERTION : 'TargetComponent.IsValid()'
[2022.08.04-14.08.56:435][542]LogSlate: FSceneViewport::OnFocusLost() reason 0
[2022.08.04-14.08.57:889][705]LogSlate: Prevented a slow task dialog from being summoned while a context menu was open
[2022.08.04-14.09.07:803][725]LogContentBrowser: Native class hierarchy updated for 'BlueprintGraph' in 0.0028 seconds. Added 116 classes and 0 folders.
[2022.08.04-14.09.08:381][725]LogUObjectGlobals: Created PersistentFrame Addr=0x000002a51731e678, Size=4, Default__SKEL_PROTO_BP_AnimBlueprint_0_C Function /Engine/Transient.SKEL_PROTO_BP_AnimBlueprint_0_C:ExecuteUbergraph_PROTO_BP_AnimBlueprint_0
[2022.08.04-14.09.08:390][725]LogUObjectGlobals: Created PersistentFrame Addr=0x000002a51731e640, Size=4, Default__PROTO_BP_AnimBlueprint_0_C Function /Engine/Transient.PROTO_BP_AnimBlueprint_0_C:ExecuteUbergraph_PROTO_BP_AnimBlueprint_0
[2022.08.04-14.09.14:000][  1]LogSlate: Took 0.018666 seconds to synchronously load lazily loaded font '../../../Engine/Content/Slate/Fonts/Roboto-Italic.ttf' (157K)
[2022.08.04-14.09.14:721][ 81]LogSlate: Prevented a slow task dialog from being summoned while a context menu was open
[2022.08.04-14.09.19:326][574]Cmd: OBJ SAVEPACKAGE PACKAGE="/Game/Book/UI/UI_Menu" FILE="../../../../UE4CPP/ArenaBattle/Content/Book/UI/UI_Menu.uasset" SILENT=true
[2022.08.04-14.09.19:988][574]LogSavePackage: Save=64.63ms
[2022.08.04-14.09.19:988][574]LogSavePackage: Moving '../../../../UE4CPP/ArenaBattle/Saved/UI_Menu231419174F7E186881E8C0849EA1DDB1.tmp' to '../../../../UE4CPP/ArenaBattle/Content/Book/UI/UI_Menu.uasset'
[2022.08.04-14.09.20:003][574]LogSavePackage: Display: Finished SavePackage ../../../../UE4CPP/ArenaBattle/Content/Book/UI/UI_Menu.uasset
[2022.08.04-14.09.21:395][733]LogSlate: Window 'UI_Menu' being destroyed
[2022.08.04-14.09.21:399][733]LogSlate: Window 'UI_Menu' being destroyed
[2022.08.04-14.09.39:467][478]LogTemp: Repeating last play command: 선택된 뷰포트
[2022.08.04-14.09.39:479][478]LogPlayLevel: PlayLevel: No blueprints needed recompiling
[2022.08.04-14.09.39:479][478]PIE: New page: PIE 세션: Title (2022. 8. 5. 오전 8:09:39)
[2022.08.04-14.09.39:479][478]LogPlayLevel: Creating play world package: /Game/Maps/UEDPIE_0_Title
[2022.08.04-14.09.39:480][478]LogPlayLevel: PIE: StaticDuplicateObject took: (0.000689s)
[2022.08.04-14.09.39:481][478]LogAIModule: Creating AISystem for world Title
[2022.08.04-14.09.39:481][478]LogPlayLevel: PIE: World Init took: (0.000611s)
[2022.08.04-14.09.39:481][478]LogPlayLevel: PIE: Created PIE world by copying editor world from /Game/Maps/Title.Title to /Game/Maps/UEDPIE_0_Title.Title (0.001425s)
[2022.08.04-14.09.39:566][478]LogInit: XAudio2 using '스피커(High Definition Audio Device)' : 2 channels at 48 kHz using 16 bits per sample (channel mask 0x3)
[2022.08.04-14.09.39:585][478]LogInit: FAudioDevice initialized.
[2022.08.04-14.09.39:627][478]LogLoad: Game class is 'BP_SelectGameMode_C'
[2022.08.04-14.09.39:628][478]LogWorld: Bringing World /Game/Maps/UEDPIE_0_Title.Title up for play (max tick rate 0) at 2022.08.04-23.09.39
[2022.08.04-14.09.39:628][478]LogWorld: Bringing up level for play took: 0.000287
[2022.08.04-14.09.39:630][478]PIE: /Game/Maps/UEDPIE_0_Title 에 대한 에디터에서 플레이 시작 시간: 0.354
[2022.08.04-14.09.40:286][556]LogSlate: FSceneViewport::OnFocusLost() reason 0
[2022.08.04-14.09.40:380][567]ArenaBattle: Error: UABCharacterSelectWidget::NextCharacter(25) ASSERTION : 'TargetComponent.IsValid()'
[2022.08.04-14.09.41:709][720]LogSlate: Took 0.042234 seconds to synchronously load lazily loaded font '../../../Engine/Content/Slate/Fonts/DroidSansMono.ttf' (77K)
[2022.08.04-14.09.41:777][720]LogSlate: Took 0.036111 seconds to synchronously load lazily loaded font '../../../Engine/Content/Editor/Slate/Fonts/NanumGothicExtraBold.ttf' (4074K)
[2022.08.04-14.09.41:818][720]LogSlate: Took 0.033019 seconds to synchronously load lazily loaded font '../../../Engine/Content/Slate/Fonts/DroidSansFallback.ttf' (3848K)
[2022.08.04-14.09.41:854][720]LogSlate: Took 0.034764 seconds to synchronously load lazily loaded font '../../../Engine/Content/SlateDebug/Fonts/LastResort.ttf' (5269K)
[2022.08.04-14.09.43:885][960]ArenaBattle: Error: UABCharacterSelectWidget::NextCharacter(25) ASSERTION : 'TargetComponent.IsValid()'
[2022.08.04-14.09.44:376][ 19]ArenaBattle: Error: UABCharacterSelectWidget::NextCharacter(25) ASSERTION : 'TargetComponent.IsValid()'
[2022.08.04-14.09.47:499][388]LogSlate: FSceneViewport::OnFocusLost() reason 0
[2022.08.04-14.09.51:945][793]LogSlate: Window 'UI_Select' being destroyed
[2022.08.04-14.09.51:948][793]LogSlate: Window 'UI_Select' being destroyed
[2022.08.04-14.09.58:709][595]LogSlate: Prevented a slow task dialog from being summoned while a context menu was open
[2022.08.04-14.09.58:743][595]LogUObjectGlobals: Created PersistentFrame Addr=0x000002a528525000, Size=32, Default__UI_Title_C Function /Game/Book/UI/UI_Title.UI_Title_C:ExecuteUbergraph_UI_Title
[2022.08.04-14.09.58:746][595]LogUObjectGlobals: Destroyed PersistentFrame Addr=0x000002a528525000, Size=32
[2022.08.04-14.09.58:746][595]LogUObjectGlobals: Created PersistentFrame Addr=0x000002a515d96c00, Size=32, Default__UI_Title_C Function /Engine/Transient.REINST_UI_Title_C_4:ExecuteUbergraph_UI_Title
[2022.08.04-14.09.58:748][595]LogUObjectGlobals: Created PersistentFrame Addr=0x000002a515d96a00, Size=32, Default__UI_Title_C Function /Game/Book/UI/UI_Title.UI_Title_C:ExecuteUbergraph_UI_Title
[2022.08.04-14.10.00:531][803]LogTemp: Repeating last play command: 선택된 뷰포트
[2022.08.04-14.10.00:544][803]LogPlayLevel: PlayLevel: No blueprints needed recompiling
[2022.08.04-14.10.00:544][803]PIE: New page: PIE 세션: Title (2022. 8. 5. 오전 8:10:00)
[2022.08.04-14.10.00:544][803]LogPlayLevel: Creating play world package: /Game/Maps/UEDPIE_0_Title
[2022.08.04-14.10.00:545][803]LogPlayLevel: PIE: StaticDuplicateObject took: (0.000572s)
[2022.08.04-14.10.00:545][803]LogAIModule: Creating AISystem for world Title
[2022.08.04-14.10.00:546][803]LogPlayLevel: PIE: World Init took: (0.000587s)
[2022.08.04-14.10.00:546][803]LogPlayLevel: PIE: Created PIE world by copying editor world from /Game/Maps/Title.Title to /Game/Maps/UEDPIE_0_Title.Title (0.001508s)
[2022.08.04-14.10.00:557][803]LogUObjectGlobals: Destroyed PersistentFrame Addr=0x000002a515d96c00, Size=32
[2022.08.04-14.10.00:614][803]LogInit: XAudio2 using '스피커(High Definition Audio Device)' : 2 channels at 48 kHz using 16 bits per sample (channel mask 0x3)
[2022.08.04-14.10.00:637][803]LogInit: FAudioDevice initialized.
[2022.08.04-14.10.00:668][803]LogLoad: Game class is 'BP_TitleGameMode_C'
[2022.08.04-14.10.00:669][803]LogWorld: Bringing World /Game/Maps/UEDPIE_0_Title.Title up for play (max tick rate 0) at 2022.08.04-23.10.00
[2022.08.04-14.10.00:669][803]LogWorld: Bringing up level for play took: 0.000491
[2022.08.04-14.10.00:806][803]PIE: /Game/Maps/UEDPIE_0_Title 에 대한 에디터에서 플레이 시작 시간: -0.469
[2022.08.04-14.10.02:394][991]LogSlate: FSceneViewport::OnFocusLost() reason 0
[2022.08.04-14.10.02:486][  2]LogNet: Browse: /Game/Maps/Select
[2022.08.04-14.10.02:502][  2]LogLoad: LoadMap: /Game/Maps/Select
[2022.08.04-14.10.02:764][  2]LogSkeletalMesh: Skeletal Mesh found in DDC [21.982401ms] /Game/InfinityBladeWarriors/Character/CompleteCharacters/SK_CharM_Barbarous.SK_CharM_Barbarous
[2022.08.04-14.10.04:141][  2]LogAIModule: Creating AISystem for world Select
[2022.08.04-14.10.04:142][  2]LogLoad: Game class is 'BP_SelectGameMode_C'
[2022.08.04-14.10.04:184][  2]LogWorld: Bringing World /Game/Maps/UEDPIE_0_Select.Select up for play (max tick rate 0) at 2022.08.04-23.10.04
[2022.08.04-14.10.04:184][  2]LogWorld: Bringing up level for play took: 0.041857
[2022.08.04-14.10.04:185][  2]LogGameMode: FindPlayerStart: PATHS NOT DEFINED or NO PLAYERSTART with positive rating
[2022.08.04-14.10.04:186][  2]LogLoad: Took 1.683743 seconds to LoadMap(/Game/Maps/Select)
[2022.08.04-14.10.05:401][127]LogSlate: FSceneViewport::OnFocusLost() reason 0
[2022.08.04-14.10.05:643][142]LogSkeletalMesh: Skeletal Mesh found in DDC [24.080299ms] /Game/InfinityBladeWarriors/Character/CompleteCharacters/sk_CharM_Base.sk_CharM_Base
[2022.08.04-14.10.09:248][567]LogNet: Browse: /Game/Maps/Gameplay
[2022.08.04-14.10.09:249][567]LogLoad: LoadMap: /Game/Maps/Gameplay
[2022.08.04-14.10.10:092][567]LogAIModule: Creating AISystem for world Gameplay
[2022.08.04-14.10.10:093][567]LogLoad: Game class is 'ABGameMode'
[2022.08.04-14.10.10:218][567]LogWorld: Bringing World /Game/Maps/UEDPIE_0_Gameplay.Gameplay up for play (max tick rate 0) at 2022.08.04-23.10.10
[2022.08.04-14.10.10:243][567]LogWorld: Bringing up level for play took: 0.149019
[2022.08.04-14.10.10:275][567]ArenaBattle: Warning: AABPlayerController::PostInitializeComponents(30)
[2022.08.04-14.10.10:423][567]ArenaBattle: Warning: AABPlayerController::Possess(36)
[2022.08.04-14.10.10:438][567]ArenaBattle: Warning: AABPlayerState::GetExpRatio(54) Ratio : 0.000000, Current : 0, Next : 30
[2022.08.04-14.10.10:438][567]LogLoad: Took 1.188986 seconds to LoadMap(/Game/Maps/Gameplay)
[2022.08.04-14.10.15:316][130]LogSlate: FSceneViewport::OnFocusLost() reason 0
[2022.08.04-14.10.59:721][871]Cmd: OBJ SAVEPACKAGE PACKAGE="/Game/Maps/Title" FILE="../../../../UE4CPP/ArenaBattle/Saved/Autosaves/Game/Maps/Title_Auto1.umap" SILENT=true AUTOSAVING=true KEEPDIRTY=false
[2022.08.04-14.10.59:732][871]LogSavePackage: Save=4.17ms
[2022.08.04-14.10.59:732][871]LogSavePackage: Moving '../../../../UE4CPP/ArenaBattle/Saved/Title_Auto1E6C1321F4B6F2125252053B48F4D8039.tmp' to '../../../../UE4CPP/ArenaBattle/Saved/Autosaves/Game/Maps/Title_Auto1.umap'
[2022.08.04-14.10.59:752][871]LogSavePackage: Display: Finished SavePackage ../../../../UE4CPP/ArenaBattle/Saved/Autosaves/Game/Maps/Title_Auto1.umap
[2022.08.04-14.10.59:803][871]LogFileHelpers: Editor autosave (incl. sublevels) for '/Game/Maps/Title' took 0.153
[2022.08.04-14.10.59:803][871]LogFileHelpers: Editor autosave (incl. sublevels) for all levels took 0.153
[2022.08.04-14.12.03:689][527]Cmd: OBJ SAVEPACKAGE PACKAGE="/Game/Maps/Title" FILE="../../../../UE4CPP/ArenaBattle/Content/Maps/Title.umap" SILENT=true AUTOSAVING=false KEEPDIRTY=false
[2022.08.04-14.12.03:711][527]LogSavePackage: Save=4.20ms
[2022.08.04-14.12.03:711][527]LogSavePackage: Moving '../../../../UE4CPP/ArenaBattle/Saved/TitleC032290743438C51923A078EA6DD6ADC.tmp' to '../../../../UE4CPP/ArenaBattle/Content/Maps/Title.umap'
[2022.08.04-14.12.03:719][527]LogSavePackage: Display: Finished SavePackage ../../../../UE4CPP/ArenaBattle/Content/Maps/Title.umap
[2022.08.04-14.12.04:789][633]LogSlate: Window 'ArenaBattle - 언리얼 에디터' being destroyed
[2022.08.04-14.12.05:135][634]Cmd: QUIT_EDITOR
[2022.08.04-14.12.06:338][634]LogWindowsTextInputMethodSystem: Display: IME system now activated using TSF (Microsoft 입력기).
[2022.08.04-14.12.06:364][634]LogSlate: Slate User Destroyed.  User Index 0, Is Virtual User: 0
[2022.08.04-14.12.06:382][634]LogExit: Preparing to exit.
[2022.08.04-14.12.07:268][634]LogDirectoryWatcher: A directory notification for 'D:/UE4CPP/ArenaBattle/Content/' was aborted.
[2022.08.04-14.12.07:369][634]LogUObjectGlobals: Destroyed PersistentFrame Addr=0x000002a484639450, Size=20
[2022.08.04-14.12.07:413][634]LogExit: Editor shut down
[2022.08.04-14.12.07:417][634]LogExit: Transaction tracking system shut down
[2022.08.04-14.12.07:418][634]LogUObjectGlobals: Destroyed PersistentFrame Addr=0x000002a515d96a00, Size=32
[2022.08.04-14.12.07:419][634]LogUObjectGlobals: Destroyed PersistentFrame Addr=0x000002a51731e678, Size=4
[2022.08.04-14.12.07:419][634]LogUObjectGlobals: Destroyed PersistentFrame Addr=0x000002a51731e640, Size=4
[2022.08.04-14.12.07:615][634]LogDirectoryWatcher: A directory notification for '../../../Engine/Content/' was aborted.
[2022.08.04-14.12.07:616][634]LogDirectoryWatcher: A directory notification for '../../../../UE4CPP/ArenaBattle/Content/' was aborted.
[2022.08.04-14.12.07:616][634]LogDirectoryWatcher: A directory notification for '../../Plugins/2D/Paper2D/Content/' was aborted.
[2022.08.04-14.12.07:616][634]LogDirectoryWatcher: A directory notification for '../../Plugins/Enterprise/DatasmithContent/Content/' was aborted.
[2022.08.04-14.12.07:616][634]LogDirectoryWatcher: A directory notification for '../../Plugins/Media/MediaCompositing/Content/' was aborted.
[2022.08.04-14.12.07:616][634]LogDirectoryWatcher: A directory notification for '../../Plugins/Runtime/AppleARKit/Content/' was aborted.
[2022.08.04-14.12.07:616][634]LogDirectoryWatcher: A directory notification for '../../Plugins/Runtime/Oculus/OculusVR/Content/' was aborted.
[2022.08.04-14.12.07:616][634]LogDirectoryWatcher: A directory notification for '../../Plugins/Runtime/Steam/SteamVR/Content/' was aborted.
[2022.08.04-14.12.08:734][634]LogExit: Object subsystem successfully closed.
[2022.08.04-14.12.08:949][634]LogShaderCompilers: Display: Shaders left to compile 0
[2022.08.04-14.12.08:979][634]LogD3D11RHI: Shutdown
[2022.08.04-14.12.08:979][634]LogD3D11RHI: CleanupD3DDevice
[2022.08.04-14.12.08:997][634]LogD3D11RHI: ~FD3D11DynamicRHI
[2022.08.04-14.12.10:028][634]LogModuleManager: Shutting down and abandoning module SequencerWidgets (587)
[2022.08.04-14.12.10:028][634]LogModuleManager: Shutting down and abandoning module BlueprintGraph (585)
[2022.08.04-14.12.10:028][634]LogModuleManager: Shutting down and abandoning module MovieSceneCapture (583)
[2022.08.04-14.12.10:028][634]LogModuleManager: Shutting down and abandoning module ArenaBattle (581)
[2022.08.04-14.12.10:028][634]LogModuleManager: Shutting down and abandoning module HierarchicalLODOutliner (578)
[2022.08.04-14.12.10:028][634]LogModuleManager: Shutting down and abandoning module DesktopPlatform (576)
[2022.08.04-14.12.10:038][634]LogModuleManager: Shutting down and abandoning module SceneOutliner (574)
[2022.08.04-14.12.10:055][634]LogModuleManager: Shutting down and abandoning module AddContentDialog (572)
[2022.08.04-14.12.10:070][634]LogDirectoryWatcher: A directory notification for 'D:/UE_4.19/FeaturePacks/' was aborted.
[2022.08.04-14.12.10:071][634]LogModuleManager: Shutting down and abandoning module WidgetCarousel (571)
[2022.08.04-14.12.10:071][634]LogModuleManager: Shutting down and abandoning module EditorWidgets (568)
[2022.08.04-14.12.10:071][634]LogModuleManager: Shutting down and abandoning module CollectionManager (566)
[2022.08.04-14.12.10:084][634]LogDirectoryWatcher: A directory notification for 'D:/UE4CPP/ArenaBattle/Content/Collections/' was aborted.
[2022.08.04-14.12.10:084][634]LogDirectoryWatcher: A directory notification for 'D:/UE4CPP/ArenaBattle/Content/Developers/guldd/Collections/' was aborted.
[2022.08.04-14.12.10:084][634]LogDirectoryWatcher: A directory notification for 'D:/UE4CPP/ArenaBattle/Saved/Collections/' was aborted.
[2022.08.04-14.12.10:085][634]LogModuleManager: Shutting down and abandoning module StatsViewer (564)
[2022.08.04-14.12.10:085][634]LogModuleManager: Shutting down and abandoning module FoliageEdit (562)
[2022.08.04-14.12.10:085][634]LogModuleManager: Shutting down and abandoning module LandscapeEditor (560)
[2022.08.04-14.12.10:085][634]LogModuleManager: Shutting down and abandoning module MeshPaintMode (558)
[2022.08.04-14.12.10:085][634]LogModuleManager: Shutting down and abandoning module SceneDepthPickerMode (556)
[2022.08.04-14.12.10:085][634]LogModuleManager: Shutting down and abandoning module ActorPickerMode (554)
[2022.08.04-14.12.10:085][634]LogModuleManager: Shutting down and abandoning module GeometryMode (552)
[2022.08.04-14.12.10:102][634]LogModuleManager: Shutting down and abandoning module TextureAlignMode (550)
[2022.08.04-14.12.10:102][634]LogModuleManager: Shutting down and abandoning module BspMode (548)
[2022.08.04-14.12.10:102][634]LogModuleManager: Shutting down and abandoning module PIEPreviewDeviceProfileSelector (546)
[2022.08.04-14.12.10:102][634]LogModuleManager: Shutting down and abandoning module HardwareSurvey (544)
[2022.08.04-14.12.10:102][634]LogModuleManager: Shutting down and abandoning module SequenceRecorderSections (542)
[2022.08.04-14.12.10:145][634]LogModuleManager: Shutting down and abandoning module AutomationWorker (540)
[2022.08.04-14.12.10:145][634]LogModuleManager: Shutting down and abandoning module AudioCaptureEditor (538)
[2022.08.04-14.12.10:145][634]LogModuleManager: Shutting down and abandoning module SequenceRecorder (537)
[2022.08.04-14.12.10:162][634]LogModuleManager: Shutting down and abandoning module MatineeToLevelSequence (534)
[2022.08.04-14.12.10:175][634]LogModuleManager: Shutting down and abandoning module LevelSequenceEditor (532)
[2022.08.04-14.12.10:214][634]LogModuleManager: Shutting down and abandoning module PlacementMode (531)
[2022.08.04-14.12.10:214][634]LogModuleManager: Shutting down and abandoning module MaterialEditor (530)
[2022.08.04-14.12.10:240][634]LogModuleManager: Shutting down and abandoning module WmfMediaFactory (526)
[2022.08.04-14.12.10:240][634]LogModuleManager: Shutting down and abandoning module WmfMediaEditor (524)
[2022.08.04-14.12.10:240][634]LogModuleManager: Shutting down and abandoning module MediaPlayerEditor (522)
[2022.08.04-14.12.10:252][634]LogModuleManager: Shutting down and abandoning module OpenExrWrapper (520)
[2022.08.04-14.12.10:252][634]LogModuleManager: Shutting down and abandoning module ImgMediaFactory (518)
[2022.08.04-14.12.10:252][634]LogModuleManager: Shutting down and abandoning module ImgMediaEditor (516)
[2022.08.04-14.12.10:252][634]LogModuleManager: Shutting down and abandoning module AvfMediaFactory (514)
[2022.08.04-14.12.10:252][634]LogModuleManager: Shutting down and abandoning module AvfMediaEditor (512)
[2022.08.04-14.12.10:252][634]LogModuleManager: Shutting down and abandoning module AndroidMediaFactory (510)
[2022.08.04-14.12.10:252][634]LogModuleManager: Shutting down and abandoning module AndroidMediaEditor (508)
[2022.08.04-14.12.10:252][634]LogModuleManager: Shutting down and abandoning module CharacterAI (506)
[2022.08.04-14.12.10:252][634]LogModuleManager: Shutting down and abandoning module SmartSnapping (504)
[2022.08.04-14.12.10:252][634]LogModuleManager: Shutting down and abandoning module SessionServices (502)
[2022.08.04-14.12.10:252][634]LogModuleManager: Shutting down and abandoning module ViewportSnapping (500)
[2022.08.04-14.12.10:252][634]LogModuleManager: Shutting down and abandoning module ViewportInteraction (498)
[2022.08.04-14.12.10:252][634]LogModuleManager: Shutting down and abandoning module ClothPainter (496)
[2022.08.04-14.12.10:269][634]LogModuleManager: Shutting down and abandoning module SkeletalMeshEditor (495)
[2022.08.04-14.12.10:281][634]LogModuleManager: Shutting down and abandoning module LogVisualizer (492)
[2022.08.04-14.12.10:295][634]LogModuleManager: Shutting down and abandoning module IntroTutorials (490)
[2022.08.04-14.12.10:352][634]LogModuleManager: Shutting down and abandoning module GameProjectGeneration (489)
[2022.08.04-14.12.10:352][634]LogModuleManager: Shutting down and abandoning module IOSPlatformEditor (486)
[2022.08.04-14.12.10:352][634]LogModuleManager: Shutting down and abandoning module HTML5PlatformEditor (484)
[2022.08.04-14.12.10:352][634]LogModuleManager: Shutting down and abandoning module AndroidPlatformEditor (482)
[2022.08.04-14.12.10:352][634]LogModuleManager: Shutting down and abandoning module AndroidDeviceDetection (481)
[2022.08.04-14.12.10:697][634]LogModuleManager: Shutting down and abandoning module WindowsPlatformEditor (478)
[2022.08.04-14.12.10:697][634]LogModuleManager: Shutting down and abandoning module IOSRuntimeSettings (476)
[2022.08.04-14.12.10:697][634]LogModuleManager: Shutting down and abandoning module AndroidRuntimeSettings (474)
[2022.08.04-14.12.10:697][634]LogModuleManager: Shutting down and abandoning module InputBindingEditor (472)
[2022.08.04-14.12.10:697][634]LogModuleManager: Shutting down and abandoning module MergeActors (470)
[2022.08.04-14.12.10:722][634]LogModuleManager: Shutting down and abandoning module LocalizationDashboard (468)
[2022.08.04-14.12.10:731][634]LogModuleManager: Shutting down and abandoning module LocalizationService (467)
[2022.08.04-14.12.10:744][634]LogModuleManager: Shutting down and abandoning module HardwareTargeting (464)
[2022.08.04-14.12.10:745][634]LogModuleManager: Shutting down and abandoning module DeviceProfileEditor (462)
[2022.08.04-14.12.10:763][634]LogModuleManager: Shutting down and abandoning module UndoHistory (460)
[2022.08.04-14.12.10:763][634]LogModuleManager: Shutting down and abandoning module XmlParser (458)
[2022.08.04-14.12.10:764][634]LogModuleManager: Shutting down and abandoning module Blutility (456)
[2022.08.04-14.12.10:764][634]LogModuleManager: Shutting down and abandoning module ProjectSettingsViewer (454)
[2022.08.04-14.12.10:764][634]LogModuleManager: Shutting down and abandoning module ProjectTargetPlatformEditor (453)
[2022.08.04-14.12.10:764][634]LogModuleManager: Shutting down and abandoning module EditorSettingsViewer (450)
[2022.08.04-14.12.10:764][634]LogModuleManager: Shutting down and abandoning module SettingsEditor (448)
[2022.08.04-14.12.10:779][634]LogModuleManager: Shutting down and abandoning module ProjectLauncher (446)
[2022.08.04-14.12.10:794][634]LogModuleManager: Shutting down and abandoning module SessionFrontend (444)
[2022.08.04-14.12.10:807][634]LogModuleManager: Shutting down and abandoning module ProfilerClient (442)
[2022.08.04-14.12.10:807][634]LogModuleManager: Shutting down and abandoning module DeviceManager (440)
[2022.08.04-14.12.10:818][634]LogModuleManager: Shutting down and abandoning module TargetDeviceServices (439)
[2022.08.04-14.12.10:863][634]LogModuleManager: Shutting down and abandoning module AutomationController (436)
[2022.08.04-14.12.10:868][634]LogModuleManager: Shutting down and abandoning module AutomationWindow (434)
[2022.08.04-14.12.10:896][634]LogModuleManager: Shutting down and abandoning module Layers (432)
[2022.08.04-14.12.10:921][634]LogModuleManager: Shutting down and abandoning module ComponentVisualizers (430)
[2022.08.04-14.12.10:921][634]LogModuleManager: Shutting down and abandoning module DetailCustomizations (428)
[2022.08.04-14.12.10:938][634]LogModuleManager: Shutting down and abandoning module PackagesDialog (426)
[2022.08.04-14.12.10:938][634]LogModuleManager: Shutting down and abandoning module Persona (424)
[2022.08.04-14.12.10:964][634]LogModuleManager: Shutting down and abandoning module AdvancedPreviewScene (423)
[2022.08.04-14.12.10:964][634]LogModuleManager: Shutting down and abandoning module AnimGraph (421)
[2022.08.04-14.12.10:964][634]LogModuleManager: Shutting down and abandoning module Kismet (418)
[2022.08.04-14.12.11:003][634]LogModuleManager: Shutting down and abandoning module GraphEditor (416)
[2022.08.04-14.12.11:003][634]LogModuleManager: Shutting down and abandoning module ClassViewer (414)
[2022.08.04-14.12.11:006][634]LogModuleManager: Shutting down and abandoning module Toolbox (412)
[2022.08.04-14.12.11:006][634]LogModuleManager: Shutting down and abandoning module ModuleUI (410)
[2022.08.04-14.12.11:019][634]LogModuleManager: Shutting down and abandoning module MovieSceneTools (408)
[2022.08.04-14.12.11:034][634]LogModuleManager: Shutting down and abandoning module OutputLog (406)
[2022.08.04-14.12.11:034][634]LogModuleManager: Shutting down and abandoning module GammaUI (404)
[2022.08.04-14.12.11:041][634]LogModuleManager: Shutting down and abandoning module Documentation (402)
[2022.08.04-14.12.11:043][634]LogModuleManager: Shutting down and abandoning module MovieSceneTracks (400)
[2022.08.04-14.12.11:043][634]LogModuleManager: Shutting down and abandoning module MovieScene (398)
[2022.08.04-14.12.11:043][634]LogModuleManager: Shutting down and abandoning module StreamingPauseRendering (396)
[2022.08.04-14.12.11:043][634]LogModuleManager: Shutting down and abandoning module LauncherPlatform (394)
[2022.08.04-14.12.11:043][634]LogModuleManager: Shutting down and abandoning module AnalyticsET (392)
[2022.08.04-14.12.11:043][634]LogModuleManager: Shutting down and abandoning module PortalServices (390)
[2022.08.04-14.12.11:043][634]LogModuleManager: Shutting down and abandoning module PortalRpc (388)
[2022.08.04-14.12.11:043][634]LogModuleManager: Shutting down and abandoning module MessagingRpc (386)
[2022.08.04-14.12.11:043][634]LogModuleManager: Shutting down and abandoning module AIModule (384)
[2022.08.04-14.12.11:043][634]LogModuleManager: Shutting down and abandoning module GameplayDebugger (383)
[2022.08.04-14.12.11:043][634]LogModuleManager: Shutting down and abandoning module AITestSuite (381)
[2022.08.04-14.12.11:060][634]LogModuleManager: Shutting down and abandoning module ProfilerService (378)
[2022.08.04-14.12.11:084][634]LogModuleManager: Shutting down and abandoning module TaskGraph (376)
[2022.08.04-14.12.11:095][634]LogModuleManager: Shutting down and abandoning module SteamVRController (374)
[2022.08.04-14.12.11:095][634]LogModuleManager: Shutting down and abandoning module ProceduralMeshComponentEditor (372)
[2022.08.04-14.12.11:095][634]LogModuleManager: Shutting down and abandoning module ProceduralMeshComponent (370)
[2022.08.04-14.12.11:100][634]LogModuleManager: Shutting down and abandoning module OculusInput (368)
[2022.08.04-14.12.11:112][634]LogModuleManager: Shutting down and abandoning module MobilePatchingUtils (366)
[2022.08.04-14.12.11:112][634]LogModuleManager: Shutting down and abandoning module CustomMeshComponent (364)
[2022.08.04-14.12.11:112][634]LogModuleManager: Shutting down and abandoning module CableComponent (362)
[2022.08.04-14.12.11:123][634]LogModuleManager: Shutting down and abandoning module AudioCapture (360)
[2022.08.04-14.12.11:123][634]LogModuleManager: Shutting down and abandoning module ArchVisCharacter (358)
[2022.08.04-14.12.11:123][634]LogModuleManager: Shutting down and abandoning module AndroidPermission (356)
[2022.08.04-14.12.11:123][634]LogModuleManager: Shutting down and abandoning module NUTUnrealEngine4 (352)
[2022.08.04-14.12.11:123][634]LogModuleManager: Shutting down and abandoning module NetcodeUnitTest (350)
[2022.08.04-14.12.11:146][634]LogModuleManager: Shutting down and abandoning module MediaCompositingEditor (348)
[2022.08.04-14.12.11:148][634]LogModuleManager: Shutting down and abandoning module MediaCompositing (346)
[2022.08.04-14.12.11:148][634]LogModuleManager: Shutting down and abandoning module LinearTimecode (344)
[2022.08.04-14.12.11:148][634]LogModuleManager: Shutting down and abandoning module ImgMedia (342)
[2022.08.04-14.12.11:163][634]LogModuleManager: Shutting down and abandoning module HTML5Networking (340)
[2022.08.04-14.12.11:163][634]LogModuleManager: Shutting down and abandoning module AlembicImporter (338)
[2022.08.04-14.12.11:174][634]LogModuleManager: Shutting down and abandoning module AlembicLibrary (337)
[2022.08.04-14.12.11:174][634]LogModuleManager: Shutting down and abandoning module GeometryCache (336)
[2022.08.04-14.12.11:174][634]LogModuleManager: Shutting down and abandoning module GeometryCacheEd (335)
[2022.08.04-14.12.11:174][634]LogModuleManager: Shutting down and abandoning module DatasmithContent (330)
[2022.08.04-14.12.11:174][634]LogModuleManager: Shutting down and abandoning module SpeedTreeImporter (328)
[2022.08.04-14.12.11:174][634]LogModuleManager: Shutting down and abandoning module PluginBrowser (326)
[2022.08.04-14.12.11:186][634]LogModuleManager: Shutting down and abandoning module MobileLauncherProfileWizard (324)
[2022.08.04-14.12.11:198][634]LogModuleManager: Shutting down and abandoning module CryptoKeysOpenSSL (322)
[2022.08.04-14.12.11:204][634]LogModuleManager: Shutting down and abandoning module CryptoKeys (320)
[2022.08.04-14.12.11:204][634]LogModuleManager: Shutting down and abandoning module VisualStudioSourceCodeAccess (318)
[2022.08.04-14.12.11:204][634]LogModuleManager: Shutting down and abandoning module VisualStudioCodeSourceCodeAccess (316)
[2022.08.04-14.12.11:204][634]LogModuleManager: Shutting down and abandoning module UObjectPlugin (314)
[2022.08.04-14.12.11:204][634]LogModuleManager: Shutting down and abandoning module SubversionSourceControl (312)
[2022.08.04-14.12.11:210][634]LogModuleManager: Shutting down and abandoning module PerforceSourceControl (310)
[2022.08.04-14.12.11:221][634]LogModuleManager: Shutting down and abandoning module GitSourceControl (308)
[2022.08.04-14.12.11:233][634]LogModuleManager: Shutting down and abandoning module SourceControl (307)
[2022.08.04-14.12.11:242][634]LogModuleManager: Shutting down and abandoning module CLionSourceCodeAccess (304)
[2022.08.04-14.12.11:251][634]LogModuleManager: Shutting down and abandoning module LightPropagationVolumeEditor (302)
[2022.08.04-14.12.11:251][634]LogModuleManager: Shutting down and abandoning module PaperTiledImporter (300)
[2022.08.04-14.12.11:251][634]LogModuleManager: Shutting down and abandoning module PaperSpriteSheetImporter (298)
[2022.08.04-14.12.11:251][634]LogModuleManager: Shutting down and abandoning module Paper2DEditor (296)
[2022.08.04-14.12.11:277][634]LogModuleManager: Shutting down and abandoning module MeshPaint (295)
[2022.08.04-14.12.11:295][634]LogModuleManager: Shutting down and abandoning module RuntimePhysXCooking (290)
[2022.08.04-14.12.11:295][634]LogModuleManager: Shutting down and abandoning module PhysXVehiclesEditor (288)
[2022.08.04-14.12.11:295][634]LogModuleManager: Shutting down and abandoning module PhysXVehicles (286)
[2022.08.04-14.12.11:295][634]LogModuleManager: Shutting down and abandoning module OculusEditor (284)
[2022.08.04-14.12.11:295][634]LogModuleManager: Shutting down and abandoning module LocationServicesBPLibrary (282)
[2022.08.04-14.12.11:295][634]LogModuleManager: Shutting down and abandoning module ImmediatePhysicsEditor (280)
[2022.08.04-14.12.11:295][634]LogModuleManager: Shutting down and abandoning module ImmediatePhysics (278)
[2022.08.04-14.12.11:330][634]LogModuleManager: Shutting down and abandoning module ActorSequence (276)
[2022.08.04-14.12.11:330][634]LogModuleManager: Shutting down and abandoning module UdpMessaging (274)
[2022.08.04-14.12.11:455][634]LogModuleManager: Shutting down and abandoning module TcpMessaging (272)
[2022.08.04-14.12.11:574][634]LogModuleManager: Shutting down and abandoning module GameplayTagsEditor (270)
[2022.08.04-14.12.11:594][634]LogModuleManager: Shutting down and abandoning module FacialAnimationEditor (268)
[2022.08.04-14.12.11:594][634]LogModuleManager: Shutting down and abandoning module FacialAnimation (266)
[2022.08.04-14.12.11:594][634]LogModuleManager: Shutting down and abandoning module DataValidation (264)
[2022.08.04-14.12.11:605][634]LogModuleManager: Shutting down and abandoning module AssetManagerEditor (262)
[2022.08.04-14.12.11:628][634]LogModuleManager: Shutting down and abandoning module LevelEditor (261)
[2022.08.04-14.12.11:640][634]LogModuleManager: Shutting down and abandoning module PixelInspectorModule (260)
[2022.08.04-14.12.11:652][634]LogModuleManager: Shutting down and abandoning module CommonMenuExtensions (258)
[2022.08.04-14.12.11:652][634]LogModuleManager: Shutting down and abandoning module MainFrame (256)
[2022.08.04-14.12.11:652][634]LogModuleManager: Shutting down and abandoning module HotReload (255)
[2022.08.04-14.12.11:652][634]LogDirectoryWatcher: A directory notification for 'D:/UE4CPP/ArenaBattle/Binaries/Win64' was aborted.
[2022.08.04-14.12.11:653][634]LogModuleManager: Shutting down and abandoning module ContentBrowser (251)
[2022.08.04-14.12.11:654][634]LogModuleManager: Shutting down and abandoning module TreeMap (249)
[2022.08.04-14.12.11:669][634]LogModuleManager: Shutting down and abandoning module LightPropagationVolumeRuntime (246)
[2022.08.04-14.12.11:669][634]LogModuleManager: Shutting down and abandoning module LiveLinkEditor (244)
[2022.08.04-14.12.11:683][634]LogModuleManager: Shutting down and abandoning module LiveLink (242)
[2022.08.04-14.12.11:987][634]LogModuleManager: Shutting down and abandoning module Paper2D (240)
[2022.08.04-14.12.11:996][634]LogModuleManager: Shutting down and abandoning module ArenaBattleSetting (238)
[2022.08.04-14.12.11:996][634]LogModuleManager: Shutting down and abandoning module WindowsMoviePlayer (236)
[2022.08.04-14.12.12:013][634]LogModuleManager: Shutting down and abandoning module WmfMedia (234)
[2022.08.04-14.12.12:027][634]LogModuleManager: Shutting down and abandoning module Media (233)
[2022.08.04-14.12.12:033][634]LogModuleManager: Shutting down and abandoning module PacketHandler (230)
[2022.08.04-14.12.12:033][634]LogModuleManager: Shutting down and abandoning module ClothingSystemEditor (228)
[2022.08.04-14.12.12:033][634]LogModuleManager: Shutting down and abandoning module ClothingSystemRuntime (226)
[2022.08.04-14.12.12:044][634]LogModuleManager: Shutting down and abandoning module MediaAssets (224)
[2022.08.04-14.12.12:044][634]LogModuleManager: Shutting down and abandoning module Overlay (222)
[2022.08.04-14.12.12:044][634]LogModuleManager: Shutting down and abandoning module OverlayEditor (221)
[2022.08.04-14.12.12:044][634]LogModuleManager: Shutting down and abandoning module VREditor (218)
[2022.08.04-14.12.12:058][634]LogModuleManager: Shutting down and abandoning module StringTableEditor (216)
[2022.08.04-14.12.12:058][634]LogModuleManager: Shutting down and abandoning module GameplayTasksEditor (214)
[2022.08.04-14.12.12:058][634]LogModuleManager: Shutting down and abandoning module BehaviorTreeEditor (212)
[2022.08.04-14.12.12:081][634]LogModuleManager: Shutting down and abandoning module FunctionalTesting (210)
[2022.08.04-14.12.12:092][634]LogModuleManager: Shutting down and abandoning module CollisionAnalyzer (208)
[2022.08.04-14.12.12:102][634]LogModuleManager: Shutting down and abandoning module WorkspaceMenuStructure (207)
[2022.08.04-14.12.12:102][634]LogModuleManager: Shutting down and abandoning module UMG (204)
[2022.08.04-14.12.12:102][634]LogModuleManager: Shutting down and abandoning module UMGEditor (203)
[2022.08.04-14.12.12:102][634]LogModuleManager: Shutting down and abandoning module Sequencer (202)
[2022.08.04-14.12.12:102][634]LogModuleManager: Shutting down and abandoning module MessageLog (199)
[2022.08.04-14.12.12:102][634]LogModuleManager: Shutting down and abandoning module SlateReflector (194)
[2022.08.04-14.12.12:130][634]LogModuleManager: Shutting down and abandoning module Slate (192)
[2022.08.04-14.12.12:131][634]LogModuleManager: Shutting down and abandoning module EditorStyle (190)
[2022.08.04-14.12.12:133][634]LogModuleManager: Shutting down and abandoning module MRMesh (188)
[2022.08.04-14.12.12:133][634]LogModuleManager: Shutting down and abandoning module SourceCodeAccess (186)
[2022.08.04-14.12.12:133][634]LogModuleManager: Shutting down and abandoning module HeadMountedDisplay (184)
[2022.08.04-14.12.12:133][634]LogModuleManager: Shutting down and abandoning module XAudio2 (182)
[2022.08.04-14.12.12:133][634]LogModuleManager: Shutting down and abandoning module Networking (180)
[2022.08.04-14.12.12:133][634]LogModuleManager: Shutting down and abandoning module Core (178)
[2022.08.04-14.12.12:133][634]LogModuleManager: Shutting down and abandoning module LevelSequence (176)
[2022.08.04-14.12.12:133][634]LogModuleManager: Shutting down and abandoning module KismetCompiler (174)
[2022.08.04-14.12.12:133][634]LogModuleManager: Shutting down and abandoning module MeshUtilities (172)
[2022.08.04-14.12.12:147][634]LogModuleManager: Shutting down and abandoning module MeshMergeUtilities (171)
[2022.08.04-14.12.12:147][634]LogModuleManager: Shutting down and abandoning module MeshReductionInterface (170)
[2022.08.04-14.12.12:147][634]LogModuleManager: Shutting down and abandoning module SimplygonSwarm (169)
[2022.08.04-14.12.12:159][634]LogModuleManager: Shutting down and abandoning module SimplygonMeshReduction (167)
[2022.08.04-14.12.12:169][634]LogModuleManager: Shutting down and abandoning module QuadricMeshReduction (165)
[2022.08.04-14.12.12:184][634]LogModuleManager: Shutting down and abandoning module MaterialBaking (161)
[2022.08.04-14.12.12:196][634]LogModuleManager: Shutting down and abandoning module DirectoryWatcher (157)
[2022.08.04-14.12.12:197][634]LogModuleManager: Shutting down and abandoning module DerivedDataCache (154)
[2022.08.04-14.12.12:268][634]LogDerivedDataCache: Shutdown
[2022.08.04-14.12.12:268][634]LogModuleManager: Shutting down and abandoning module XGEController (152)
[2022.08.04-14.12.12:268][634]LogXGEController: Cleaning working directory: C:/Users/guldd/AppData/Local/Temp/UnrealXGEWorkingDir/
[2022.08.04-14.12.12:269][634]LogModuleManager: Shutting down and abandoning module TargetPlatform (150)
[2022.08.04-14.12.12:269][634]LogModuleManager: Shutting down and abandoning module VulkanShaderFormat (149)
[2022.08.04-14.12.12:280][634]LogModuleManager: Shutting down and abandoning module ShaderFormatVectorVM (147)
[2022.08.04-14.12.12:292][634]LogModuleManager: Shutting down and abandoning module ShaderFormatOpenGL (145)
[2022.08.04-14.12.12:308][634]LogModuleManager: Shutting down and abandoning module ShaderFormatD3D (143)
[2022.08.04-14.12.12:327][634]LogModuleManager: Shutting down and abandoning module MetalShaderFormat (141)
[2022.08.04-14.12.12:343][634]LogModuleManager: Shutting down and abandoning module TextureFormatUncompressed (139)
[2022.08.04-14.12.12:343][634]LogModuleManager: Shutting down and abandoning module TextureFormatPVR (137)
[2022.08.04-14.12.12:343][634]LogModuleManager: Shutting down and abandoning module TextureFormatDXT (135)
[2022.08.04-14.12.12:362][634]LogModuleManager: Shutting down and abandoning module TextureFormatIntelISPCTexComp (133)
[2022.08.04-14.12.12:374][634]LogModuleManager: Shutting down and abandoning module TextureFormatASTC (131)
[2022.08.04-14.12.12:374][634]LogModuleManager: Shutting down and abandoning module ImageWrapper (130)
[2022.08.04-14.12.12:374][634]LogModuleManager: Shutting down and abandoning module TextureFormatAndroid (127)
[2022.08.04-14.12.12:374][634]LogModuleManager: Shutting down and abandoning module AudioFormatOpus (125)
[2022.08.04-14.12.12:374][634]LogModuleManager: Shutting down and abandoning module AudioFormatOgg (123)
[2022.08.04-14.12.12:374][634]LogModuleManager: Shutting down and abandoning module AudioFormatADPCM (121)
[2022.08.04-14.12.12:374][634]LogModuleManager: Shutting down and abandoning module LinuxTargetPlatform (119)
[2022.08.04-14.12.12:374][634]LogModuleManager: Shutting down and abandoning module LinuxServerTargetPlatform (117)
[2022.08.04-14.12.12:374][634]LogModuleManager: Shutting down and abandoning module LinuxNoEditorTargetPlatform (115)
[2022.08.04-14.12.12:374][634]LogModuleManager: Shutting down and abandoning module LinuxClientTargetPlatform (113)
[2022.08.04-14.12.12:374][634]LogModuleManager: Shutting down and abandoning module TVOSTargetPlatform (111)
[2022.08.04-14.12.12:374][634]LogModuleManager: Shutting down and abandoning module Messaging (109)
[2022.08.04-14.12.12:374][634]LogModuleManager: Shutting down and abandoning module IOSTargetPlatform (107)
[2022.08.04-14.12.12:374][634]LogModuleManager: Shutting down and abandoning module HTML5TargetPlatform (105)
[2022.08.04-14.12.12:374][634]LogModuleManager: Shutting down and abandoning module AndroidTargetPlatform (103)
[2022.08.04-14.12.12:374][634]LogModuleManager: Shutting down and abandoning module Android_PVRTCTargetPlatform (101)
[2022.08.04-14.12.12:374][634]LogModuleManager: Shutting down and abandoning module Android_MultiTargetPlatform (99)
[2022.08.04-14.12.12:374][634]LogModuleManager: Shutting down and abandoning module Android_ETC2TargetPlatform (97)
[2022.08.04-14.12.12:374][634]LogModuleManager: Shutting down and abandoning module Android_ETC1TargetPlatform (95)
[2022.08.04-14.12.12:374][634]LogModuleManager: Shutting down and abandoning module Android_ETC1aTargetPlatform (93)
[2022.08.04-14.12.12:374][634]LogModuleManager: Shutting down and abandoning module Android_DXTTargetPlatform (91)
[2022.08.04-14.12.12:374][634]LogModuleManager: Shutting down and abandoning module Android_ATCTargetPlatform (89)
[2022.08.04-14.12.12:375][634]LogModuleManager: Shutting down and abandoning module Android_ASTCTargetPlatform (87)
[2022.08.04-14.12.12:375][634]LogModuleManager: Shutting down and abandoning module WindowsTargetPlatform (85)
[2022.08.04-14.12.12:375][634]LogModuleManager: Shutting down and abandoning module WindowsServerTargetPlatform (83)
[2022.08.04-14.12.12:375][634]LogModuleManager: Shutting down and abandoning module WindowsNoEditorTargetPlatform (81)
[2022.08.04-14.12.12:375][634]LogModuleManager: Shutting down and abandoning module WindowsClientTargetPlatform (79)
[2022.08.04-14.12.12:375][634]LogModuleManager: Shutting down and abandoning module MacTargetPlatform (77)
[2022.08.04-14.12.12:375][634]LogModuleManager: Shutting down and abandoning module MacServerTargetPlatform (75)
[2022.08.04-14.12.12:375][634]LogModuleManager: Shutting down and abandoning module MacNoEditorTargetPlatform (73)
[2022.08.04-14.12.12:375][634]LogModuleManager: Shutting down and abandoning module MacClientTargetPlatform (71)
[2022.08.04-14.12.12:375][634]LogModuleManager: Shutting down and abandoning module AllDesktopTargetPlatform (69)
[2022.08.04-14.12.12:375][634]LogModuleManager: Shutting down and abandoning module InputCore (66)
[2022.08.04-14.12.12:375][634]LogModuleManager: Shutting down and abandoning module Settings (64)
[2022.08.04-14.12.12:375][634]LogModuleManager: Shutting down and abandoning module PhysXCooking (62)
[2022.08.04-14.12.12:375][634]LogModuleManager: Shutting down and abandoning module SteamVR (60)
[2022.08.04-14.12.12:375][634]LogModuleManager: Shutting down and abandoning module OculusHMD (58)
[2022.08.04-14.12.12:387][634]LogModuleManager: Shutting down and abandoning module ExampleDeviceProfileSelector (56)
[2022.08.04-14.12.12:387][634]LogModuleManager: Shutting down and abandoning module AppleARKit (54)
[2022.08.04-14.12.12:387][634]LogModuleManager: Shutting down and abandoning module AugmentedReality (51)
[2022.08.04-14.12.12:387][634]LogModuleManager: Shutting down and abandoning module OnlineBlueprintSupport (48)
[2022.08.04-14.12.12:387][634]LogModuleManager: Shutting down and abandoning module OnlineSubsystem (44)
[2022.08.04-14.12.12:410][634]LogModuleManager: Shutting down and abandoning module XMPP (43)
[2022.08.04-14.12.12:422][634]LogModuleManager: Shutting down and abandoning module HTTP (41)
[2022.08.04-14.12.12:436][634]LogHttp: Display: Http module shutting down, but needs to wait on 1 outstanding Http requests:
[2022.08.04-14.12.12:436][634]LogHttp: Display: 	verb=[POST] url=[https://datarouter.ol.epicgames.com/datarouter/api/v1/public/data?SessionID=%7B85035BB0-4B56-24AA-0ABB-EB9004C80234%7D&AppID=UEEditor.Rocket.Release&AppVersion=4.19.2-4033788%2B%2B%2BUE4%2BRelease-4.19&UserID=e79f5cc5407acae592eeb0a476ccd7a2%7C08905224029e428f9f07defacfcb4ba1%7C77501964-0de5-4002-8f6f-3f941ea6e768&AppEnvironment=datacollector-binary&UploadType=eteventstream] status=Processing
[2022.08.04-14.12.12:453][634]LogModuleManager: Shutting down and abandoning module SSL (40)
[2022.08.04-14.12.12:458][634]LogModuleManager: Shutting down and abandoning module AnimationModifiers (36)
[2022.08.04-14.12.12:472][634]LogModuleManager: Shutting down and abandoning module PropertyEditor (35)
[2022.08.04-14.12.12:472][634]LogModuleManager: Shutting down and abandoning module AudioEditor (32)
[2022.08.04-14.12.12:490][634]LogModuleManager: Shutting down and abandoning module TextureCompressor (30)
[2022.08.04-14.12.12:502][634]LogModuleManager: Shutting down and abandoning module ShaderCore (28)
[2022.08.04-14.12.12:503][634]LogModuleManager: Shutting down and abandoning module Landscape (26)
[2022.08.04-14.12.12:503][634]LogModuleManager: Shutting down and abandoning module SlateRHIRenderer (24)
[2022.08.04-14.12.12:524][634]LogModuleManager: Shutting down and abandoning module OpenGLDrv (22)
[2022.08.04-14.12.12:536][634]LogModuleManager: Shutting down and abandoning module D3D11RHI (20)
[2022.08.04-14.12.12:536][634]LogModuleManager: Shutting down and abandoning module AnimGraphRuntime (18)
[2022.08.04-14.12.12:536][634]LogModuleManager: Shutting down and abandoning module Renderer (16)
[2022.08.04-14.12.12:536][634]LogModuleManager: Shutting down and abandoning module Engine (14)
[2022.08.04-14.12.12:536][634]LogModuleManager: Shutting down and abandoning module CoreUObject (12)
[2022.08.04-14.12.12:536][634]LogModuleManager: Shutting down and abandoning module NetworkFile (10)
[2022.08.04-14.12.12:551][634]LogModuleManager: Shutting down and abandoning module CookedIterativeFile (8)
[2022.08.04-14.12.12:551][634]LogModuleManager: Shutting down and abandoning module StreamingFile (6)
[2022.08.04-14.12.12:560][634]LogModuleManager: Shutting down and abandoning module SandboxFile (4)
[2022.08.04-14.12.12:568][634]LogModuleManager: Shutting down and abandoning module PakFile (2)
[2022.08.04-14.12.12:599][634]LogExit: Exiting.
[2022.08.04-14.12.12:611][634]Log file closed, 08/04/22 23:12:12
