Log file open, 02/17/22 23:32:40
LogWindows: Failed to load 'aqProf.dll' (GetLastError=126)
LogWindows: File 'aqProf.dll' does not exist
LogWindows: Failed to load 'VtuneApi.dll' (GetLastError=126)
LogWindows: File 'VtuneApi.dll' does not exist
LogWindows: Failed to load 'VtuneApi32e.dll' (GetLastError=126)
LogWindows: File 'VtuneApi32e.dll' does not exist
LogInit: Display: Running engine for game: ArenaBattle
LogPlatformFile: Not using cached read wrapper
LogInit: Display: RandInit(-1104427292) SRandInit(-1104427292).
LogInit: Read version file with build ID '3944462'
LogInit: Overriding engine version to CL 4033788, compatible CL 3944462
LogInit: Registered custom module enumerator with build ID '3944462'
LogTaskGraph: Started task graph with 5 named threads and 35 total threads with 3 sets of task threads.
LogStats: Stats thread started at 0.527178
LogD3D11RHI: Aftermath initialized
LogICUInternationalization: Display: ICU TimeZone Detection - Raw Offset: +9:00, Platform Override: ''
LogModuleManager: Display: Found up-to-date module file ../../../Engine/Plugins/2D/Paper2D/Binaries/Win64/UE4Editor-Paper2D.dll (API version 3944462).
LogModuleManager: Display: Found up-to-date module file ../../../Engine/Plugins/2D/Paper2D/Binaries/Win64/UE4Editor-Paper2DEditor.dll (API version 3944462).
LogModuleManager: Display: Found up-to-date module file ../../../Engine/Plugins/2D/Paper2D/Binaries/Win64/UE4Editor-PaperSpriteSheetImporter.dll (API version 3944462).
LogModuleManager: Display: Found up-to-date module file ../../../Engine/Plugins/2D/Paper2D/Binaries/Win64/UE4Editor-PaperTiledImporter.dll (API version 3944462).
LogModuleManager: Display: Found up-to-date module file ../../../Engine/Plugins/2D/Paper2D/Binaries/Win64/UE4Editor-SmartSnapping.dll (API version 3944462).
LogModuleManager: Display: Found up-to-date module file ../../../Engine/Plugins/Blendables/LightPropagationVolume/Binaries/Win64/UE4Editor-LightPropagationVolumeRuntime.dll (API version 3944462).
LogModuleManager: Display: Found up-to-date module file ../../../Engine/Plugins/Blendables/LightPropagationVolume/Binaries/Win64/UE4Editor-LightPropagationVolumeEditor.dll (API version 3944462).
LogModuleManager: Display: Found up-to-date module file ../../../Engine/Plugins/Developer/CLionSourceCodeAccess/Binaries/Win64/UE4Editor-CLionSourceCodeAccess.dll (API version 3944462).
LogModuleManager: Display: Found up-to-date module file ../../../Engine/Plugins/Developer/GitSourceControl/Binaries/Win64/UE4Editor-GitSourceControl.dll (API version 3944462).
LogModuleManager: Display: Found up-to-date module file ../../../Engine/Plugins/Developer/PerforceSourceControl/Binaries/Win64/UE4Editor-PerforceSourceControl.dll (API version 3944462).
LogModuleManager: Display: Found up-to-date module file ../../../Engine/Plugins/Developer/SubversionSourceControl/Binaries/Win64/UE4Editor-SubversionSourceControl.dll (API version 3944462).
LogModuleManager: Display: Found up-to-date module file ../../../Engine/Plugins/Developer/UObjectPlugin/Binaries/Win64/UE4Editor-UObjectPlugin.dll (API version 3944462).
LogModuleManager: Display: Found up-to-date module file ../../../Engine/Plugins/Developer/VisualStudioCodeSourceCodeAccess/Binaries/Win64/UE4Editor-VisualStudioCodeSourceCodeAccess.dll (API version 3944462).
LogModuleManager: Display: Found up-to-date module file ../../../Engine/Plugins/Developer/VisualStudioSourceCodeAccess/Binaries/Win64/UE4Editor-VisualStudioSourceCodeAccess.dll (API version 3944462).
LogModuleManager: Display: Found up-to-date module file ../../../Engine/Plugins/Editor/AssetManagerEditor/Binaries/Win64/UE4Editor-AssetManagerEditor.dll (API version 3944462).
LogModuleManager: Display: Found up-to-date module file ../../../Engine/Plugins/Editor/CryptoKeys/Binaries/Win64/UE4Editor-CryptoKeys.dll (API version 3944462).
LogModuleManager: Display: Found up-to-date module file ../../../Engine/Plugins/Editor/CryptoKeys/Binaries/Win64/UE4Editor-CryptoKeysOpenSSL.dll (API version 3944462).
LogModuleManager: Display: Found up-to-date module file ../../../Engine/Plugins/Editor/DataValidation/Binaries/Win64/UE4Editor-DataValidation.dll (API version 3944462).
LogModuleManager: Display: Found up-to-date module file ../../../Engine/Plugins/Editor/FacialAnimation/Binaries/Win64/UE4Editor-FacialAnimation.dll (API version 3944462).
LogModuleManager: Display: Found up-to-date module file ../../../Engine/Plugins/Editor/FacialAnimation/Binaries/Win64/UE4Editor-FacialAnimationEditor.dll (API version 3944462).
LogModuleManager: Display: Found up-to-date module file ../../../Engine/Plugins/Editor/GameplayTagsEditor/Binaries/Win64/UE4Editor-GameplayTagsEditor.dll (API version 3944462).
LogModuleManager: Display: Found up-to-date module file ../../../Engine/Plugins/Editor/MobileLauncherProfileWizard/Binaries/Win64/UE4Editor-MobileLauncherProfileWizard.dll (API version 3944462).
LogModuleManager: Display: Found up-to-date module file ../../../Engine/Plugins/Editor/PluginBrowser/Binaries/Win64/UE4Editor-PluginBrowser.dll (API version 3944462).
LogModuleManager: Display: Found up-to-date module file ../../../Engine/Plugins/Editor/SpeedTreeImporter/Binaries/Win64/UE4Editor-SpeedTreeImporter.dll (API version 3944462).
LogModuleManager: Display: Found up-to-date module file ../../../Engine/Plugins/Enterprise/DatasmithContent/Binaries/Win64/UE4Editor-DatasmithContent.dll (API version 3944462).
LogModuleManager: Display: Found up-to-date module file ../../../Engine/Plugins/Experimental/AlembicImporter/Binaries/Win64/UE4Editor-AlembicImporter.dll (API version 3944462).
LogModuleManager: Display: Found up-to-date module file ../../../Engine/Plugins/Experimental/AlembicImporter/Binaries/Win64/UE4Editor-AlembicLibrary.dll (API version 3944462).
LogModuleManager: Display: Found up-to-date module file ../../../Engine/Plugins/Experimental/CharacterAI/Binaries/Win64/UE4Editor-CharacterAI.dll (API version 3944462).
LogModuleManager: Display: Found up-to-date module file ../../../Engine/Plugins/Experimental/HTML5Networking/Binaries/Win64/UE4Editor-HTML5Networking.dll (API version 3944462).
LogModuleManager: Display: Found up-to-date module file ../../../Engine/Plugins/Media/AndroidMedia/Binaries/Win64/UE4Editor-AndroidMediaEditor.dll (API version 3944462).
LogModuleManager: Display: Found up-to-date module file ../../../Engine/Plugins/Media/AndroidMedia/Binaries/Win64/UE4Editor-AndroidMediaFactory.dll (API version 3944462).
LogModuleManager: Display: Found up-to-date module file ../../../Engine/Plugins/Media/AvfMedia/Binaries/Win64/UE4Editor-AvfMediaEditor.dll (API version 3944462).
LogModuleManager: Display: Found up-to-date module file ../../../Engine/Plugins/Media/AvfMedia/Binaries/Win64/UE4Editor-AvfMediaFactory.dll (API version 3944462).
LogModuleManager: Display: Found up-to-date module file ../../../Engine/Plugins/Media/AvfMedia/Binaries/Win64/UE4Editor-AvfMediaFactory.dll (API version 3944462).
LogModuleManager: Display: Found up-to-date module file ../../../Engine/Plugins/Media/ImgMedia/Binaries/Win64/UE4Editor-ImgMedia.dll (API version 3944462).
LogModuleManager: Display: Found up-to-date module file ../../../Engine/Plugins/Media/ImgMedia/Binaries/Win64/UE4Editor-ImgMediaEditor.dll (API version 3944462).
LogModuleManager: Display: Found up-to-date module file ../../../Engine/Plugins/Media/ImgMedia/Binaries/Win64/UE4Editor-ImgMediaFactory.dll (API version 3944462).
LogModuleManager: Display: Found up-to-date module file ../../../Engine/Plugins/Media/ImgMedia/Binaries/Win64/UE4Editor-ImgMediaFactory.dll (API version 3944462).
LogModuleManager: Display: Found up-to-date module file ../../../Engine/Plugins/Media/ImgMedia/Binaries/Win64/UE4Editor-OpenExrWrapper.dll (API version 3944462).
LogModuleManager: Display: Found up-to-date module file ../../../Engine/Plugins/Media/LinearTimecode/Binaries/Win64/UE4Editor-LinearTimecode.dll (API version 3944462).
LogModuleManager: Display: Found up-to-date module file ../../../Engine/Plugins/Media/MediaCompositing/Binaries/Win64/UE4Editor-MediaCompositing.dll (API version 3944462).
LogModuleManager: Display: Found up-to-date module file ../../../Engine/Plugins/Media/MediaCompositing/Binaries/Win64/UE4Editor-MediaCompositingEditor.dll (API version 3944462).
LogModuleManager: Display: Found up-to-date module file ../../../Engine/Plugins/Media/MediaPlayerEditor/Binaries/Win64/UE4Editor-MediaPlayerEditor.dll (API version 3944462).
LogModuleManager: Display: Found up-to-date module file ../../../Engine/Plugins/Media/WmfMedia/Binaries/Win64/UE4Editor-WmfMedia.dll (API version 3944462).
LogModuleManager: Display: Found up-to-date module file ../../../Engine/Plugins/Media/WmfMedia/Binaries/Win64/UE4Editor-WmfMediaEditor.dll (API version 3944462).
LogModuleManager: Display: Found up-to-date module file ../../../Engine/Plugins/Media/WmfMedia/Binaries/Win64/UE4Editor-WmfMediaFactory.dll (API version 3944462).
LogModuleManager: Display: Found up-to-date module file ../../../Engine/Plugins/Media/WmfMedia/Binaries/Win64/UE4Editor-WmfMediaFactory.dll (API version 3944462).
LogModuleManager: Display: Found up-to-date module file ../../../Engine/Plugins/Messaging/TcpMessaging/Binaries/Win64/UE4Editor-TcpMessaging.dll (API version 3944462).
LogModuleManager: Display: Found up-to-date module file ../../../Engine/Plugins/Messaging/UdpMessaging/Binaries/Win64/UE4Editor-UdpMessaging.dll (API version 3944462).
LogModuleManager: Display: Found up-to-date module file ../../../Engine/Plugins/MovieScene/ActorSequence/Binaries/Win64/UE4Editor-ActorSequence.dll (API version 3944462).
LogModuleManager: Display: Found up-to-date module file ../../../Engine/Plugins/MovieScene/LevelSequenceEditor/Binaries/Win64/UE4Editor-LevelSequenceEditor.dll (API version 3944462).
LogModuleManager: Display: Found up-to-date module file ../../../Engine/Plugins/MovieScene/MatineeToLevelSequence/Binaries/Win64/UE4Editor-MatineeToLevelSequence.dll (API version 3944462).
LogModuleManager: Display: Found up-to-date module file ../../../Engine/Plugins/NetcodeUnitTest/NetcodeUnitTest/Binaries/Win64/UE4Editor-NetcodeUnitTest.dll (API version 3944462).
LogModuleManager: Display: Found up-to-date module file ../../../Engine/Plugins/NetcodeUnitTest/NUTUnrealEngine4/Binaries/Win64/UE4Editor-NUTUnrealEngine4.dll (API version 3944462).
LogModuleManager: Display: Found up-to-date module file ../../../Engine/Plugins/Online/OnlineSubsystem/Binaries/Win64/UE4Editor-OnlineSubsystem.dll (API version 3944462).
LogModuleManager: Display: Found up-to-date module file ../../../Engine/Plugins/Runtime/AndroidPermission/Binaries/Win64/UE4Editor-AndroidPermission.dll (API version 3944462).
LogModuleManager: Display: Found up-to-date module file ../../../Engine/Plugins/Online/OnlineSubsystemNull/Binaries/Win64/UE4Editor-OnlineSubsystemNull.dll (API version 3944462).
LogModuleManager: Display: Found up-to-date module file ../../../Engine/Plugins/Online/OnlineSubsystemUtils/Binaries/Win64/UE4Editor-OnlineSubsystemUtils.dll (API version 3944462).
LogModuleManager: Display: Found up-to-date module file ../../../Engine/Plugins/Online/OnlineSubsystemUtils/Binaries/Win64/UE4Editor-OnlineBlueprintSupport.dll (API version 3944462).
LogModuleManager: Display: Found up-to-date module file ../../../Engine/Plugins/Runtime/AndroidDeviceProfileSelector/Binaries/Win64/UE4Editor-AndroidDeviceProfileSelector.dll (API version 3944462).
LogModuleManager: Display: Found up-to-date module file ../../../Engine/Plugins/Runtime/AppleARKit/Binaries/Win64/UE4Editor-AppleARKit.dll (API version 3944462).
LogModuleManager: Display: Found up-to-date module file ../../../Engine/Plugins/Runtime/ProceduralMeshComponent/Binaries/Win64/UE4Editor-ProceduralMeshComponent.dll (API version 3944462).
LogModuleManager: Display: Found up-to-date module file ../../../Engine/Plugins/Runtime/ProceduralMeshComponent/Binaries/Win64/UE4Editor-ProceduralMeshComponentEditor.dll (API version 3944462).
LogModuleManager: Display: Found up-to-date module file ../../../Engine/Plugins/Animation/LiveLink/Binaries/Win64/UE4Editor-LiveLink.dll (API version 3944462).
LogModuleManager: Display: Found up-to-date module file ../../../Engine/Plugins/Animation/LiveLink/Binaries/Win64/UE4Editor-LiveLinkEditor.dll (API version 3944462).
LogModuleManager: Display: Found up-to-date module file ../../../Engine/Plugins/Runtime/ArchVisCharacter/Binaries/Win64/UE4Editor-ArchVisCharacter.dll (API version 3944462).
LogModuleManager: Display: Found up-to-date module file ../../../Engine/Plugins/Runtime/AudioCapture/Binaries/Win64/UE4Editor-AudioCapture.dll (API version 3944462).
LogModuleManager: Display: Found up-to-date module file ../../../Engine/Plugins/Runtime/AudioCapture/Binaries/Win64/UE4Editor-AudioCaptureEditor.dll (API version 3944462).
LogModuleManager: Display: Found up-to-date module file ../../../Engine/Plugins/Runtime/CableComponent/Binaries/Win64/UE4Editor-CableComponent.dll (API version 3944462).
LogModuleManager: Display: Found up-to-date module file ../../../Engine/Plugins/Runtime/CustomMeshComponent/Binaries/Win64/UE4Editor-CustomMeshComponent.dll (API version 3944462).
LogModuleManager: Display: Found up-to-date module file ../../../Engine/Plugins/Runtime/ExampleDeviceProfileSelector/Binaries/Win64/UE4Editor-ExampleDeviceProfileSelector.dll (API version 3944462).
LogModuleManager: Display: Found up-to-date module file ../../../Engine/Plugins/Runtime/ImmediatePhysics/Binaries/Win64/UE4Editor-ImmediatePhysics.dll (API version 3944462).
LogModuleManager: Display: Found up-to-date module file ../../../Engine/Plugins/Runtime/ImmediatePhysics/Binaries/Win64/UE4Editor-ImmediatePhysicsEditor.dll (API version 3944462).
LogModuleManager: Display: Found up-to-date module file ../../../Engine/Plugins/Runtime/LocationServicesBPLibrary/Binaries/Win64/UE4Editor-LocationServicesBPLibrary.dll (API version 3944462).
LogModuleManager: Display: Found up-to-date module file ../../../Engine/Plugins/Runtime/MobilePatchingUtils/Binaries/Win64/UE4Editor-MobilePatchingUtils.dll (API version 3944462).
LogModuleManager: Display: Found up-to-date module file ../../../Engine/Plugins/Runtime/Oculus/OculusVR/Binaries/Win64/UE4Editor-OculusHMD.dll (API version 3944462).
LogModuleManager: Display: Found up-to-date module file ../../../Engine/Plugins/Runtime/Oculus/OculusVR/Binaries/Win64/UE4Editor-OculusInput.dll (API version 3944462).
LogModuleManager: Display: Found up-to-date module file ../../../Engine/Plugins/Runtime/Oculus/OculusVR/Binaries/Win64/UE4Editor-OculusEditor.dll (API version 3944462).
LogModuleManager: Display: Found up-to-date module file ../../../Engine/Plugins/Runtime/PhysXVehicles/Binaries/Win64/UE4Editor-PhysXVehicles.dll (API version 3944462).
LogModuleManager: Display: Found up-to-date module file ../../../Engine/Plugins/Runtime/PhysXVehicles/Binaries/Win64/UE4Editor-PhysXVehiclesEditor.dll (API version 3944462).
LogModuleManager: Display: Found up-to-date module file ../../../Engine/Plugins/Runtime/RuntimePhysXCooking/Binaries/Win64/UE4Editor-RuntimePhysXCooking.dll (API version 3944462).
LogModuleManager: Display: Found up-to-date module file ../../../Engine/Plugins/Runtime/Steam/SteamVR/Binaries/Win64/UE4Editor-SteamVR.dll (API version 3944462).
LogModuleManager: Display: Found up-to-date module file ../../../Engine/Plugins/Runtime/Steam/SteamVR/Binaries/Win64/UE4Editor-SteamVRController.dll (API version 3944462).
LogModuleManager: Display: Found up-to-date module file ../../../Engine/Plugins/Runtime/WindowsMoviePlayer/Binaries/Win64/UE4Editor-WindowsMoviePlayer.dll (API version 3944462).
LogPluginManager: Mounting plugin Paper2D
LogPluginManager: Mounting plugin LiveLink
LogPluginManager: Mounting plugin LightPropagationVolume
LogPluginManager: Mounting plugin CLionSourceCodeAccess
LogPluginManager: Mounting plugin CodeLiteSourceCodeAccess
LogPluginManager: Mounting plugin GitSourceControl
LogPluginManager: Mounting plugin KDevelopSourceCodeAccess
LogPluginManager: Mounting plugin NullSourceCodeAccess
LogPluginManager: Mounting plugin PerforceSourceControl
LogPluginManager: Mounting plugin SubversionSourceControl
LogPluginManager: Mounting plugin UObjectPlugin
LogPluginManager: Mounting plugin VisualStudioCodeSourceCodeAccess
LogPluginManager: Mounting plugin VisualStudioSourceCodeAccess
LogPluginManager: Mounting plugin XCodeSourceCodeAccess
LogPluginManager: Mounting plugin AssetManagerEditor
LogPluginManager: Mounting plugin CryptoKeys
LogPluginManager: Mounting plugin DataValidation
LogPluginManager: Mounting plugin FacialAnimation
LogPluginManager: Mounting plugin GameplayTagsEditor
LogPluginManager: Mounting plugin MobileLauncherProfileWizard
LogPluginManager: Mounting plugin PluginBrowser
LogPluginManager: Mounting plugin SpeedTreeImporter
LogPluginManager: Mounting plugin DatasmithContent
LogPluginManager: Mounting plugin AlembicImporter
LogPluginManager: Mounting plugin CharacterAI
LogPluginManager: Mounting plugin HTML5Networking
LogPluginManager: Mounting plugin AndroidMedia
LogPluginManager: Mounting plugin AvfMedia
LogPluginManager: Mounting plugin ImgMedia
LogPluginManager: Mounting plugin LinearTimecode
LogPluginManager: Mounting plugin MediaCompositing
LogPluginManager: Mounting plugin MediaPlayerEditor
LogPluginManager: Mounting plugin WmfMedia
LogPluginManager: Mounting plugin TcpMessaging
LogPluginManager: Mounting plugin UdpMessaging
LogPluginManager: Mounting plugin ActorSequence
LogPluginManager: Mounting plugin LevelSequenceEditor
LogPluginManager: Mounting plugin MatineeToLevelSequence
LogPluginManager: Mounting plugin NetcodeUnitTest
LogPluginManager: Mounting plugin NUTUnrealEngine4
LogPluginManager: Mounting plugin OnlineSubsystemGooglePlay
LogPluginManager: Mounting plugin OnlineSubsystemIOS
LogPluginManager: Mounting plugin OnlineSubsystem
LogPluginManager: Mounting plugin OnlineSubsystemNull
LogPluginManager: Mounting plugin OnlineSubsystemUtils
LogPluginManager: Mounting plugin AndroidDeviceProfileSelector
LogPluginManager: Mounting plugin AndroidMoviePlayer
LogPluginManager: Mounting plugin AndroidPermission
LogPluginManager: Mounting plugin AppleARKit
LogPluginManager: Mounting plugin AppleMoviePlayer
LogPluginManager: Mounting plugin ArchVisCharacter
LogPluginManager: Mounting plugin AudioCapture
LogPluginManager: Mounting plugin CableComponent
LogPluginManager: Mounting plugin CustomMeshComponent
LogPluginManager: Mounting plugin ExampleDeviceProfileSelector
LogPluginManager: Mounting plugin GoogleCloudMessaging
LogPluginManager: Mounting plugin ImmediatePhysics
LogPluginManager: Mounting plugin IOSDeviceProfileSelector
LogPluginManager: Mounting plugin LinuxDeviceProfileSelector
LogPluginManager: Mounting plugin LocationServicesBPLibrary
LogPluginManager: Mounting plugin MobilePatchingUtils
LogPluginManager: Mounting plugin OculusVR
LogPluginManager: Plugin shader directory ../../../Engine/Plugins/Runtime/Oculus/OculusVR/Shaders found
LogPluginManager: Mapping shader source directory ../../../Engine/Plugins/Runtime/Oculus/OculusVR/Shaders to virtual directory /Plugin/OculusVR
LogPluginManager: Mounting plugin PhysXVehicles
LogPluginManager: Mounting plugin ProceduralMeshComponent
LogPluginManager: Mounting plugin RuntimePhysXCooking
LogPluginManager: Mounting plugin SteamVR
LogPluginManager: Mounting plugin WindowsMoviePlayer
LogStreaming: Display: Took  1.014s to configure plugins.
LogInit: Using libcurl 7.47.1
LogInit:  - built for x86_64-pc-win32
LogInit:  - supports SSL with OpenSSL/1.0.2g
LogInit:  - supports HTTP deflate (compression) using libz 1.2.8
LogInit:  - other features:
LogInit:      CURL_VERSION_SSL
LogInit:      CURL_VERSION_LIBZ
LogInit:      CURL_VERSION_IPV6
LogInit:      CURL_VERSION_ASYNCHDNS
LogInit:      CURL_VERSION_LARGEFILE
LogInit:      CURL_VERSION_IDN
LogInit:  CurlRequestOptions (configurable via config and command line):
LogInit:  - bVerifyPeer = false  - Libcurl will NOT verify peer certificate
LogInit:  - bUseHttpProxy = false  - Libcurl will NOT use HTTP proxy
LogInit:  - bDontReuseConnections = false  - Libcurl will reuse connections
LogInit:  - CertBundlePath = nullptr  - Libcurl will use whatever was configured at build time.
LogInit:  - MaxHostConnections = 16  - Libcurl will limit the number of connections to a host
LogInit:  - LocalHostAddr = Default
LogInit: WinSock: version 1.1 (2.2), MaxSocks=32767, MaxUdp=65467
LogInit: WinSock: I am DESKTOP-7F2F2D9 (192.168.35.130:0)
LogInit: Build: ++UE4+Release-4.19-CL-4033788
LogInit: Engine Version: 4.19.2-4033788+++UE4+Release-4.19
LogInit: Compatible Engine Version: 4.19.0-3944462+++UE4+Release-4.19
LogInit: Net CL: 3944462
LogDevObjectVersion: Number of dev versions registered: 18
LogDevObjectVersion:   Dev-Blueprints (B0D832E4-1F89-4F0D-ACCF-7EB736FD4AA2): 10
LogDevObjectVersion:   Dev-Build (E1C64328-A22C-4D53-A36C-8E866417BD8C): 0
LogDevObjectVersion:   Dev-Core (375EC13C-06E4-48FB-B500-84F0262A717E): 2
LogDevObjectVersion:   Dev-Editor (E4B068ED-F494-42E9-A231-DA0B2E46BB41): 23
LogDevObjectVersion:   Dev-Framework (CFFC743F-43B0-4480-9391-14DF171D2073): 33
LogDevObjectVersion:   Dev-Mobile (B02B49B5-BB20-44E9-A304-32B752E40360): 2
LogDevObjectVersion:   Dev-Networking (A4E4105C-59A1-49B5-A7C5-40C4547EDFEE): 0
LogDevObjectVersion:   Dev-Online (39C831C9-5AE6-47DC-9A44-9C173E1C8E7C): 0
LogDevObjectVersion:   Dev-Physics (78F01B33-EBEA-4F98-B9B4-84EACCB95AA2): 0
LogDevObjectVersion:   Dev-Platform (6631380F-2D4D-43E0-8009-CF276956A95A): 0
LogDevObjectVersion:   Dev-Rendering (12F88B9F-8875-4AFC-A67C-D90C383ABD29): 25
LogDevObjectVersion:   Dev-Sequencer (7B5AE74C-D270-4C10-A958-57980B212A5A): 6
LogDevObjectVersion:   Dev-VR (D7296918-1DD6-4BDD-9DE2-64A83CC13884): 1
LogDevObjectVersion:   Dev-LoadTimes (C2A15278-BFE7-4AFE-6C17-90FF531DF755): 1
LogDevObjectVersion:   Private-Geometry (6EACA3D4-40EC-4CC1-B786-8BED09428FC5): 2
LogDevObjectVersion:   Dev-AnimPhys (29E575DD-E0A3-4627-9D10-D276232CDCEA): 16
LogDevObjectVersion:   Dev-ReflectionCapture (6B266CEC-1EC7-4B8F-A30B-E4D90942FC07): 1
LogDevObjectVersion:   Dev-Automation (0DF73D61-A23F-47EA-B727-89E90C41499A): 1
LogInit: Compiled (64-bit): Apr 27 2018 02:06:57
LogInit: Compiled with Visual C++: 19.00.24215.01
LogInit: Build Configuration: Development
LogInit: Branch Name: ++UE4+Release-4.19
LogInit: Command Line: 
LogInit: Base Directory: D:/UE_4.19/Engine/Binaries/Win64/
LogInit: Installed Engine Build: 1
LogStreaming: Display: Took  0.000s to delete old logs.
LogInit: Presizing for max 8388607 objects, including 0 objects not considered by GC, pre-allocating 0 bytes for permanent pool.
LogInit: Object subsystem initialized
[2022.02.17-14.32.41:342][  0]LogInit: Selected Device Profile: [Windows]
[2022.02.17-14.32.41:342][  0]LogInit: Applying CVar settings loaded from the selected device profile: [Windows]
[2022.02.17-14.32.41:376][  0]LogInit: Computer: DESKTOP-7F2F2D9
[2022.02.17-14.32.41:376][  0]LogInit: User: guldd
[2022.02.17-14.32.41:376][  0]LogInit: CPU Page size=4096, Cores=6
[2022.02.17-14.32.41:376][  0]LogInit: High frequency timer resolution =10.000000 MHz
[2022.02.17-14.32.41:376][  0]LogMemory: Memory total: Physical=15.9GB (16GB approx)
[2022.02.17-14.32.41:376][  0]LogMemory: Platform Memory Stats for Windows
[2022.02.17-14.32.41:376][  0]LogMemory: Process Physical Memory: 277.09 MB used, 277.09 MB peak
[2022.02.17-14.32.41:376][  0]LogMemory: Process Virtual Memory: 263.89 MB used, 263.89 MB peak
[2022.02.17-14.32.41:376][  0]LogMemory: Physical Memory: 6939.66 MB used,  9369.62 MB free, 16309.28 MB total
[2022.02.17-14.32.41:376][  0]LogMemory: Virtual Memory: 4792.46 MB used,  9369.62 MB free, 134217728.00 MB total
[2022.02.17-14.32.41:393][  0]LogInit: Using OS detected language (ko-KR).
[2022.02.17-14.32.41:393][  0]LogInit: Using OS detected locale (ko-KR).
[2022.02.17-14.32.41:396][  0]LogTextLocalizationManager: No specific localization for 'ko-KR' exists, so the 'ko' localization will be used.
[2022.02.17-14.32.41:714][  0]LogStreaming: Display: Took  0.321s to EndInitTextLocalization.
[2022.02.17-14.32.41:714][  0]LogInit: Setting process to per monitor DPI aware
[2022.02.17-14.32.41:766][  0]LogSlate: New Slate User Created.  User Index 0, Is Virtual User: 0
[2022.02.17-14.32.41:766][  0]LogSlate: Slate User Registered.  User Index 0, Is Virtual User: 0
[2022.02.17-14.32.42:017][  0]LogD3D11RHI: D3D11 adapters:
[2022.02.17-14.32.42:130][  0]LogD3D11RHI:    0. 'NVIDIA GeForce RTX 3060 Ti' (Feature Level 11_0)
[2022.02.17-14.32.42:130][  0]LogD3D11RHI:       8050/0/8154 MB DedicatedVideo/DedicatedSystem/SharedSystem, Outputs:1, VendorId:0x10de
[2022.02.17-14.32.42:133][  0]LogD3D11RHI:    1. 'Microsoft Basic Render Driver' (Feature Level 11_0)
[2022.02.17-14.32.42:133][  0]LogD3D11RHI:       0/0/8154 MB DedicatedVideo/DedicatedSystem/SharedSystem, Outputs:0, VendorId:0x1414
[2022.02.17-14.32.42:133][  0]LogD3D11RHI: Chosen D3D11 Adapter: 0
[2022.02.17-14.32.42:137][  0]LogD3D11RHI: Creating new Direct3DDevice
[2022.02.17-14.32.42:137][  0]LogD3D11RHI:     GPU DeviceId: 0x2486 (for the marketing name, search the web for "GPU Device Id")
[2022.02.17-14.32.42:137][  0]LogWindows: EnumDisplayDevices:
[2022.02.17-14.32.42:138][  0]LogWindows:    0. 'NVIDIA GeForce RTX 3060 Ti' (P:1 D:1)
[2022.02.17-14.32.42:138][  0]LogWindows:    1. 'NVIDIA GeForce RTX 3060 Ti' (P:0 D:0)
[2022.02.17-14.32.42:139][  0]LogWindows:    2. 'NVIDIA GeForce RTX 3060 Ti' (P:0 D:0)
[2022.02.17-14.32.42:139][  0]LogWindows:    3. 'NVIDIA GeForce RTX 3060 Ti' (P:0 D:0)
[2022.02.17-14.32.42:139][  0]LogWindows: DebugString: GetVideoDriverDetailsInvalid PrimaryIsNotTheChoosenAdapter GetVideoDriverDetailsInvalid PrimaryIsNotTheChoosenAdapter GetVideoDriverDetailsInvalid PrimaryIsNotTheChoosenAdapter GetVideoDriverDetailsInvalid PrimaryIsNotTheChoosenAdapter FoundDriverCount:0 
[2022.02.17-14.32.42:139][  0]LogD3D11RHI:     Adapter Name: NVIDIA GeForce RTX 3060 Ti
[2022.02.17-14.32.42:139][  0]LogD3D11RHI:   Driver Version: Unknown (internal:Unknown, unified:Unknown)
[2022.02.17-14.32.42:139][  0]LogD3D11RHI:      Driver Date: Unknown
[2022.02.17-14.32.42:139][  0]LogRHI: Texture pool is 5635 MB (70% of 8050 MB)
[2022.02.17-14.32.42:225][  0]LogD3D11RHI: [Aftermath] Aftermath enabled and primed
[2022.02.17-14.32.42:225][  0]LogD3D11RHI: [Aftermath] Aftermath enabled and primed
[2022.02.17-14.32.42:225][  0]LogD3D11RHI: Async texture creation enabled
[2022.02.17-14.32.42:244][  0]LogD3D11RHI: GPU Timing Frequency: 1000.000000 (Debug: 2 1)
[2022.02.17-14.32.42:247][  0]LogShaderCompilers: Guid format shader working directory is 16 characters bigger than the processId version (../../../../UE4CPP/ArenaBattle/Intermediate/Shaders/WorkingDirectory/6272/).
[2022.02.17-14.32.42:247][  0]LogShaderCompilers: Cleaned the shader compiler working directory 'C:/Users/guldd/AppData/Local/Temp/UnrealShaderWorkingDir/25F5ABAC4349BD5D659EA2B78E196EA2/'.
[2022.02.17-14.32.42:454][  0]LogTemp: Display: Loaded TP AllDesktopTargetPlatform
[2022.02.17-14.32.42:467][  0]LogTemp: Display: Loaded TP MacClientTargetPlatform
[2022.02.17-14.32.42:478][  0]LogTemp: Display: Loaded TP MacNoEditorTargetPlatform
[2022.02.17-14.32.42:489][  0]LogTemp: Display: Loaded TP MacServerTargetPlatform
[2022.02.17-14.32.42:502][  0]LogTemp: Display: Loaded TP MacTargetPlatform
[2022.02.17-14.32.42:513][  0]LogTemp: Display: Loaded TP WindowsClientTargetPlatform
[2022.02.17-14.32.42:524][  0]LogTemp: Display: Loaded TP WindowsNoEditorTargetPlatform
[2022.02.17-14.32.42:535][  0]LogTemp: Display: Loaded TP WindowsServerTargetPlatform
[2022.02.17-14.32.42:540][  0]LogTemp: Display: Loaded TP WindowsTargetPlatform
[2022.02.17-14.32.42:550][  0]LogTemp: Display: Loaded TP Android_ASTCTargetPlatform
[2022.02.17-14.32.42:559][  0]LogTemp: Display: Loaded TP Android_ATCTargetPlatform
[2022.02.17-14.32.42:569][  0]LogTemp: Display: Loaded TP Android_DXTTargetPlatform
[2022.02.17-14.32.42:579][  0]LogTemp: Display: Loaded TP Android_ETC1aTargetPlatform
[2022.02.17-14.32.42:588][  0]LogTemp: Display: Loaded TP Android_ETC1TargetPlatform
[2022.02.17-14.32.42:599][  0]LogTemp: Display: Loaded TP Android_ETC2TargetPlatform
[2022.02.17-14.32.42:618][  0]LogTemp: Display: Loaded TP Android_MultiTargetPlatform
[2022.02.17-14.32.42:618][  0]LogTemp: Display: Loaded TP Android_PVRTCTargetPlatform
[2022.02.17-14.32.42:629][  0]LogTemp: Display: Loaded TP AndroidTargetPlatform
[2022.02.17-14.32.42:631][  0]LogTemp: Display: Loaded TP HTML5TargetPlatform
[2022.02.17-14.32.42:665][  0]LogTemp: Display: Loaded TP IOSTargetPlatform
[2022.02.17-14.32.42:675][  0]LogTemp: Display: Loaded TP TVOSTargetPlatform
[2022.02.17-14.32.42:684][  0]LogTemp: Display: Loaded TP LinuxClientTargetPlatform
[2022.02.17-14.32.42:695][  0]LogTemp: Display: Loaded TP LinuxNoEditorTargetPlatform
[2022.02.17-14.32.42:706][  0]LogTemp: Display: Loaded TP LinuxServerTargetPlatform
[2022.02.17-14.32.42:716][  0]LogTemp: Display: Loaded TP LinuxTargetPlatform
[2022.02.17-14.32.42:716][  0]LogTargetPlatformManager: Display: Building Assets For Windows
[2022.02.17-14.32.42:810][  0]LogXGEController: Cannot use XGE Controller as Incredibuild is not installed on this machine.
[2022.02.17-14.32.42:810][  0]LogShaderCompilers: Cannot use XGE Shader Compiler as Incredibuild is not installed on this machine.
[2022.02.17-14.32.42:810][  0]LogShaderCompilers: Display: Using Local Shader Compiler.
[2022.02.17-14.32.43:408][  0]LogDerivedDataCache: Display: Max Cache Size: 512 MB
[2022.02.17-14.32.43:472][  0]LogDerivedDataCache: Loaded boot cache 0.06s 74MB C:/Users/guldd/AppData/Local/UnrealEngine/4.19/DerivedDataCache/Boot.ddc.
[2022.02.17-14.32.43:472][  0]LogDerivedDataCache: Display: Loaded Boot cache: C:/Users/guldd/AppData/Local/UnrealEngine/4.19/DerivedDataCache/Boot.ddc
[2022.02.17-14.32.43:473][  0]LogDerivedDataCache: FDerivedDataBackendGraph:  Pak pak cache file ../../../../UE4CPP/ArenaBattle/DerivedDataCache/DDC.ddp not found, will not use a pak cache.
[2022.02.17-14.32.43:473][  0]LogDerivedDataCache: Unable to find inner node Pak for hierarchical cache Hierarchy.
[2022.02.17-14.32.43:473][  0]LogDerivedDataCache: FDerivedDataBackendGraph:  CompressedPak pak cache file ../../../../UE4CPP/ArenaBattle/DerivedDataCache/Compressed.ddp not found, will not use a pak cache.
[2022.02.17-14.32.43:473][  0]LogDerivedDataCache: Unable to find inner node CompressedPak for hierarchical cache Hierarchy.
[2022.02.17-14.32.43:485][  0]LogDerivedDataCache: Display: Pak cache opened for reading ../../../Engine/DerivedDataCache/Compressed.ddp.
[2022.02.17-14.32.43:498][  0]LogDerivedDataCache: Using Local data cache path C:/Users/guldd/AppData/Local/UnrealEngine/Common/DerivedDataCache: Writable
[2022.02.17-14.32.43:498][  0]LogDerivedDataCache: Shared data cache path not found in *engine.ini, will not use an Shared cache.
[2022.02.17-14.32.43:498][  0]LogDerivedDataCache: Unable to find inner node Shared for hierarchical cache Hierarchy.
[2022.02.17-14.32.43:507][  0]LogMaterial: Verifying Global Shaders for PCD3D_SM5
[2022.02.17-14.32.43:508][  0]LogSlate: Using Freetype 2.6.0
[2022.02.17-14.32.43:508][  0]LogSlate: SlateFontCache - WITH_FREETYPE: 1, WITH_HARFBUZZ: 1
[2022.02.17-14.32.43:508][  0]LogSlate: SlateFontCache - WITH_FREETYPE: 1, WITH_HARFBUZZ: 1
[2022.02.17-14.32.43:627][  0]LogAssetRegistry: FAssetRegistry took 0.0249 seconds to start up
[2022.02.17-14.32.43:876][  0]LogInit: Selected Device Profile: [Windows]
[2022.02.17-14.32.43:998][  0]LogSimplygon: Simplygon DLL not present - disabling.
[2022.02.17-14.32.43:999][  0]LogMeshReduction: Using SimplygonSwarm for distributed automatic mesh merging
[2022.02.17-14.32.43:999][  0]LogMeshReduction: Using QuadricMeshReduction for automatic static mesh reduction
[2022.02.17-14.32.43:999][  0]LogMeshReduction: No automatic skeletal mesh reduction module available
[2022.02.17-14.32.43:999][  0]LogMeshReduction: No automatic mesh merging module available
[2022.02.17-14.32.43:999][  0]LogMeshMerging: No automatic mesh merging module available
[2022.02.17-14.32.44:027][  0]LogNetVersion: ArenaBattle , NetCL: 3944462, EngineNetVer: 2, GameNetVer: 0 (Checksum: 3555152549)
[2022.02.17-14.32.44:445][  0]LogPackageLocalizationCache: Processed 9 localized package path(s) for 2 prioritized culture(s) in 0.124791 seconds
[2022.02.17-14.32.44:450][  0]LogUObjectArray: 36728 objects as part of root set at end of initial load.
[2022.02.17-14.32.44:450][  0]LogUObjectAllocator: 7314304 out of 0 bytes used by permanent object pool.
[2022.02.17-14.32.44:450][  0]LogUObjectArray: CloseDisregardForGC: 0/0 objects in disregard for GC pool
[2022.02.17-14.32.45:908][  0]LogTcpMessaging: Initializing TcpMessaging bridge
[2022.02.17-14.32.45:938][  0]LogUdpMessaging: Initializing bridge on interface 0.0.0.0:0 to multicast group 230.0.0.1:6666.
[2022.02.17-14.32.46:281][  0]SourceControl: 소스 콘트롤이 꺼졌습니다.
[2022.02.17-14.32.46:281][  0]SourceControl: 소스 콘트롤이 꺼졌습니다.
[2022.02.17-14.32.46:299][  0]SourceControl: 소스 콘트롤이 꺼졌습니다.
[2022.02.17-14.32.46:315][  0]SourceControl: 소스 콘트롤이 꺼졌습니다.
[2022.02.17-14.32.46:777][  0]LogAndroidPermission: UAndroidPermissionCallbackProxy::GetInstance
[2022.02.17-14.32.47:051][  0]LogOcInput: OculusInput pre-init called
[2022.02.17-14.32.47:155][  0]LogEngine: Initializing Engine...
[2022.02.17-14.32.47:157][  0]LogHMD: Failed to initialize OpenVR with code 110
[2022.02.17-14.32.47:189][  0]LogStats: UGameplayTagsManager::ConstructGameplayTagTree: Construct from data asset -  0.000 s
[2022.02.17-14.32.47:189][  0]LogStats: UGameplayTagsManager::ConstructGameplayTagTree: GameplayTagTreeChangedEvent.Broadcast -  0.000 s
[2022.02.17-14.32.47:377][  0]LogAIModule: Creating AISystem for world Untitled
[2022.02.17-14.32.47:463][  0]LogInit: XAudio2 using '스피커(High Definition Audio Device)' : 2 channels at 48 kHz using 16 bits per sample (channel mask 0x3)
[2022.02.17-14.32.47:492][  0]LogInit: FAudioDevice initialized.
[2022.02.17-14.32.47:539][  0]LogDerivedDataCache: Saved boot cache 0.05s 74MB C:/Users/guldd/AppData/Local/UnrealEngine/4.19/DerivedDataCache/Boot.ddc.
[2022.02.17-14.32.47:549][  0]LogInit: Texture streaming: Enabled
[2022.02.17-14.32.47:562][  0]LogEngineSessionManager: EngineSessionManager initialized
[2022.02.17-14.32.47:584][  0]LogInit: Transaction tracking system initialized
[2022.02.17-14.32.47:600][  0]BlueprintLog: New page: 에디터 로드
[2022.02.17-14.32.47:657][  0]LocalizationService: 현지화 서비스가 비활성화되었습니다.
[2022.02.17-14.32.47:743][  0]LogConsoleResponse: Display: 
[2022.02.17-14.32.47:924][  0]LogFileCache: Scanning file cache for directory 'D:/UE4CPP/ArenaBattle/Content/' took 0.02s
[2022.02.17-14.32.47:924][  0]LogCook: Display: Max memory allowance for cook 16384mb min free memory 0mb
[2022.02.17-14.32.47:924][  0]LogCook: Display: Mobile HDR setting 1
[2022.02.17-14.32.47:924][  0]LogGameplayTags: Display: UGameplayTagsManager::DoneAddingNativeTags. DelegateIsBound: 0
[2022.02.17-14.32.47:924][  0]LogStats: UGameplayTagsManager::ConstructGameplayTagTree: Construct from data asset -  0.000 s
[2022.02.17-14.32.47:924][  0]LogStats: UGameplayTagsManager::ConstructGameplayTagTree: GameplayTagTreeChangedEvent.Broadcast -  0.000 s
[2022.02.17-14.32.48:273][  0]SourceControl: 소스 콘트롤이 꺼졌습니다.
[2022.02.17-14.32.48:274][  0]Cmd: MAP LOAD FILE="../../../../UE4CPP/ArenaBattle/Content/ThirdPersonBP/Maps/ThirdPersonExampleMap.umap" TEMPLATE=0 SHOWPROGRESS=1 FEATURELEVEL=3
[2022.02.17-14.32.48:294][  0]LightingResults: New page: 라이팅 빌드
[2022.02.17-14.32.48:296][  0]MapCheck: New page: 맵 체크
[2022.02.17-14.32.48:296][  0]LightingResults: New page: 라이팅 빌드
[2022.02.17-14.32.48:580][  0]LogUObjectGlobals: Created PersistentFrame Addr=0x000001b72c7e9d00, Size=64, Default__ThirdPerson_AnimBP_C Function /Game/Mannequin/Animations/ThirdPerson_AnimBP.ThirdPerson_AnimBP_C:ExecuteUbergraph_ThirdPerson_AnimBP
[2022.02.17-14.32.48:613][  0]LogUObjectGlobals: Destroyed PersistentFrame Addr=0x000001b72c7e9d00, Size=64
[2022.02.17-14.32.48:613][  0]LogUObjectGlobals: Created PersistentFrame Addr=0x000001b72c7e9940, Size=64, Default__ThirdPerson_AnimBP_C Function /Engine/Transient.REINST_ThirdPerson_AnimBP_C_0:ExecuteUbergraph_ThirdPerson_AnimBP
[2022.02.17-14.32.48:635][  0]LogUObjectGlobals: Created PersistentFrame Addr=0x000001b72c116610, Size=72, Default__ThirdPerson_AnimBP_C Function /Game/Mannequin/Animations/ThirdPerson_AnimBP.ThirdPerson_AnimBP_C:ExecuteUbergraph_ThirdPerson_AnimBP
[2022.02.17-14.32.49:175][  0]LogUObjectGlobals: Created PersistentFrame Addr=0x000001b72c095300, Size=296, Default__ThirdPersonCharacter_C Function /Game/ThirdPersonBP/Blueprints/ThirdPersonCharacter.ThirdPersonCharacter_C:ExecuteUbergraph_ThirdPersonCharacter
[2022.02.17-14.32.49:180][  0]LogUObjectGlobals: Destroyed PersistentFrame Addr=0x000001b72c095300, Size=296
[2022.02.17-14.32.49:180][  0]LogUObjectGlobals: Created PersistentFrame Addr=0x000001b72c095300, Size=296, Default__ThirdPersonCharacter_C Function /Engine/Transient.REINST_ThirdPersonCharacter_C_4:ExecuteUbergraph_ThirdPersonCharacter
[2022.02.17-14.32.49:185][  0]LogUObjectGlobals: Created PersistentFrame Addr=0x000001b730a7b600, Size=296, Default__ThirdPersonCharacter_C Function /Game/ThirdPersonBP/Blueprints/ThirdPersonCharacter.ThirdPersonCharacter_C:ExecuteUbergraph_ThirdPersonCharacter
[2022.02.17-14.32.50:167][  0]LogSkeletalMesh: Skeletal Mesh found in DDC [52.021301ms] /Game/Mannequin/Character/Mesh/SK_Mannequin.SK_Mannequin
[2022.02.17-14.32.50:547][  0]LogAIModule: Creating AISystem for world ThirdPersonExampleMap
[2022.02.17-14.32.50:633][  0]LogEditorServer: Finished looking for orphan Actors (0.000 secs)
[2022.02.17-14.32.50:669][  0]LogUObjectGlobals: Destroyed PersistentFrame Addr=0x000001b72c7e9940, Size=64
[2022.02.17-14.32.50:669][  0]LogUObjectGlobals: Destroyed PersistentFrame Addr=0x000001b72c095300, Size=296
[2022.02.17-14.32.50:670][  0]Cmd: MAP CHECKDEP NOCLEARLOG
[2022.02.17-14.32.50:722][  0]MapCheck: 맵 체크 완료: 오류 0 회, 경고 0 회, 소요 시간 51.679ms.
[2022.02.17-14.32.50:722][  0]LogFileHelpers: Loading map 'ThirdPersonExampleMap' took 2.449
[2022.02.17-14.32.51:317][  0]LogCollectionManager: Loaded 0 collections in 0.014227 seconds
[2022.02.17-14.32.51:415][  0]LogFileCache: Scanning file cache for directory 'D:/UE4CPP/ArenaBattle/Saved/Collections/' took 0.01s
[2022.02.17-14.32.51:415][  0]LogFileCache: Scanning file cache for directory 'D:/UE4CPP/ArenaBattle/Content/Developers/guldd/Collections/' took 0.01s
[2022.02.17-14.32.51:415][  0]LogFileCache: Scanning file cache for directory 'D:/UE4CPP/ArenaBattle/Content/Collections/' took 0.01s
[2022.02.17-14.32.51:415][  0]LogCollectionManager: Rebuilt the GUID cache for 0 collections in 0.000001 seconds
[2022.02.17-14.32.51:425][  0]LogContentBrowser: Native class hierarchy populated in 0.0087 seconds. Added 2452 classes and 558 folders.
[2022.02.17-14.32.51:453][  0]LogContentBrowser: Native class hierarchy updated for 'WidgetCarousel' in 0.0004 seconds. Added 0 classes and 0 folders.
[2022.02.17-14.32.52:123][  0]LogContentBrowser: Native class hierarchy updated for 'AddContentDialog' in 0.0002 seconds. Added 0 classes and 0 folders.
[2022.02.17-14.32.52:166][  0]LogContentBrowser: Native class hierarchy updated for 'SceneOutliner' in 0.0002 seconds. Added 1 classes and 2 folders.
[2022.02.17-14.32.52:434][  0]LogSlate: Took 0.000255 seconds to synchronously load lazily loaded font '../../../Engine/Content/Slate/Fonts/Roboto-Regular.ttf' (155K)
[2022.02.17-14.32.52:438][  0]LogSlate: Took 0.002882 seconds to synchronously load lazily loaded font '../../../Engine/Content/Editor/Slate/Fonts/NanumGothic.ttf' (4243K)
[2022.02.17-14.32.52:442][  0]LogSlate: Took 0.002874 seconds to synchronously load lazily loaded font '../../../Engine/Content/Editor/Slate/Fonts/NanumGothicBold.ttf' (4188K)
[2022.02.17-14.32.52:442][  0]LogSlate: Took 0.000210 seconds to synchronously load lazily loaded font '../../../Engine/Content/Slate/Fonts/Roboto-Bold.ttf' (160K)
[2022.02.17-14.32.52:469][  0]LogSlate: Took 0.016417 seconds to synchronously load lazily loaded font '../../../Engine/Content/Editor/Slate/Fonts/FontAwesome.ttf' (139K)
[2022.02.17-14.32.52:877][  0]LogRenderer: Reallocating scene render targets to support 1616x808 Format 10 NumSamples 1 (Frame:1).
[2022.02.17-14.32.53:324][  0]LogContentBrowser: Native class hierarchy updated for 'HierarchicalLODOutliner' in 0.0002 seconds. Added 0 classes and 0 folders.
[2022.02.17-14.32.53:324][  0]LogLoad: (Engine Initialization) Total time: 15.69 seconds
[2022.02.17-14.32.53:324][  0]LogLoad: (Engine Initialization) Total Blueprint compile time: 0.00 seconds
[2022.02.17-14.32.53:683][  0]LogAssetRegistry: Asset discovery search completed in 10.0783 seconds
[2022.02.17-14.32.53:685][  0]LogCollectionManager: Rebuilt the object cache for 0 collections in 0.000001 seconds (found 0 objects)
[2022.02.17-14.32.53:685][  0]LogCollectionManager: Fixed up redirectors for 0 collections in 0.000052 seconds (updated 0 objects)
[2022.02.17-14.32.53:758][  0]LogContentStreaming: Texture pool size now 1000 MB
[2022.02.17-14.33.22:660][ 87]LogSlate: FSceneViewport::OnFocusLost() reason 0
[2022.02.17-14.37.49:031][373]LogSlate: Took 0.048291 seconds to synchronously load lazily loaded font '../../../Engine/Content/Slate/Fonts/Roboto-Light.ttf' (167K)
[2022.02.17-14.37.49:103][373]LogSlate: Took 0.013973 seconds to synchronously load lazily loaded font '../../../Engine/Content/Slate/Fonts/Roboto-BoldCondensed.ttf' (158K)
[2022.02.17-14.56.27:830][435]LogSlate: FSceneViewport::OnFocusLost() reason 2
[2022.02.17-14.58.01:114][576]LogSlate: Window 'C++ 클래스 추가' being destroyed
[2022.02.17-14.58.08:495][435]LogSlate: Window 'C++ 클래스 추가' being destroyed
[2022.02.17-14.58.11:014][692]LogSlate: Window 'ArenaBattle - 언리얼 에디터' being destroyed
[2022.02.17-14.58.11:606][693]Cmd: QUIT_EDITOR
[2022.02.17-14.58.11:901][693]LogWindowsTextInputMethodSystem: Display: IME system now activated using TSF (Microsoft 입력기).
[2022.02.17-14.58.11:930][693]LogSlate: Slate User Destroyed.  User Index 0, Is Virtual User: 0
[2022.02.17-14.58.11:951][693]LogExit: Preparing to exit.
[2022.02.17-14.58.13:164][693]LogDirectoryWatcher: A directory notification for 'D:/UE4CPP/ArenaBattle/Content/' was aborted.
[2022.02.17-14.58.13:426][693]LogExit: Editor shut down
[2022.02.17-14.58.13:430][693]LogExit: Transaction tracking system shut down
[2022.02.17-14.58.13:431][693]LogUObjectGlobals: Destroyed PersistentFrame Addr=0x000001b72c116610, Size=72
[2022.02.17-14.58.13:431][693]LogUObjectGlobals: Destroyed PersistentFrame Addr=0x000001b730a7b600, Size=296
[2022.02.17-14.58.13:673][693]LogDirectoryWatcher: A directory notification for '../../../Engine/Content/' was aborted.
[2022.02.17-14.58.13:673][693]LogDirectoryWatcher: A directory notification for '../../../../UE4CPP/ArenaBattle/Content/' was aborted.
[2022.02.17-14.58.13:673][693]LogDirectoryWatcher: A directory notification for '../../Plugins/2D/Paper2D/Content/' was aborted.
[2022.02.17-14.58.13:673][693]LogDirectoryWatcher: A directory notification for '../../Plugins/Enterprise/DatasmithContent/Content/' was aborted.
[2022.02.17-14.58.13:673][693]LogDirectoryWatcher: A directory notification for '../../Plugins/Media/MediaCompositing/Content/' was aborted.
[2022.02.17-14.58.13:673][693]LogDirectoryWatcher: A directory notification for '../../Plugins/Runtime/AppleARKit/Content/' was aborted.
[2022.02.17-14.58.13:673][693]LogDirectoryWatcher: A directory notification for '../../Plugins/Runtime/Oculus/OculusVR/Content/' was aborted.
[2022.02.17-14.58.13:674][693]LogDirectoryWatcher: A directory notification for '../../Plugins/Runtime/Steam/SteamVR/Content/' was aborted.
[2022.02.17-14.58.18:041][693]LogExit: Object subsystem successfully closed.
[2022.02.17-14.58.18:655][693]LogShaderCompilers: Display: Shaders left to compile 0
[2022.02.17-14.58.18:692][693]LogD3D11RHI: Shutdown
[2022.02.17-14.58.18:692][693]LogD3D11RHI: CleanupD3DDevice
[2022.02.17-14.58.18:743][693]LogD3D11RHI: ~FD3D11DynamicRHI
[2022.02.17-14.58.20:292][693]LogModuleManager: Shutting down and abandoning module HierarchicalLODOutliner (574)
[2022.02.17-14.58.20:292][693]LogModuleManager: Shutting down and abandoning module SceneOutliner (572)
[2022.02.17-14.58.20:301][693]LogModuleManager: Shutting down and abandoning module AddContentDialog (570)
[2022.02.17-14.58.20:317][693]LogDirectoryWatcher: A directory notification for 'D:/UE_4.19/FeaturePacks/' was aborted.
[2022.02.17-14.58.20:318][693]LogModuleManager: Shutting down and abandoning module WidgetCarousel (569)
[2022.02.17-14.58.20:318][693]LogModuleManager: Shutting down and abandoning module EditorWidgets (566)
[2022.02.17-14.58.20:318][693]LogModuleManager: Shutting down and abandoning module CollectionManager (564)
[2022.02.17-14.58.20:342][693]LogDirectoryWatcher: A directory notification for 'D:/UE4CPP/ArenaBattle/Content/Collections/' was aborted.
[2022.02.17-14.58.20:342][693]LogDirectoryWatcher: A directory notification for 'D:/UE4CPP/ArenaBattle/Content/Developers/guldd/Collections/' was aborted.
[2022.02.17-14.58.20:342][693]LogDirectoryWatcher: A directory notification for 'D:/UE4CPP/ArenaBattle/Saved/Collections/' was aborted.
[2022.02.17-14.58.20:343][693]LogModuleManager: Shutting down and abandoning module StatsViewer (562)
[2022.02.17-14.58.20:357][693]LogModuleManager: Shutting down and abandoning module FoliageEdit (560)
[2022.02.17-14.58.20:357][693]LogModuleManager: Shutting down and abandoning module LandscapeEditor (558)
[2022.02.17-14.58.20:378][693]LogModuleManager: Shutting down and abandoning module MeshPaintMode (556)
[2022.02.17-14.58.20:392][693]LogModuleManager: Shutting down and abandoning module SceneDepthPickerMode (554)
[2022.02.17-14.58.20:392][693]LogModuleManager: Shutting down and abandoning module ActorPickerMode (552)
[2022.02.17-14.58.20:392][693]LogModuleManager: Shutting down and abandoning module GeometryMode (550)
[2022.02.17-14.58.20:400][693]LogModuleManager: Shutting down and abandoning module TextureAlignMode (548)
[2022.02.17-14.58.20:400][693]LogModuleManager: Shutting down and abandoning module BspMode (546)
[2022.02.17-14.58.20:400][693]LogModuleManager: Shutting down and abandoning module PIEPreviewDeviceProfileSelector (544)
[2022.02.17-14.58.20:400][693]LogModuleManager: Shutting down and abandoning module HardwareSurvey (542)
[2022.02.17-14.58.20:400][693]LogModuleManager: Shutting down and abandoning module SequenceRecorderSections (540)
[2022.02.17-14.58.20:415][693]LogModuleManager: Shutting down and abandoning module AutomationWorker (538)
[2022.02.17-14.58.20:415][693]LogModuleManager: Shutting down and abandoning module AudioCaptureEditor (536)
[2022.02.17-14.58.20:415][693]LogModuleManager: Shutting down and abandoning module SequenceRecorder (535)
[2022.02.17-14.58.20:425][693]LogModuleManager: Shutting down and abandoning module MatineeToLevelSequence (532)
[2022.02.17-14.58.20:477][693]LogModuleManager: Shutting down and abandoning module LevelSequenceEditor (530)
[2022.02.17-14.58.20:511][693]LogModuleManager: Shutting down and abandoning module PlacementMode (529)
[2022.02.17-14.58.20:511][693]LogModuleManager: Shutting down and abandoning module MaterialEditor (528)
[2022.02.17-14.58.20:581][693]LogModuleManager: Shutting down and abandoning module WmfMediaFactory (524)
[2022.02.17-14.58.20:581][693]LogModuleManager: Shutting down and abandoning module WmfMediaEditor (522)
[2022.02.17-14.58.20:581][693]LogModuleManager: Shutting down and abandoning module MediaPlayerEditor (520)
[2022.02.17-14.58.20:617][693]LogModuleManager: Shutting down and abandoning module OpenExrWrapper (518)
[2022.02.17-14.58.20:617][693]LogModuleManager: Shutting down and abandoning module ImgMediaFactory (516)
[2022.02.17-14.58.20:617][693]LogModuleManager: Shutting down and abandoning module ImgMediaEditor (514)
[2022.02.17-14.58.20:617][693]LogModuleManager: Shutting down and abandoning module AvfMediaFactory (512)
[2022.02.17-14.58.20:617][693]LogModuleManager: Shutting down and abandoning module AvfMediaEditor (510)
[2022.02.17-14.58.20:617][693]LogModuleManager: Shutting down and abandoning module AndroidMediaFactory (508)
[2022.02.17-14.58.20:617][693]LogModuleManager: Shutting down and abandoning module AndroidMediaEditor (506)
[2022.02.17-14.58.20:617][693]LogModuleManager: Shutting down and abandoning module CharacterAI (504)
[2022.02.17-14.58.20:617][693]LogModuleManager: Shutting down and abandoning module SmartSnapping (502)
[2022.02.17-14.58.20:617][693]LogModuleManager: Shutting down and abandoning module SessionServices (500)
[2022.02.17-14.58.20:617][693]LogModuleManager: Shutting down and abandoning module ViewportSnapping (498)
[2022.02.17-14.58.20:617][693]LogModuleManager: Shutting down and abandoning module ViewportInteraction (496)
[2022.02.17-14.58.20:617][693]LogModuleManager: Shutting down and abandoning module ClothPainter (494)
[2022.02.17-14.58.20:667][693]LogModuleManager: Shutting down and abandoning module SkeletalMeshEditor (493)
[2022.02.17-14.58.20:694][693]LogModuleManager: Shutting down and abandoning module LogVisualizer (490)
[2022.02.17-14.58.20:747][693]LogModuleManager: Shutting down and abandoning module IntroTutorials (488)
[2022.02.17-14.58.20:809][693]LogModuleManager: Shutting down and abandoning module GameProjectGeneration (487)
[2022.02.17-14.58.20:809][693]LogModuleManager: Shutting down and abandoning module IOSPlatformEditor (484)
[2022.02.17-14.58.20:829][693]LogModuleManager: Shutting down and abandoning module HTML5PlatformEditor (482)
[2022.02.17-14.58.20:829][693]LogModuleManager: Shutting down and abandoning module AndroidPlatformEditor (480)
[2022.02.17-14.58.20:829][693]LogModuleManager: Shutting down and abandoning module AndroidDeviceDetection (479)
[2022.02.17-14.58.21:534][693]LogModuleManager: Shutting down and abandoning module WindowsPlatformEditor (476)
[2022.02.17-14.58.21:534][693]LogModuleManager: Shutting down and abandoning module IOSRuntimeSettings (474)
[2022.02.17-14.58.21:534][693]LogModuleManager: Shutting down and abandoning module AndroidRuntimeSettings (472)
[2022.02.17-14.58.21:534][693]LogModuleManager: Shutting down and abandoning module InputBindingEditor (470)
[2022.02.17-14.58.21:553][693]LogModuleManager: Shutting down and abandoning module MergeActors (468)
[2022.02.17-14.58.21:567][693]LogModuleManager: Shutting down and abandoning module LocalizationDashboard (466)
[2022.02.17-14.58.21:595][693]LogModuleManager: Shutting down and abandoning module LocalizationService (465)
[2022.02.17-14.58.21:624][693]LogModuleManager: Shutting down and abandoning module HardwareTargeting (462)
[2022.02.17-14.58.21:624][693]LogModuleManager: Shutting down and abandoning module DeviceProfileEditor (460)
[2022.02.17-14.58.21:634][693]LogModuleManager: Shutting down and abandoning module UndoHistory (458)
[2022.02.17-14.58.21:634][693]LogModuleManager: Shutting down and abandoning module XmlParser (456)
[2022.02.17-14.58.21:645][693]LogModuleManager: Shutting down and abandoning module Blutility (454)
[2022.02.17-14.58.21:645][693]LogModuleManager: Shutting down and abandoning module ProjectSettingsViewer (452)
[2022.02.17-14.58.21:645][693]LogModuleManager: Shutting down and abandoning module ProjectTargetPlatformEditor (451)
[2022.02.17-14.58.21:645][693]LogModuleManager: Shutting down and abandoning module EditorSettingsViewer (448)
[2022.02.17-14.58.21:645][693]LogModuleManager: Shutting down and abandoning module SettingsEditor (446)
[2022.02.17-14.58.21:760][693]LogModuleManager: Shutting down and abandoning module ProjectLauncher (444)
[2022.02.17-14.58.21:773][693]LogModuleManager: Shutting down and abandoning module SessionFrontend (442)
[2022.02.17-14.58.21:787][693]LogModuleManager: Shutting down and abandoning module ProfilerClient (440)
[2022.02.17-14.58.21:831][693]LogModuleManager: Shutting down and abandoning module DeviceManager (438)
[2022.02.17-14.58.21:844][693]LogModuleManager: Shutting down and abandoning module TargetDeviceServices (437)
[2022.02.17-14.58.21:888][693]LogModuleManager: Shutting down and abandoning module AutomationController (434)
[2022.02.17-14.58.21:899][693]LogModuleManager: Shutting down and abandoning module AutomationWindow (432)
[2022.02.17-14.58.21:952][693]LogModuleManager: Shutting down and abandoning module Layers (430)
[2022.02.17-14.58.21:965][693]LogModuleManager: Shutting down and abandoning module ComponentVisualizers (428)
[2022.02.17-14.58.21:965][693]LogModuleManager: Shutting down and abandoning module DetailCustomizations (426)
[2022.02.17-14.58.22:008][693]LogModuleManager: Shutting down and abandoning module PackagesDialog (424)
[2022.02.17-14.58.22:032][693]LogModuleManager: Shutting down and abandoning module Persona (422)
[2022.02.17-14.58.22:065][693]LogModuleManager: Shutting down and abandoning module AdvancedPreviewScene (421)
[2022.02.17-14.58.22:065][693]LogModuleManager: Shutting down and abandoning module AnimGraph (419)
[2022.02.17-14.58.22:065][693]LogModuleManager: Shutting down and abandoning module Kismet (416)
[2022.02.17-14.58.22:085][693]LogModuleManager: Shutting down and abandoning module GraphEditor (414)
[2022.02.17-14.58.22:127][693]LogModuleManager: Shutting down and abandoning module ClassViewer (412)
[2022.02.17-14.58.22:128][693]LogModuleManager: Shutting down and abandoning module Toolbox (410)
[2022.02.17-14.58.22:128][693]LogModuleManager: Shutting down and abandoning module ModuleUI (408)
[2022.02.17-14.58.22:140][693]LogModuleManager: Shutting down and abandoning module MovieSceneTools (406)
[2022.02.17-14.58.22:182][693]LogModuleManager: Shutting down and abandoning module OutputLog (404)
[2022.02.17-14.58.22:195][693]LogModuleManager: Shutting down and abandoning module GammaUI (402)
[2022.02.17-14.58.22:209][693]LogModuleManager: Shutting down and abandoning module Documentation (400)
[2022.02.17-14.58.22:209][693]LogModuleManager: Shutting down and abandoning module MovieSceneTracks (398)
[2022.02.17-14.58.22:209][693]LogModuleManager: Shutting down and abandoning module MovieScene (396)
[2022.02.17-14.58.22:209][693]LogModuleManager: Shutting down and abandoning module StreamingPauseRendering (394)
[2022.02.17-14.58.22:209][693]LogModuleManager: Shutting down and abandoning module LauncherPlatform (392)
[2022.02.17-14.58.22:209][693]LogModuleManager: Shutting down and abandoning module AnalyticsET (390)
[2022.02.17-14.58.22:209][693]LogModuleManager: Shutting down and abandoning module PortalServices (388)
[2022.02.17-14.58.22:209][693]LogModuleManager: Shutting down and abandoning module PortalRpc (386)
[2022.02.17-14.58.22:209][693]LogModuleManager: Shutting down and abandoning module MessagingRpc (384)
[2022.02.17-14.58.22:209][693]LogModuleManager: Shutting down and abandoning module AIModule (382)
[2022.02.17-14.58.22:209][693]LogModuleManager: Shutting down and abandoning module GameplayDebugger (381)
[2022.02.17-14.58.22:221][693]LogModuleManager: Shutting down and abandoning module AITestSuite (379)
[2022.02.17-14.58.22:245][693]LogModuleManager: Shutting down and abandoning module DesktopPlatform (376)
[2022.02.17-14.58.22:255][693]LogModuleManager: Shutting down and abandoning module ProfilerService (374)
[2022.02.17-14.58.22:379][693]LogModuleManager: Shutting down and abandoning module TaskGraph (372)
[2022.02.17-14.58.22:416][693]LogModuleManager: Shutting down and abandoning module SteamVRController (370)
[2022.02.17-14.58.22:416][693]LogModuleManager: Shutting down and abandoning module ProceduralMeshComponentEditor (368)
[2022.02.17-14.58.22:416][693]LogModuleManager: Shutting down and abandoning module ProceduralMeshComponent (366)
[2022.02.17-14.58.22:430][693]LogModuleManager: Shutting down and abandoning module OculusInput (364)
[2022.02.17-14.58.22:435][693]LogModuleManager: Shutting down and abandoning module MobilePatchingUtils (362)
[2022.02.17-14.58.22:435][693]LogModuleManager: Shutting down and abandoning module CustomMeshComponent (360)
[2022.02.17-14.58.22:435][693]LogModuleManager: Shutting down and abandoning module CableComponent (358)
[2022.02.17-14.58.22:440][693]LogModuleManager: Shutting down and abandoning module AudioCapture (356)
[2022.02.17-14.58.22:440][693]LogModuleManager: Shutting down and abandoning module ArchVisCharacter (354)
[2022.02.17-14.58.22:440][693]LogModuleManager: Shutting down and abandoning module AndroidPermission (352)
[2022.02.17-14.58.22:440][693]LogModuleManager: Shutting down and abandoning module NUTUnrealEngine4 (348)
[2022.02.17-14.58.22:440][693]LogModuleManager: Shutting down and abandoning module NetcodeUnitTest (346)
[2022.02.17-14.58.22:453][693]LogModuleManager: Shutting down and abandoning module MediaCompositingEditor (344)
[2022.02.17-14.58.22:453][693]LogModuleManager: Shutting down and abandoning module MediaCompositing (342)
[2022.02.17-14.58.22:453][693]LogModuleManager: Shutting down and abandoning module LinearTimecode (340)
[2022.02.17-14.58.22:453][693]LogModuleManager: Shutting down and abandoning module ImgMedia (338)
[2022.02.17-14.58.22:462][693]LogModuleManager: Shutting down and abandoning module HTML5Networking (336)
[2022.02.17-14.58.22:462][693]LogModuleManager: Shutting down and abandoning module AlembicImporter (334)
[2022.02.17-14.58.22:475][693]LogModuleManager: Shutting down and abandoning module AlembicLibrary (333)
[2022.02.17-14.58.22:475][693]LogModuleManager: Shutting down and abandoning module GeometryCache (332)
[2022.02.17-14.58.22:475][693]LogModuleManager: Shutting down and abandoning module GeometryCacheEd (331)
[2022.02.17-14.58.22:475][693]LogModuleManager: Shutting down and abandoning module DatasmithContent (326)
[2022.02.17-14.58.22:475][693]LogModuleManager: Shutting down and abandoning module SpeedTreeImporter (324)
[2022.02.17-14.58.22:475][693]LogModuleManager: Shutting down and abandoning module PluginBrowser (322)
[2022.02.17-14.58.22:509][693]LogModuleManager: Shutting down and abandoning module MobileLauncherProfileWizard (320)
[2022.02.17-14.58.22:529][693]LogModuleManager: Shutting down and abandoning module CryptoKeysOpenSSL (318)
[2022.02.17-14.58.22:536][693]LogModuleManager: Shutting down and abandoning module CryptoKeys (316)
[2022.02.17-14.58.22:536][693]LogModuleManager: Shutting down and abandoning module VisualStudioSourceCodeAccess (314)
[2022.02.17-14.58.22:542][693]LogModuleManager: Shutting down and abandoning module VisualStudioCodeSourceCodeAccess (312)
[2022.02.17-14.58.22:542][693]LogModuleManager: Shutting down and abandoning module UObjectPlugin (310)
[2022.02.17-14.58.22:542][693]LogModuleManager: Shutting down and abandoning module SubversionSourceControl (308)
[2022.02.17-14.58.22:550][693]LogModuleManager: Shutting down and abandoning module PerforceSourceControl (306)
[2022.02.17-14.58.22:568][693]LogModuleManager: Shutting down and abandoning module GitSourceControl (304)
[2022.02.17-14.58.22:581][693]LogModuleManager: Shutting down and abandoning module SourceControl (303)
[2022.02.17-14.58.22:605][693]LogModuleManager: Shutting down and abandoning module CLionSourceCodeAccess (300)
[2022.02.17-14.58.22:614][693]LogModuleManager: Shutting down and abandoning module LightPropagationVolumeEditor (298)
[2022.02.17-14.58.22:614][693]LogModuleManager: Shutting down and abandoning module PaperTiledImporter (296)
[2022.02.17-14.58.22:614][693]LogModuleManager: Shutting down and abandoning module PaperSpriteSheetImporter (294)
[2022.02.17-14.58.22:614][693]LogModuleManager: Shutting down and abandoning module Paper2DEditor (292)
[2022.02.17-14.58.22:647][693]LogModuleManager: Shutting down and abandoning module MeshPaint (291)
[2022.02.17-14.58.22:654][693]LogModuleManager: Shutting down and abandoning module RuntimePhysXCooking (288)
[2022.02.17-14.58.22:654][693]LogModuleManager: Shutting down and abandoning module PhysXVehiclesEditor (286)
[2022.02.17-14.58.22:654][693]LogModuleManager: Shutting down and abandoning module PhysXVehicles (284)
[2022.02.17-14.58.22:654][693]LogModuleManager: Shutting down and abandoning module OculusEditor (282)
[2022.02.17-14.58.22:654][693]LogModuleManager: Shutting down and abandoning module LocationServicesBPLibrary (280)
[2022.02.17-14.58.22:654][693]LogModuleManager: Shutting down and abandoning module ImmediatePhysicsEditor (278)
[2022.02.17-14.58.22:654][693]LogModuleManager: Shutting down and abandoning module ImmediatePhysics (276)
[2022.02.17-14.58.22:668][693]LogModuleManager: Shutting down and abandoning module ActorSequence (274)
[2022.02.17-14.58.22:668][693]LogModuleManager: Shutting down and abandoning module UdpMessaging (272)
[2022.02.17-14.58.22:792][693]LogModuleManager: Shutting down and abandoning module TcpMessaging (270)
[2022.02.17-14.58.22:902][693]LogModuleManager: Shutting down and abandoning module GameplayTagsEditor (268)
[2022.02.17-14.58.22:920][693]LogModuleManager: Shutting down and abandoning module FacialAnimationEditor (266)
[2022.02.17-14.58.22:920][693]LogModuleManager: Shutting down and abandoning module FacialAnimation (264)
[2022.02.17-14.58.22:920][693]LogModuleManager: Shutting down and abandoning module DataValidation (262)
[2022.02.17-14.58.22:920][693]LogModuleManager: Shutting down and abandoning module AssetManagerEditor (260)
[2022.02.17-14.58.22:939][693]LogModuleManager: Shutting down and abandoning module LevelEditor (259)
[2022.02.17-14.58.22:965][693]LogModuleManager: Shutting down and abandoning module PixelInspectorModule (258)
[2022.02.17-14.58.22:972][693]LogModuleManager: Shutting down and abandoning module CommonMenuExtensions (256)
[2022.02.17-14.58.22:972][693]LogModuleManager: Shutting down and abandoning module MainFrame (254)
[2022.02.17-14.58.22:972][693]LogModuleManager: Shutting down and abandoning module HotReload (253)
[2022.02.17-14.58.23:002][693]LogModuleManager: Shutting down and abandoning module ContentBrowser (249)
[2022.02.17-14.58.23:003][693]LogModuleManager: Shutting down and abandoning module TreeMap (247)
[2022.02.17-14.58.23:029][693]LogModuleManager: Shutting down and abandoning module LightPropagationVolumeRuntime (244)
[2022.02.17-14.58.23:029][693]LogModuleManager: Shutting down and abandoning module LiveLinkEditor (242)
[2022.02.17-14.58.23:042][693]LogModuleManager: Shutting down and abandoning module LiveLink (240)
[2022.02.17-14.58.23:445][693]LogModuleManager: Shutting down and abandoning module Paper2D (238)
[2022.02.17-14.58.23:460][693]LogModuleManager: Shutting down and abandoning module WindowsMoviePlayer (236)
[2022.02.17-14.58.23:474][693]LogModuleManager: Shutting down and abandoning module WmfMedia (234)
[2022.02.17-14.58.23:483][693]LogModuleManager: Shutting down and abandoning module Media (233)
[2022.02.17-14.58.23:489][693]LogModuleManager: Shutting down and abandoning module PacketHandler (230)
[2022.02.17-14.58.23:489][693]LogModuleManager: Shutting down and abandoning module ClothingSystemEditor (228)
[2022.02.17-14.58.23:489][693]LogModuleManager: Shutting down and abandoning module ClothingSystemRuntime (226)
[2022.02.17-14.58.23:509][693]LogModuleManager: Shutting down and abandoning module MediaAssets (224)
[2022.02.17-14.58.23:509][693]LogModuleManager: Shutting down and abandoning module Overlay (222)
[2022.02.17-14.58.23:509][693]LogModuleManager: Shutting down and abandoning module OverlayEditor (221)
[2022.02.17-14.58.23:509][693]LogModuleManager: Shutting down and abandoning module VREditor (218)
[2022.02.17-14.58.23:534][693]LogModuleManager: Shutting down and abandoning module StringTableEditor (216)
[2022.02.17-14.58.23:534][693]LogModuleManager: Shutting down and abandoning module GameplayTasksEditor (214)
[2022.02.17-14.58.23:534][693]LogModuleManager: Shutting down and abandoning module BehaviorTreeEditor (212)
[2022.02.17-14.58.23:588][693]LogModuleManager: Shutting down and abandoning module FunctionalTesting (210)
[2022.02.17-14.58.23:611][693]LogModuleManager: Shutting down and abandoning module CollisionAnalyzer (208)
[2022.02.17-14.58.23:637][693]LogModuleManager: Shutting down and abandoning module WorkspaceMenuStructure (207)
[2022.02.17-14.58.23:637][693]LogModuleManager: Shutting down and abandoning module UMG (204)
[2022.02.17-14.58.23:669][693]LogModuleManager: Shutting down and abandoning module UMGEditor (203)
[2022.02.17-14.58.23:719][693]LogModuleManager: Shutting down and abandoning module Sequencer (202)
[2022.02.17-14.58.23:741][693]LogModuleManager: Shutting down and abandoning module MessageLog (199)
[2022.02.17-14.58.23:741][693]LogModuleManager: Shutting down and abandoning module SlateReflector (194)
[2022.02.17-14.58.23:766][693]LogModuleManager: Shutting down and abandoning module Slate (192)
[2022.02.17-14.58.23:766][693]LogModuleManager: Shutting down and abandoning module EditorStyle (190)
[2022.02.17-14.58.23:768][693]LogModuleManager: Shutting down and abandoning module MRMesh (188)
[2022.02.17-14.58.23:768][693]LogModuleManager: Shutting down and abandoning module SourceCodeAccess (186)
[2022.02.17-14.58.23:768][693]LogModuleManager: Shutting down and abandoning module HeadMountedDisplay (184)
[2022.02.17-14.58.23:768][693]LogModuleManager: Shutting down and abandoning module XAudio2 (182)
[2022.02.17-14.58.23:768][693]LogModuleManager: Shutting down and abandoning module Networking (180)
[2022.02.17-14.58.23:768][693]LogModuleManager: Shutting down and abandoning module Core (178)
[2022.02.17-14.58.23:768][693]LogModuleManager: Shutting down and abandoning module LevelSequence (176)
[2022.02.17-14.58.23:774][693]LogModuleManager: Shutting down and abandoning module KismetCompiler (174)
[2022.02.17-14.58.23:774][693]LogModuleManager: Shutting down and abandoning module MeshUtilities (172)
[2022.02.17-14.58.23:790][693]LogModuleManager: Shutting down and abandoning module MeshMergeUtilities (171)
[2022.02.17-14.58.23:790][693]LogModuleManager: Shutting down and abandoning module MeshReductionInterface (170)
[2022.02.17-14.58.23:790][693]LogModuleManager: Shutting down and abandoning module SimplygonSwarm (169)
[2022.02.17-14.58.23:798][693]LogModuleManager: Shutting down and abandoning module SimplygonMeshReduction (167)
[2022.02.17-14.58.23:805][693]LogModuleManager: Shutting down and abandoning module QuadricMeshReduction (165)
[2022.02.17-14.58.23:811][693]LogModuleManager: Shutting down and abandoning module MaterialBaking (161)
[2022.02.17-14.58.23:819][693]LogModuleManager: Shutting down and abandoning module DirectoryWatcher (157)
[2022.02.17-14.58.23:820][693]LogModuleManager: Shutting down and abandoning module DerivedDataCache (154)
[2022.02.17-14.58.23:853][693]LogDerivedDataCache: Shutdown
[2022.02.17-14.58.23:853][693]LogModuleManager: Shutting down and abandoning module XGEController (152)
[2022.02.17-14.58.23:853][693]LogModuleManager: Shutting down and abandoning module TargetPlatform (150)
[2022.02.17-14.58.23:853][693]LogModuleManager: Shutting down and abandoning module VulkanShaderFormat (149)
[2022.02.17-14.58.23:862][693]LogModuleManager: Shutting down and abandoning module ShaderFormatVectorVM (147)
[2022.02.17-14.58.23:867][693]LogModuleManager: Shutting down and abandoning module ShaderFormatOpenGL (145)
[2022.02.17-14.58.23:877][693]LogModuleManager: Shutting down and abandoning module ShaderFormatD3D (143)
[2022.02.17-14.58.23:889][693]LogModuleManager: Shutting down and abandoning module MetalShaderFormat (141)
[2022.02.17-14.58.23:900][693]LogModuleManager: Shutting down and abandoning module TextureFormatUncompressed (139)
[2022.02.17-14.58.23:900][693]LogModuleManager: Shutting down and abandoning module TextureFormatPVR (137)
[2022.02.17-14.58.23:900][693]LogModuleManager: Shutting down and abandoning module TextureFormatDXT (135)
[2022.02.17-14.58.23:921][693]LogModuleManager: Shutting down and abandoning module TextureFormatIntelISPCTexComp (133)
[2022.02.17-14.58.23:922][693]LogModuleManager: Shutting down and abandoning module TextureFormatASTC (131)
[2022.02.17-14.58.23:922][693]LogModuleManager: Shutting down and abandoning module ImageWrapper (130)
[2022.02.17-14.58.23:922][693]LogModuleManager: Shutting down and abandoning module TextureFormatAndroid (127)
[2022.02.17-14.58.23:922][693]LogModuleManager: Shutting down and abandoning module AudioFormatOpus (125)
[2022.02.17-14.58.23:922][693]LogModuleManager: Shutting down and abandoning module AudioFormatOgg (123)
[2022.02.17-14.58.23:922][693]LogModuleManager: Shutting down and abandoning module AudioFormatADPCM (121)
[2022.02.17-14.58.23:922][693]LogModuleManager: Shutting down and abandoning module LinuxTargetPlatform (119)
[2022.02.17-14.58.23:922][693]LogModuleManager: Shutting down and abandoning module LinuxServerTargetPlatform (117)
[2022.02.17-14.58.23:922][693]LogModuleManager: Shutting down and abandoning module LinuxNoEditorTargetPlatform (115)
[2022.02.17-14.58.23:922][693]LogModuleManager: Shutting down and abandoning module LinuxClientTargetPlatform (113)
[2022.02.17-14.58.23:922][693]LogModuleManager: Shutting down and abandoning module TVOSTargetPlatform (111)
[2022.02.17-14.58.23:922][693]LogModuleManager: Shutting down and abandoning module Messaging (109)
[2022.02.17-14.58.23:922][693]LogModuleManager: Shutting down and abandoning module IOSTargetPlatform (107)
[2022.02.17-14.58.23:922][693]LogModuleManager: Shutting down and abandoning module HTML5TargetPlatform (105)
[2022.02.17-14.58.23:922][693]LogModuleManager: Shutting down and abandoning module AndroidTargetPlatform (103)
[2022.02.17-14.58.23:922][693]LogModuleManager: Shutting down and abandoning module Android_PVRTCTargetPlatform (101)
[2022.02.17-14.58.23:922][693]LogModuleManager: Shutting down and abandoning module Android_MultiTargetPlatform (99)
[2022.02.17-14.58.23:922][693]LogModuleManager: Shutting down and abandoning module Android_ETC2TargetPlatform (97)
[2022.02.17-14.58.23:922][693]LogModuleManager: Shutting down and abandoning module Android_ETC1TargetPlatform (95)
[2022.02.17-14.58.23:922][693]LogModuleManager: Shutting down and abandoning module Android_ETC1aTargetPlatform (93)
[2022.02.17-14.58.23:922][693]LogModuleManager: Shutting down and abandoning module Android_DXTTargetPlatform (91)
[2022.02.17-14.58.23:922][693]LogModuleManager: Shutting down and abandoning module Android_ATCTargetPlatform (89)
[2022.02.17-14.58.23:922][693]LogModuleManager: Shutting down and abandoning module Android_ASTCTargetPlatform (87)
[2022.02.17-14.58.23:922][693]LogModuleManager: Shutting down and abandoning module WindowsTargetPlatform (85)
[2022.02.17-14.58.23:922][693]LogModuleManager: Shutting down and abandoning module WindowsServerTargetPlatform (83)
[2022.02.17-14.58.23:922][693]LogModuleManager: Shutting down and abandoning module WindowsNoEditorTargetPlatform (81)
[2022.02.17-14.58.23:922][693]LogModuleManager: Shutting down and abandoning module WindowsClientTargetPlatform (79)
[2022.02.17-14.58.23:923][693]LogModuleManager: Shutting down and abandoning module MacTargetPlatform (77)
[2022.02.17-14.58.23:923][693]LogModuleManager: Shutting down and abandoning module MacServerTargetPlatform (75)
[2022.02.17-14.58.23:923][693]LogModuleManager: Shutting down and abandoning module MacNoEditorTargetPlatform (73)
[2022.02.17-14.58.23:923][693]LogModuleManager: Shutting down and abandoning module MacClientTargetPlatform (71)
[2022.02.17-14.58.23:923][693]LogModuleManager: Shutting down and abandoning module AllDesktopTargetPlatform (69)
[2022.02.17-14.58.23:923][693]LogModuleManager: Shutting down and abandoning module InputCore (66)
[2022.02.17-14.58.23:923][693]LogModuleManager: Shutting down and abandoning module Settings (64)
[2022.02.17-14.58.23:923][693]LogModuleManager: Shutting down and abandoning module PhysXCooking (62)
[2022.02.17-14.58.23:923][693]LogModuleManager: Shutting down and abandoning module SteamVR (60)
[2022.02.17-14.58.23:923][693]LogModuleManager: Shutting down and abandoning module OculusHMD (58)
[2022.02.17-14.58.23:938][693]LogModuleManager: Shutting down and abandoning module ExampleDeviceProfileSelector (56)
[2022.02.17-14.58.23:938][693]LogModuleManager: Shutting down and abandoning module AppleARKit (54)
[2022.02.17-14.58.23:938][693]LogModuleManager: Shutting down and abandoning module AugmentedReality (51)
[2022.02.17-14.58.23:938][693]LogModuleManager: Shutting down and abandoning module OnlineBlueprintSupport (48)
[2022.02.17-14.58.23:938][693]LogModuleManager: Shutting down and abandoning module OnlineSubsystem (44)
[2022.02.17-14.58.23:954][693]LogModuleManager: Shutting down and abandoning module XMPP (43)
[2022.02.17-14.58.23:966][693]LogModuleManager: Shutting down and abandoning module HTTP (41)
[2022.02.17-14.58.23:976][693]LogHttp: Display: Http module shutting down, but needs to wait on 1 outstanding Http requests:
[2022.02.17-14.58.23:976][693]LogHttp: Display: 	verb=[POST] url=[https://datarouter.ol.epicgames.com/datarouter/api/v1/public/data?SessionID=%7B2A8ECB40-4FAD-524F-F1BF-038091BFA191%7D&AppID=UEEditor.Rocket.Release&AppVersion=4.19.2-4033788%2B%2B%2BUE4%2BRelease-4.19&UserID=e79f5cc5407acae592eeb0a476ccd7a2%7C08905224029e428f9f07defacfcb4ba1%7C77501964-0de5-4002-8f6f-3f941ea6e768&AppEnvironment=datacollector-binary&UploadType=eteventstream] status=Processing
[2022.02.17-14.58.23:993][693]LogModuleManager: Shutting down and abandoning module SSL (40)
[2022.02.17-14.58.24:008][693]LogModuleManager: Shutting down and abandoning module AnimationModifiers (36)
[2022.02.17-14.58.24:015][693]LogModuleManager: Shutting down and abandoning module PropertyEditor (35)
[2022.02.17-14.58.24:034][693]LogModuleManager: Shutting down and abandoning module AudioEditor (32)
[2022.02.17-14.58.24:055][693]LogModuleManager: Shutting down and abandoning module TextureCompressor (30)
[2022.02.17-14.58.24:075][693]LogModuleManager: Shutting down and abandoning module ShaderCore (28)
[2022.02.17-14.58.24:075][693]LogModuleManager: Shutting down and abandoning module Landscape (26)
[2022.02.17-14.58.24:075][693]LogModuleManager: Shutting down and abandoning module SlateRHIRenderer (24)
[2022.02.17-14.58.24:093][693]LogModuleManager: Shutting down and abandoning module OpenGLDrv (22)
[2022.02.17-14.58.24:115][693]LogModuleManager: Shutting down and abandoning module D3D11RHI (20)
[2022.02.17-14.58.24:115][693]LogModuleManager: Shutting down and abandoning module AnimGraphRuntime (18)
[2022.02.17-14.58.24:137][693]LogModuleManager: Shutting down and abandoning module Renderer (16)
[2022.02.17-14.58.24:137][693]LogModuleManager: Shutting down and abandoning module Engine (14)
[2022.02.17-14.58.24:137][693]LogModuleManager: Shutting down and abandoning module CoreUObject (12)
[2022.02.17-14.58.24:137][693]LogModuleManager: Shutting down and abandoning module NetworkFile (10)
[2022.02.17-14.58.24:137][693]LogModuleManager: Shutting down and abandoning module CookedIterativeFile (8)
[2022.02.17-14.58.24:137][693]LogModuleManager: Shutting down and abandoning module StreamingFile (6)
[2022.02.17-14.58.24:137][693]LogModuleManager: Shutting down and abandoning module SandboxFile (4)
[2022.02.17-14.58.24:137][693]LogModuleManager: Shutting down and abandoning module PakFile (2)
[2022.02.17-14.58.24:165][693]LogExit: Exiting.
[2022.02.17-14.58.24:179][693]Log file closed, 02/17/22 23:58:24
